[2019-01-04 09:02:08] local.ERROR: Symfony\Component\Console\Exception\CommandNotFoundException: Command "make:auth" is not defined.

Did you mean one of these?
    make:command
    make:controller
    make:event
    make:job
    make:listener
    make:mail
    make:middleware
    make:migration
    make:model
    make:policy
    make:provider
    make:resource
    make:seeder
    make:test in C:\MAMP\htdocs\proyecto\api\vendor\symfony\console\Application.php:632
Stack trace:
#0 C:\MAMP\htdocs\proyecto\api\vendor\symfony\console\Application.php(226): Symfony\Component\Console\Application->find('make:auth')
#1 C:\MAMP\htdocs\proyecto\api\vendor\symfony\console\Application.php(145): Symfony\Component\Console\Application->doRun(Object(Symfony\Component\Console\Input\ArgvInput), Object(Symfony\Component\Console\Output\ConsoleOutput))
#2 C:\MAMP\htdocs\proyecto\api\vendor\illuminate\console\Application.php(89): Symfony\Component\Console\Application->run(Object(Symfony\Component\Console\Input\ArgvInput), Object(Symfony\Component\Console\Output\ConsoleOutput))
#3 C:\MAMP\htdocs\proyecto\api\vendor\laravel\lumen-framework\src\Console\Kernel.php(115): Illuminate\Console\Application->run(Object(Symfony\Component\Console\Input\ArgvInput), Object(Symfony\Component\Console\Output\ConsoleOutput))
#4 C:\MAMP\htdocs\proyecto\api\artisan(35): Laravel\Lumen\Console\Kernel->handle(Object(Symfony\Component\Console\Input\ArgvInput), Object(Symfony\Component\Console\Output\ConsoleOutput))
#5 {main} {"exception":"[object] (Symfony\\Component\\Console\\Exception\\CommandNotFoundException(code: 0): Command \"make:auth\" is not defined.

Did you mean one of these?
    make:command
    make:controller
    make:event
    make:job
    make:listener
    make:mail
    make:middleware
    make:migration
    make:model
    make:policy
    make:provider
    make:resource
    make:seeder
    make:test at C:\\MAMP\\htdocs\\proyecto\\api\\vendor\\symfony\\console\\Application.php:632)
[stacktrace]
#0 C:\\MAMP\\htdocs\\proyecto\\api\\vendor\\symfony\\console\\Application.php(226): Symfony\\Component\\Console\\Application->find('make:auth')
#1 C:\\MAMP\\htdocs\\proyecto\\api\\vendor\\symfony\\console\\Application.php(145): Symfony\\Component\\Console\\Application->doRun(Object(Symfony\\Component\\Console\\Input\\ArgvInput), Object(Symfony\\Component\\Console\\Output\\ConsoleOutput))
#2 C:\\MAMP\\htdocs\\proyecto\\api\\vendor\\illuminate\\console\\Application.php(89): Symfony\\Component\\Console\\Application->run(Object(Symfony\\Component\\Console\\Input\\ArgvInput), Object(Symfony\\Component\\Console\\Output\\ConsoleOutput))
#3 C:\\MAMP\\htdocs\\proyecto\\api\\vendor\\laravel\\lumen-framework\\src\\Console\\Kernel.php(115): Illuminate\\Console\\Application->run(Object(Symfony\\Component\\Console\\Input\\ArgvInput), Object(Symfony\\Component\\Console\\Output\\ConsoleOutput))
#4 C:\\MAMP\\htdocs\\proyecto\\api\\artisan(35): Laravel\\Lumen\\Console\\Kernel->handle(Object(Symfony\\Component\\Console\\Input\\ArgvInput), Object(Symfony\\Component\\Console\\Output\\ConsoleOutput))
#5 {main}
"} 
[2019-01-04 09:04:29] local.ERROR: PDOException: SQLSTATE[42000]: Syntax error or access violation: 1071 Specified key was too long; max key length is 767 bytes in C:\MAMP\htdocs\proyecto\api\vendor\illuminate\database\Connection.php:458
Stack trace:
#0 C:\MAMP\htdocs\proyecto\api\vendor\illuminate\database\Connection.php(458): PDOStatement->execute()
#1 C:\MAMP\htdocs\proyecto\api\vendor\illuminate\database\Connection.php(657): Illuminate\Database\Connection->Illuminate\Database\{closure}('alter table `us...', Array)
#2 C:\MAMP\htdocs\proyecto\api\vendor\illuminate\database\Connection.php(624): Illuminate\Database\Connection->runQueryCallback('alter table `us...', Array, Object(Closure))
#3 C:\MAMP\htdocs\proyecto\api\vendor\illuminate\database\Connection.php(459): Illuminate\Database\Connection->run('alter table `us...', Array, Object(Closure))
#4 C:\MAMP\htdocs\proyecto\api\vendor\illuminate\database\Schema\Blueprint.php(97): Illuminate\Database\Connection->statement('alter table `us...')
#5 C:\MAMP\htdocs\proyecto\api\vendor\illuminate\database\Schema\Builder.php(264): Illuminate\Database\Schema\Blueprint->build(Object(Illuminate\Database\MySqlConnection), Object(Illuminate\Database\Schema\Grammars\MySqlGrammar))
#6 C:\MAMP\htdocs\proyecto\api\vendor\illuminate\database\Schema\Builder.php(165): Illuminate\Database\Schema\Builder->build(Object(Illuminate\Database\Schema\Blueprint))
#7 C:\MAMP\htdocs\proyecto\api\vendor\illuminate\support\Facades\Facade.php(237): Illuminate\Database\Schema\Builder->create('users', Object(Closure))
#8 C:\MAMP\htdocs\proyecto\api\database\migrations\2018_12_27_192943_create_users_table.php(27): Illuminate\Support\Facades\Facade::__callStatic('create', Array)
#9 C:\MAMP\htdocs\proyecto\api\vendor\illuminate\database\Migrations\Migrator.php(360): CreateUsersTable->up()
#10 C:\MAMP\htdocs\proyecto\api\vendor\illuminate\database\Migrations\Migrator.php(367): Illuminate\Database\Migrations\Migrator->Illuminate\Database\Migrations\{closure}()
#11 C:\MAMP\htdocs\proyecto\api\vendor\illuminate\database\Migrations\Migrator.php(178): Illuminate\Database\Migrations\Migrator->runMigration(Object(CreateUsersTable), 'up')
#12 C:\MAMP\htdocs\proyecto\api\vendor\illuminate\database\Migrations\Migrator.php(147): Illuminate\Database\Migrations\Migrator->runUp('C:\\MAMP\\htdocs\\...', 1, false)
#13 C:\MAMP\htdocs\proyecto\api\vendor\illuminate\database\Migrations\Migrator.php(96): Illuminate\Database\Migrations\Migrator->runPending(Array, Array)
#14 C:\MAMP\htdocs\proyecto\api\vendor\illuminate\database\Console\Migrations\MigrateCommand.php(71): Illuminate\Database\Migrations\Migrator->run(Array, Array)
#15 [internal function]: Illuminate\Database\Console\Migrations\MigrateCommand->handle()
#16 C:\MAMP\htdocs\proyecto\api\vendor\illuminate\container\BoundMethod.php(29): call_user_func_array(Array, Array)
#17 C:\MAMP\htdocs\proyecto\api\vendor\illuminate\container\BoundMethod.php(87): Illuminate\Container\BoundMethod::Illuminate\Container\{closure}()
#18 C:\MAMP\htdocs\proyecto\api\vendor\illuminate\container\BoundMethod.php(31): Illuminate\Container\BoundMethod::callBoundMethod(Object(Laravel\Lumen\Application), Array, Object(Closure))
#19 C:\MAMP\htdocs\proyecto\api\vendor\illuminate\container\Container.php(572): Illuminate\Container\BoundMethod::call(Object(Laravel\Lumen\Application), Array, Array, NULL)
#20 C:\MAMP\htdocs\proyecto\api\vendor\illuminate\console\Command.php(183): Illuminate\Container\Container->call(Array)
#21 C:\MAMP\htdocs\proyecto\api\vendor\symfony\console\Command\Command.php(255): Illuminate\Console\Command->execute(Object(Symfony\Component\Console\Input\ArrayInput), Object(Illuminate\Console\OutputStyle))
#22 C:\MAMP\htdocs\proyecto\api\vendor\illuminate\console\Command.php(170): Symfony\Component\Console\Command\Command->run(Object(Symfony\Component\Console\Input\ArrayInput), Object(Illuminate\Console\OutputStyle))
#23 C:\MAMP\htdocs\proyecto\api\vendor\illuminate\console\Command.php(198): Illuminate\Console\Command->run(Object(Symfony\Component\Console\Input\ArrayInput), Object(Illuminate\Console\OutputStyle))
#24 C:\MAMP\htdocs\proyecto\api\vendor\illuminate\database\Console\Migrations\FreshCommand.php(55): Illuminate\Console\Command->call('migrate', Array)
#25 [internal function]: Illuminate\Database\Console\Migrations\FreshCommand->handle()
#26 C:\MAMP\htdocs\proyecto\api\vendor\illuminate\container\BoundMethod.php(29): call_user_func_array(Array, Array)
#27 C:\MAMP\htdocs\proyecto\api\vendor\illuminate\container\BoundMethod.php(87): Illuminate\Container\BoundMethod::Illuminate\Container\{closure}()
#28 C:\MAMP\htdocs\proyecto\api\vendor\illuminate\container\BoundMethod.php(31): Illuminate\Container\BoundMethod::callBoundMethod(Object(Laravel\Lumen\Application), Array, Object(Closure))
#29 C:\MAMP\htdocs\proyecto\api\vendor\illuminate\container\Container.php(572): Illuminate\Container\BoundMethod::call(Object(Laravel\Lumen\Application), Array, Array, NULL)
#30 C:\MAMP\htdocs\proyecto\api\vendor\illuminate\console\Command.php(183): Illuminate\Container\Container->call(Array)
#31 C:\MAMP\htdocs\proyecto\api\vendor\symfony\console\Command\Command.php(255): Illuminate\Console\Command->execute(Object(Symfony\Component\Console\Input\ArgvInput), Object(Illuminate\Console\OutputStyle))
#32 C:\MAMP\htdocs\proyecto\api\vendor\illuminate\console\Command.php(170): Symfony\Component\Console\Command\Command->run(Object(Symfony\Component\Console\Input\ArgvInput), Object(Illuminate\Console\OutputStyle))
#33 C:\MAMP\htdocs\proyecto\api\vendor\symfony\console\Application.php(901): Illuminate\Console\Command->run(Object(Symfony\Component\Console\Input\ArgvInput), Object(Symfony\Component\Console\Output\ConsoleOutput))
#34 C:\MAMP\htdocs\proyecto\api\vendor\symfony\console\Application.php(262): Symfony\Component\Console\Application->doRunCommand(Object(Illuminate\Database\Console\Migrations\FreshCommand), Object(Symfony\Component\Console\Input\ArgvInput), Object(Symfony\Component\Console\Output\ConsoleOutput))
#35 C:\MAMP\htdocs\proyecto\api\vendor\symfony\console\Application.php(145): Symfony\Component\Console\Application->doRun(Object(Symfony\Component\Console\Input\ArgvInput), Object(Symfony\Component\Console\Output\ConsoleOutput))
#36 C:\MAMP\htdocs\proyecto\api\vendor\illuminate\console\Application.php(89): Symfony\Component\Console\Application->run(Object(Symfony\Component\Console\Input\ArgvInput), Object(Symfony\Component\Console\Output\ConsoleOutput))
#37 C:\MAMP\htdocs\proyecto\api\vendor\laravel\lumen-framework\src\Console\Kernel.php(115): Illuminate\Console\Application->run(Object(Symfony\Component\Console\Input\ArgvInput), Object(Symfony\Component\Console\Output\ConsoleOutput))
#38 C:\MAMP\htdocs\proyecto\api\artisan(35): Laravel\Lumen\Console\Kernel->handle(Object(Symfony\Component\Console\Input\ArgvInput), Object(Symfony\Component\Console\Output\ConsoleOutput))
#39 {main}

Next Illuminate\Database\QueryException: SQLSTATE[42000]: Syntax error or access violation: 1071 Specified key was too long; max key length is 767 bytes (SQL: alter table `users` add unique `users_email_unique`(`email`)) in C:\MAMP\htdocs\proyecto\api\vendor\illuminate\database\Connection.php:664
Stack trace:
#0 C:\MAMP\htdocs\proyecto\api\vendor\illuminate\database\Connection.php(624): Illuminate\Database\Connection->runQueryCallback('alter table `us...', Array, Object(Closure))
#1 C:\MAMP\htdocs\proyecto\api\vendor\illuminate\database\Connection.php(459): Illuminate\Database\Connection->run('alter table `us...', Array, Object(Closure))
#2 C:\MAMP\htdocs\proyecto\api\vendor\illuminate\database\Schema\Blueprint.php(97): Illuminate\Database\Connection->statement('alter table `us...')
#3 C:\MAMP\htdocs\proyecto\api\vendor\illuminate\database\Schema\Builder.php(264): Illuminate\Database\Schema\Blueprint->build(Object(Illuminate\Database\MySqlConnection), Object(Illuminate\Database\Schema\Grammars\MySqlGrammar))
#4 C:\MAMP\htdocs\proyecto\api\vendor\illuminate\database\Schema\Builder.php(165): Illuminate\Database\Schema\Builder->build(Object(Illuminate\Database\Schema\Blueprint))
#5 C:\MAMP\htdocs\proyecto\api\vendor\illuminate\support\Facades\Facade.php(237): Illuminate\Database\Schema\Builder->create('users', Object(Closure))
#6 C:\MAMP\htdocs\proyecto\api\database\migrations\2018_12_27_192943_create_users_table.php(27): Illuminate\Support\Facades\Facade::__callStatic('create', Array)
#7 C:\MAMP\htdocs\proyecto\api\vendor\illuminate\database\Migrations\Migrator.php(360): CreateUsersTable->up()
#8 C:\MAMP\htdocs\proyecto\api\vendor\illuminate\database\Migrations\Migrator.php(367): Illuminate\Database\Migrations\Migrator->Illuminate\Database\Migrations\{closure}()
#9 C:\MAMP\htdocs\proyecto\api\vendor\illuminate\database\Migrations\Migrator.php(178): Illuminate\Database\Migrations\Migrator->runMigration(Object(CreateUsersTable), 'up')
#10 C:\MAMP\htdocs\proyecto\api\vendor\illuminate\database\Migrations\Migrator.php(147): Illuminate\Database\Migrations\Migrator->runUp('C:\\MAMP\\htdocs\\...', 1, false)
#11 C:\MAMP\htdocs\proyecto\api\vendor\illuminate\database\Migrations\Migrator.php(96): Illuminate\Database\Migrations\Migrator->runPending(Array, Array)
#12 C:\MAMP\htdocs\proyecto\api\vendor\illuminate\database\Console\Migrations\MigrateCommand.php(71): Illuminate\Database\Migrations\Migrator->run(Array, Array)
#13 [internal function]: Illuminate\Database\Console\Migrations\MigrateCommand->handle()
#14 C:\MAMP\htdocs\proyecto\api\vendor\illuminate\container\BoundMethod.php(29): call_user_func_array(Array, Array)
#15 C:\MAMP\htdocs\proyecto\api\vendor\illuminate\container\BoundMethod.php(87): Illuminate\Container\BoundMethod::Illuminate\Container\{closure}()
#16 C:\MAMP\htdocs\proyecto\api\vendor\illuminate\container\BoundMethod.php(31): Illuminate\Container\BoundMethod::callBoundMethod(Object(Laravel\Lumen\Application), Array, Object(Closure))
#17 C:\MAMP\htdocs\proyecto\api\vendor\illuminate\container\Container.php(572): Illuminate\Container\BoundMethod::call(Object(Laravel\Lumen\Application), Array, Array, NULL)
#18 C:\MAMP\htdocs\proyecto\api\vendor\illuminate\console\Command.php(183): Illuminate\Container\Container->call(Array)
#19 C:\MAMP\htdocs\proyecto\api\vendor\symfony\console\Command\Command.php(255): Illuminate\Console\Command->execute(Object(Symfony\Component\Console\Input\ArrayInput), Object(Illuminate\Console\OutputStyle))
#20 C:\MAMP\htdocs\proyecto\api\vendor\illuminate\console\Command.php(170): Symfony\Component\Console\Command\Command->run(Object(Symfony\Component\Console\Input\ArrayInput), Object(Illuminate\Console\OutputStyle))
#21 C:\MAMP\htdocs\proyecto\api\vendor\illuminate\console\Command.php(198): Illuminate\Console\Command->run(Object(Symfony\Component\Console\Input\ArrayInput), Object(Illuminate\Console\OutputStyle))
#22 C:\MAMP\htdocs\proyecto\api\vendor\illuminate\database\Console\Migrations\FreshCommand.php(55): Illuminate\Console\Command->call('migrate', Array)
#23 [internal function]: Illuminate\Database\Console\Migrations\FreshCommand->handle()
#24 C:\MAMP\htdocs\proyecto\api\vendor\illuminate\container\BoundMethod.php(29): call_user_func_array(Array, Array)
#25 C:\MAMP\htdocs\proyecto\api\vendor\illuminate\container\BoundMethod.php(87): Illuminate\Container\BoundMethod::Illuminate\Container\{closure}()
#26 C:\MAMP\htdocs\proyecto\api\vendor\illuminate\container\BoundMethod.php(31): Illuminate\Container\BoundMethod::callBoundMethod(Object(Laravel\Lumen\Application), Array, Object(Closure))
#27 C:\MAMP\htdocs\proyecto\api\vendor\illuminate\container\Container.php(572): Illuminate\Container\BoundMethod::call(Object(Laravel\Lumen\Application), Array, Array, NULL)
#28 C:\MAMP\htdocs\proyecto\api\vendor\illuminate\console\Command.php(183): Illuminate\Container\Container->call(Array)
#29 C:\MAMP\htdocs\proyecto\api\vendor\symfony\console\Command\Command.php(255): Illuminate\Console\Command->execute(Object(Symfony\Component\Console\Input\ArgvInput), Object(Illuminate\Console\OutputStyle))
#30 C:\MAMP\htdocs\proyecto\api\vendor\illuminate\console\Command.php(170): Symfony\Component\Console\Command\Command->run(Object(Symfony\Component\Console\Input\ArgvInput), Object(Illuminate\Console\OutputStyle))
#31 C:\MAMP\htdocs\proyecto\api\vendor\symfony\console\Application.php(901): Illuminate\Console\Command->run(Object(Symfony\Component\Console\Input\ArgvInput), Object(Symfony\Component\Console\Output\ConsoleOutput))
#32 C:\MAMP\htdocs\proyecto\api\vendor\symfony\console\Application.php(262): Symfony\Component\Console\Application->doRunCommand(Object(Illuminate\Database\Console\Migrations\FreshCommand), Object(Symfony\Component\Console\Input\ArgvInput), Object(Symfony\Component\Console\Output\ConsoleOutput))
#33 C:\MAMP\htdocs\proyecto\api\vendor\symfony\console\Application.php(145): Symfony\Component\Console\Application->doRun(Object(Symfony\Component\Console\Input\ArgvInput), Object(Symfony\Component\Console\Output\ConsoleOutput))
#34 C:\MAMP\htdocs\proyecto\api\vendor\illuminate\console\Application.php(89): Symfony\Component\Console\Application->run(Object(Symfony\Component\Console\Input\ArgvInput), Object(Symfony\Component\Console\Output\ConsoleOutput))
#35 C:\MAMP\htdocs\proyecto\api\vendor\laravel\lumen-framework\src\Console\Kernel.php(115): Illuminate\Console\Application->run(Object(Symfony\Component\Console\Input\ArgvInput), Object(Symfony\Component\Console\Output\ConsoleOutput))
#36 C:\MAMP\htdocs\proyecto\api\artisan(35): Laravel\Lumen\Console\Kernel->handle(Object(Symfony\Component\Console\Input\ArgvInput), Object(Symfony\Component\Console\Output\ConsoleOutput))
#37 {main} {"exception":"[object] (Illuminate\\Database\\QueryException(code: 42000): SQLSTATE[42000]: Syntax error or access violation: 1071 Specified key was too long; max key length is 767 bytes (SQL: alter table `users` add unique `users_email_unique`(`email`)) at C:\\MAMP\\htdocs\\proyecto\\api\\vendor\\illuminate\\database\\Connection.php:664, PDOException(code: 42000): SQLSTATE[42000]: Syntax error or access violation: 1071 Specified key was too long; max key length is 767 bytes at C:\\MAMP\\htdocs\\proyecto\\api\\vendor\\illuminate\\database\\Connection.php:458)
[stacktrace]
#0 C:\\MAMP\\htdocs\\proyecto\\api\\vendor\\illuminate\\database\\Connection.php(624): Illuminate\\Database\\Connection->runQueryCallback('alter table `us...', Array, Object(Closure))
#1 C:\\MAMP\\htdocs\\proyecto\\api\\vendor\\illuminate\\database\\Connection.php(459): Illuminate\\Database\\Connection->run('alter table `us...', Array, Object(Closure))
#2 C:\\MAMP\\htdocs\\proyecto\\api\\vendor\\illuminate\\database\\Schema\\Blueprint.php(97): Illuminate\\Database\\Connection->statement('alter table `us...')
#3 C:\\MAMP\\htdocs\\proyecto\\api\\vendor\\illuminate\\database\\Schema\\Builder.php(264): Illuminate\\Database\\Schema\\Blueprint->build(Object(Illuminate\\Database\\MySqlConnection), Object(Illuminate\\Database\\Schema\\Grammars\\MySqlGrammar))
#4 C:\\MAMP\\htdocs\\proyecto\\api\\vendor\\illuminate\\database\\Schema\\Builder.php(165): Illuminate\\Database\\Schema\\Builder->build(Object(Illuminate\\Database\\Schema\\Blueprint))
#5 C:\\MAMP\\htdocs\\proyecto\\api\\vendor\\illuminate\\support\\Facades\\Facade.php(237): Illuminate\\Database\\Schema\\Builder->create('users', Object(Closure))
#6 C:\\MAMP\\htdocs\\proyecto\\api\\database\\migrations\\2018_12_27_192943_create_users_table.php(27): Illuminate\\Support\\Facades\\Facade::__callStatic('create', Array)
#7 C:\\MAMP\\htdocs\\proyecto\\api\\vendor\\illuminate\\database\\Migrations\\Migrator.php(360): CreateUsersTable->up()
#8 C:\\MAMP\\htdocs\\proyecto\\api\\vendor\\illuminate\\database\\Migrations\\Migrator.php(367): Illuminate\\Database\\Migrations\\Migrator->Illuminate\\Database\\Migrations\\{closure}()
#9 C:\\MAMP\\htdocs\\proyecto\\api\\vendor\\illuminate\\database\\Migrations\\Migrator.php(178): Illuminate\\Database\\Migrations\\Migrator->runMigration(Object(CreateUsersTable), 'up')
#10 C:\\MAMP\\htdocs\\proyecto\\api\\vendor\\illuminate\\database\\Migrations\\Migrator.php(147): Illuminate\\Database\\Migrations\\Migrator->runUp('C:\\\\MAMP\\\\htdocs\\\\...', 1, false)
#11 C:\\MAMP\\htdocs\\proyecto\\api\\vendor\\illuminate\\database\\Migrations\\Migrator.php(96): Illuminate\\Database\\Migrations\\Migrator->runPending(Array, Array)
#12 C:\\MAMP\\htdocs\\proyecto\\api\\vendor\\illuminate\\database\\Console\\Migrations\\MigrateCommand.php(71): Illuminate\\Database\\Migrations\\Migrator->run(Array, Array)
#13 [internal function]: Illuminate\\Database\\Console\\Migrations\\MigrateCommand->handle()
#14 C:\\MAMP\\htdocs\\proyecto\\api\\vendor\\illuminate\\container\\BoundMethod.php(29): call_user_func_array(Array, Array)
#15 C:\\MAMP\\htdocs\\proyecto\\api\\vendor\\illuminate\\container\\BoundMethod.php(87): Illuminate\\Container\\BoundMethod::Illuminate\\Container\\{closure}()
#16 C:\\MAMP\\htdocs\\proyecto\\api\\vendor\\illuminate\\container\\BoundMethod.php(31): Illuminate\\Container\\BoundMethod::callBoundMethod(Object(Laravel\\Lumen\\Application), Array, Object(Closure))
#17 C:\\MAMP\\htdocs\\proyecto\\api\\vendor\\illuminate\\container\\Container.php(572): Illuminate\\Container\\BoundMethod::call(Object(Laravel\\Lumen\\Application), Array, Array, NULL)
#18 C:\\MAMP\\htdocs\\proyecto\\api\\vendor\\illuminate\\console\\Command.php(183): Illuminate\\Container\\Container->call(Array)
#19 C:\\MAMP\\htdocs\\proyecto\\api\\vendor\\symfony\\console\\Command\\Command.php(255): Illuminate\\Console\\Command->execute(Object(Symfony\\Component\\Console\\Input\\ArrayInput), Object(Illuminate\\Console\\OutputStyle))
#20 C:\\MAMP\\htdocs\\proyecto\\api\\vendor\\illuminate\\console\\Command.php(170): Symfony\\Component\\Console\\Command\\Command->run(Object(Symfony\\Component\\Console\\Input\\ArrayInput), Object(Illuminate\\Console\\OutputStyle))
#21 C:\\MAMP\\htdocs\\proyecto\\api\\vendor\\illuminate\\console\\Command.php(198): Illuminate\\Console\\Command->run(Object(Symfony\\Component\\Console\\Input\\ArrayInput), Object(Illuminate\\Console\\OutputStyle))
#22 C:\\MAMP\\htdocs\\proyecto\\api\\vendor\\illuminate\\database\\Console\\Migrations\\FreshCommand.php(55): Illuminate\\Console\\Command->call('migrate', Array)
#23 [internal function]: Illuminate\\Database\\Console\\Migrations\\FreshCommand->handle()
#24 C:\\MAMP\\htdocs\\proyecto\\api\\vendor\\illuminate\\container\\BoundMethod.php(29): call_user_func_array(Array, Array)
#25 C:\\MAMP\\htdocs\\proyecto\\api\\vendor\\illuminate\\container\\BoundMethod.php(87): Illuminate\\Container\\BoundMethod::Illuminate\\Container\\{closure}()
#26 C:\\MAMP\\htdocs\\proyecto\\api\\vendor\\illuminate\\container\\BoundMethod.php(31): Illuminate\\Container\\BoundMethod::callBoundMethod(Object(Laravel\\Lumen\\Application), Array, Object(Closure))
#27 C:\\MAMP\\htdocs\\proyecto\\api\\vendor\\illuminate\\container\\Container.php(572): Illuminate\\Container\\BoundMethod::call(Object(Laravel\\Lumen\\Application), Array, Array, NULL)
#28 C:\\MAMP\\htdocs\\proyecto\\api\\vendor\\illuminate\\console\\Command.php(183): Illuminate\\Container\\Container->call(Array)
#29 C:\\MAMP\\htdocs\\proyecto\\api\\vendor\\symfony\\console\\Command\\Command.php(255): Illuminate\\Console\\Command->execute(Object(Symfony\\Component\\Console\\Input\\ArgvInput), Object(Illuminate\\Console\\OutputStyle))
#30 C:\\MAMP\\htdocs\\proyecto\\api\\vendor\\illuminate\\console\\Command.php(170): Symfony\\Component\\Console\\Command\\Command->run(Object(Symfony\\Component\\Console\\Input\\ArgvInput), Object(Illuminate\\Console\\OutputStyle))
#31 C:\\MAMP\\htdocs\\proyecto\\api\\vendor\\symfony\\console\\Application.php(901): Illuminate\\Console\\Command->run(Object(Symfony\\Component\\Console\\Input\\ArgvInput), Object(Symfony\\Component\\Console\\Output\\ConsoleOutput))
#32 C:\\MAMP\\htdocs\\proyecto\\api\\vendor\\symfony\\console\\Application.php(262): Symfony\\Component\\Console\\Application->doRunCommand(Object(Illuminate\\Database\\Console\\Migrations\\FreshCommand), Object(Symfony\\Component\\Console\\Input\\ArgvInput), Object(Symfony\\Component\\Console\\Output\\ConsoleOutput))
#33 C:\\MAMP\\htdocs\\proyecto\\api\\vendor\\symfony\\console\\Application.php(145): Symfony\\Component\\Console\\Application->doRun(Object(Symfony\\Component\\Console\\Input\\ArgvInput), Object(Symfony\\Component\\Console\\Output\\ConsoleOutput))
#34 C:\\MAMP\\htdocs\\proyecto\\api\\vendor\\illuminate\\console\\Application.php(89): Symfony\\Component\\Console\\Application->run(Object(Symfony\\Component\\Console\\Input\\ArgvInput), Object(Symfony\\Component\\Console\\Output\\ConsoleOutput))
#35 C:\\MAMP\\htdocs\\proyecto\\api\\vendor\\laravel\\lumen-framework\\src\\Console\\Kernel.php(115): Illuminate\\Console\\Application->run(Object(Symfony\\Component\\Console\\Input\\ArgvInput), Object(Symfony\\Component\\Console\\Output\\ConsoleOutput))
#36 C:\\MAMP\\htdocs\\proyecto\\api\\artisan(35): Laravel\\Lumen\\Console\\Kernel->handle(Object(Symfony\\Component\\Console\\Input\\ArgvInput), Object(Symfony\\Component\\Console\\Output\\ConsoleOutput))
#37 {main}
"} 
[2019-01-04 09:12:33] local.ERROR: PDOException: SQLSTATE[HY000]: General error: 1215 Cannot add foreign key constraint in C:\MAMP\htdocs\proyecto\api\vendor\illuminate\database\Connection.php:458
Stack trace:
#0 C:\MAMP\htdocs\proyecto\api\vendor\illuminate\database\Connection.php(458): PDOStatement->execute()
#1 C:\MAMP\htdocs\proyecto\api\vendor\illuminate\database\Connection.php(657): Illuminate\Database\Connection->Illuminate\Database\{closure}('alter table `tr...', Array)
#2 C:\MAMP\htdocs\proyecto\api\vendor\illuminate\database\Connection.php(624): Illuminate\Database\Connection->runQueryCallback('alter table `tr...', Array, Object(Closure))
#3 C:\MAMP\htdocs\proyecto\api\vendor\illuminate\database\Connection.php(459): Illuminate\Database\Connection->run('alter table `tr...', Array, Object(Closure))
#4 C:\MAMP\htdocs\proyecto\api\vendor\illuminate\database\Schema\Blueprint.php(97): Illuminate\Database\Connection->statement('alter table `tr...')
#5 C:\MAMP\htdocs\proyecto\api\vendor\illuminate\database\Schema\Builder.php(264): Illuminate\Database\Schema\Blueprint->build(Object(Illuminate\Database\MySqlConnection), Object(Illuminate\Database\Schema\Grammars\MySqlGrammar))
#6 C:\MAMP\htdocs\proyecto\api\vendor\illuminate\database\Schema\Builder.php(165): Illuminate\Database\Schema\Builder->build(Object(Illuminate\Database\Schema\Blueprint))
#7 C:\MAMP\htdocs\proyecto\api\vendor\illuminate\support\Facades\Facade.php(237): Illuminate\Database\Schema\Builder->create('transcript', Object(Closure))
#8 C:\MAMP\htdocs\proyecto\api\database\migrations\2019_01_04_081541_create_transcript_table.php(29): Illuminate\Support\Facades\Facade::__callStatic('create', Array)
#9 C:\MAMP\htdocs\proyecto\api\vendor\illuminate\database\Migrations\Migrator.php(360): CreateTranscriptTable->up()
#10 C:\MAMP\htdocs\proyecto\api\vendor\illuminate\database\Migrations\Migrator.php(367): Illuminate\Database\Migrations\Migrator->Illuminate\Database\Migrations\{closure}()
#11 C:\MAMP\htdocs\proyecto\api\vendor\illuminate\database\Migrations\Migrator.php(178): Illuminate\Database\Migrations\Migrator->runMigration(Object(CreateTranscriptTable), 'up')
#12 C:\MAMP\htdocs\proyecto\api\vendor\illuminate\database\Migrations\Migrator.php(147): Illuminate\Database\Migrations\Migrator->runUp('C:\\MAMP\\htdocs\\...', 1, false)
#13 C:\MAMP\htdocs\proyecto\api\vendor\illuminate\database\Migrations\Migrator.php(96): Illuminate\Database\Migrations\Migrator->runPending(Array, Array)
#14 C:\MAMP\htdocs\proyecto\api\vendor\illuminate\database\Console\Migrations\MigrateCommand.php(71): Illuminate\Database\Migrations\Migrator->run(Array, Array)
#15 [internal function]: Illuminate\Database\Console\Migrations\MigrateCommand->handle()
#16 C:\MAMP\htdocs\proyecto\api\vendor\illuminate\container\BoundMethod.php(29): call_user_func_array(Array, Array)
#17 C:\MAMP\htdocs\proyecto\api\vendor\illuminate\container\BoundMethod.php(87): Illuminate\Container\BoundMethod::Illuminate\Container\{closure}()
#18 C:\MAMP\htdocs\proyecto\api\vendor\illuminate\container\BoundMethod.php(31): Illuminate\Container\BoundMethod::callBoundMethod(Object(Laravel\Lumen\Application), Array, Object(Closure))
#19 C:\MAMP\htdocs\proyecto\api\vendor\illuminate\container\Container.php(572): Illuminate\Container\BoundMethod::call(Object(Laravel\Lumen\Application), Array, Array, NULL)
#20 C:\MAMP\htdocs\proyecto\api\vendor\illuminate\console\Command.php(183): Illuminate\Container\Container->call(Array)
#21 C:\MAMP\htdocs\proyecto\api\vendor\symfony\console\Command\Command.php(255): Illuminate\Console\Command->execute(Object(Symfony\Component\Console\Input\ArrayInput), Object(Illuminate\Console\OutputStyle))
#22 C:\MAMP\htdocs\proyecto\api\vendor\illuminate\console\Command.php(170): Symfony\Component\Console\Command\Command->run(Object(Symfony\Component\Console\Input\ArrayInput), Object(Illuminate\Console\OutputStyle))
#23 C:\MAMP\htdocs\proyecto\api\vendor\illuminate\console\Command.php(198): Illuminate\Console\Command->run(Object(Symfony\Component\Console\Input\ArrayInput), Object(Illuminate\Console\OutputStyle))
#24 C:\MAMP\htdocs\proyecto\api\vendor\illuminate\database\Console\Migrations\FreshCommand.php(55): Illuminate\Console\Command->call('migrate', Array)
#25 [internal function]: Illuminate\Database\Console\Migrations\FreshCommand->handle()
#26 C:\MAMP\htdocs\proyecto\api\vendor\illuminate\container\BoundMethod.php(29): call_user_func_array(Array, Array)
#27 C:\MAMP\htdocs\proyecto\api\vendor\illuminate\container\BoundMethod.php(87): Illuminate\Container\BoundMethod::Illuminate\Container\{closure}()
#28 C:\MAMP\htdocs\proyecto\api\vendor\illuminate\container\BoundMethod.php(31): Illuminate\Container\BoundMethod::callBoundMethod(Object(Laravel\Lumen\Application), Array, Object(Closure))
#29 C:\MAMP\htdocs\proyecto\api\vendor\illuminate\container\Container.php(572): Illuminate\Container\BoundMethod::call(Object(Laravel\Lumen\Application), Array, Array, NULL)
#30 C:\MAMP\htdocs\proyecto\api\vendor\illuminate\console\Command.php(183): Illuminate\Container\Container->call(Array)
#31 C:\MAMP\htdocs\proyecto\api\vendor\symfony\console\Command\Command.php(255): Illuminate\Console\Command->execute(Object(Symfony\Component\Console\Input\ArgvInput), Object(Illuminate\Console\OutputStyle))
#32 C:\MAMP\htdocs\proyecto\api\vendor\illuminate\console\Command.php(170): Symfony\Component\Console\Command\Command->run(Object(Symfony\Component\Console\Input\ArgvInput), Object(Illuminate\Console\OutputStyle))
#33 C:\MAMP\htdocs\proyecto\api\vendor\symfony\console\Application.php(901): Illuminate\Console\Command->run(Object(Symfony\Component\Console\Input\ArgvInput), Object(Symfony\Component\Console\Output\ConsoleOutput))
#34 C:\MAMP\htdocs\proyecto\api\vendor\symfony\console\Application.php(262): Symfony\Component\Console\Application->doRunCommand(Object(Illuminate\Database\Console\Migrations\FreshCommand), Object(Symfony\Component\Console\Input\ArgvInput), Object(Symfony\Component\Console\Output\ConsoleOutput))
#35 C:\MAMP\htdocs\proyecto\api\vendor\symfony\console\Application.php(145): Symfony\Component\Console\Application->doRun(Object(Symfony\Component\Console\Input\ArgvInput), Object(Symfony\Component\Console\Output\ConsoleOutput))
#36 C:\MAMP\htdocs\proyecto\api\vendor\illuminate\console\Application.php(89): Symfony\Component\Console\Application->run(Object(Symfony\Component\Console\Input\ArgvInput), Object(Symfony\Component\Console\Output\ConsoleOutput))
#37 C:\MAMP\htdocs\proyecto\api\vendor\laravel\lumen-framework\src\Console\Kernel.php(115): Illuminate\Console\Application->run(Object(Symfony\Component\Console\Input\ArgvInput), Object(Symfony\Component\Console\Output\ConsoleOutput))
#38 C:\MAMP\htdocs\proyecto\api\artisan(35): Laravel\Lumen\Console\Kernel->handle(Object(Symfony\Component\Console\Input\ArgvInput), Object(Symfony\Component\Console\Output\ConsoleOutput))
#39 {main}

Next Illuminate\Database\QueryException: SQLSTATE[HY000]: General error: 1215 Cannot add foreign key constraint (SQL: alter table `transcript` add constraint `transcript_orchestrator_room_id_foreign` foreign key (`orchestrator_room_id`) references `orchestrator_room` (`id`)) in C:\MAMP\htdocs\proyecto\api\vendor\illuminate\database\Connection.php:664
Stack trace:
#0 C:\MAMP\htdocs\proyecto\api\vendor\illuminate\database\Connection.php(624): Illuminate\Database\Connection->runQueryCallback('alter table `tr...', Array, Object(Closure))
#1 C:\MAMP\htdocs\proyecto\api\vendor\illuminate\database\Connection.php(459): Illuminate\Database\Connection->run('alter table `tr...', Array, Object(Closure))
#2 C:\MAMP\htdocs\proyecto\api\vendor\illuminate\database\Schema\Blueprint.php(97): Illuminate\Database\Connection->statement('alter table `tr...')
#3 C:\MAMP\htdocs\proyecto\api\vendor\illuminate\database\Schema\Builder.php(264): Illuminate\Database\Schema\Blueprint->build(Object(Illuminate\Database\MySqlConnection), Object(Illuminate\Database\Schema\Grammars\MySqlGrammar))
#4 C:\MAMP\htdocs\proyecto\api\vendor\illuminate\database\Schema\Builder.php(165): Illuminate\Database\Schema\Builder->build(Object(Illuminate\Database\Schema\Blueprint))
#5 C:\MAMP\htdocs\proyecto\api\vendor\illuminate\support\Facades\Facade.php(237): Illuminate\Database\Schema\Builder->create('transcript', Object(Closure))
#6 C:\MAMP\htdocs\proyecto\api\database\migrations\2019_01_04_081541_create_transcript_table.php(29): Illuminate\Support\Facades\Facade::__callStatic('create', Array)
#7 C:\MAMP\htdocs\proyecto\api\vendor\illuminate\database\Migrations\Migrator.php(360): CreateTranscriptTable->up()
#8 C:\MAMP\htdocs\proyecto\api\vendor\illuminate\database\Migrations\Migrator.php(367): Illuminate\Database\Migrations\Migrator->Illuminate\Database\Migrations\{closure}()
#9 C:\MAMP\htdocs\proyecto\api\vendor\illuminate\database\Migrations\Migrator.php(178): Illuminate\Database\Migrations\Migrator->runMigration(Object(CreateTranscriptTable), 'up')
#10 C:\MAMP\htdocs\proyecto\api\vendor\illuminate\database\Migrations\Migrator.php(147): Illuminate\Database\Migrations\Migrator->runUp('C:\\MAMP\\htdocs\\...', 1, false)
#11 C:\MAMP\htdocs\proyecto\api\vendor\illuminate\database\Migrations\Migrator.php(96): Illuminate\Database\Migrations\Migrator->runPending(Array, Array)
#12 C:\MAMP\htdocs\proyecto\api\vendor\illuminate\database\Console\Migrations\MigrateCommand.php(71): Illuminate\Database\Migrations\Migrator->run(Array, Array)
#13 [internal function]: Illuminate\Database\Console\Migrations\MigrateCommand->handle()
#14 C:\MAMP\htdocs\proyecto\api\vendor\illuminate\container\BoundMethod.php(29): call_user_func_array(Array, Array)
#15 C:\MAMP\htdocs\proyecto\api\vendor\illuminate\container\BoundMethod.php(87): Illuminate\Container\BoundMethod::Illuminate\Container\{closure}()
#16 C:\MAMP\htdocs\proyecto\api\vendor\illuminate\container\BoundMethod.php(31): Illuminate\Container\BoundMethod::callBoundMethod(Object(Laravel\Lumen\Application), Array, Object(Closure))
#17 C:\MAMP\htdocs\proyecto\api\vendor\illuminate\container\Container.php(572): Illuminate\Container\BoundMethod::call(Object(Laravel\Lumen\Application), Array, Array, NULL)
#18 C:\MAMP\htdocs\proyecto\api\vendor\illuminate\console\Command.php(183): Illuminate\Container\Container->call(Array)
#19 C:\MAMP\htdocs\proyecto\api\vendor\symfony\console\Command\Command.php(255): Illuminate\Console\Command->execute(Object(Symfony\Component\Console\Input\ArrayInput), Object(Illuminate\Console\OutputStyle))
#20 C:\MAMP\htdocs\proyecto\api\vendor\illuminate\console\Command.php(170): Symfony\Component\Console\Command\Command->run(Object(Symfony\Component\Console\Input\ArrayInput), Object(Illuminate\Console\OutputStyle))
#21 C:\MAMP\htdocs\proyecto\api\vendor\illuminate\console\Command.php(198): Illuminate\Console\Command->run(Object(Symfony\Component\Console\Input\ArrayInput), Object(Illuminate\Console\OutputStyle))
#22 C:\MAMP\htdocs\proyecto\api\vendor\illuminate\database\Console\Migrations\FreshCommand.php(55): Illuminate\Console\Command->call('migrate', Array)
#23 [internal function]: Illuminate\Database\Console\Migrations\FreshCommand->handle()
#24 C:\MAMP\htdocs\proyecto\api\vendor\illuminate\container\BoundMethod.php(29): call_user_func_array(Array, Array)
#25 C:\MAMP\htdocs\proyecto\api\vendor\illuminate\container\BoundMethod.php(87): Illuminate\Container\BoundMethod::Illuminate\Container\{closure}()
#26 C:\MAMP\htdocs\proyecto\api\vendor\illuminate\container\BoundMethod.php(31): Illuminate\Container\BoundMethod::callBoundMethod(Object(Laravel\Lumen\Application), Array, Object(Closure))
#27 C:\MAMP\htdocs\proyecto\api\vendor\illuminate\container\Container.php(572): Illuminate\Container\BoundMethod::call(Object(Laravel\Lumen\Application), Array, Array, NULL)
#28 C:\MAMP\htdocs\proyecto\api\vendor\illuminate\console\Command.php(183): Illuminate\Container\Container->call(Array)
#29 C:\MAMP\htdocs\proyecto\api\vendor\symfony\console\Command\Command.php(255): Illuminate\Console\Command->execute(Object(Symfony\Component\Console\Input\ArgvInput), Object(Illuminate\Console\OutputStyle))
#30 C:\MAMP\htdocs\proyecto\api\vendor\illuminate\console\Command.php(170): Symfony\Component\Console\Command\Command->run(Object(Symfony\Component\Console\Input\ArgvInput), Object(Illuminate\Console\OutputStyle))
#31 C:\MAMP\htdocs\proyecto\api\vendor\symfony\console\Application.php(901): Illuminate\Console\Command->run(Object(Symfony\Component\Console\Input\ArgvInput), Object(Symfony\Component\Console\Output\ConsoleOutput))
#32 C:\MAMP\htdocs\proyecto\api\vendor\symfony\console\Application.php(262): Symfony\Component\Console\Application->doRunCommand(Object(Illuminate\Database\Console\Migrations\FreshCommand), Object(Symfony\Component\Console\Input\ArgvInput), Object(Symfony\Component\Console\Output\ConsoleOutput))
#33 C:\MAMP\htdocs\proyecto\api\vendor\symfony\console\Application.php(145): Symfony\Component\Console\Application->doRun(Object(Symfony\Component\Console\Input\ArgvInput), Object(Symfony\Component\Console\Output\ConsoleOutput))
#34 C:\MAMP\htdocs\proyecto\api\vendor\illuminate\console\Application.php(89): Symfony\Component\Console\Application->run(Object(Symfony\Component\Console\Input\ArgvInput), Object(Symfony\Component\Console\Output\ConsoleOutput))
#35 C:\MAMP\htdocs\proyecto\api\vendor\laravel\lumen-framework\src\Console\Kernel.php(115): Illuminate\Console\Application->run(Object(Symfony\Component\Console\Input\ArgvInput), Object(Symfony\Component\Console\Output\ConsoleOutput))
#36 C:\MAMP\htdocs\proyecto\api\artisan(35): Laravel\Lumen\Console\Kernel->handle(Object(Symfony\Component\Console\Input\ArgvInput), Object(Symfony\Component\Console\Output\ConsoleOutput))
#37 {main} {"exception":"[object] (Illuminate\\Database\\QueryException(code: HY000): SQLSTATE[HY000]: General error: 1215 Cannot add foreign key constraint (SQL: alter table `transcript` add constraint `transcript_orchestrator_room_id_foreign` foreign key (`orchestrator_room_id`) references `orchestrator_room` (`id`)) at C:\\MAMP\\htdocs\\proyecto\\api\\vendor\\illuminate\\database\\Connection.php:664, PDOException(code: HY000): SQLSTATE[HY000]: General error: 1215 Cannot add foreign key constraint at C:\\MAMP\\htdocs\\proyecto\\api\\vendor\\illuminate\\database\\Connection.php:458)
[stacktrace]
#0 C:\\MAMP\\htdocs\\proyecto\\api\\vendor\\illuminate\\database\\Connection.php(624): Illuminate\\Database\\Connection->runQueryCallback('alter table `tr...', Array, Object(Closure))
#1 C:\\MAMP\\htdocs\\proyecto\\api\\vendor\\illuminate\\database\\Connection.php(459): Illuminate\\Database\\Connection->run('alter table `tr...', Array, Object(Closure))
#2 C:\\MAMP\\htdocs\\proyecto\\api\\vendor\\illuminate\\database\\Schema\\Blueprint.php(97): Illuminate\\Database\\Connection->statement('alter table `tr...')
#3 C:\\MAMP\\htdocs\\proyecto\\api\\vendor\\illuminate\\database\\Schema\\Builder.php(264): Illuminate\\Database\\Schema\\Blueprint->build(Object(Illuminate\\Database\\MySqlConnection), Object(Illuminate\\Database\\Schema\\Grammars\\MySqlGrammar))
#4 C:\\MAMP\\htdocs\\proyecto\\api\\vendor\\illuminate\\database\\Schema\\Builder.php(165): Illuminate\\Database\\Schema\\Builder->build(Object(Illuminate\\Database\\Schema\\Blueprint))
#5 C:\\MAMP\\htdocs\\proyecto\\api\\vendor\\illuminate\\support\\Facades\\Facade.php(237): Illuminate\\Database\\Schema\\Builder->create('transcript', Object(Closure))
#6 C:\\MAMP\\htdocs\\proyecto\\api\\database\\migrations\\2019_01_04_081541_create_transcript_table.php(29): Illuminate\\Support\\Facades\\Facade::__callStatic('create', Array)
#7 C:\\MAMP\\htdocs\\proyecto\\api\\vendor\\illuminate\\database\\Migrations\\Migrator.php(360): CreateTranscriptTable->up()
#8 C:\\MAMP\\htdocs\\proyecto\\api\\vendor\\illuminate\\database\\Migrations\\Migrator.php(367): Illuminate\\Database\\Migrations\\Migrator->Illuminate\\Database\\Migrations\\{closure}()
#9 C:\\MAMP\\htdocs\\proyecto\\api\\vendor\\illuminate\\database\\Migrations\\Migrator.php(178): Illuminate\\Database\\Migrations\\Migrator->runMigration(Object(CreateTranscriptTable), 'up')
#10 C:\\MAMP\\htdocs\\proyecto\\api\\vendor\\illuminate\\database\\Migrations\\Migrator.php(147): Illuminate\\Database\\Migrations\\Migrator->runUp('C:\\\\MAMP\\\\htdocs\\\\...', 1, false)
#11 C:\\MAMP\\htdocs\\proyecto\\api\\vendor\\illuminate\\database\\Migrations\\Migrator.php(96): Illuminate\\Database\\Migrations\\Migrator->runPending(Array, Array)
#12 C:\\MAMP\\htdocs\\proyecto\\api\\vendor\\illuminate\\database\\Console\\Migrations\\MigrateCommand.php(71): Illuminate\\Database\\Migrations\\Migrator->run(Array, Array)
#13 [internal function]: Illuminate\\Database\\Console\\Migrations\\MigrateCommand->handle()
#14 C:\\MAMP\\htdocs\\proyecto\\api\\vendor\\illuminate\\container\\BoundMethod.php(29): call_user_func_array(Array, Array)
#15 C:\\MAMP\\htdocs\\proyecto\\api\\vendor\\illuminate\\container\\BoundMethod.php(87): Illuminate\\Container\\BoundMethod::Illuminate\\Container\\{closure}()
#16 C:\\MAMP\\htdocs\\proyecto\\api\\vendor\\illuminate\\container\\BoundMethod.php(31): Illuminate\\Container\\BoundMethod::callBoundMethod(Object(Laravel\\Lumen\\Application), Array, Object(Closure))
#17 C:\\MAMP\\htdocs\\proyecto\\api\\vendor\\illuminate\\container\\Container.php(572): Illuminate\\Container\\BoundMethod::call(Object(Laravel\\Lumen\\Application), Array, Array, NULL)
#18 C:\\MAMP\\htdocs\\proyecto\\api\\vendor\\illuminate\\console\\Command.php(183): Illuminate\\Container\\Container->call(Array)
#19 C:\\MAMP\\htdocs\\proyecto\\api\\vendor\\symfony\\console\\Command\\Command.php(255): Illuminate\\Console\\Command->execute(Object(Symfony\\Component\\Console\\Input\\ArrayInput), Object(Illuminate\\Console\\OutputStyle))
#20 C:\\MAMP\\htdocs\\proyecto\\api\\vendor\\illuminate\\console\\Command.php(170): Symfony\\Component\\Console\\Command\\Command->run(Object(Symfony\\Component\\Console\\Input\\ArrayInput), Object(Illuminate\\Console\\OutputStyle))
#21 C:\\MAMP\\htdocs\\proyecto\\api\\vendor\\illuminate\\console\\Command.php(198): Illuminate\\Console\\Command->run(Object(Symfony\\Component\\Console\\Input\\ArrayInput), Object(Illuminate\\Console\\OutputStyle))
#22 C:\\MAMP\\htdocs\\proyecto\\api\\vendor\\illuminate\\database\\Console\\Migrations\\FreshCommand.php(55): Illuminate\\Console\\Command->call('migrate', Array)
#23 [internal function]: Illuminate\\Database\\Console\\Migrations\\FreshCommand->handle()
#24 C:\\MAMP\\htdocs\\proyecto\\api\\vendor\\illuminate\\container\\BoundMethod.php(29): call_user_func_array(Array, Array)
#25 C:\\MAMP\\htdocs\\proyecto\\api\\vendor\\illuminate\\container\\BoundMethod.php(87): Illuminate\\Container\\BoundMethod::Illuminate\\Container\\{closure}()
#26 C:\\MAMP\\htdocs\\proyecto\\api\\vendor\\illuminate\\container\\BoundMethod.php(31): Illuminate\\Container\\BoundMethod::callBoundMethod(Object(Laravel\\Lumen\\Application), Array, Object(Closure))
#27 C:\\MAMP\\htdocs\\proyecto\\api\\vendor\\illuminate\\container\\Container.php(572): Illuminate\\Container\\BoundMethod::call(Object(Laravel\\Lumen\\Application), Array, Array, NULL)
#28 C:\\MAMP\\htdocs\\proyecto\\api\\vendor\\illuminate\\console\\Command.php(183): Illuminate\\Container\\Container->call(Array)
#29 C:\\MAMP\\htdocs\\proyecto\\api\\vendor\\symfony\\console\\Command\\Command.php(255): Illuminate\\Console\\Command->execute(Object(Symfony\\Component\\Console\\Input\\ArgvInput), Object(Illuminate\\Console\\OutputStyle))
#30 C:\\MAMP\\htdocs\\proyecto\\api\\vendor\\illuminate\\console\\Command.php(170): Symfony\\Component\\Console\\Command\\Command->run(Object(Symfony\\Component\\Console\\Input\\ArgvInput), Object(Illuminate\\Console\\OutputStyle))
#31 C:\\MAMP\\htdocs\\proyecto\\api\\vendor\\symfony\\console\\Application.php(901): Illuminate\\Console\\Command->run(Object(Symfony\\Component\\Console\\Input\\ArgvInput), Object(Symfony\\Component\\Console\\Output\\ConsoleOutput))
#32 C:\\MAMP\\htdocs\\proyecto\\api\\vendor\\symfony\\console\\Application.php(262): Symfony\\Component\\Console\\Application->doRunCommand(Object(Illuminate\\Database\\Console\\Migrations\\FreshCommand), Object(Symfony\\Component\\Console\\Input\\ArgvInput), Object(Symfony\\Component\\Console\\Output\\ConsoleOutput))
#33 C:\\MAMP\\htdocs\\proyecto\\api\\vendor\\symfony\\console\\Application.php(145): Symfony\\Component\\Console\\Application->doRun(Object(Symfony\\Component\\Console\\Input\\ArgvInput), Object(Symfony\\Component\\Console\\Output\\ConsoleOutput))
#34 C:\\MAMP\\htdocs\\proyecto\\api\\vendor\\illuminate\\console\\Application.php(89): Symfony\\Component\\Console\\Application->run(Object(Symfony\\Component\\Console\\Input\\ArgvInput), Object(Symfony\\Component\\Console\\Output\\ConsoleOutput))
#35 C:\\MAMP\\htdocs\\proyecto\\api\\vendor\\laravel\\lumen-framework\\src\\Console\\Kernel.php(115): Illuminate\\Console\\Application->run(Object(Symfony\\Component\\Console\\Input\\ArgvInput), Object(Symfony\\Component\\Console\\Output\\ConsoleOutput))
#36 C:\\MAMP\\htdocs\\proyecto\\api\\artisan(35): Laravel\\Lumen\\Console\\Kernel->handle(Object(Symfony\\Component\\Console\\Input\\ArgvInput), Object(Symfony\\Component\\Console\\Output\\ConsoleOutput))
#37 {main}
"} 
