[2018-12-27 03:18:36] local.ERROR: Symfony\Component\Console\Exception\CommandNotFoundException: Command "serve" is not defined. in C:\MAMP\htdocs\proyecto\api\vendor\symfony\console\Application.php:632
Stack trace:
#0 C:\MAMP\htdocs\proyecto\api\vendor\symfony\console\Application.php(226): Symfony\Component\Console\Application->find('serve')
#1 C:\MAMP\htdocs\proyecto\api\vendor\symfony\console\Application.php(145): Symfony\Component\Console\Application->doRun(Object(Symfony\Component\Console\Input\ArgvInput), Object(Symfony\Component\Console\Output\ConsoleOutput))
#2 C:\MAMP\htdocs\proyecto\api\vendor\illuminate\console\Application.php(89): Symfony\Component\Console\Application->run(Object(Symfony\Component\Console\Input\ArgvInput), Object(Symfony\Component\Console\Output\ConsoleOutput))
#3 C:\MAMP\htdocs\proyecto\api\vendor\laravel\lumen-framework\src\Console\Kernel.php(115): Illuminate\Console\Application->run(Object(Symfony\Component\Console\Input\ArgvInput), Object(Symfony\Component\Console\Output\ConsoleOutput))
#4 C:\MAMP\htdocs\proyecto\api\artisan(35): Laravel\Lumen\Console\Kernel->handle(Object(Symfony\Component\Console\Input\ArgvInput), Object(Symfony\Component\Console\Output\ConsoleOutput))
#5 {main} {"exception":"[object] (Symfony\\Component\\Console\\Exception\\CommandNotFoundException(code: 0): Command \"serve\" is not defined. at C:\\MAMP\\htdocs\\proyecto\\api\\vendor\\symfony\\console\\Application.php:632)
[stacktrace]
#0 C:\\MAMP\\htdocs\\proyecto\\api\\vendor\\symfony\\console\\Application.php(226): Symfony\\Component\\Console\\Application->find('serve')
#1 C:\\MAMP\\htdocs\\proyecto\\api\\vendor\\symfony\\console\\Application.php(145): Symfony\\Component\\Console\\Application->doRun(Object(Symfony\\Component\\Console\\Input\\ArgvInput), Object(Symfony\\Component\\Console\\Output\\ConsoleOutput))
#2 C:\\MAMP\\htdocs\\proyecto\\api\\vendor\\illuminate\\console\\Application.php(89): Symfony\\Component\\Console\\Application->run(Object(Symfony\\Component\\Console\\Input\\ArgvInput), Object(Symfony\\Component\\Console\\Output\\ConsoleOutput))
#3 C:\\MAMP\\htdocs\\proyecto\\api\\vendor\\laravel\\lumen-framework\\src\\Console\\Kernel.php(115): Illuminate\\Console\\Application->run(Object(Symfony\\Component\\Console\\Input\\ArgvInput), Object(Symfony\\Component\\Console\\Output\\ConsoleOutput))
#4 C:\\MAMP\\htdocs\\proyecto\\api\\artisan(35): Laravel\\Lumen\\Console\\Kernel->handle(Object(Symfony\\Component\\Console\\Input\\ArgvInput), Object(Symfony\\Component\\Console\\Output\\ConsoleOutput))
#5 {main}
"} 
[2018-12-27 06:47:33] local.ERROR: ReflectionException: Class App\Http\Controllers\App\Http\Controllers\PostsController does not exist in C:\MAMP\htdocs\proyecto\api\vendor\illuminate\container\Container.php:779
Stack trace:
#0 C:\MAMP\htdocs\proyecto\api\vendor\illuminate\container\Container.php(779): ReflectionClass->__construct('App\\Http\\Contro...')
#1 C:\MAMP\htdocs\proyecto\api\vendor\illuminate\container\Container.php(658): Illuminate\Container\Container->build('App\\Http\\Contro...')
#2 C:\MAMP\htdocs\proyecto\api\vendor\illuminate\container\Container.php(609): Illuminate\Container\Container->resolve('App\\Http\\Contro...', Array)
#3 C:\MAMP\htdocs\proyecto\api\vendor\laravel\lumen-framework\src\Application.php(260): Illuminate\Container\Container->make('App\\Http\\Contro...', Array)
#4 C:\MAMP\htdocs\proyecto\api\vendor\laravel\lumen-framework\src\Concerns\RoutesRequests.php(313): Laravel\Lumen\Application->make('App\\Http\\Contro...')
#5 C:\MAMP\htdocs\proyecto\api\vendor\laravel\lumen-framework\src\Concerns\RoutesRequests.php(280): Laravel\Lumen\Application->callControllerAction(Array)
#6 C:\MAMP\htdocs\proyecto\api\vendor\laravel\lumen-framework\src\Concerns\RoutesRequests.php(265): Laravel\Lumen\Application->callActionOnArrayBasedRoute(Array)
#7 C:\MAMP\htdocs\proyecto\api\vendor\laravel\lumen-framework\src\Concerns\RoutesRequests.php(165): Laravel\Lumen\Application->handleFoundRoute(Array)
#8 C:\MAMP\htdocs\proyecto\api\vendor\laravel\lumen-framework\src\Concerns\RoutesRequests.php(418): Laravel\Lumen\Application->Laravel\Lumen\Concerns\{closure}(Object(Laravel\Lumen\Http\Request))
#9 C:\MAMP\htdocs\proyecto\api\vendor\laravel\lumen-framework\src\Concerns\RoutesRequests.php(171): Laravel\Lumen\Application->sendThroughPipeline(Array, Object(Closure))
#10 C:\MAMP\htdocs\proyecto\api\vendor\laravel\lumen-framework\src\Concerns\RoutesRequests.php(108): Laravel\Lumen\Application->dispatch(NULL)
#11 C:\MAMP\htdocs\proyecto\api\public\index.php(28): Laravel\Lumen\Application->run()
#12 {main} {"exception":"[object] (ReflectionException(code: -1): Class App\\Http\\Controllers\\App\\Http\\Controllers\\PostsController does not exist at C:\\MAMP\\htdocs\\proyecto\\api\\vendor\\illuminate\\container\\Container.php:779)
[stacktrace]
#0 C:\\MAMP\\htdocs\\proyecto\\api\\vendor\\illuminate\\container\\Container.php(779): ReflectionClass->__construct('App\\\\Http\\\\Contro...')
#1 C:\\MAMP\\htdocs\\proyecto\\api\\vendor\\illuminate\\container\\Container.php(658): Illuminate\\Container\\Container->build('App\\\\Http\\\\Contro...')
#2 C:\\MAMP\\htdocs\\proyecto\\api\\vendor\\illuminate\\container\\Container.php(609): Illuminate\\Container\\Container->resolve('App\\\\Http\\\\Contro...', Array)
#3 C:\\MAMP\\htdocs\\proyecto\\api\\vendor\\laravel\\lumen-framework\\src\\Application.php(260): Illuminate\\Container\\Container->make('App\\\\Http\\\\Contro...', Array)
#4 C:\\MAMP\\htdocs\\proyecto\\api\\vendor\\laravel\\lumen-framework\\src\\Concerns\\RoutesRequests.php(313): Laravel\\Lumen\\Application->make('App\\\\Http\\\\Contro...')
#5 C:\\MAMP\\htdocs\\proyecto\\api\\vendor\\laravel\\lumen-framework\\src\\Concerns\\RoutesRequests.php(280): Laravel\\Lumen\\Application->callControllerAction(Array)
#6 C:\\MAMP\\htdocs\\proyecto\\api\\vendor\\laravel\\lumen-framework\\src\\Concerns\\RoutesRequests.php(265): Laravel\\Lumen\\Application->callActionOnArrayBasedRoute(Array)
#7 C:\\MAMP\\htdocs\\proyecto\\api\\vendor\\laravel\\lumen-framework\\src\\Concerns\\RoutesRequests.php(165): Laravel\\Lumen\\Application->handleFoundRoute(Array)
#8 C:\\MAMP\\htdocs\\proyecto\\api\\vendor\\laravel\\lumen-framework\\src\\Concerns\\RoutesRequests.php(418): Laravel\\Lumen\\Application->Laravel\\Lumen\\Concerns\\{closure}(Object(Laravel\\Lumen\\Http\\Request))
#9 C:\\MAMP\\htdocs\\proyecto\\api\\vendor\\laravel\\lumen-framework\\src\\Concerns\\RoutesRequests.php(171): Laravel\\Lumen\\Application->sendThroughPipeline(Array, Object(Closure))
#10 C:\\MAMP\\htdocs\\proyecto\\api\\vendor\\laravel\\lumen-framework\\src\\Concerns\\RoutesRequests.php(108): Laravel\\Lumen\\Application->dispatch(NULL)
#11 C:\\MAMP\\htdocs\\proyecto\\api\\public\\index.php(28): Laravel\\Lumen\\Application->run()
#12 {main}
"} 
[2018-12-27 06:47:59] local.ERROR: ReflectionException: Class App\Http\Controllers\Posts\PostsController does not exist in C:\MAMP\htdocs\proyecto\api\vendor\illuminate\container\Container.php:779
Stack trace:
#0 C:\MAMP\htdocs\proyecto\api\vendor\illuminate\container\Container.php(779): ReflectionClass->__construct('App\\Http\\Contro...')
#1 C:\MAMP\htdocs\proyecto\api\vendor\illuminate\container\Container.php(658): Illuminate\Container\Container->build('App\\Http\\Contro...')
#2 C:\MAMP\htdocs\proyecto\api\vendor\illuminate\container\Container.php(609): Illuminate\Container\Container->resolve('App\\Http\\Contro...', Array)
#3 C:\MAMP\htdocs\proyecto\api\vendor\laravel\lumen-framework\src\Application.php(260): Illuminate\Container\Container->make('App\\Http\\Contro...', Array)
#4 C:\MAMP\htdocs\proyecto\api\vendor\laravel\lumen-framework\src\Concerns\RoutesRequests.php(313): Laravel\Lumen\Application->make('App\\Http\\Contro...')
#5 C:\MAMP\htdocs\proyecto\api\vendor\laravel\lumen-framework\src\Concerns\RoutesRequests.php(280): Laravel\Lumen\Application->callControllerAction(Array)
#6 C:\MAMP\htdocs\proyecto\api\vendor\laravel\lumen-framework\src\Concerns\RoutesRequests.php(265): Laravel\Lumen\Application->callActionOnArrayBasedRoute(Array)
#7 C:\MAMP\htdocs\proyecto\api\vendor\laravel\lumen-framework\src\Concerns\RoutesRequests.php(165): Laravel\Lumen\Application->handleFoundRoute(Array)
#8 C:\MAMP\htdocs\proyecto\api\vendor\laravel\lumen-framework\src\Concerns\RoutesRequests.php(418): Laravel\Lumen\Application->Laravel\Lumen\Concerns\{closure}(Object(Laravel\Lumen\Http\Request))
#9 C:\MAMP\htdocs\proyecto\api\vendor\laravel\lumen-framework\src\Concerns\RoutesRequests.php(171): Laravel\Lumen\Application->sendThroughPipeline(Array, Object(Closure))
#10 C:\MAMP\htdocs\proyecto\api\vendor\laravel\lumen-framework\src\Concerns\RoutesRequests.php(108): Laravel\Lumen\Application->dispatch(NULL)
#11 C:\MAMP\htdocs\proyecto\api\public\index.php(28): Laravel\Lumen\Application->run()
#12 {main} {"exception":"[object] (ReflectionException(code: -1): Class App\\Http\\Controllers\\Posts\\PostsController does not exist at C:\\MAMP\\htdocs\\proyecto\\api\\vendor\\illuminate\\container\\Container.php:779)
[stacktrace]
#0 C:\\MAMP\\htdocs\\proyecto\\api\\vendor\\illuminate\\container\\Container.php(779): ReflectionClass->__construct('App\\\\Http\\\\Contro...')
#1 C:\\MAMP\\htdocs\\proyecto\\api\\vendor\\illuminate\\container\\Container.php(658): Illuminate\\Container\\Container->build('App\\\\Http\\\\Contro...')
#2 C:\\MAMP\\htdocs\\proyecto\\api\\vendor\\illuminate\\container\\Container.php(609): Illuminate\\Container\\Container->resolve('App\\\\Http\\\\Contro...', Array)
#3 C:\\MAMP\\htdocs\\proyecto\\api\\vendor\\laravel\\lumen-framework\\src\\Application.php(260): Illuminate\\Container\\Container->make('App\\\\Http\\\\Contro...', Array)
#4 C:\\MAMP\\htdocs\\proyecto\\api\\vendor\\laravel\\lumen-framework\\src\\Concerns\\RoutesRequests.php(313): Laravel\\Lumen\\Application->make('App\\\\Http\\\\Contro...')
#5 C:\\MAMP\\htdocs\\proyecto\\api\\vendor\\laravel\\lumen-framework\\src\\Concerns\\RoutesRequests.php(280): Laravel\\Lumen\\Application->callControllerAction(Array)
#6 C:\\MAMP\\htdocs\\proyecto\\api\\vendor\\laravel\\lumen-framework\\src\\Concerns\\RoutesRequests.php(265): Laravel\\Lumen\\Application->callActionOnArrayBasedRoute(Array)
#7 C:\\MAMP\\htdocs\\proyecto\\api\\vendor\\laravel\\lumen-framework\\src\\Concerns\\RoutesRequests.php(165): Laravel\\Lumen\\Application->handleFoundRoute(Array)
#8 C:\\MAMP\\htdocs\\proyecto\\api\\vendor\\laravel\\lumen-framework\\src\\Concerns\\RoutesRequests.php(418): Laravel\\Lumen\\Application->Laravel\\Lumen\\Concerns\\{closure}(Object(Laravel\\Lumen\\Http\\Request))
#9 C:\\MAMP\\htdocs\\proyecto\\api\\vendor\\laravel\\lumen-framework\\src\\Concerns\\RoutesRequests.php(171): Laravel\\Lumen\\Application->sendThroughPipeline(Array, Object(Closure))
#10 C:\\MAMP\\htdocs\\proyecto\\api\\vendor\\laravel\\lumen-framework\\src\\Concerns\\RoutesRequests.php(108): Laravel\\Lumen\\Application->dispatch(NULL)
#11 C:\\MAMP\\htdocs\\proyecto\\api\\public\\index.php(28): Laravel\\Lumen\\Application->run()
#12 {main}
"} 
[2018-12-27 06:48:20] local.ERROR: Symfony\Component\Debug\Exception\FatalThrowableError: syntax error, unexpected 'fuction' (T_STRING), expecting function (T_FUNCTION) or const (T_CONST) in C:\MAMP\htdocs\proyecto\api\app\Http\Controllers\PostsController.php:12
Stack trace:
#0 C:\MAMP\htdocs\proyecto\api\vendor\composer\ClassLoader.php(322): Composer\Autoload\includeFile('C:\\MAMP\\htdocs\\...')
#1 [internal function]: Composer\Autoload\ClassLoader->loadClass('App\\Http\\Contro...')
#2 [internal function]: spl_autoload_call('App\\Http\\Contro...')
#3 C:\MAMP\htdocs\proyecto\api\vendor\illuminate\container\Container.php(779): ReflectionClass->__construct('App\\Http\\Contro...')
#4 C:\MAMP\htdocs\proyecto\api\vendor\illuminate\container\Container.php(658): Illuminate\Container\Container->build('App\\Http\\Contro...')
#5 C:\MAMP\htdocs\proyecto\api\vendor\illuminate\container\Container.php(609): Illuminate\Container\Container->resolve('App\\Http\\Contro...', Array)
#6 C:\MAMP\htdocs\proyecto\api\vendor\laravel\lumen-framework\src\Application.php(260): Illuminate\Container\Container->make('App\\Http\\Contro...', Array)
#7 C:\MAMP\htdocs\proyecto\api\vendor\laravel\lumen-framework\src\Concerns\RoutesRequests.php(313): Laravel\Lumen\Application->make('App\\Http\\Contro...')
#8 C:\MAMP\htdocs\proyecto\api\vendor\laravel\lumen-framework\src\Concerns\RoutesRequests.php(280): Laravel\Lumen\Application->callControllerAction(Array)
#9 C:\MAMP\htdocs\proyecto\api\vendor\laravel\lumen-framework\src\Concerns\RoutesRequests.php(265): Laravel\Lumen\Application->callActionOnArrayBasedRoute(Array)
#10 C:\MAMP\htdocs\proyecto\api\vendor\laravel\lumen-framework\src\Concerns\RoutesRequests.php(165): Laravel\Lumen\Application->handleFoundRoute(Array)
#11 C:\MAMP\htdocs\proyecto\api\vendor\laravel\lumen-framework\src\Concerns\RoutesRequests.php(418): Laravel\Lumen\Application->Laravel\Lumen\Concerns\{closure}(Object(Laravel\Lumen\Http\Request))
#12 C:\MAMP\htdocs\proyecto\api\vendor\laravel\lumen-framework\src\Concerns\RoutesRequests.php(171): Laravel\Lumen\Application->sendThroughPipeline(Array, Object(Closure))
#13 C:\MAMP\htdocs\proyecto\api\vendor\laravel\lumen-framework\src\Concerns\RoutesRequests.php(108): Laravel\Lumen\Application->dispatch(NULL)
#14 C:\MAMP\htdocs\proyecto\api\public\index.php(28): Laravel\Lumen\Application->run()
#15 {main} {"exception":"[object] (Symfony\\Component\\Debug\\Exception\\FatalThrowableError(code: 0): syntax error, unexpected 'fuction' (T_STRING), expecting function (T_FUNCTION) or const (T_CONST) at C:\\MAMP\\htdocs\\proyecto\\api\\app\\Http\\Controllers\\PostsController.php:12)
[stacktrace]
#0 C:\\MAMP\\htdocs\\proyecto\\api\\vendor\\composer\\ClassLoader.php(322): Composer\\Autoload\\includeFile('C:\\\\MAMP\\\\htdocs\\\\...')
#1 [internal function]: Composer\\Autoload\\ClassLoader->loadClass('App\\\\Http\\\\Contro...')
#2 [internal function]: spl_autoload_call('App\\\\Http\\\\Contro...')
#3 C:\\MAMP\\htdocs\\proyecto\\api\\vendor\\illuminate\\container\\Container.php(779): ReflectionClass->__construct('App\\\\Http\\\\Contro...')
#4 C:\\MAMP\\htdocs\\proyecto\\api\\vendor\\illuminate\\container\\Container.php(658): Illuminate\\Container\\Container->build('App\\\\Http\\\\Contro...')
#5 C:\\MAMP\\htdocs\\proyecto\\api\\vendor\\illuminate\\container\\Container.php(609): Illuminate\\Container\\Container->resolve('App\\\\Http\\\\Contro...', Array)
#6 C:\\MAMP\\htdocs\\proyecto\\api\\vendor\\laravel\\lumen-framework\\src\\Application.php(260): Illuminate\\Container\\Container->make('App\\\\Http\\\\Contro...', Array)
#7 C:\\MAMP\\htdocs\\proyecto\\api\\vendor\\laravel\\lumen-framework\\src\\Concerns\\RoutesRequests.php(313): Laravel\\Lumen\\Application->make('App\\\\Http\\\\Contro...')
#8 C:\\MAMP\\htdocs\\proyecto\\api\\vendor\\laravel\\lumen-framework\\src\\Concerns\\RoutesRequests.php(280): Laravel\\Lumen\\Application->callControllerAction(Array)
#9 C:\\MAMP\\htdocs\\proyecto\\api\\vendor\\laravel\\lumen-framework\\src\\Concerns\\RoutesRequests.php(265): Laravel\\Lumen\\Application->callActionOnArrayBasedRoute(Array)
#10 C:\\MAMP\\htdocs\\proyecto\\api\\vendor\\laravel\\lumen-framework\\src\\Concerns\\RoutesRequests.php(165): Laravel\\Lumen\\Application->handleFoundRoute(Array)
#11 C:\\MAMP\\htdocs\\proyecto\\api\\vendor\\laravel\\lumen-framework\\src\\Concerns\\RoutesRequests.php(418): Laravel\\Lumen\\Application->Laravel\\Lumen\\Concerns\\{closure}(Object(Laravel\\Lumen\\Http\\Request))
#12 C:\\MAMP\\htdocs\\proyecto\\api\\vendor\\laravel\\lumen-framework\\src\\Concerns\\RoutesRequests.php(171): Laravel\\Lumen\\Application->sendThroughPipeline(Array, Object(Closure))
#13 C:\\MAMP\\htdocs\\proyecto\\api\\vendor\\laravel\\lumen-framework\\src\\Concerns\\RoutesRequests.php(108): Laravel\\Lumen\\Application->dispatch(NULL)
#14 C:\\MAMP\\htdocs\\proyecto\\api\\public\\index.php(28): Laravel\\Lumen\\Application->run()
#15 {main}
"} 
[2018-12-27 06:48:41] local.ERROR: Symfony\Component\Debug\Exception\FatalThrowableError: syntax error, unexpected 'fuction' (T_STRING), expecting function (T_FUNCTION) or const (T_CONST) in C:\MAMP\htdocs\proyecto\api\app\Http\Controllers\PostsController.php:12
Stack trace:
#0 C:\MAMP\htdocs\proyecto\api\vendor\composer\ClassLoader.php(322): Composer\Autoload\includeFile('C:\\MAMP\\htdocs\\...')
#1 [internal function]: Composer\Autoload\ClassLoader->loadClass('App\\Http\\Contro...')
#2 [internal function]: spl_autoload_call('App\\Http\\Contro...')
#3 C:\MAMP\htdocs\proyecto\api\vendor\illuminate\container\Container.php(779): ReflectionClass->__construct('App\\Http\\Contro...')
#4 C:\MAMP\htdocs\proyecto\api\vendor\illuminate\container\Container.php(658): Illuminate\Container\Container->build('App\\Http\\Contro...')
#5 C:\MAMP\htdocs\proyecto\api\vendor\illuminate\container\Container.php(609): Illuminate\Container\Container->resolve('App\\Http\\Contro...', Array)
#6 C:\MAMP\htdocs\proyecto\api\vendor\laravel\lumen-framework\src\Application.php(260): Illuminate\Container\Container->make('App\\Http\\Contro...', Array)
#7 C:\MAMP\htdocs\proyecto\api\vendor\laravel\lumen-framework\src\Concerns\RoutesRequests.php(313): Laravel\Lumen\Application->make('App\\Http\\Contro...')
#8 C:\MAMP\htdocs\proyecto\api\vendor\laravel\lumen-framework\src\Concerns\RoutesRequests.php(280): Laravel\Lumen\Application->callControllerAction(Array)
#9 C:\MAMP\htdocs\proyecto\api\vendor\laravel\lumen-framework\src\Concerns\RoutesRequests.php(265): Laravel\Lumen\Application->callActionOnArrayBasedRoute(Array)
#10 C:\MAMP\htdocs\proyecto\api\vendor\laravel\lumen-framework\src\Concerns\RoutesRequests.php(165): Laravel\Lumen\Application->handleFoundRoute(Array)
#11 C:\MAMP\htdocs\proyecto\api\vendor\laravel\lumen-framework\src\Concerns\RoutesRequests.php(418): Laravel\Lumen\Application->Laravel\Lumen\Concerns\{closure}(Object(Laravel\Lumen\Http\Request))
#12 C:\MAMP\htdocs\proyecto\api\vendor\laravel\lumen-framework\src\Concerns\RoutesRequests.php(171): Laravel\Lumen\Application->sendThroughPipeline(Array, Object(Closure))
#13 C:\MAMP\htdocs\proyecto\api\vendor\laravel\lumen-framework\src\Concerns\RoutesRequests.php(108): Laravel\Lumen\Application->dispatch(NULL)
#14 C:\MAMP\htdocs\proyecto\api\public\index.php(28): Laravel\Lumen\Application->run()
#15 {main} {"exception":"[object] (Symfony\\Component\\Debug\\Exception\\FatalThrowableError(code: 0): syntax error, unexpected 'fuction' (T_STRING), expecting function (T_FUNCTION) or const (T_CONST) at C:\\MAMP\\htdocs\\proyecto\\api\\app\\Http\\Controllers\\PostsController.php:12)
[stacktrace]
#0 C:\\MAMP\\htdocs\\proyecto\\api\\vendor\\composer\\ClassLoader.php(322): Composer\\Autoload\\includeFile('C:\\\\MAMP\\\\htdocs\\\\...')
#1 [internal function]: Composer\\Autoload\\ClassLoader->loadClass('App\\\\Http\\\\Contro...')
#2 [internal function]: spl_autoload_call('App\\\\Http\\\\Contro...')
#3 C:\\MAMP\\htdocs\\proyecto\\api\\vendor\\illuminate\\container\\Container.php(779): ReflectionClass->__construct('App\\\\Http\\\\Contro...')
#4 C:\\MAMP\\htdocs\\proyecto\\api\\vendor\\illuminate\\container\\Container.php(658): Illuminate\\Container\\Container->build('App\\\\Http\\\\Contro...')
#5 C:\\MAMP\\htdocs\\proyecto\\api\\vendor\\illuminate\\container\\Container.php(609): Illuminate\\Container\\Container->resolve('App\\\\Http\\\\Contro...', Array)
#6 C:\\MAMP\\htdocs\\proyecto\\api\\vendor\\laravel\\lumen-framework\\src\\Application.php(260): Illuminate\\Container\\Container->make('App\\\\Http\\\\Contro...', Array)
#7 C:\\MAMP\\htdocs\\proyecto\\api\\vendor\\laravel\\lumen-framework\\src\\Concerns\\RoutesRequests.php(313): Laravel\\Lumen\\Application->make('App\\\\Http\\\\Contro...')
#8 C:\\MAMP\\htdocs\\proyecto\\api\\vendor\\laravel\\lumen-framework\\src\\Concerns\\RoutesRequests.php(280): Laravel\\Lumen\\Application->callControllerAction(Array)
#9 C:\\MAMP\\htdocs\\proyecto\\api\\vendor\\laravel\\lumen-framework\\src\\Concerns\\RoutesRequests.php(265): Laravel\\Lumen\\Application->callActionOnArrayBasedRoute(Array)
#10 C:\\MAMP\\htdocs\\proyecto\\api\\vendor\\laravel\\lumen-framework\\src\\Concerns\\RoutesRequests.php(165): Laravel\\Lumen\\Application->handleFoundRoute(Array)
#11 C:\\MAMP\\htdocs\\proyecto\\api\\vendor\\laravel\\lumen-framework\\src\\Concerns\\RoutesRequests.php(418): Laravel\\Lumen\\Application->Laravel\\Lumen\\Concerns\\{closure}(Object(Laravel\\Lumen\\Http\\Request))
#12 C:\\MAMP\\htdocs\\proyecto\\api\\vendor\\laravel\\lumen-framework\\src\\Concerns\\RoutesRequests.php(171): Laravel\\Lumen\\Application->sendThroughPipeline(Array, Object(Closure))
#13 C:\\MAMP\\htdocs\\proyecto\\api\\vendor\\laravel\\lumen-framework\\src\\Concerns\\RoutesRequests.php(108): Laravel\\Lumen\\Application->dispatch(NULL)
#14 C:\\MAMP\\htdocs\\proyecto\\api\\public\\index.php(28): Laravel\\Lumen\\Application->run()
#15 {main}
"} 
[2018-12-27 06:51:54] local.ERROR: Symfony\Component\Debug\Exception\FatalThrowableError: syntax error, unexpected 'fuction' (T_STRING), expecting function (T_FUNCTION) or const (T_CONST) in C:\MAMP\htdocs\proyecto\api\app\Http\Controllers\PostsController.php:12
Stack trace:
#0 C:\MAMP\htdocs\proyecto\api\vendor\composer\ClassLoader.php(322): Composer\Autoload\includeFile('C:\\MAMP\\htdocs\\...')
#1 [internal function]: Composer\Autoload\ClassLoader->loadClass('App\\Http\\Contro...')
#2 [internal function]: spl_autoload_call('App\\Http\\Contro...')
#3 C:\MAMP\htdocs\proyecto\api\vendor\illuminate\container\Container.php(779): ReflectionClass->__construct('App\\Http\\Contro...')
#4 C:\MAMP\htdocs\proyecto\api\vendor\illuminate\container\Container.php(658): Illuminate\Container\Container->build('App\\Http\\Contro...')
#5 C:\MAMP\htdocs\proyecto\api\vendor\illuminate\container\Container.php(609): Illuminate\Container\Container->resolve('App\\Http\\Contro...', Array)
#6 C:\MAMP\htdocs\proyecto\api\vendor\laravel\lumen-framework\src\Application.php(260): Illuminate\Container\Container->make('App\\Http\\Contro...', Array)
#7 C:\MAMP\htdocs\proyecto\api\vendor\laravel\lumen-framework\src\Concerns\RoutesRequests.php(313): Laravel\Lumen\Application->make('App\\Http\\Contro...')
#8 C:\MAMP\htdocs\proyecto\api\vendor\laravel\lumen-framework\src\Concerns\RoutesRequests.php(280): Laravel\Lumen\Application->callControllerAction(Array)
#9 C:\MAMP\htdocs\proyecto\api\vendor\laravel\lumen-framework\src\Concerns\RoutesRequests.php(265): Laravel\Lumen\Application->callActionOnArrayBasedRoute(Array)
#10 C:\MAMP\htdocs\proyecto\api\vendor\laravel\lumen-framework\src\Concerns\RoutesRequests.php(165): Laravel\Lumen\Application->handleFoundRoute(Array)
#11 C:\MAMP\htdocs\proyecto\api\vendor\laravel\lumen-framework\src\Concerns\RoutesRequests.php(418): Laravel\Lumen\Application->Laravel\Lumen\Concerns\{closure}(Object(Laravel\Lumen\Http\Request))
#12 C:\MAMP\htdocs\proyecto\api\vendor\laravel\lumen-framework\src\Concerns\RoutesRequests.php(171): Laravel\Lumen\Application->sendThroughPipeline(Array, Object(Closure))
#13 C:\MAMP\htdocs\proyecto\api\vendor\laravel\lumen-framework\src\Concerns\RoutesRequests.php(108): Laravel\Lumen\Application->dispatch(NULL)
#14 C:\MAMP\htdocs\proyecto\api\public\index.php(28): Laravel\Lumen\Application->run()
#15 {main} {"exception":"[object] (Symfony\\Component\\Debug\\Exception\\FatalThrowableError(code: 0): syntax error, unexpected 'fuction' (T_STRING), expecting function (T_FUNCTION) or const (T_CONST) at C:\\MAMP\\htdocs\\proyecto\\api\\app\\Http\\Controllers\\PostsController.php:12)
[stacktrace]
#0 C:\\MAMP\\htdocs\\proyecto\\api\\vendor\\composer\\ClassLoader.php(322): Composer\\Autoload\\includeFile('C:\\\\MAMP\\\\htdocs\\\\...')
#1 [internal function]: Composer\\Autoload\\ClassLoader->loadClass('App\\\\Http\\\\Contro...')
#2 [internal function]: spl_autoload_call('App\\\\Http\\\\Contro...')
#3 C:\\MAMP\\htdocs\\proyecto\\api\\vendor\\illuminate\\container\\Container.php(779): ReflectionClass->__construct('App\\\\Http\\\\Contro...')
#4 C:\\MAMP\\htdocs\\proyecto\\api\\vendor\\illuminate\\container\\Container.php(658): Illuminate\\Container\\Container->build('App\\\\Http\\\\Contro...')
#5 C:\\MAMP\\htdocs\\proyecto\\api\\vendor\\illuminate\\container\\Container.php(609): Illuminate\\Container\\Container->resolve('App\\\\Http\\\\Contro...', Array)
#6 C:\\MAMP\\htdocs\\proyecto\\api\\vendor\\laravel\\lumen-framework\\src\\Application.php(260): Illuminate\\Container\\Container->make('App\\\\Http\\\\Contro...', Array)
#7 C:\\MAMP\\htdocs\\proyecto\\api\\vendor\\laravel\\lumen-framework\\src\\Concerns\\RoutesRequests.php(313): Laravel\\Lumen\\Application->make('App\\\\Http\\\\Contro...')
#8 C:\\MAMP\\htdocs\\proyecto\\api\\vendor\\laravel\\lumen-framework\\src\\Concerns\\RoutesRequests.php(280): Laravel\\Lumen\\Application->callControllerAction(Array)
#9 C:\\MAMP\\htdocs\\proyecto\\api\\vendor\\laravel\\lumen-framework\\src\\Concerns\\RoutesRequests.php(265): Laravel\\Lumen\\Application->callActionOnArrayBasedRoute(Array)
#10 C:\\MAMP\\htdocs\\proyecto\\api\\vendor\\laravel\\lumen-framework\\src\\Concerns\\RoutesRequests.php(165): Laravel\\Lumen\\Application->handleFoundRoute(Array)
#11 C:\\MAMP\\htdocs\\proyecto\\api\\vendor\\laravel\\lumen-framework\\src\\Concerns\\RoutesRequests.php(418): Laravel\\Lumen\\Application->Laravel\\Lumen\\Concerns\\{closure}(Object(Laravel\\Lumen\\Http\\Request))
#12 C:\\MAMP\\htdocs\\proyecto\\api\\vendor\\laravel\\lumen-framework\\src\\Concerns\\RoutesRequests.php(171): Laravel\\Lumen\\Application->sendThroughPipeline(Array, Object(Closure))
#13 C:\\MAMP\\htdocs\\proyecto\\api\\vendor\\laravel\\lumen-framework\\src\\Concerns\\RoutesRequests.php(108): Laravel\\Lumen\\Application->dispatch(NULL)
#14 C:\\MAMP\\htdocs\\proyecto\\api\\public\\index.php(28): Laravel\\Lumen\\Application->run()
#15 {main}
"} 
[2018-12-27 06:54:58] local.ERROR: Symfony\Component\Debug\Exception\FatalThrowableError: syntax error, unexpected 'fuction' (T_STRING), expecting function (T_FUNCTION) or const (T_CONST) in C:\MAMP\htdocs\proyecto\api\app\Http\Controllers\PostsController.php:12
Stack trace:
#0 C:\MAMP\htdocs\proyecto\api\vendor\composer\ClassLoader.php(322): Composer\Autoload\includeFile('C:\\MAMP\\htdocs\\...')
#1 [internal function]: Composer\Autoload\ClassLoader->loadClass('App\\Http\\Contro...')
#2 [internal function]: spl_autoload_call('App\\Http\\Contro...')
#3 C:\MAMP\htdocs\proyecto\api\vendor\illuminate\container\Container.php(779): ReflectionClass->__construct('App\\Http\\Contro...')
#4 C:\MAMP\htdocs\proyecto\api\vendor\illuminate\container\Container.php(658): Illuminate\Container\Container->build('App\\Http\\Contro...')
#5 C:\MAMP\htdocs\proyecto\api\vendor\illuminate\container\Container.php(609): Illuminate\Container\Container->resolve('App\\Http\\Contro...', Array)
#6 C:\MAMP\htdocs\proyecto\api\vendor\laravel\lumen-framework\src\Application.php(260): Illuminate\Container\Container->make('App\\Http\\Contro...', Array)
#7 C:\MAMP\htdocs\proyecto\api\vendor\laravel\lumen-framework\src\Concerns\RoutesRequests.php(313): Laravel\Lumen\Application->make('App\\Http\\Contro...')
#8 C:\MAMP\htdocs\proyecto\api\vendor\laravel\lumen-framework\src\Concerns\RoutesRequests.php(280): Laravel\Lumen\Application->callControllerAction(Array)
#9 C:\MAMP\htdocs\proyecto\api\vendor\laravel\lumen-framework\src\Concerns\RoutesRequests.php(265): Laravel\Lumen\Application->callActionOnArrayBasedRoute(Array)
#10 C:\MAMP\htdocs\proyecto\api\vendor\laravel\lumen-framework\src\Concerns\RoutesRequests.php(165): Laravel\Lumen\Application->handleFoundRoute(Array)
#11 C:\MAMP\htdocs\proyecto\api\vendor\laravel\lumen-framework\src\Concerns\RoutesRequests.php(418): Laravel\Lumen\Application->Laravel\Lumen\Concerns\{closure}(Object(Laravel\Lumen\Http\Request))
#12 C:\MAMP\htdocs\proyecto\api\vendor\laravel\lumen-framework\src\Concerns\RoutesRequests.php(171): Laravel\Lumen\Application->sendThroughPipeline(Array, Object(Closure))
#13 C:\MAMP\htdocs\proyecto\api\vendor\laravel\lumen-framework\src\Concerns\RoutesRequests.php(108): Laravel\Lumen\Application->dispatch(NULL)
#14 C:\MAMP\htdocs\proyecto\api\public\index.php(28): Laravel\Lumen\Application->run()
#15 {main} {"exception":"[object] (Symfony\\Component\\Debug\\Exception\\FatalThrowableError(code: 0): syntax error, unexpected 'fuction' (T_STRING), expecting function (T_FUNCTION) or const (T_CONST) at C:\\MAMP\\htdocs\\proyecto\\api\\app\\Http\\Controllers\\PostsController.php:12)
[stacktrace]
#0 C:\\MAMP\\htdocs\\proyecto\\api\\vendor\\composer\\ClassLoader.php(322): Composer\\Autoload\\includeFile('C:\\\\MAMP\\\\htdocs\\\\...')
#1 [internal function]: Composer\\Autoload\\ClassLoader->loadClass('App\\\\Http\\\\Contro...')
#2 [internal function]: spl_autoload_call('App\\\\Http\\\\Contro...')
#3 C:\\MAMP\\htdocs\\proyecto\\api\\vendor\\illuminate\\container\\Container.php(779): ReflectionClass->__construct('App\\\\Http\\\\Contro...')
#4 C:\\MAMP\\htdocs\\proyecto\\api\\vendor\\illuminate\\container\\Container.php(658): Illuminate\\Container\\Container->build('App\\\\Http\\\\Contro...')
#5 C:\\MAMP\\htdocs\\proyecto\\api\\vendor\\illuminate\\container\\Container.php(609): Illuminate\\Container\\Container->resolve('App\\\\Http\\\\Contro...', Array)
#6 C:\\MAMP\\htdocs\\proyecto\\api\\vendor\\laravel\\lumen-framework\\src\\Application.php(260): Illuminate\\Container\\Container->make('App\\\\Http\\\\Contro...', Array)
#7 C:\\MAMP\\htdocs\\proyecto\\api\\vendor\\laravel\\lumen-framework\\src\\Concerns\\RoutesRequests.php(313): Laravel\\Lumen\\Application->make('App\\\\Http\\\\Contro...')
#8 C:\\MAMP\\htdocs\\proyecto\\api\\vendor\\laravel\\lumen-framework\\src\\Concerns\\RoutesRequests.php(280): Laravel\\Lumen\\Application->callControllerAction(Array)
#9 C:\\MAMP\\htdocs\\proyecto\\api\\vendor\\laravel\\lumen-framework\\src\\Concerns\\RoutesRequests.php(265): Laravel\\Lumen\\Application->callActionOnArrayBasedRoute(Array)
#10 C:\\MAMP\\htdocs\\proyecto\\api\\vendor\\laravel\\lumen-framework\\src\\Concerns\\RoutesRequests.php(165): Laravel\\Lumen\\Application->handleFoundRoute(Array)
#11 C:\\MAMP\\htdocs\\proyecto\\api\\vendor\\laravel\\lumen-framework\\src\\Concerns\\RoutesRequests.php(418): Laravel\\Lumen\\Application->Laravel\\Lumen\\Concerns\\{closure}(Object(Laravel\\Lumen\\Http\\Request))
#12 C:\\MAMP\\htdocs\\proyecto\\api\\vendor\\laravel\\lumen-framework\\src\\Concerns\\RoutesRequests.php(171): Laravel\\Lumen\\Application->sendThroughPipeline(Array, Object(Closure))
#13 C:\\MAMP\\htdocs\\proyecto\\api\\vendor\\laravel\\lumen-framework\\src\\Concerns\\RoutesRequests.php(108): Laravel\\Lumen\\Application->dispatch(NULL)
#14 C:\\MAMP\\htdocs\\proyecto\\api\\public\\index.php(28): Laravel\\Lumen\\Application->run()
#15 {main}
"} 
[2018-12-27 06:59:09] local.ERROR: Symfony\Component\Debug\Exception\FatalThrowableError: syntax error, unexpected 'fuction' (T_STRING), expecting function (T_FUNCTION) or const (T_CONST) in C:\MAMP\htdocs\proyecto\api\app\Http\Controllers\PostsController.php:12
Stack trace:
#0 C:\MAMP\htdocs\proyecto\api\vendor\composer\ClassLoader.php(322): Composer\Autoload\includeFile('C:\\MAMP\\htdocs\\...')
#1 [internal function]: Composer\Autoload\ClassLoader->loadClass('App\\Http\\Contro...')
#2 [internal function]: spl_autoload_call('App\\Http\\Contro...')
#3 C:\MAMP\htdocs\proyecto\api\vendor\illuminate\container\Container.php(779): ReflectionClass->__construct('App\\Http\\Contro...')
#4 C:\MAMP\htdocs\proyecto\api\vendor\illuminate\container\Container.php(658): Illuminate\Container\Container->build('App\\Http\\Contro...')
#5 C:\MAMP\htdocs\proyecto\api\vendor\illuminate\container\Container.php(609): Illuminate\Container\Container->resolve('App\\Http\\Contro...', Array)
#6 C:\MAMP\htdocs\proyecto\api\vendor\laravel\lumen-framework\src\Application.php(260): Illuminate\Container\Container->make('App\\Http\\Contro...', Array)
#7 C:\MAMP\htdocs\proyecto\api\vendor\laravel\lumen-framework\src\Concerns\RoutesRequests.php(313): Laravel\Lumen\Application->make('App\\Http\\Contro...')
#8 C:\MAMP\htdocs\proyecto\api\vendor\laravel\lumen-framework\src\Concerns\RoutesRequests.php(280): Laravel\Lumen\Application->callControllerAction(Array)
#9 C:\MAMP\htdocs\proyecto\api\vendor\laravel\lumen-framework\src\Concerns\RoutesRequests.php(265): Laravel\Lumen\Application->callActionOnArrayBasedRoute(Array)
#10 C:\MAMP\htdocs\proyecto\api\vendor\laravel\lumen-framework\src\Concerns\RoutesRequests.php(165): Laravel\Lumen\Application->handleFoundRoute(Array)
#11 C:\MAMP\htdocs\proyecto\api\vendor\laravel\lumen-framework\src\Concerns\RoutesRequests.php(418): Laravel\Lumen\Application->Laravel\Lumen\Concerns\{closure}(Object(Laravel\Lumen\Http\Request))
#12 C:\MAMP\htdocs\proyecto\api\vendor\laravel\lumen-framework\src\Concerns\RoutesRequests.php(171): Laravel\Lumen\Application->sendThroughPipeline(Array, Object(Closure))
#13 C:\MAMP\htdocs\proyecto\api\vendor\laravel\lumen-framework\src\Concerns\RoutesRequests.php(108): Laravel\Lumen\Application->dispatch(NULL)
#14 C:\MAMP\htdocs\proyecto\api\public\index.php(28): Laravel\Lumen\Application->run()
#15 {main} {"exception":"[object] (Symfony\\Component\\Debug\\Exception\\FatalThrowableError(code: 0): syntax error, unexpected 'fuction' (T_STRING), expecting function (T_FUNCTION) or const (T_CONST) at C:\\MAMP\\htdocs\\proyecto\\api\\app\\Http\\Controllers\\PostsController.php:12)
[stacktrace]
#0 C:\\MAMP\\htdocs\\proyecto\\api\\vendor\\composer\\ClassLoader.php(322): Composer\\Autoload\\includeFile('C:\\\\MAMP\\\\htdocs\\\\...')
#1 [internal function]: Composer\\Autoload\\ClassLoader->loadClass('App\\\\Http\\\\Contro...')
#2 [internal function]: spl_autoload_call('App\\\\Http\\\\Contro...')
#3 C:\\MAMP\\htdocs\\proyecto\\api\\vendor\\illuminate\\container\\Container.php(779): ReflectionClass->__construct('App\\\\Http\\\\Contro...')
#4 C:\\MAMP\\htdocs\\proyecto\\api\\vendor\\illuminate\\container\\Container.php(658): Illuminate\\Container\\Container->build('App\\\\Http\\\\Contro...')
#5 C:\\MAMP\\htdocs\\proyecto\\api\\vendor\\illuminate\\container\\Container.php(609): Illuminate\\Container\\Container->resolve('App\\\\Http\\\\Contro...', Array)
#6 C:\\MAMP\\htdocs\\proyecto\\api\\vendor\\laravel\\lumen-framework\\src\\Application.php(260): Illuminate\\Container\\Container->make('App\\\\Http\\\\Contro...', Array)
#7 C:\\MAMP\\htdocs\\proyecto\\api\\vendor\\laravel\\lumen-framework\\src\\Concerns\\RoutesRequests.php(313): Laravel\\Lumen\\Application->make('App\\\\Http\\\\Contro...')
#8 C:\\MAMP\\htdocs\\proyecto\\api\\vendor\\laravel\\lumen-framework\\src\\Concerns\\RoutesRequests.php(280): Laravel\\Lumen\\Application->callControllerAction(Array)
#9 C:\\MAMP\\htdocs\\proyecto\\api\\vendor\\laravel\\lumen-framework\\src\\Concerns\\RoutesRequests.php(265): Laravel\\Lumen\\Application->callActionOnArrayBasedRoute(Array)
#10 C:\\MAMP\\htdocs\\proyecto\\api\\vendor\\laravel\\lumen-framework\\src\\Concerns\\RoutesRequests.php(165): Laravel\\Lumen\\Application->handleFoundRoute(Array)
#11 C:\\MAMP\\htdocs\\proyecto\\api\\vendor\\laravel\\lumen-framework\\src\\Concerns\\RoutesRequests.php(418): Laravel\\Lumen\\Application->Laravel\\Lumen\\Concerns\\{closure}(Object(Laravel\\Lumen\\Http\\Request))
#12 C:\\MAMP\\htdocs\\proyecto\\api\\vendor\\laravel\\lumen-framework\\src\\Concerns\\RoutesRequests.php(171): Laravel\\Lumen\\Application->sendThroughPipeline(Array, Object(Closure))
#13 C:\\MAMP\\htdocs\\proyecto\\api\\vendor\\laravel\\lumen-framework\\src\\Concerns\\RoutesRequests.php(108): Laravel\\Lumen\\Application->dispatch(NULL)
#14 C:\\MAMP\\htdocs\\proyecto\\api\\public\\index.php(28): Laravel\\Lumen\\Application->run()
#15 {main}
"} 
[2018-12-27 06:59:51] local.ERROR: PDOException: SQLSTATE[HY000] [2002] No se puede establecer una conexión ya que el equipo de destino denegó expresamente dicha conexión.
 in C:\MAMP\htdocs\proyecto\api\vendor\illuminate\database\Connectors\Connector.php:70
Stack trace:
#0 C:\MAMP\htdocs\proyecto\api\vendor\illuminate\database\Connectors\Connector.php(70): PDO->__construct('mysql:host=127....', 'root', 'root', Array)
#1 C:\MAMP\htdocs\proyecto\api\vendor\illuminate\database\Connectors\Connector.php(46): Illuminate\Database\Connectors\Connector->createPdoConnection('mysql:host=127....', 'root', 'root', Array)
#2 C:\MAMP\htdocs\proyecto\api\vendor\illuminate\database\Connectors\MySqlConnector.php(24): Illuminate\Database\Connectors\Connector->createConnection('mysql:host=127....', Array, Array)
#3 C:\MAMP\htdocs\proyecto\api\vendor\illuminate\database\Connectors\ConnectionFactory.php(182): Illuminate\Database\Connectors\MySqlConnector->connect(Array)
#4 [internal function]: Illuminate\Database\Connectors\ConnectionFactory->Illuminate\Database\Connectors\{closure}()
#5 C:\MAMP\htdocs\proyecto\api\vendor\illuminate\database\Connection.php(918): call_user_func(Object(Closure))
#6 C:\MAMP\htdocs\proyecto\api\vendor\illuminate\database\Connection.php(943): Illuminate\Database\Connection->getPdo()
#7 C:\MAMP\htdocs\proyecto\api\vendor\illuminate\database\Connection.php(399): Illuminate\Database\Connection->getReadPdo()
#8 C:\MAMP\htdocs\proyecto\api\vendor\illuminate\database\Connection.php(325): Illuminate\Database\Connection->getPdoForSelect(true)
#9 C:\MAMP\htdocs\proyecto\api\vendor\illuminate\database\Connection.php(657): Illuminate\Database\Connection->Illuminate\Database\{closure}('select * from `...', Array)
#10 C:\MAMP\htdocs\proyecto\api\vendor\illuminate\database\Connection.php(624): Illuminate\Database\Connection->runQueryCallback('select * from `...', Array, Object(Closure))
#11 C:\MAMP\htdocs\proyecto\api\vendor\illuminate\database\Connection.php(333): Illuminate\Database\Connection->run('select * from `...', Array, Object(Closure))
#12 C:\MAMP\htdocs\proyecto\api\vendor\illuminate\database\Query\Builder.php(2082): Illuminate\Database\Connection->select('select * from `...', Array, true)
#13 C:\MAMP\htdocs\proyecto\api\vendor\illuminate\database\Query\Builder.php(2070): Illuminate\Database\Query\Builder->runSelect()
#14 C:\MAMP\htdocs\proyecto\api\vendor\illuminate\database\Query\Builder.php(2556): Illuminate\Database\Query\Builder->Illuminate\Database\Query\{closure}()
#15 C:\MAMP\htdocs\proyecto\api\vendor\illuminate\database\Query\Builder.php(2071): Illuminate\Database\Query\Builder->onceWithColumns(Array, Object(Closure))
#16 C:\MAMP\htdocs\proyecto\api\vendor\illuminate\database\Eloquent\Builder.php(516): Illuminate\Database\Query\Builder->get(Array)
#17 C:\MAMP\htdocs\proyecto\api\vendor\illuminate\database\Eloquent\Builder.php(500): Illuminate\Database\Eloquent\Builder->getModels(Array)
#18 C:\MAMP\htdocs\proyecto\api\vendor\illuminate\database\Eloquent\Model.php(461): Illuminate\Database\Eloquent\Builder->get(Array)
#19 C:\MAMP\htdocs\proyecto\api\app\Http\Controllers\PostsController.php(40): Illuminate\Database\Eloquent\Model::all()
#20 [internal function]: App\Http\Controllers\PostsController->index()
#21 C:\MAMP\htdocs\proyecto\api\vendor\illuminate\container\BoundMethod.php(29): call_user_func_array(Array, Array)
#22 C:\MAMP\htdocs\proyecto\api\vendor\illuminate\container\BoundMethod.php(87): Illuminate\Container\BoundMethod::Illuminate\Container\{closure}()
#23 C:\MAMP\htdocs\proyecto\api\vendor\illuminate\container\BoundMethod.php(31): Illuminate\Container\BoundMethod::callBoundMethod(Object(Laravel\Lumen\Application), Array, Object(Closure))
#24 C:\MAMP\htdocs\proyecto\api\vendor\illuminate\container\Container.php(572): Illuminate\Container\BoundMethod::call(Object(Laravel\Lumen\Application), Array, Array, NULL)
#25 C:\MAMP\htdocs\proyecto\api\vendor\laravel\lumen-framework\src\Concerns\RoutesRequests.php(378): Illuminate\Container\Container->call(Array, Array)
#26 C:\MAMP\htdocs\proyecto\api\vendor\laravel\lumen-framework\src\Concerns\RoutesRequests.php(344): Laravel\Lumen\Application->callControllerCallable(Array, Array)
#27 C:\MAMP\htdocs\proyecto\api\vendor\laravel\lumen-framework\src\Concerns\RoutesRequests.php(318): Laravel\Lumen\Application->callLumenController(Object(App\Http\Controllers\PostsController), 'index', Array)
#28 C:\MAMP\htdocs\proyecto\api\vendor\laravel\lumen-framework\src\Concerns\RoutesRequests.php(280): Laravel\Lumen\Application->callControllerAction(Array)
#29 C:\MAMP\htdocs\proyecto\api\vendor\laravel\lumen-framework\src\Concerns\RoutesRequests.php(265): Laravel\Lumen\Application->callActionOnArrayBasedRoute(Array)
#30 C:\MAMP\htdocs\proyecto\api\vendor\laravel\lumen-framework\src\Concerns\RoutesRequests.php(165): Laravel\Lumen\Application->handleFoundRoute(Array)
#31 C:\MAMP\htdocs\proyecto\api\vendor\laravel\lumen-framework\src\Concerns\RoutesRequests.php(418): Laravel\Lumen\Application->Laravel\Lumen\Concerns\{closure}(Object(Laravel\Lumen\Http\Request))
#32 C:\MAMP\htdocs\proyecto\api\vendor\laravel\lumen-framework\src\Concerns\RoutesRequests.php(171): Laravel\Lumen\Application->sendThroughPipeline(Array, Object(Closure))
#33 C:\MAMP\htdocs\proyecto\api\vendor\laravel\lumen-framework\src\Concerns\RoutesRequests.php(108): Laravel\Lumen\Application->dispatch(NULL)
#34 C:\MAMP\htdocs\proyecto\api\public\index.php(28): Laravel\Lumen\Application->run()
#35 {main}

Next Illuminate\Database\QueryException: SQLSTATE[HY000] [2002] No se puede establecer una conexión ya que el equipo de destino denegó expresamente dicha conexión.
 (SQL: select * from `posts`) in C:\MAMP\htdocs\proyecto\api\vendor\illuminate\database\Connection.php:664
Stack trace:
#0 C:\MAMP\htdocs\proyecto\api\vendor\illuminate\database\Connection.php(624): Illuminate\Database\Connection->runQueryCallback('select * from `...', Array, Object(Closure))
#1 C:\MAMP\htdocs\proyecto\api\vendor\illuminate\database\Connection.php(333): Illuminate\Database\Connection->run('select * from `...', Array, Object(Closure))
#2 C:\MAMP\htdocs\proyecto\api\vendor\illuminate\database\Query\Builder.php(2082): Illuminate\Database\Connection->select('select * from `...', Array, true)
#3 C:\MAMP\htdocs\proyecto\api\vendor\illuminate\database\Query\Builder.php(2070): Illuminate\Database\Query\Builder->runSelect()
#4 C:\MAMP\htdocs\proyecto\api\vendor\illuminate\database\Query\Builder.php(2556): Illuminate\Database\Query\Builder->Illuminate\Database\Query\{closure}()
#5 C:\MAMP\htdocs\proyecto\api\vendor\illuminate\database\Query\Builder.php(2071): Illuminate\Database\Query\Builder->onceWithColumns(Array, Object(Closure))
#6 C:\MAMP\htdocs\proyecto\api\vendor\illuminate\database\Eloquent\Builder.php(516): Illuminate\Database\Query\Builder->get(Array)
#7 C:\MAMP\htdocs\proyecto\api\vendor\illuminate\database\Eloquent\Builder.php(500): Illuminate\Database\Eloquent\Builder->getModels(Array)
#8 C:\MAMP\htdocs\proyecto\api\vendor\illuminate\database\Eloquent\Model.php(461): Illuminate\Database\Eloquent\Builder->get(Array)
#9 C:\MAMP\htdocs\proyecto\api\app\Http\Controllers\PostsController.php(40): Illuminate\Database\Eloquent\Model::all()
#10 [internal function]: App\Http\Controllers\PostsController->index()
#11 C:\MAMP\htdocs\proyecto\api\vendor\illuminate\container\BoundMethod.php(29): call_user_func_array(Array, Array)
#12 C:\MAMP\htdocs\proyecto\api\vendor\illuminate\container\BoundMethod.php(87): Illuminate\Container\BoundMethod::Illuminate\Container\{closure}()
#13 C:\MAMP\htdocs\proyecto\api\vendor\illuminate\container\BoundMethod.php(31): Illuminate\Container\BoundMethod::callBoundMethod(Object(Laravel\Lumen\Application), Array, Object(Closure))
#14 C:\MAMP\htdocs\proyecto\api\vendor\illuminate\container\Container.php(572): Illuminate\Container\BoundMethod::call(Object(Laravel\Lumen\Application), Array, Array, NULL)
#15 C:\MAMP\htdocs\proyecto\api\vendor\laravel\lumen-framework\src\Concerns\RoutesRequests.php(378): Illuminate\Container\Container->call(Array, Array)
#16 C:\MAMP\htdocs\proyecto\api\vendor\laravel\lumen-framework\src\Concerns\RoutesRequests.php(344): Laravel\Lumen\Application->callControllerCallable(Array, Array)
#17 C:\MAMP\htdocs\proyecto\api\vendor\laravel\lumen-framework\src\Concerns\RoutesRequests.php(318): Laravel\Lumen\Application->callLumenController(Object(App\Http\Controllers\PostsController), 'index', Array)
#18 C:\MAMP\htdocs\proyecto\api\vendor\laravel\lumen-framework\src\Concerns\RoutesRequests.php(280): Laravel\Lumen\Application->callControllerAction(Array)
#19 C:\MAMP\htdocs\proyecto\api\vendor\laravel\lumen-framework\src\Concerns\RoutesRequests.php(265): Laravel\Lumen\Application->callActionOnArrayBasedRoute(Array)
#20 C:\MAMP\htdocs\proyecto\api\vendor\laravel\lumen-framework\src\Concerns\RoutesRequests.php(165): Laravel\Lumen\Application->handleFoundRoute(Array)
#21 C:\MAMP\htdocs\proyecto\api\vendor\laravel\lumen-framework\src\Concerns\RoutesRequests.php(418): Laravel\Lumen\Application->Laravel\Lumen\Concerns\{closure}(Object(Laravel\Lumen\Http\Request))
#22 C:\MAMP\htdocs\proyecto\api\vendor\laravel\lumen-framework\src\Concerns\RoutesRequests.php(171): Laravel\Lumen\Application->sendThroughPipeline(Array, Object(Closure))
#23 C:\MAMP\htdocs\proyecto\api\vendor\laravel\lumen-framework\src\Concerns\RoutesRequests.php(108): Laravel\Lumen\Application->dispatch(NULL)
#24 C:\MAMP\htdocs\proyecto\api\public\index.php(28): Laravel\Lumen\Application->run()
#25 {main}  
[2018-12-27 19:53:59] local.ERROR: PDOException: SQLSTATE[42000]: Syntax error or access violation: 1071 Specified key was too long; max key length is 767 bytes in C:\MAMP\htdocs\proyecto\api\vendor\illuminate\database\Connection.php:458
Stack trace:
#0 C:\MAMP\htdocs\proyecto\api\vendor\illuminate\database\Connection.php(458): PDOStatement->execute()
#1 C:\MAMP\htdocs\proyecto\api\vendor\illuminate\database\Connection.php(657): Illuminate\Database\Connection->Illuminate\Database\{closure}('alter table `us...', Array)
#2 C:\MAMP\htdocs\proyecto\api\vendor\illuminate\database\Connection.php(624): Illuminate\Database\Connection->runQueryCallback('alter table `us...', Array, Object(Closure))
#3 C:\MAMP\htdocs\proyecto\api\vendor\illuminate\database\Connection.php(459): Illuminate\Database\Connection->run('alter table `us...', Array, Object(Closure))
#4 C:\MAMP\htdocs\proyecto\api\vendor\illuminate\database\Schema\Blueprint.php(97): Illuminate\Database\Connection->statement('alter table `us...')
#5 C:\MAMP\htdocs\proyecto\api\vendor\illuminate\database\Schema\Builder.php(264): Illuminate\Database\Schema\Blueprint->build(Object(Illuminate\Database\MySqlConnection), Object(Illuminate\Database\Schema\Grammars\MySqlGrammar))
#6 C:\MAMP\htdocs\proyecto\api\vendor\illuminate\database\Schema\Builder.php(165): Illuminate\Database\Schema\Builder->build(Object(Illuminate\Database\Schema\Blueprint))
#7 C:\MAMP\htdocs\proyecto\api\vendor\illuminate\support\Facades\Facade.php(237): Illuminate\Database\Schema\Builder->create('users', Object(Closure))
#8 C:\MAMP\htdocs\proyecto\api\database\migrations\2018_12_27_192943_create_users_table.php(24): Illuminate\Support\Facades\Facade::__callStatic('create', Array)
#9 C:\MAMP\htdocs\proyecto\api\vendor\illuminate\database\Migrations\Migrator.php(360): CreateUsersTable->up()
#10 C:\MAMP\htdocs\proyecto\api\vendor\illuminate\database\Migrations\Migrator.php(367): Illuminate\Database\Migrations\Migrator->Illuminate\Database\Migrations\{closure}()
#11 C:\MAMP\htdocs\proyecto\api\vendor\illuminate\database\Migrations\Migrator.php(178): Illuminate\Database\Migrations\Migrator->runMigration(Object(CreateUsersTable), 'up')
#12 C:\MAMP\htdocs\proyecto\api\vendor\illuminate\database\Migrations\Migrator.php(147): Illuminate\Database\Migrations\Migrator->runUp('C:\\MAMP\\htdocs\\...', 2, false)
#13 C:\MAMP\htdocs\proyecto\api\vendor\illuminate\database\Migrations\Migrator.php(96): Illuminate\Database\Migrations\Migrator->runPending(Array, Array)
#14 C:\MAMP\htdocs\proyecto\api\vendor\illuminate\database\Console\Migrations\MigrateCommand.php(71): Illuminate\Database\Migrations\Migrator->run(Array, Array)
#15 [internal function]: Illuminate\Database\Console\Migrations\MigrateCommand->handle()
#16 C:\MAMP\htdocs\proyecto\api\vendor\illuminate\container\BoundMethod.php(29): call_user_func_array(Array, Array)
#17 C:\MAMP\htdocs\proyecto\api\vendor\illuminate\container\BoundMethod.php(87): Illuminate\Container\BoundMethod::Illuminate\Container\{closure}()
#18 C:\MAMP\htdocs\proyecto\api\vendor\illuminate\container\BoundMethod.php(31): Illuminate\Container\BoundMethod::callBoundMethod(Object(Laravel\Lumen\Application), Array, Object(Closure))
#19 C:\MAMP\htdocs\proyecto\api\vendor\illuminate\container\Container.php(572): Illuminate\Container\BoundMethod::call(Object(Laravel\Lumen\Application), Array, Array, NULL)
#20 C:\MAMP\htdocs\proyecto\api\vendor\illuminate\console\Command.php(183): Illuminate\Container\Container->call(Array)
#21 C:\MAMP\htdocs\proyecto\api\vendor\symfony\console\Command\Command.php(255): Illuminate\Console\Command->execute(Object(Symfony\Component\Console\Input\ArgvInput), Object(Illuminate\Console\OutputStyle))
#22 C:\MAMP\htdocs\proyecto\api\vendor\illuminate\console\Command.php(170): Symfony\Component\Console\Command\Command->run(Object(Symfony\Component\Console\Input\ArgvInput), Object(Illuminate\Console\OutputStyle))
#23 C:\MAMP\htdocs\proyecto\api\vendor\symfony\console\Application.php(901): Illuminate\Console\Command->run(Object(Symfony\Component\Console\Input\ArgvInput), Object(Symfony\Component\Console\Output\ConsoleOutput))
#24 C:\MAMP\htdocs\proyecto\api\vendor\symfony\console\Application.php(262): Symfony\Component\Console\Application->doRunCommand(Object(Illuminate\Database\Console\Migrations\MigrateCommand), Object(Symfony\Component\Console\Input\ArgvInput), Object(Symfony\Component\Console\Output\ConsoleOutput))
#25 C:\MAMP\htdocs\proyecto\api\vendor\symfony\console\Application.php(145): Symfony\Component\Console\Application->doRun(Object(Symfony\Component\Console\Input\ArgvInput), Object(Symfony\Component\Console\Output\ConsoleOutput))
#26 C:\MAMP\htdocs\proyecto\api\vendor\illuminate\console\Application.php(89): Symfony\Component\Console\Application->run(Object(Symfony\Component\Console\Input\ArgvInput), Object(Symfony\Component\Console\Output\ConsoleOutput))
#27 C:\MAMP\htdocs\proyecto\api\vendor\laravel\lumen-framework\src\Console\Kernel.php(115): Illuminate\Console\Application->run(Object(Symfony\Component\Console\Input\ArgvInput), Object(Symfony\Component\Console\Output\ConsoleOutput))
#28 C:\MAMP\htdocs\proyecto\api\artisan(35): Laravel\Lumen\Console\Kernel->handle(Object(Symfony\Component\Console\Input\ArgvInput), Object(Symfony\Component\Console\Output\ConsoleOutput))
#29 {main}

Next Illuminate\Database\QueryException: SQLSTATE[42000]: Syntax error or access violation: 1071 Specified key was too long; max key length is 767 bytes (SQL: alter table `users` add unique `users_email_unique`(`email`)) in C:\MAMP\htdocs\proyecto\api\vendor\illuminate\database\Connection.php:664
Stack trace:
#0 C:\MAMP\htdocs\proyecto\api\vendor\illuminate\database\Connection.php(624): Illuminate\Database\Connection->runQueryCallback('alter table `us...', Array, Object(Closure))
#1 C:\MAMP\htdocs\proyecto\api\vendor\illuminate\database\Connection.php(459): Illuminate\Database\Connection->run('alter table `us...', Array, Object(Closure))
#2 C:\MAMP\htdocs\proyecto\api\vendor\illuminate\database\Schema\Blueprint.php(97): Illuminate\Database\Connection->statement('alter table `us...')
#3 C:\MAMP\htdocs\proyecto\api\vendor\illuminate\database\Schema\Builder.php(264): Illuminate\Database\Schema\Blueprint->build(Object(Illuminate\Database\MySqlConnection), Object(Illuminate\Database\Schema\Grammars\MySqlGrammar))
#4 C:\MAMP\htdocs\proyecto\api\vendor\illuminate\database\Schema\Builder.php(165): Illuminate\Database\Schema\Builder->build(Object(Illuminate\Database\Schema\Blueprint))
#5 C:\MAMP\htdocs\proyecto\api\vendor\illuminate\support\Facades\Facade.php(237): Illuminate\Database\Schema\Builder->create('users', Object(Closure))
#6 C:\MAMP\htdocs\proyecto\api\database\migrations\2018_12_27_192943_create_users_table.php(24): Illuminate\Support\Facades\Facade::__callStatic('create', Array)
#7 C:\MAMP\htdocs\proyecto\api\vendor\illuminate\database\Migrations\Migrator.php(360): CreateUsersTable->up()
#8 C:\MAMP\htdocs\proyecto\api\vendor\illuminate\database\Migrations\Migrator.php(367): Illuminate\Database\Migrations\Migrator->Illuminate\Database\Migrations\{closure}()
#9 C:\MAMP\htdocs\proyecto\api\vendor\illuminate\database\Migrations\Migrator.php(178): Illuminate\Database\Migrations\Migrator->runMigration(Object(CreateUsersTable), 'up')
#10 C:\MAMP\htdocs\proyecto\api\vendor\illuminate\database\Migrations\Migrator.php(147): Illuminate\Database\Migrations\Migrator->runUp('C:\\MAMP\\htdocs\\...', 2, false)
#11 C:\MAMP\htdocs\proyecto\api\vendor\illuminate\database\Migrations\Migrator.php(96): Illuminate\Database\Migrations\Migrator->runPending(Array, Array)
#12 C:\MAMP\htdocs\proyecto\api\vendor\illuminate\database\Console\Migrations\MigrateCommand.php(71): Illuminate\Database\Migrations\Migrator->run(Array, Array)
#13 [internal function]: Illuminate\Database\Console\Migrations\MigrateCommand->handle()
#14 C:\MAMP\htdocs\proyecto\api\vendor\illuminate\container\BoundMethod.php(29): call_user_func_array(Array, Array)
#15 C:\MAMP\htdocs\proyecto\api\vendor\illuminate\container\BoundMethod.php(87): Illuminate\Container\BoundMethod::Illuminate\Container\{closure}()
#16 C:\MAMP\htdocs\proyecto\api\vendor\illuminate\container\BoundMethod.php(31): Illuminate\Container\BoundMethod::callBoundMethod(Object(Laravel\Lumen\Application), Array, Object(Closure))
#17 C:\MAMP\htdocs\proyecto\api\vendor\illuminate\container\Container.php(572): Illuminate\Container\BoundMethod::call(Object(Laravel\Lumen\Application), Array, Array, NULL)
#18 C:\MAMP\htdocs\proyecto\api\vendor\illuminate\console\Command.php(183): Illuminate\Container\Container->call(Array)
#19 C:\MAMP\htdocs\proyecto\api\vendor\symfony\console\Command\Command.php(255): Illuminate\Console\Command->execute(Object(Symfony\Component\Console\Input\ArgvInput), Object(Illuminate\Console\OutputStyle))
#20 C:\MAMP\htdocs\proyecto\api\vendor\illuminate\console\Command.php(170): Symfony\Component\Console\Command\Command->run(Object(Symfony\Component\Console\Input\ArgvInput), Object(Illuminate\Console\OutputStyle))
#21 C:\MAMP\htdocs\proyecto\api\vendor\symfony\console\Application.php(901): Illuminate\Console\Command->run(Object(Symfony\Component\Console\Input\ArgvInput), Object(Symfony\Component\Console\Output\ConsoleOutput))
#22 C:\MAMP\htdocs\proyecto\api\vendor\symfony\console\Application.php(262): Symfony\Component\Console\Application->doRunCommand(Object(Illuminate\Database\Console\Migrations\MigrateCommand), Object(Symfony\Component\Console\Input\ArgvInput), Object(Symfony\Component\Console\Output\ConsoleOutput))
#23 C:\MAMP\htdocs\proyecto\api\vendor\symfony\console\Application.php(145): Symfony\Component\Console\Application->doRun(Object(Symfony\Component\Console\Input\ArgvInput), Object(Symfony\Component\Console\Output\ConsoleOutput))
#24 C:\MAMP\htdocs\proyecto\api\vendor\illuminate\console\Application.php(89): Symfony\Component\Console\Application->run(Object(Symfony\Component\Console\Input\ArgvInput), Object(Symfony\Component\Console\Output\ConsoleOutput))
#25 C:\MAMP\htdocs\proyecto\api\vendor\laravel\lumen-framework\src\Console\Kernel.php(115): Illuminate\Console\Application->run(Object(Symfony\Component\Console\Input\ArgvInput), Object(Symfony\Component\Console\Output\ConsoleOutput))
#26 C:\MAMP\htdocs\proyecto\api\artisan(35): Laravel\Lumen\Console\Kernel->handle(Object(Symfony\Component\Console\Input\ArgvInput), Object(Symfony\Component\Console\Output\ConsoleOutput))
#27 {main} {"exception":"[object] (Illuminate\\Database\\QueryException(code: 42000): SQLSTATE[42000]: Syntax error or access violation: 1071 Specified key was too long; max key length is 767 bytes (SQL: alter table `users` add unique `users_email_unique`(`email`)) at C:\\MAMP\\htdocs\\proyecto\\api\\vendor\\illuminate\\database\\Connection.php:664, PDOException(code: 42000): SQLSTATE[42000]: Syntax error or access violation: 1071 Specified key was too long; max key length is 767 bytes at C:\\MAMP\\htdocs\\proyecto\\api\\vendor\\illuminate\\database\\Connection.php:458)
[stacktrace]
#0 C:\\MAMP\\htdocs\\proyecto\\api\\vendor\\illuminate\\database\\Connection.php(624): Illuminate\\Database\\Connection->runQueryCallback('alter table `us...', Array, Object(Closure))
#1 C:\\MAMP\\htdocs\\proyecto\\api\\vendor\\illuminate\\database\\Connection.php(459): Illuminate\\Database\\Connection->run('alter table `us...', Array, Object(Closure))
#2 C:\\MAMP\\htdocs\\proyecto\\api\\vendor\\illuminate\\database\\Schema\\Blueprint.php(97): Illuminate\\Database\\Connection->statement('alter table `us...')
#3 C:\\MAMP\\htdocs\\proyecto\\api\\vendor\\illuminate\\database\\Schema\\Builder.php(264): Illuminate\\Database\\Schema\\Blueprint->build(Object(Illuminate\\Database\\MySqlConnection), Object(Illuminate\\Database\\Schema\\Grammars\\MySqlGrammar))
#4 C:\\MAMP\\htdocs\\proyecto\\api\\vendor\\illuminate\\database\\Schema\\Builder.php(165): Illuminate\\Database\\Schema\\Builder->build(Object(Illuminate\\Database\\Schema\\Blueprint))
#5 C:\\MAMP\\htdocs\\proyecto\\api\\vendor\\illuminate\\support\\Facades\\Facade.php(237): Illuminate\\Database\\Schema\\Builder->create('users', Object(Closure))
#6 C:\\MAMP\\htdocs\\proyecto\\api\\database\\migrations\\2018_12_27_192943_create_users_table.php(24): Illuminate\\Support\\Facades\\Facade::__callStatic('create', Array)
#7 C:\\MAMP\\htdocs\\proyecto\\api\\vendor\\illuminate\\database\\Migrations\\Migrator.php(360): CreateUsersTable->up()
#8 C:\\MAMP\\htdocs\\proyecto\\api\\vendor\\illuminate\\database\\Migrations\\Migrator.php(367): Illuminate\\Database\\Migrations\\Migrator->Illuminate\\Database\\Migrations\\{closure}()
#9 C:\\MAMP\\htdocs\\proyecto\\api\\vendor\\illuminate\\database\\Migrations\\Migrator.php(178): Illuminate\\Database\\Migrations\\Migrator->runMigration(Object(CreateUsersTable), 'up')
#10 C:\\MAMP\\htdocs\\proyecto\\api\\vendor\\illuminate\\database\\Migrations\\Migrator.php(147): Illuminate\\Database\\Migrations\\Migrator->runUp('C:\\\\MAMP\\\\htdocs\\\\...', 2, false)
#11 C:\\MAMP\\htdocs\\proyecto\\api\\vendor\\illuminate\\database\\Migrations\\Migrator.php(96): Illuminate\\Database\\Migrations\\Migrator->runPending(Array, Array)
#12 C:\\MAMP\\htdocs\\proyecto\\api\\vendor\\illuminate\\database\\Console\\Migrations\\MigrateCommand.php(71): Illuminate\\Database\\Migrations\\Migrator->run(Array, Array)
#13 [internal function]: Illuminate\\Database\\Console\\Migrations\\MigrateCommand->handle()
#14 C:\\MAMP\\htdocs\\proyecto\\api\\vendor\\illuminate\\container\\BoundMethod.php(29): call_user_func_array(Array, Array)
#15 C:\\MAMP\\htdocs\\proyecto\\api\\vendor\\illuminate\\container\\BoundMethod.php(87): Illuminate\\Container\\BoundMethod::Illuminate\\Container\\{closure}()
#16 C:\\MAMP\\htdocs\\proyecto\\api\\vendor\\illuminate\\container\\BoundMethod.php(31): Illuminate\\Container\\BoundMethod::callBoundMethod(Object(Laravel\\Lumen\\Application), Array, Object(Closure))
#17 C:\\MAMP\\htdocs\\proyecto\\api\\vendor\\illuminate\\container\\Container.php(572): Illuminate\\Container\\BoundMethod::call(Object(Laravel\\Lumen\\Application), Array, Array, NULL)
#18 C:\\MAMP\\htdocs\\proyecto\\api\\vendor\\illuminate\\console\\Command.php(183): Illuminate\\Container\\Container->call(Array)
#19 C:\\MAMP\\htdocs\\proyecto\\api\\vendor\\symfony\\console\\Command\\Command.php(255): Illuminate\\Console\\Command->execute(Object(Symfony\\Component\\Console\\Input\\ArgvInput), Object(Illuminate\\Console\\OutputStyle))
#20 C:\\MAMP\\htdocs\\proyecto\\api\\vendor\\illuminate\\console\\Command.php(170): Symfony\\Component\\Console\\Command\\Command->run(Object(Symfony\\Component\\Console\\Input\\ArgvInput), Object(Illuminate\\Console\\OutputStyle))
#21 C:\\MAMP\\htdocs\\proyecto\\api\\vendor\\symfony\\console\\Application.php(901): Illuminate\\Console\\Command->run(Object(Symfony\\Component\\Console\\Input\\ArgvInput), Object(Symfony\\Component\\Console\\Output\\ConsoleOutput))
#22 C:\\MAMP\\htdocs\\proyecto\\api\\vendor\\symfony\\console\\Application.php(262): Symfony\\Component\\Console\\Application->doRunCommand(Object(Illuminate\\Database\\Console\\Migrations\\MigrateCommand), Object(Symfony\\Component\\Console\\Input\\ArgvInput), Object(Symfony\\Component\\Console\\Output\\ConsoleOutput))
#23 C:\\MAMP\\htdocs\\proyecto\\api\\vendor\\symfony\\console\\Application.php(145): Symfony\\Component\\Console\\Application->doRun(Object(Symfony\\Component\\Console\\Input\\ArgvInput), Object(Symfony\\Component\\Console\\Output\\ConsoleOutput))
#24 C:\\MAMP\\htdocs\\proyecto\\api\\vendor\\illuminate\\console\\Application.php(89): Symfony\\Component\\Console\\Application->run(Object(Symfony\\Component\\Console\\Input\\ArgvInput), Object(Symfony\\Component\\Console\\Output\\ConsoleOutput))
#25 C:\\MAMP\\htdocs\\proyecto\\api\\vendor\\laravel\\lumen-framework\\src\\Console\\Kernel.php(115): Illuminate\\Console\\Application->run(Object(Symfony\\Component\\Console\\Input\\ArgvInput), Object(Symfony\\Component\\Console\\Output\\ConsoleOutput))
#26 C:\\MAMP\\htdocs\\proyecto\\api\\artisan(35): Laravel\\Lumen\\Console\\Kernel->handle(Object(Symfony\\Component\\Console\\Input\\ArgvInput), Object(Symfony\\Component\\Console\\Output\\ConsoleOutput))
#27 {main}
"} 
[2018-12-27 19:58:56] local.ERROR: Symfony\Component\Debug\Exception\FatalThrowableError: syntax error, unexpected '**' (T_POW), expecting function (T_FUNCTION) or const (T_CONST) in C:\MAMP\htdocs\proyecto\api\app\Providers\AppServiceProvider.php:10
Stack trace:
#0 C:\MAMP\htdocs\proyecto\api\vendor\composer\ClassLoader.php(322): Composer\Autoload\includeFile('C:\\MAMP\\htdocs\\...')
#1 [internal function]: Composer\Autoload\ClassLoader->loadClass('App\\Providers\\A...')
#2 C:\MAMP\htdocs\proyecto\api\vendor\laravel\lumen-framework\src\Application.php(183): spl_autoload_call('App\\Providers\\A...')
#3 C:\MAMP\htdocs\proyecto\api\bootstrap\app.php(81): Laravel\Lumen\Application->register('App\\Providers\\A...')
#4 C:\MAMP\htdocs\proyecto\api\artisan(18): require('C:\\MAMP\\htdocs\\...')
#5 {main} {"exception":"[object] (Symfony\\Component\\Debug\\Exception\\FatalThrowableError(code: 0): syntax error, unexpected '**' (T_POW), expecting function (T_FUNCTION) or const (T_CONST) at C:\\MAMP\\htdocs\\proyecto\\api\\app\\Providers\\AppServiceProvider.php:10)
[stacktrace]
#0 C:\\MAMP\\htdocs\\proyecto\\api\\vendor\\composer\\ClassLoader.php(322): Composer\\Autoload\\includeFile('C:\\\\MAMP\\\\htdocs\\\\...')
#1 [internal function]: Composer\\Autoload\\ClassLoader->loadClass('App\\\\Providers\\\\A...')
#2 C:\\MAMP\\htdocs\\proyecto\\api\\vendor\\laravel\\lumen-framework\\src\\Application.php(183): spl_autoload_call('App\\\\Providers\\\\A...')
#3 C:\\MAMP\\htdocs\\proyecto\\api\\bootstrap\\app.php(81): Laravel\\Lumen\\Application->register('App\\\\Providers\\\\A...')
#4 C:\\MAMP\\htdocs\\proyecto\\api\\artisan(18): require('C:\\\\MAMP\\\\htdocs\\\\...')
#5 {main}
"} 
[2018-12-27 19:59:31] local.ERROR: PDOException: SQLSTATE[42S01]: Base table or view already exists: 1050 Table 'users' already exists in C:\MAMP\htdocs\proyecto\api\vendor\illuminate\database\Connection.php:458
Stack trace:
#0 C:\MAMP\htdocs\proyecto\api\vendor\illuminate\database\Connection.php(458): PDOStatement->execute()
#1 C:\MAMP\htdocs\proyecto\api\vendor\illuminate\database\Connection.php(657): Illuminate\Database\Connection->Illuminate\Database\{closure}('create table `u...', Array)
#2 C:\MAMP\htdocs\proyecto\api\vendor\illuminate\database\Connection.php(624): Illuminate\Database\Connection->runQueryCallback('create table `u...', Array, Object(Closure))
#3 C:\MAMP\htdocs\proyecto\api\vendor\illuminate\database\Connection.php(459): Illuminate\Database\Connection->run('create table `u...', Array, Object(Closure))
#4 C:\MAMP\htdocs\proyecto\api\vendor\illuminate\database\Schema\Blueprint.php(97): Illuminate\Database\Connection->statement('create table `u...')
#5 C:\MAMP\htdocs\proyecto\api\vendor\illuminate\database\Schema\Builder.php(264): Illuminate\Database\Schema\Blueprint->build(Object(Illuminate\Database\MySqlConnection), Object(Illuminate\Database\Schema\Grammars\MySqlGrammar))
#6 C:\MAMP\htdocs\proyecto\api\vendor\illuminate\database\Schema\Builder.php(165): Illuminate\Database\Schema\Builder->build(Object(Illuminate\Database\Schema\Blueprint))
#7 C:\MAMP\htdocs\proyecto\api\vendor\illuminate\support\Facades\Facade.php(237): Illuminate\Database\Schema\Builder->create('users', Object(Closure))
#8 C:\MAMP\htdocs\proyecto\api\database\migrations\2018_12_27_192943_create_users_table.php(24): Illuminate\Support\Facades\Facade::__callStatic('create', Array)
#9 C:\MAMP\htdocs\proyecto\api\vendor\illuminate\database\Migrations\Migrator.php(360): CreateUsersTable->up()
#10 C:\MAMP\htdocs\proyecto\api\vendor\illuminate\database\Migrations\Migrator.php(367): Illuminate\Database\Migrations\Migrator->Illuminate\Database\Migrations\{closure}()
#11 C:\MAMP\htdocs\proyecto\api\vendor\illuminate\database\Migrations\Migrator.php(178): Illuminate\Database\Migrations\Migrator->runMigration(Object(CreateUsersTable), 'up')
#12 C:\MAMP\htdocs\proyecto\api\vendor\illuminate\database\Migrations\Migrator.php(147): Illuminate\Database\Migrations\Migrator->runUp('C:\\MAMP\\htdocs\\...', 2, false)
#13 C:\MAMP\htdocs\proyecto\api\vendor\illuminate\database\Migrations\Migrator.php(96): Illuminate\Database\Migrations\Migrator->runPending(Array, Array)
#14 C:\MAMP\htdocs\proyecto\api\vendor\illuminate\database\Console\Migrations\MigrateCommand.php(71): Illuminate\Database\Migrations\Migrator->run(Array, Array)
#15 [internal function]: Illuminate\Database\Console\Migrations\MigrateCommand->handle()
#16 C:\MAMP\htdocs\proyecto\api\vendor\illuminate\container\BoundMethod.php(29): call_user_func_array(Array, Array)
#17 C:\MAMP\htdocs\proyecto\api\vendor\illuminate\container\BoundMethod.php(87): Illuminate\Container\BoundMethod::Illuminate\Container\{closure}()
#18 C:\MAMP\htdocs\proyecto\api\vendor\illuminate\container\BoundMethod.php(31): Illuminate\Container\BoundMethod::callBoundMethod(Object(Laravel\Lumen\Application), Array, Object(Closure))
#19 C:\MAMP\htdocs\proyecto\api\vendor\illuminate\container\Container.php(572): Illuminate\Container\BoundMethod::call(Object(Laravel\Lumen\Application), Array, Array, NULL)
#20 C:\MAMP\htdocs\proyecto\api\vendor\illuminate\console\Command.php(183): Illuminate\Container\Container->call(Array)
#21 C:\MAMP\htdocs\proyecto\api\vendor\symfony\console\Command\Command.php(255): Illuminate\Console\Command->execute(Object(Symfony\Component\Console\Input\ArgvInput), Object(Illuminate\Console\OutputStyle))
#22 C:\MAMP\htdocs\proyecto\api\vendor\illuminate\console\Command.php(170): Symfony\Component\Console\Command\Command->run(Object(Symfony\Component\Console\Input\ArgvInput), Object(Illuminate\Console\OutputStyle))
#23 C:\MAMP\htdocs\proyecto\api\vendor\symfony\console\Application.php(901): Illuminate\Console\Command->run(Object(Symfony\Component\Console\Input\ArgvInput), Object(Symfony\Component\Console\Output\ConsoleOutput))
#24 C:\MAMP\htdocs\proyecto\api\vendor\symfony\console\Application.php(262): Symfony\Component\Console\Application->doRunCommand(Object(Illuminate\Database\Console\Migrations\MigrateCommand), Object(Symfony\Component\Console\Input\ArgvInput), Object(Symfony\Component\Console\Output\ConsoleOutput))
#25 C:\MAMP\htdocs\proyecto\api\vendor\symfony\console\Application.php(145): Symfony\Component\Console\Application->doRun(Object(Symfony\Component\Console\Input\ArgvInput), Object(Symfony\Component\Console\Output\ConsoleOutput))
#26 C:\MAMP\htdocs\proyecto\api\vendor\illuminate\console\Application.php(89): Symfony\Component\Console\Application->run(Object(Symfony\Component\Console\Input\ArgvInput), Object(Symfony\Component\Console\Output\ConsoleOutput))
#27 C:\MAMP\htdocs\proyecto\api\vendor\laravel\lumen-framework\src\Console\Kernel.php(115): Illuminate\Console\Application->run(Object(Symfony\Component\Console\Input\ArgvInput), Object(Symfony\Component\Console\Output\ConsoleOutput))
#28 C:\MAMP\htdocs\proyecto\api\artisan(35): Laravel\Lumen\Console\Kernel->handle(Object(Symfony\Component\Console\Input\ArgvInput), Object(Symfony\Component\Console\Output\ConsoleOutput))
#29 {main}

Next Illuminate\Database\QueryException: SQLSTATE[42S01]: Base table or view already exists: 1050 Table 'users' already exists (SQL: create table `users` (`id` int unsigned not null auto_increment primary key, `name` varchar(191) not null, `email` varchar(191) not null, `password` varchar(60) not null, `api_token` varchar(60) not null, `remember_token` varchar(100) null, `created_at` timestamp null, `updated_at` timestamp null) default character set utf8mb4 collate 'utf8mb4_unicode_ci') in C:\MAMP\htdocs\proyecto\api\vendor\illuminate\database\Connection.php:664
Stack trace:
#0 C:\MAMP\htdocs\proyecto\api\vendor\illuminate\database\Connection.php(624): Illuminate\Database\Connection->runQueryCallback('create table `u...', Array, Object(Closure))
#1 C:\MAMP\htdocs\proyecto\api\vendor\illuminate\database\Connection.php(459): Illuminate\Database\Connection->run('create table `u...', Array, Object(Closure))
#2 C:\MAMP\htdocs\proyecto\api\vendor\illuminate\database\Schema\Blueprint.php(97): Illuminate\Database\Connection->statement('create table `u...')
#3 C:\MAMP\htdocs\proyecto\api\vendor\illuminate\database\Schema\Builder.php(264): Illuminate\Database\Schema\Blueprint->build(Object(Illuminate\Database\MySqlConnection), Object(Illuminate\Database\Schema\Grammars\MySqlGrammar))
#4 C:\MAMP\htdocs\proyecto\api\vendor\illuminate\database\Schema\Builder.php(165): Illuminate\Database\Schema\Builder->build(Object(Illuminate\Database\Schema\Blueprint))
#5 C:\MAMP\htdocs\proyecto\api\vendor\illuminate\support\Facades\Facade.php(237): Illuminate\Database\Schema\Builder->create('users', Object(Closure))
#6 C:\MAMP\htdocs\proyecto\api\database\migrations\2018_12_27_192943_create_users_table.php(24): Illuminate\Support\Facades\Facade::__callStatic('create', Array)
#7 C:\MAMP\htdocs\proyecto\api\vendor\illuminate\database\Migrations\Migrator.php(360): CreateUsersTable->up()
#8 C:\MAMP\htdocs\proyecto\api\vendor\illuminate\database\Migrations\Migrator.php(367): Illuminate\Database\Migrations\Migrator->Illuminate\Database\Migrations\{closure}()
#9 C:\MAMP\htdocs\proyecto\api\vendor\illuminate\database\Migrations\Migrator.php(178): Illuminate\Database\Migrations\Migrator->runMigration(Object(CreateUsersTable), 'up')
#10 C:\MAMP\htdocs\proyecto\api\vendor\illuminate\database\Migrations\Migrator.php(147): Illuminate\Database\Migrations\Migrator->runUp('C:\\MAMP\\htdocs\\...', 2, false)
#11 C:\MAMP\htdocs\proyecto\api\vendor\illuminate\database\Migrations\Migrator.php(96): Illuminate\Database\Migrations\Migrator->runPending(Array, Array)
#12 C:\MAMP\htdocs\proyecto\api\vendor\illuminate\database\Console\Migrations\MigrateCommand.php(71): Illuminate\Database\Migrations\Migrator->run(Array, Array)
#13 [internal function]: Illuminate\Database\Console\Migrations\MigrateCommand->handle()
#14 C:\MAMP\htdocs\proyecto\api\vendor\illuminate\container\BoundMethod.php(29): call_user_func_array(Array, Array)
#15 C:\MAMP\htdocs\proyecto\api\vendor\illuminate\container\BoundMethod.php(87): Illuminate\Container\BoundMethod::Illuminate\Container\{closure}()
#16 C:\MAMP\htdocs\proyecto\api\vendor\illuminate\container\BoundMethod.php(31): Illuminate\Container\BoundMethod::callBoundMethod(Object(Laravel\Lumen\Application), Array, Object(Closure))
#17 C:\MAMP\htdocs\proyecto\api\vendor\illuminate\container\Container.php(572): Illuminate\Container\BoundMethod::call(Object(Laravel\Lumen\Application), Array, Array, NULL)
#18 C:\MAMP\htdocs\proyecto\api\vendor\illuminate\console\Command.php(183): Illuminate\Container\Container->call(Array)
#19 C:\MAMP\htdocs\proyecto\api\vendor\symfony\console\Command\Command.php(255): Illuminate\Console\Command->execute(Object(Symfony\Component\Console\Input\ArgvInput), Object(Illuminate\Console\OutputStyle))
#20 C:\MAMP\htdocs\proyecto\api\vendor\illuminate\console\Command.php(170): Symfony\Component\Console\Command\Command->run(Object(Symfony\Component\Console\Input\ArgvInput), Object(Illuminate\Console\OutputStyle))
#21 C:\MAMP\htdocs\proyecto\api\vendor\symfony\console\Application.php(901): Illuminate\Console\Command->run(Object(Symfony\Component\Console\Input\ArgvInput), Object(Symfony\Component\Console\Output\ConsoleOutput))
#22 C:\MAMP\htdocs\proyecto\api\vendor\symfony\console\Application.php(262): Symfony\Component\Console\Application->doRunCommand(Object(Illuminate\Database\Console\Migrations\MigrateCommand), Object(Symfony\Component\Console\Input\ArgvInput), Object(Symfony\Component\Console\Output\ConsoleOutput))
#23 C:\MAMP\htdocs\proyecto\api\vendor\symfony\console\Application.php(145): Symfony\Component\Console\Application->doRun(Object(Symfony\Component\Console\Input\ArgvInput), Object(Symfony\Component\Console\Output\ConsoleOutput))
#24 C:\MAMP\htdocs\proyecto\api\vendor\illuminate\console\Application.php(89): Symfony\Component\Console\Application->run(Object(Symfony\Component\Console\Input\ArgvInput), Object(Symfony\Component\Console\Output\ConsoleOutput))
#25 C:\MAMP\htdocs\proyecto\api\vendor\laravel\lumen-framework\src\Console\Kernel.php(115): Illuminate\Console\Application->run(Object(Symfony\Component\Console\Input\ArgvInput), Object(Symfony\Component\Console\Output\ConsoleOutput))
#26 C:\MAMP\htdocs\proyecto\api\artisan(35): Laravel\Lumen\Console\Kernel->handle(Object(Symfony\Component\Console\Input\ArgvInput), Object(Symfony\Component\Console\Output\ConsoleOutput))
#27 {main} {"exception":"[object] (Illuminate\\Database\\QueryException(code: 42S01): SQLSTATE[42S01]: Base table or view already exists: 1050 Table 'users' already exists (SQL: create table `users` (`id` int unsigned not null auto_increment primary key, `name` varchar(191) not null, `email` varchar(191) not null, `password` varchar(60) not null, `api_token` varchar(60) not null, `remember_token` varchar(100) null, `created_at` timestamp null, `updated_at` timestamp null) default character set utf8mb4 collate 'utf8mb4_unicode_ci') at C:\\MAMP\\htdocs\\proyecto\\api\\vendor\\illuminate\\database\\Connection.php:664, PDOException(code: 42S01): SQLSTATE[42S01]: Base table or view already exists: 1050 Table 'users' already exists at C:\\MAMP\\htdocs\\proyecto\\api\\vendor\\illuminate\\database\\Connection.php:458)
[stacktrace]
#0 C:\\MAMP\\htdocs\\proyecto\\api\\vendor\\illuminate\\database\\Connection.php(624): Illuminate\\Database\\Connection->runQueryCallback('create table `u...', Array, Object(Closure))
#1 C:\\MAMP\\htdocs\\proyecto\\api\\vendor\\illuminate\\database\\Connection.php(459): Illuminate\\Database\\Connection->run('create table `u...', Array, Object(Closure))
#2 C:\\MAMP\\htdocs\\proyecto\\api\\vendor\\illuminate\\database\\Schema\\Blueprint.php(97): Illuminate\\Database\\Connection->statement('create table `u...')
#3 C:\\MAMP\\htdocs\\proyecto\\api\\vendor\\illuminate\\database\\Schema\\Builder.php(264): Illuminate\\Database\\Schema\\Blueprint->build(Object(Illuminate\\Database\\MySqlConnection), Object(Illuminate\\Database\\Schema\\Grammars\\MySqlGrammar))
#4 C:\\MAMP\\htdocs\\proyecto\\api\\vendor\\illuminate\\database\\Schema\\Builder.php(165): Illuminate\\Database\\Schema\\Builder->build(Object(Illuminate\\Database\\Schema\\Blueprint))
#5 C:\\MAMP\\htdocs\\proyecto\\api\\vendor\\illuminate\\support\\Facades\\Facade.php(237): Illuminate\\Database\\Schema\\Builder->create('users', Object(Closure))
#6 C:\\MAMP\\htdocs\\proyecto\\api\\database\\migrations\\2018_12_27_192943_create_users_table.php(24): Illuminate\\Support\\Facades\\Facade::__callStatic('create', Array)
#7 C:\\MAMP\\htdocs\\proyecto\\api\\vendor\\illuminate\\database\\Migrations\\Migrator.php(360): CreateUsersTable->up()
#8 C:\\MAMP\\htdocs\\proyecto\\api\\vendor\\illuminate\\database\\Migrations\\Migrator.php(367): Illuminate\\Database\\Migrations\\Migrator->Illuminate\\Database\\Migrations\\{closure}()
#9 C:\\MAMP\\htdocs\\proyecto\\api\\vendor\\illuminate\\database\\Migrations\\Migrator.php(178): Illuminate\\Database\\Migrations\\Migrator->runMigration(Object(CreateUsersTable), 'up')
#10 C:\\MAMP\\htdocs\\proyecto\\api\\vendor\\illuminate\\database\\Migrations\\Migrator.php(147): Illuminate\\Database\\Migrations\\Migrator->runUp('C:\\\\MAMP\\\\htdocs\\\\...', 2, false)
#11 C:\\MAMP\\htdocs\\proyecto\\api\\vendor\\illuminate\\database\\Migrations\\Migrator.php(96): Illuminate\\Database\\Migrations\\Migrator->runPending(Array, Array)
#12 C:\\MAMP\\htdocs\\proyecto\\api\\vendor\\illuminate\\database\\Console\\Migrations\\MigrateCommand.php(71): Illuminate\\Database\\Migrations\\Migrator->run(Array, Array)
#13 [internal function]: Illuminate\\Database\\Console\\Migrations\\MigrateCommand->handle()
#14 C:\\MAMP\\htdocs\\proyecto\\api\\vendor\\illuminate\\container\\BoundMethod.php(29): call_user_func_array(Array, Array)
#15 C:\\MAMP\\htdocs\\proyecto\\api\\vendor\\illuminate\\container\\BoundMethod.php(87): Illuminate\\Container\\BoundMethod::Illuminate\\Container\\{closure}()
#16 C:\\MAMP\\htdocs\\proyecto\\api\\vendor\\illuminate\\container\\BoundMethod.php(31): Illuminate\\Container\\BoundMethod::callBoundMethod(Object(Laravel\\Lumen\\Application), Array, Object(Closure))
#17 C:\\MAMP\\htdocs\\proyecto\\api\\vendor\\illuminate\\container\\Container.php(572): Illuminate\\Container\\BoundMethod::call(Object(Laravel\\Lumen\\Application), Array, Array, NULL)
#18 C:\\MAMP\\htdocs\\proyecto\\api\\vendor\\illuminate\\console\\Command.php(183): Illuminate\\Container\\Container->call(Array)
#19 C:\\MAMP\\htdocs\\proyecto\\api\\vendor\\symfony\\console\\Command\\Command.php(255): Illuminate\\Console\\Command->execute(Object(Symfony\\Component\\Console\\Input\\ArgvInput), Object(Illuminate\\Console\\OutputStyle))
#20 C:\\MAMP\\htdocs\\proyecto\\api\\vendor\\illuminate\\console\\Command.php(170): Symfony\\Component\\Console\\Command\\Command->run(Object(Symfony\\Component\\Console\\Input\\ArgvInput), Object(Illuminate\\Console\\OutputStyle))
#21 C:\\MAMP\\htdocs\\proyecto\\api\\vendor\\symfony\\console\\Application.php(901): Illuminate\\Console\\Command->run(Object(Symfony\\Component\\Console\\Input\\ArgvInput), Object(Symfony\\Component\\Console\\Output\\ConsoleOutput))
#22 C:\\MAMP\\htdocs\\proyecto\\api\\vendor\\symfony\\console\\Application.php(262): Symfony\\Component\\Console\\Application->doRunCommand(Object(Illuminate\\Database\\Console\\Migrations\\MigrateCommand), Object(Symfony\\Component\\Console\\Input\\ArgvInput), Object(Symfony\\Component\\Console\\Output\\ConsoleOutput))
#23 C:\\MAMP\\htdocs\\proyecto\\api\\vendor\\symfony\\console\\Application.php(145): Symfony\\Component\\Console\\Application->doRun(Object(Symfony\\Component\\Console\\Input\\ArgvInput), Object(Symfony\\Component\\Console\\Output\\ConsoleOutput))
#24 C:\\MAMP\\htdocs\\proyecto\\api\\vendor\\illuminate\\console\\Application.php(89): Symfony\\Component\\Console\\Application->run(Object(Symfony\\Component\\Console\\Input\\ArgvInput), Object(Symfony\\Component\\Console\\Output\\ConsoleOutput))
#25 C:\\MAMP\\htdocs\\proyecto\\api\\vendor\\laravel\\lumen-framework\\src\\Console\\Kernel.php(115): Illuminate\\Console\\Application->run(Object(Symfony\\Component\\Console\\Input\\ArgvInput), Object(Symfony\\Component\\Console\\Output\\ConsoleOutput))
#26 C:\\MAMP\\htdocs\\proyecto\\api\\artisan(35): Laravel\\Lumen\\Console\\Kernel->handle(Object(Symfony\\Component\\Console\\Input\\ArgvInput), Object(Symfony\\Component\\Console\\Output\\ConsoleOutput))
#27 {main}
"} 
[2018-12-27 20:07:42] local.ERROR: ErrorException: Undefined variable: router in C:\MAMP\htdocs\proyecto\api\routes\web.php:21
Stack trace:
#0 C:\MAMP\htdocs\proyecto\api\routes\web.php(21): Laravel\Lumen\Application->Laravel\Lumen\Concerns\{closure}(8, 'Undefined varia...', 'C:\\MAMP\\htdocs\\...', 21, Array)
#1 [internal function]: {closure}(Object(Laravel\Lumen\Routing\Router))
#2 C:\MAMP\htdocs\proyecto\api\vendor\laravel\lumen-framework\src\Routing\Router.php(62): call_user_func(Object(Closure), Object(Laravel\Lumen\Routing\Router))
#3 C:\MAMP\htdocs\proyecto\api\routes\web.php(37): Laravel\Lumen\Routing\Router->group(Array, Object(Closure))
#4 C:\MAMP\htdocs\proyecto\api\bootstrap\app.php(99): require('C:\\MAMP\\htdocs\\...')
#5 [internal function]: {closure}(Object(Laravel\Lumen\Routing\Router))
#6 C:\MAMP\htdocs\proyecto\api\vendor\laravel\lumen-framework\src\Routing\Router.php(62): call_user_func(Object(Closure), Object(Laravel\Lumen\Routing\Router))
#7 C:\MAMP\htdocs\proyecto\api\bootstrap\app.php(100): Laravel\Lumen\Routing\Router->group(Array, Object(Closure))
#8 C:\MAMP\htdocs\proyecto\api\artisan(18): require('C:\\MAMP\\htdocs\\...')
#9 {main} {"exception":"[object] (ErrorException(code: 0): Undefined variable: router at C:\\MAMP\\htdocs\\proyecto\\api\outes\\web.php:21)
[stacktrace]
#0 C:\\MAMP\\htdocs\\proyecto\\api\outes\\web.php(21): Laravel\\Lumen\\Application->Laravel\\Lumen\\Concerns\\{closure}(8, 'Undefined varia...', 'C:\\\\MAMP\\\\htdocs\\\\...', 21, Array)
#1 [internal function]: {closure}(Object(Laravel\\Lumen\\Routing\\Router))
#2 C:\\MAMP\\htdocs\\proyecto\\api\\vendor\\laravel\\lumen-framework\\src\\Routing\\Router.php(62): call_user_func(Object(Closure), Object(Laravel\\Lumen\\Routing\\Router))
#3 C:\\MAMP\\htdocs\\proyecto\\api\outes\\web.php(37): Laravel\\Lumen\\Routing\\Router->group(Array, Object(Closure))
#4 C:\\MAMP\\htdocs\\proyecto\\api\\bootstrap\\app.php(99): require('C:\\\\MAMP\\\\htdocs\\\\...')
#5 [internal function]: {closure}(Object(Laravel\\Lumen\\Routing\\Router))
#6 C:\\MAMP\\htdocs\\proyecto\\api\\vendor\\laravel\\lumen-framework\\src\\Routing\\Router.php(62): call_user_func(Object(Closure), Object(Laravel\\Lumen\\Routing\\Router))
#7 C:\\MAMP\\htdocs\\proyecto\\api\\bootstrap\\app.php(100): Laravel\\Lumen\\Routing\\Router->group(Array, Object(Closure))
#8 C:\\MAMP\\htdocs\\proyecto\\api\\artisan(18): require('C:\\\\MAMP\\\\htdocs\\\\...')
#9 {main}
"} 
[2018-12-27 20:08:06] local.ERROR: Symfony\Component\Console\Exception\CommandNotFoundException: Command "serve" is not defined. in C:\MAMP\htdocs\proyecto\api\vendor\symfony\console\Application.php:632
Stack trace:
#0 C:\MAMP\htdocs\proyecto\api\vendor\symfony\console\Application.php(226): Symfony\Component\Console\Application->find('serve')
#1 C:\MAMP\htdocs\proyecto\api\vendor\symfony\console\Application.php(145): Symfony\Component\Console\Application->doRun(Object(Symfony\Component\Console\Input\ArgvInput), Object(Symfony\Component\Console\Output\ConsoleOutput))
#2 C:\MAMP\htdocs\proyecto\api\vendor\illuminate\console\Application.php(89): Symfony\Component\Console\Application->run(Object(Symfony\Component\Console\Input\ArgvInput), Object(Symfony\Component\Console\Output\ConsoleOutput))
#3 C:\MAMP\htdocs\proyecto\api\vendor\laravel\lumen-framework\src\Console\Kernel.php(115): Illuminate\Console\Application->run(Object(Symfony\Component\Console\Input\ArgvInput), Object(Symfony\Component\Console\Output\ConsoleOutput))
#4 C:\MAMP\htdocs\proyecto\api\artisan(35): Laravel\Lumen\Console\Kernel->handle(Object(Symfony\Component\Console\Input\ArgvInput), Object(Symfony\Component\Console\Output\ConsoleOutput))
#5 {main} {"exception":"[object] (Symfony\\Component\\Console\\Exception\\CommandNotFoundException(code: 0): Command \"serve\" is not defined. at C:\\MAMP\\htdocs\\proyecto\\api\\vendor\\symfony\\console\\Application.php:632)
[stacktrace]
#0 C:\\MAMP\\htdocs\\proyecto\\api\\vendor\\symfony\\console\\Application.php(226): Symfony\\Component\\Console\\Application->find('serve')
#1 C:\\MAMP\\htdocs\\proyecto\\api\\vendor\\symfony\\console\\Application.php(145): Symfony\\Component\\Console\\Application->doRun(Object(Symfony\\Component\\Console\\Input\\ArgvInput), Object(Symfony\\Component\\Console\\Output\\ConsoleOutput))
#2 C:\\MAMP\\htdocs\\proyecto\\api\\vendor\\illuminate\\console\\Application.php(89): Symfony\\Component\\Console\\Application->run(Object(Symfony\\Component\\Console\\Input\\ArgvInput), Object(Symfony\\Component\\Console\\Output\\ConsoleOutput))
#3 C:\\MAMP\\htdocs\\proyecto\\api\\vendor\\laravel\\lumen-framework\\src\\Console\\Kernel.php(115): Illuminate\\Console\\Application->run(Object(Symfony\\Component\\Console\\Input\\ArgvInput), Object(Symfony\\Component\\Console\\Output\\ConsoleOutput))
#4 C:\\MAMP\\htdocs\\proyecto\\api\\artisan(35): Laravel\\Lumen\\Console\\Kernel->handle(Object(Symfony\\Component\\Console\\Input\\ArgvInput), Object(Symfony\\Component\\Console\\Output\\ConsoleOutput))
#5 {main}
"} 
[2018-12-27 20:09:22] local.ERROR: ReflectionException: Class cors does not exist in C:\MAMP\htdocs\proyecto\api\vendor\illuminate\container\Container.php:779
Stack trace:
#0 C:\MAMP\htdocs\proyecto\api\vendor\illuminate\container\Container.php(779): ReflectionClass->__construct('cors')
#1 C:\MAMP\htdocs\proyecto\api\vendor\illuminate\container\Container.php(658): Illuminate\Container\Container->build('cors')
#2 C:\MAMP\htdocs\proyecto\api\vendor\illuminate\container\Container.php(609): Illuminate\Container\Container->resolve('cors', Array)
#3 C:\MAMP\htdocs\proyecto\api\vendor\laravel\lumen-framework\src\Application.php(260): Illuminate\Container\Container->make('cors', Array)
#4 C:\MAMP\htdocs\proyecto\api\vendor\illuminate\pipeline\Pipeline.php(140): Laravel\Lumen\Application->make('cors')
#5 [internal function]: Illuminate\Pipeline\Pipeline->Illuminate\Pipeline\{closure}(Object(Laravel\Lumen\Http\Request))
#6 C:\MAMP\htdocs\proyecto\api\vendor\laravel\lumen-framework\src\Routing\Pipeline.php(32): call_user_func(Object(Closure), Object(Laravel\Lumen\Http\Request))
#7 C:\MAMP\htdocs\proyecto\api\vendor\illuminate\pipeline\Pipeline.php(104): Laravel\Lumen\Routing\Pipeline->Laravel\Lumen\Routing\{closure}(Object(Laravel\Lumen\Http\Request))
#8 C:\MAMP\htdocs\proyecto\api\vendor\laravel\lumen-framework\src\Concerns\RoutesRequests.php(415): Illuminate\Pipeline\Pipeline->then(Object(Closure))
#9 C:\MAMP\htdocs\proyecto\api\vendor\laravel\lumen-framework\src\Concerns\RoutesRequests.php(261): Laravel\Lumen\Application->sendThroughPipeline(Array, Object(Closure))
#10 C:\MAMP\htdocs\proyecto\api\vendor\laravel\lumen-framework\src\Concerns\RoutesRequests.php(165): Laravel\Lumen\Application->handleFoundRoute(Array)
#11 C:\MAMP\htdocs\proyecto\api\vendor\laravel\lumen-framework\src\Concerns\RoutesRequests.php(418): Laravel\Lumen\Application->Laravel\Lumen\Concerns\{closure}(Object(Laravel\Lumen\Http\Request))
#12 C:\MAMP\htdocs\proyecto\api\vendor\laravel\lumen-framework\src\Concerns\RoutesRequests.php(171): Laravel\Lumen\Application->sendThroughPipeline(Array, Object(Closure))
#13 C:\MAMP\htdocs\proyecto\api\vendor\laravel\lumen-framework\src\Concerns\RoutesRequests.php(108): Laravel\Lumen\Application->dispatch(NULL)
#14 C:\MAMP\htdocs\proyecto\api\public\index.php(28): Laravel\Lumen\Application->run()
#15 {main} {"exception":"[object] (ReflectionException(code: -1): Class cors does not exist at C:\\MAMP\\htdocs\\proyecto\\api\\vendor\\illuminate\\container\\Container.php:779)
[stacktrace]
#0 C:\\MAMP\\htdocs\\proyecto\\api\\vendor\\illuminate\\container\\Container.php(779): ReflectionClass->__construct('cors')
#1 C:\\MAMP\\htdocs\\proyecto\\api\\vendor\\illuminate\\container\\Container.php(658): Illuminate\\Container\\Container->build('cors')
#2 C:\\MAMP\\htdocs\\proyecto\\api\\vendor\\illuminate\\container\\Container.php(609): Illuminate\\Container\\Container->resolve('cors', Array)
#3 C:\\MAMP\\htdocs\\proyecto\\api\\vendor\\laravel\\lumen-framework\\src\\Application.php(260): Illuminate\\Container\\Container->make('cors', Array)
#4 C:\\MAMP\\htdocs\\proyecto\\api\\vendor\\illuminate\\pipeline\\Pipeline.php(140): Laravel\\Lumen\\Application->make('cors')
#5 [internal function]: Illuminate\\Pipeline\\Pipeline->Illuminate\\Pipeline\\{closure}(Object(Laravel\\Lumen\\Http\\Request))
#6 C:\\MAMP\\htdocs\\proyecto\\api\\vendor\\laravel\\lumen-framework\\src\\Routing\\Pipeline.php(32): call_user_func(Object(Closure), Object(Laravel\\Lumen\\Http\\Request))
#7 C:\\MAMP\\htdocs\\proyecto\\api\\vendor\\illuminate\\pipeline\\Pipeline.php(104): Laravel\\Lumen\\Routing\\Pipeline->Laravel\\Lumen\\Routing\\{closure}(Object(Laravel\\Lumen\\Http\\Request))
#8 C:\\MAMP\\htdocs\\proyecto\\api\\vendor\\laravel\\lumen-framework\\src\\Concerns\\RoutesRequests.php(415): Illuminate\\Pipeline\\Pipeline->then(Object(Closure))
#9 C:\\MAMP\\htdocs\\proyecto\\api\\vendor\\laravel\\lumen-framework\\src\\Concerns\\RoutesRequests.php(261): Laravel\\Lumen\\Application->sendThroughPipeline(Array, Object(Closure))
#10 C:\\MAMP\\htdocs\\proyecto\\api\\vendor\\laravel\\lumen-framework\\src\\Concerns\\RoutesRequests.php(165): Laravel\\Lumen\\Application->handleFoundRoute(Array)
#11 C:\\MAMP\\htdocs\\proyecto\\api\\vendor\\laravel\\lumen-framework\\src\\Concerns\\RoutesRequests.php(418): Laravel\\Lumen\\Application->Laravel\\Lumen\\Concerns\\{closure}(Object(Laravel\\Lumen\\Http\\Request))
#12 C:\\MAMP\\htdocs\\proyecto\\api\\vendor\\laravel\\lumen-framework\\src\\Concerns\\RoutesRequests.php(171): Laravel\\Lumen\\Application->sendThroughPipeline(Array, Object(Closure))
#13 C:\\MAMP\\htdocs\\proyecto\\api\\vendor\\laravel\\lumen-framework\\src\\Concerns\\RoutesRequests.php(108): Laravel\\Lumen\\Application->dispatch(NULL)
#14 C:\\MAMP\\htdocs\\proyecto\\api\\public\\index.php(28): Laravel\\Lumen\\Application->run()
#15 {main}
"} 
