[2019-01-12 13:23:21] local.ERROR: ErrorException: Required @OA\Info() not found in C:\MAMP\htdocs\proyecto\api\vendor\zircote\swagger-php\src\Logger.php:39
Stack trace:
#0 [internal function]: Laravel\Lumen\Application->Laravel\Lumen\Concerns\{closure}(1024, 'Required @OA\\In...', 'C:\\MAMP\\htdocs\\...', 39, Array)
#1 C:\MAMP\htdocs\proyecto\api\vendor\zircote\swagger-php\src\Logger.php(39): trigger_error('Required @OA\\In...', 1024)
#2 [internal function]: OpenApi\Logger->OpenApi\{closure}('Required @OA\\In...', 1024)
#3 C:\MAMP\htdocs\proyecto\api\vendor\zircote\swagger-php\src\Logger.php(71): call_user_func(Object(Closure), 'Required @OA\\In...', 1024)
#4 C:\MAMP\htdocs\proyecto\api\vendor\zircote\swagger-php\src\Annotations\AbstractAnnotation.php(424): OpenApi\Logger::notice('Required @OA\\In...')
#5 C:\MAMP\htdocs\proyecto\api\vendor\zircote\swagger-php\src\Annotations\OpenApi.php(135): OpenApi\Annotations\AbstractAnnotation->validate(Array, Array, '#')
#6 C:\MAMP\htdocs\proyecto\api\vendor\zircote\swagger-php\src\Analysis.php(422): OpenApi\Annotations\OpenApi->validate()
#7 C:\MAMP\htdocs\proyecto\api\vendor\zircote\swagger-php\src\functions.php(46): OpenApi\Analysis->validate()
#8 C:\MAMP\htdocs\proyecto\api\vendor\darkaonline\swagger-lume\src\Generator.php(25): OpenApi\scan('C:\\MAMP\\htdocs\\...', Array)
#9 C:\MAMP\htdocs\proyecto\api\vendor\darkaonline\swagger-lume\src\Console\GenerateDocsCommand.php(32): SwaggerLume\Generator::generateDocs()
#10 [internal function]: SwaggerLume\Console\GenerateDocsCommand->handle()
#11 C:\MAMP\htdocs\proyecto\api\vendor\illuminate\container\BoundMethod.php(29): call_user_func_array(Array, Array)
#12 C:\MAMP\htdocs\proyecto\api\vendor\illuminate\container\BoundMethod.php(87): Illuminate\Container\BoundMethod::Illuminate\Container\{closure}()
#13 C:\MAMP\htdocs\proyecto\api\vendor\illuminate\container\BoundMethod.php(31): Illuminate\Container\BoundMethod::callBoundMethod(Object(Laravel\Lumen\Application), Array, Object(Closure))
#14 C:\MAMP\htdocs\proyecto\api\vendor\illuminate\container\Container.php(572): Illuminate\Container\BoundMethod::call(Object(Laravel\Lumen\Application), Array, Array, NULL)
#15 C:\MAMP\htdocs\proyecto\api\vendor\illuminate\console\Command.php(183): Illuminate\Container\Container->call(Array)
#16 C:\MAMP\htdocs\proyecto\api\vendor\symfony\console\Command\Command.php(255): Illuminate\Console\Command->execute(Object(Symfony\Component\Console\Input\ArgvInput), Object(Illuminate\Console\OutputStyle))
#17 C:\MAMP\htdocs\proyecto\api\vendor\illuminate\console\Command.php(170): Symfony\Component\Console\Command\Command->run(Object(Symfony\Component\Console\Input\ArgvInput), Object(Illuminate\Console\OutputStyle))
#18 C:\MAMP\htdocs\proyecto\api\vendor\symfony\console\Application.php(901): Illuminate\Console\Command->run(Object(Symfony\Component\Console\Input\ArgvInput), Object(Symfony\Component\Console\Output\ConsoleOutput))
#19 C:\MAMP\htdocs\proyecto\api\vendor\symfony\console\Application.php(262): Symfony\Component\Console\Application->doRunCommand(Object(SwaggerLume\Console\GenerateDocsCommand), Object(Symfony\Component\Console\Input\ArgvInput), Object(Symfony\Component\Console\Output\ConsoleOutput))
#20 C:\MAMP\htdocs\proyecto\api\vendor\symfony\console\Application.php(145): Symfony\Component\Console\Application->doRun(Object(Symfony\Component\Console\Input\ArgvInput), Object(Symfony\Component\Console\Output\ConsoleOutput))
#21 C:\MAMP\htdocs\proyecto\api\vendor\illuminate\console\Application.php(89): Symfony\Component\Console\Application->run(Object(Symfony\Component\Console\Input\ArgvInput), Object(Symfony\Component\Console\Output\ConsoleOutput))
#22 C:\MAMP\htdocs\proyecto\api\vendor\laravel\lumen-framework\src\Console\Kernel.php(115): Illuminate\Console\Application->run(Object(Symfony\Component\Console\Input\ArgvInput), Object(Symfony\Component\Console\Output\ConsoleOutput))
#23 C:\MAMP\htdocs\proyecto\api\artisan(35): Laravel\Lumen\Console\Kernel->handle(Object(Symfony\Component\Console\Input\ArgvInput), Object(Symfony\Component\Console\Output\ConsoleOutput))
#24 {main} {"exception":"[object] (ErrorException(code: 0): Required @OA\\Info() not found at C:\\MAMP\\htdocs\\proyecto\\api\\vendor\\zircote\\swagger-php\\src\\Logger.php:39)
[stacktrace]
#0 [internal function]: Laravel\\Lumen\\Application->Laravel\\Lumen\\Concerns\\{closure}(1024, 'Required @OA\\\\In...', 'C:\\\\MAMP\\\\htdocs\\\\...', 39, Array)
#1 C:\\MAMP\\htdocs\\proyecto\\api\\vendor\\zircote\\swagger-php\\src\\Logger.php(39): trigger_error('Required @OA\\\\In...', 1024)
#2 [internal function]: OpenApi\\Logger->OpenApi\\{closure}('Required @OA\\\\In...', 1024)
#3 C:\\MAMP\\htdocs\\proyecto\\api\\vendor\\zircote\\swagger-php\\src\\Logger.php(71): call_user_func(Object(Closure), 'Required @OA\\\\In...', 1024)
#4 C:\\MAMP\\htdocs\\proyecto\\api\\vendor\\zircote\\swagger-php\\src\\Annotations\\AbstractAnnotation.php(424): OpenApi\\Logger::notice('Required @OA\\\\In...')
#5 C:\\MAMP\\htdocs\\proyecto\\api\\vendor\\zircote\\swagger-php\\src\\Annotations\\OpenApi.php(135): OpenApi\\Annotations\\AbstractAnnotation->validate(Array, Array, '#')
#6 C:\\MAMP\\htdocs\\proyecto\\api\\vendor\\zircote\\swagger-php\\src\\Analysis.php(422): OpenApi\\Annotations\\OpenApi->validate()
#7 C:\\MAMP\\htdocs\\proyecto\\api\\vendor\\zircote\\swagger-php\\src\\functions.php(46): OpenApi\\Analysis->validate()
#8 C:\\MAMP\\htdocs\\proyecto\\api\\vendor\\darkaonline\\swagger-lume\\src\\Generator.php(25): OpenApi\\scan('C:\\\\MAMP\\\\htdocs\\\\...', Array)
#9 C:\\MAMP\\htdocs\\proyecto\\api\\vendor\\darkaonline\\swagger-lume\\src\\Console\\GenerateDocsCommand.php(32): SwaggerLume\\Generator::generateDocs()
#10 [internal function]: SwaggerLume\\Console\\GenerateDocsCommand->handle()
#11 C:\\MAMP\\htdocs\\proyecto\\api\\vendor\\illuminate\\container\\BoundMethod.php(29): call_user_func_array(Array, Array)
#12 C:\\MAMP\\htdocs\\proyecto\\api\\vendor\\illuminate\\container\\BoundMethod.php(87): Illuminate\\Container\\BoundMethod::Illuminate\\Container\\{closure}()
#13 C:\\MAMP\\htdocs\\proyecto\\api\\vendor\\illuminate\\container\\BoundMethod.php(31): Illuminate\\Container\\BoundMethod::callBoundMethod(Object(Laravel\\Lumen\\Application), Array, Object(Closure))
#14 C:\\MAMP\\htdocs\\proyecto\\api\\vendor\\illuminate\\container\\Container.php(572): Illuminate\\Container\\BoundMethod::call(Object(Laravel\\Lumen\\Application), Array, Array, NULL)
#15 C:\\MAMP\\htdocs\\proyecto\\api\\vendor\\illuminate\\console\\Command.php(183): Illuminate\\Container\\Container->call(Array)
#16 C:\\MAMP\\htdocs\\proyecto\\api\\vendor\\symfony\\console\\Command\\Command.php(255): Illuminate\\Console\\Command->execute(Object(Symfony\\Component\\Console\\Input\\ArgvInput), Object(Illuminate\\Console\\OutputStyle))
#17 C:\\MAMP\\htdocs\\proyecto\\api\\vendor\\illuminate\\console\\Command.php(170): Symfony\\Component\\Console\\Command\\Command->run(Object(Symfony\\Component\\Console\\Input\\ArgvInput), Object(Illuminate\\Console\\OutputStyle))
#18 C:\\MAMP\\htdocs\\proyecto\\api\\vendor\\symfony\\console\\Application.php(901): Illuminate\\Console\\Command->run(Object(Symfony\\Component\\Console\\Input\\ArgvInput), Object(Symfony\\Component\\Console\\Output\\ConsoleOutput))
#19 C:\\MAMP\\htdocs\\proyecto\\api\\vendor\\symfony\\console\\Application.php(262): Symfony\\Component\\Console\\Application->doRunCommand(Object(SwaggerLume\\Console\\GenerateDocsCommand), Object(Symfony\\Component\\Console\\Input\\ArgvInput), Object(Symfony\\Component\\Console\\Output\\ConsoleOutput))
#20 C:\\MAMP\\htdocs\\proyecto\\api\\vendor\\symfony\\console\\Application.php(145): Symfony\\Component\\Console\\Application->doRun(Object(Symfony\\Component\\Console\\Input\\ArgvInput), Object(Symfony\\Component\\Console\\Output\\ConsoleOutput))
#21 C:\\MAMP\\htdocs\\proyecto\\api\\vendor\\illuminate\\console\\Application.php(89): Symfony\\Component\\Console\\Application->run(Object(Symfony\\Component\\Console\\Input\\ArgvInput), Object(Symfony\\Component\\Console\\Output\\ConsoleOutput))
#22 C:\\MAMP\\htdocs\\proyecto\\api\\vendor\\laravel\\lumen-framework\\src\\Console\\Kernel.php(115): Illuminate\\Console\\Application->run(Object(Symfony\\Component\\Console\\Input\\ArgvInput), Object(Symfony\\Component\\Console\\Output\\ConsoleOutput))
#23 C:\\MAMP\\htdocs\\proyecto\\api\\artisan(35): Laravel\\Lumen\\Console\\Kernel->handle(Object(Symfony\\Component\\Console\\Input\\ArgvInput), Object(Symfony\\Component\\Console\\Output\\ConsoleOutput))
#24 {main}
"} 
