[2019-01-15 17:59:04] local.ERROR: ErrorException: $ref "#/definitions/User/properties/id" not found for @OA\Items() in \App\Models\OrchestratorRoom->user_id in C:\MAMP\htdocs\proyecto\api/app\Models\OrchestratorRoom.php on line 53 in C:\MAMP\htdocs\proyecto\api\vendor\zircote\swagger-php\src\Logger.php:39
Stack trace:
#0 [internal function]: Laravel\Lumen\Application->Laravel\Lumen\Concerns\{closure}(1024, '$ref "#/definit...', 'C:\\MAMP\\htdocs\\...', 39, Array)
#1 C:\MAMP\htdocs\proyecto\api\vendor\zircote\swagger-php\src\Logger.php(39): trigger_error('$ref "#/definit...', 1024)
#2 [internal function]: OpenApi\Logger->OpenApi\{closure}('$ref "#/definit...', 1024)
#3 C:\MAMP\htdocs\proyecto\api\vendor\zircote\swagger-php\src\Logger.php(71): call_user_func(Object(Closure), '$ref "#/definit...', 1024)
#4 C:\MAMP\htdocs\proyecto\api\vendor\zircote\swagger-php\src\Annotations\AbstractAnnotation.php(403): OpenApi\Logger::notice('$ref "#/definit...')
#5 C:\MAMP\htdocs\proyecto\api\vendor\zircote\swagger-php\src\Annotations\Schema.php(380): OpenApi\Annotations\AbstractAnnotation->validate(Array, Array, '')
#6 C:\MAMP\htdocs\proyecto\api\vendor\zircote\swagger-php\src\Annotations\Items.php(48): OpenApi\Annotations\Schema->validate(Array, Array)
#7 C:\MAMP\htdocs\proyecto\api\vendor\zircote\swagger-php\src\Annotations\AbstractAnnotation.php(478): OpenApi\Annotations\Items->validate(Array, Array, '#/components/sc...')
#8 C:\MAMP\htdocs\proyecto\api\vendor\zircote\swagger-php\src\Annotations\AbstractAnnotation.php(448): OpenApi\Annotations\AbstractAnnotation::_validate(Object(OpenApi\Annotations\Property), Array, Array, '#/components/sc...')
#9 C:\MAMP\htdocs\proyecto\api\vendor\zircote\swagger-php\src\Annotations\Schema.php(380): OpenApi\Annotations\AbstractAnnotation->validate(Array, Array, '#/components/sc...')
#10 C:\MAMP\htdocs\proyecto\api\vendor\zircote\swagger-php\src\Annotations\AbstractAnnotation.php(478): OpenApi\Annotations\Schema->validate(Array, Array, '#/components/sc...')
#11 C:\MAMP\htdocs\proyecto\api\vendor\zircote\swagger-php\src\Annotations\AbstractAnnotation.php(484): OpenApi\Annotations\AbstractAnnotation::_validate(Array, Array, Array, '#/components/sc...')
#12 C:\MAMP\htdocs\proyecto\api\vendor\zircote\swagger-php\src\Annotations\AbstractAnnotation.php(448): OpenApi\Annotations\AbstractAnnotation::_validate(Object(OpenApi\Annotations\Schema), Array, Array, '#/components/sc...')
#13 C:\MAMP\htdocs\proyecto\api\vendor\zircote\swagger-php\src\Annotations\Schema.php(380): OpenApi\Annotations\AbstractAnnotation->validate(Array, Array, '#/components/sc...')
#14 C:\MAMP\htdocs\proyecto\api\vendor\zircote\swagger-php\src\Annotations\AbstractAnnotation.php(478): OpenApi\Annotations\Schema->validate(Array, Array, '#/components/sc...')
#15 C:\MAMP\htdocs\proyecto\api\vendor\zircote\swagger-php\src\Annotations\AbstractAnnotation.php(484): OpenApi\Annotations\AbstractAnnotation::_validate(Array, Array, Array, '#/components/sc...')
#16 C:\MAMP\htdocs\proyecto\api\vendor\zircote\swagger-php\src\Annotations\AbstractAnnotation.php(448): OpenApi\Annotations\AbstractAnnotation::_validate(Object(OpenApi\Annotations\Components), Array, Array, '#/components')
#17 C:\MAMP\htdocs\proyecto\api\vendor\zircote\swagger-php\src\Annotations\AbstractAnnotation.php(478): OpenApi\Annotations\AbstractAnnotation->validate(Array, Array, '#/components')
#18 C:\MAMP\htdocs\proyecto\api\vendor\zircote\swagger-php\src\Annotations\AbstractAnnotation.php(448): OpenApi\Annotations\AbstractAnnotation::_validate(Object(OpenApi\Annotations\OpenApi), Array, Array, '#')
#19 C:\MAMP\htdocs\proyecto\api\vendor\zircote\swagger-php\src\Annotations\OpenApi.php(135): OpenApi\Annotations\AbstractAnnotation->validate(Array, Array, '#')
#20 C:\MAMP\htdocs\proyecto\api\vendor\zircote\swagger-php\src\Analysis.php(422): OpenApi\Annotations\OpenApi->validate()
#21 C:\MAMP\htdocs\proyecto\api\vendor\zircote\swagger-php\src\functions.php(46): OpenApi\Analysis->validate()
#22 C:\MAMP\htdocs\proyecto\api\vendor\darkaonline\swagger-lume\src\Generator.php(25): OpenApi\scan('C:\\MAMP\\htdocs\\...', Array)
#23 C:\MAMP\htdocs\proyecto\api\vendor\darkaonline\swagger-lume\src\Console\GenerateDocsCommand.php(32): SwaggerLume\Generator::generateDocs()
#24 [internal function]: SwaggerLume\Console\GenerateDocsCommand->handle()
#25 C:\MAMP\htdocs\proyecto\api\vendor\illuminate\container\BoundMethod.php(29): call_user_func_array(Array, Array)
#26 C:\MAMP\htdocs\proyecto\api\vendor\illuminate\container\BoundMethod.php(87): Illuminate\Container\BoundMethod::Illuminate\Container\{closure}()
#27 C:\MAMP\htdocs\proyecto\api\vendor\illuminate\container\BoundMethod.php(31): Illuminate\Container\BoundMethod::callBoundMethod(Object(Laravel\Lumen\Application), Array, Object(Closure))
#28 C:\MAMP\htdocs\proyecto\api\vendor\illuminate\container\Container.php(572): Illuminate\Container\BoundMethod::call(Object(Laravel\Lumen\Application), Array, Array, NULL)
#29 C:\MAMP\htdocs\proyecto\api\vendor\illuminate\console\Command.php(183): Illuminate\Container\Container->call(Array)
#30 C:\MAMP\htdocs\proyecto\api\vendor\symfony\console\Command\Command.php(255): Illuminate\Console\Command->execute(Object(Symfony\Component\Console\Input\ArgvInput), Object(Illuminate\Console\OutputStyle))
#31 C:\MAMP\htdocs\proyecto\api\vendor\illuminate\console\Command.php(170): Symfony\Component\Console\Command\Command->run(Object(Symfony\Component\Console\Input\ArgvInput), Object(Illuminate\Console\OutputStyle))
#32 C:\MAMP\htdocs\proyecto\api\vendor\symfony\console\Application.php(901): Illuminate\Console\Command->run(Object(Symfony\Component\Console\Input\ArgvInput), Object(Symfony\Component\Console\Output\ConsoleOutput))
#33 C:\MAMP\htdocs\proyecto\api\vendor\symfony\console\Application.php(262): Symfony\Component\Console\Application->doRunCommand(Object(SwaggerLume\Console\GenerateDocsCommand), Object(Symfony\Component\Console\Input\ArgvInput), Object(Symfony\Component\Console\Output\ConsoleOutput))
#34 C:\MAMP\htdocs\proyecto\api\vendor\symfony\console\Application.php(145): Symfony\Component\Console\Application->doRun(Object(Symfony\Component\Console\Input\ArgvInput), Object(Symfony\Component\Console\Output\ConsoleOutput))
#35 C:\MAMP\htdocs\proyecto\api\vendor\illuminate\console\Application.php(89): Symfony\Component\Console\Application->run(Object(Symfony\Component\Console\Input\ArgvInput), Object(Symfony\Component\Console\Output\ConsoleOutput))
#36 C:\MAMP\htdocs\proyecto\api\vendor\laravel\lumen-framework\src\Console\Kernel.php(115): Illuminate\Console\Application->run(Object(Symfony\Component\Console\Input\ArgvInput), Object(Symfony\Component\Console\Output\ConsoleOutput))
#37 C:\MAMP\htdocs\proyecto\api\artisan(35): Laravel\Lumen\Console\Kernel->handle(Object(Symfony\Component\Console\Input\ArgvInput), Object(Symfony\Component\Console\Output\ConsoleOutput))
#38 {main} {"exception":"[object] (ErrorException(code: 0): $ref \"#/definitions/User/properties/id\" not found for @OA\\Items() in \\App\\Models\\OrchestratorRoom->user_id in C:\\MAMP\\htdocs\\proyecto\\api/app\\Models\\OrchestratorRoom.php on line 53 at C:\\MAMP\\htdocs\\proyecto\\api\\vendor\\zircote\\swagger-php\\src\\Logger.php:39)
[stacktrace]
#0 [internal function]: Laravel\\Lumen\\Application->Laravel\\Lumen\\Concerns\\{closure}(1024, '$ref \"#/definit...', 'C:\\\\MAMP\\\\htdocs\\\\...', 39, Array)
#1 C:\\MAMP\\htdocs\\proyecto\\api\\vendor\\zircote\\swagger-php\\src\\Logger.php(39): trigger_error('$ref \"#/definit...', 1024)
#2 [internal function]: OpenApi\\Logger->OpenApi\\{closure}('$ref \"#/definit...', 1024)
#3 C:\\MAMP\\htdocs\\proyecto\\api\\vendor\\zircote\\swagger-php\\src\\Logger.php(71): call_user_func(Object(Closure), '$ref \"#/definit...', 1024)
#4 C:\\MAMP\\htdocs\\proyecto\\api\\vendor\\zircote\\swagger-php\\src\\Annotations\\AbstractAnnotation.php(403): OpenApi\\Logger::notice('$ref \"#/definit...')
#5 C:\\MAMP\\htdocs\\proyecto\\api\\vendor\\zircote\\swagger-php\\src\\Annotations\\Schema.php(380): OpenApi\\Annotations\\AbstractAnnotation->validate(Array, Array, '')
#6 C:\\MAMP\\htdocs\\proyecto\\api\\vendor\\zircote\\swagger-php\\src\\Annotations\\Items.php(48): OpenApi\\Annotations\\Schema->validate(Array, Array)
#7 C:\\MAMP\\htdocs\\proyecto\\api\\vendor\\zircote\\swagger-php\\src\\Annotations\\AbstractAnnotation.php(478): OpenApi\\Annotations\\Items->validate(Array, Array, '#/components/sc...')
#8 C:\\MAMP\\htdocs\\proyecto\\api\\vendor\\zircote\\swagger-php\\src\\Annotations\\AbstractAnnotation.php(448): OpenApi\\Annotations\\AbstractAnnotation::_validate(Object(OpenApi\\Annotations\\Property), Array, Array, '#/components/sc...')
#9 C:\\MAMP\\htdocs\\proyecto\\api\\vendor\\zircote\\swagger-php\\src\\Annotations\\Schema.php(380): OpenApi\\Annotations\\AbstractAnnotation->validate(Array, Array, '#/components/sc...')
#10 C:\\MAMP\\htdocs\\proyecto\\api\\vendor\\zircote\\swagger-php\\src\\Annotations\\AbstractAnnotation.php(478): OpenApi\\Annotations\\Schema->validate(Array, Array, '#/components/sc...')
#11 C:\\MAMP\\htdocs\\proyecto\\api\\vendor\\zircote\\swagger-php\\src\\Annotations\\AbstractAnnotation.php(484): OpenApi\\Annotations\\AbstractAnnotation::_validate(Array, Array, Array, '#/components/sc...')
#12 C:\\MAMP\\htdocs\\proyecto\\api\\vendor\\zircote\\swagger-php\\src\\Annotations\\AbstractAnnotation.php(448): OpenApi\\Annotations\\AbstractAnnotation::_validate(Object(OpenApi\\Annotations\\Schema), Array, Array, '#/components/sc...')
#13 C:\\MAMP\\htdocs\\proyecto\\api\\vendor\\zircote\\swagger-php\\src\\Annotations\\Schema.php(380): OpenApi\\Annotations\\AbstractAnnotation->validate(Array, Array, '#/components/sc...')
#14 C:\\MAMP\\htdocs\\proyecto\\api\\vendor\\zircote\\swagger-php\\src\\Annotations\\AbstractAnnotation.php(478): OpenApi\\Annotations\\Schema->validate(Array, Array, '#/components/sc...')
#15 C:\\MAMP\\htdocs\\proyecto\\api\\vendor\\zircote\\swagger-php\\src\\Annotations\\AbstractAnnotation.php(484): OpenApi\\Annotations\\AbstractAnnotation::_validate(Array, Array, Array, '#/components/sc...')
#16 C:\\MAMP\\htdocs\\proyecto\\api\\vendor\\zircote\\swagger-php\\src\\Annotations\\AbstractAnnotation.php(448): OpenApi\\Annotations\\AbstractAnnotation::_validate(Object(OpenApi\\Annotations\\Components), Array, Array, '#/components')
#17 C:\\MAMP\\htdocs\\proyecto\\api\\vendor\\zircote\\swagger-php\\src\\Annotations\\AbstractAnnotation.php(478): OpenApi\\Annotations\\AbstractAnnotation->validate(Array, Array, '#/components')
#18 C:\\MAMP\\htdocs\\proyecto\\api\\vendor\\zircote\\swagger-php\\src\\Annotations\\AbstractAnnotation.php(448): OpenApi\\Annotations\\AbstractAnnotation::_validate(Object(OpenApi\\Annotations\\OpenApi), Array, Array, '#')
#19 C:\\MAMP\\htdocs\\proyecto\\api\\vendor\\zircote\\swagger-php\\src\\Annotations\\OpenApi.php(135): OpenApi\\Annotations\\AbstractAnnotation->validate(Array, Array, '#')
#20 C:\\MAMP\\htdocs\\proyecto\\api\\vendor\\zircote\\swagger-php\\src\\Analysis.php(422): OpenApi\\Annotations\\OpenApi->validate()
#21 C:\\MAMP\\htdocs\\proyecto\\api\\vendor\\zircote\\swagger-php\\src\\functions.php(46): OpenApi\\Analysis->validate()
#22 C:\\MAMP\\htdocs\\proyecto\\api\\vendor\\darkaonline\\swagger-lume\\src\\Generator.php(25): OpenApi\\scan('C:\\\\MAMP\\\\htdocs\\\\...', Array)
#23 C:\\MAMP\\htdocs\\proyecto\\api\\vendor\\darkaonline\\swagger-lume\\src\\Console\\GenerateDocsCommand.php(32): SwaggerLume\\Generator::generateDocs()
#24 [internal function]: SwaggerLume\\Console\\GenerateDocsCommand->handle()
#25 C:\\MAMP\\htdocs\\proyecto\\api\\vendor\\illuminate\\container\\BoundMethod.php(29): call_user_func_array(Array, Array)
#26 C:\\MAMP\\htdocs\\proyecto\\api\\vendor\\illuminate\\container\\BoundMethod.php(87): Illuminate\\Container\\BoundMethod::Illuminate\\Container\\{closure}()
#27 C:\\MAMP\\htdocs\\proyecto\\api\\vendor\\illuminate\\container\\BoundMethod.php(31): Illuminate\\Container\\BoundMethod::callBoundMethod(Object(Laravel\\Lumen\\Application), Array, Object(Closure))
#28 C:\\MAMP\\htdocs\\proyecto\\api\\vendor\\illuminate\\container\\Container.php(572): Illuminate\\Container\\BoundMethod::call(Object(Laravel\\Lumen\\Application), Array, Array, NULL)
#29 C:\\MAMP\\htdocs\\proyecto\\api\\vendor\\illuminate\\console\\Command.php(183): Illuminate\\Container\\Container->call(Array)
#30 C:\\MAMP\\htdocs\\proyecto\\api\\vendor\\symfony\\console\\Command\\Command.php(255): Illuminate\\Console\\Command->execute(Object(Symfony\\Component\\Console\\Input\\ArgvInput), Object(Illuminate\\Console\\OutputStyle))
#31 C:\\MAMP\\htdocs\\proyecto\\api\\vendor\\illuminate\\console\\Command.php(170): Symfony\\Component\\Console\\Command\\Command->run(Object(Symfony\\Component\\Console\\Input\\ArgvInput), Object(Illuminate\\Console\\OutputStyle))
#32 C:\\MAMP\\htdocs\\proyecto\\api\\vendor\\symfony\\console\\Application.php(901): Illuminate\\Console\\Command->run(Object(Symfony\\Component\\Console\\Input\\ArgvInput), Object(Symfony\\Component\\Console\\Output\\ConsoleOutput))
#33 C:\\MAMP\\htdocs\\proyecto\\api\\vendor\\symfony\\console\\Application.php(262): Symfony\\Component\\Console\\Application->doRunCommand(Object(SwaggerLume\\Console\\GenerateDocsCommand), Object(Symfony\\Component\\Console\\Input\\ArgvInput), Object(Symfony\\Component\\Console\\Output\\ConsoleOutput))
#34 C:\\MAMP\\htdocs\\proyecto\\api\\vendor\\symfony\\console\\Application.php(145): Symfony\\Component\\Console\\Application->doRun(Object(Symfony\\Component\\Console\\Input\\ArgvInput), Object(Symfony\\Component\\Console\\Output\\ConsoleOutput))
#35 C:\\MAMP\\htdocs\\proyecto\\api\\vendor\\illuminate\\console\\Application.php(89): Symfony\\Component\\Console\\Application->run(Object(Symfony\\Component\\Console\\Input\\ArgvInput), Object(Symfony\\Component\\Console\\Output\\ConsoleOutput))
#36 C:\\MAMP\\htdocs\\proyecto\\api\\vendor\\laravel\\lumen-framework\\src\\Console\\Kernel.php(115): Illuminate\\Console\\Application->run(Object(Symfony\\Component\\Console\\Input\\ArgvInput), Object(Symfony\\Component\\Console\\Output\\ConsoleOutput))
#37 C:\\MAMP\\htdocs\\proyecto\\api\\artisan(35): Laravel\\Lumen\\Console\\Kernel->handle(Object(Symfony\\Component\\Console\\Input\\ArgvInput), Object(Symfony\\Component\\Console\\Output\\ConsoleOutput))
#38 {main}
"} 
[2019-01-15 18:02:31] local.ERROR: ErrorException: $ref "#/definitions/User/properties/id" not found for @OA\Items() in \App\Models\SharedResource->user_id in C:\MAMP\htdocs\proyecto\api/app\Models\SharedResource.php on line 26 in C:\MAMP\htdocs\proyecto\api\vendor\zircote\swagger-php\src\Logger.php:39
Stack trace:
#0 [internal function]: Laravel\Lumen\Application->Laravel\Lumen\Concerns\{closure}(1024, '$ref "#/definit...', 'C:\\MAMP\\htdocs\\...', 39, Array)
#1 C:\MAMP\htdocs\proyecto\api\vendor\zircote\swagger-php\src\Logger.php(39): trigger_error('$ref "#/definit...', 1024)
#2 [internal function]: OpenApi\Logger->OpenApi\{closure}('$ref "#/definit...', 1024)
#3 C:\MAMP\htdocs\proyecto\api\vendor\zircote\swagger-php\src\Logger.php(71): call_user_func(Object(Closure), '$ref "#/definit...', 1024)
#4 C:\MAMP\htdocs\proyecto\api\vendor\zircote\swagger-php\src\Annotations\AbstractAnnotation.php(403): OpenApi\Logger::notice('$ref "#/definit...')
#5 C:\MAMP\htdocs\proyecto\api\vendor\zircote\swagger-php\src\Annotations\Schema.php(380): OpenApi\Annotations\AbstractAnnotation->validate(Array, Array, '')
#6 C:\MAMP\htdocs\proyecto\api\vendor\zircote\swagger-php\src\Annotations\Items.php(48): OpenApi\Annotations\Schema->validate(Array, Array)
#7 C:\MAMP\htdocs\proyecto\api\vendor\zircote\swagger-php\src\Annotations\AbstractAnnotation.php(478): OpenApi\Annotations\Items->validate(Array, Array, '#/components/sc...')
#8 C:\MAMP\htdocs\proyecto\api\vendor\zircote\swagger-php\src\Annotations\AbstractAnnotation.php(448): OpenApi\Annotations\AbstractAnnotation::_validate(Object(OpenApi\Annotations\Property), Array, Array, '#/components/sc...')
#9 C:\MAMP\htdocs\proyecto\api\vendor\zircote\swagger-php\src\Annotations\Schema.php(380): OpenApi\Annotations\AbstractAnnotation->validate(Array, Array, '#/components/sc...')
#10 C:\MAMP\htdocs\proyecto\api\vendor\zircote\swagger-php\src\Annotations\AbstractAnnotation.php(478): OpenApi\Annotations\Schema->validate(Array, Array, '#/components/sc...')
#11 C:\MAMP\htdocs\proyecto\api\vendor\zircote\swagger-php\src\Annotations\AbstractAnnotation.php(484): OpenApi\Annotations\AbstractAnnotation::_validate(Array, Array, Array, '#/components/sc...')
#12 C:\MAMP\htdocs\proyecto\api\vendor\zircote\swagger-php\src\Annotations\AbstractAnnotation.php(448): OpenApi\Annotations\AbstractAnnotation::_validate(Object(OpenApi\Annotations\Schema), Array, Array, '#/components/sc...')
#13 C:\MAMP\htdocs\proyecto\api\vendor\zircote\swagger-php\src\Annotations\Schema.php(380): OpenApi\Annotations\AbstractAnnotation->validate(Array, Array, '#/components/sc...')
#14 C:\MAMP\htdocs\proyecto\api\vendor\zircote\swagger-php\src\Annotations\AbstractAnnotation.php(478): OpenApi\Annotations\Schema->validate(Array, Array, '#/components/sc...')
#15 C:\MAMP\htdocs\proyecto\api\vendor\zircote\swagger-php\src\Annotations\AbstractAnnotation.php(484): OpenApi\Annotations\AbstractAnnotation::_validate(Array, Array, Array, '#/components/sc...')
#16 C:\MAMP\htdocs\proyecto\api\vendor\zircote\swagger-php\src\Annotations\AbstractAnnotation.php(448): OpenApi\Annotations\AbstractAnnotation::_validate(Object(OpenApi\Annotations\Components), Array, Array, '#/components')
#17 C:\MAMP\htdocs\proyecto\api\vendor\zircote\swagger-php\src\Annotations\AbstractAnnotation.php(478): OpenApi\Annotations\AbstractAnnotation->validate(Array, Array, '#/components')
#18 C:\MAMP\htdocs\proyecto\api\vendor\zircote\swagger-php\src\Annotations\AbstractAnnotation.php(448): OpenApi\Annotations\AbstractAnnotation::_validate(Object(OpenApi\Annotations\OpenApi), Array, Array, '#')
#19 C:\MAMP\htdocs\proyecto\api\vendor\zircote\swagger-php\src\Annotations\OpenApi.php(135): OpenApi\Annotations\AbstractAnnotation->validate(Array, Array, '#')
#20 C:\MAMP\htdocs\proyecto\api\vendor\zircote\swagger-php\src\Analysis.php(422): OpenApi\Annotations\OpenApi->validate()
#21 C:\MAMP\htdocs\proyecto\api\vendor\zircote\swagger-php\src\functions.php(46): OpenApi\Analysis->validate()
#22 C:\MAMP\htdocs\proyecto\api\vendor\darkaonline\swagger-lume\src\Generator.php(25): OpenApi\scan('C:\\MAMP\\htdocs\\...', Array)
#23 C:\MAMP\htdocs\proyecto\api\vendor\darkaonline\swagger-lume\src\Console\GenerateDocsCommand.php(32): SwaggerLume\Generator::generateDocs()
#24 [internal function]: SwaggerLume\Console\GenerateDocsCommand->handle()
#25 C:\MAMP\htdocs\proyecto\api\vendor\illuminate\container\BoundMethod.php(29): call_user_func_array(Array, Array)
#26 C:\MAMP\htdocs\proyecto\api\vendor\illuminate\container\BoundMethod.php(87): Illuminate\Container\BoundMethod::Illuminate\Container\{closure}()
#27 C:\MAMP\htdocs\proyecto\api\vendor\illuminate\container\BoundMethod.php(31): Illuminate\Container\BoundMethod::callBoundMethod(Object(Laravel\Lumen\Application), Array, Object(Closure))
#28 C:\MAMP\htdocs\proyecto\api\vendor\illuminate\container\Container.php(572): Illuminate\Container\BoundMethod::call(Object(Laravel\Lumen\Application), Array, Array, NULL)
#29 C:\MAMP\htdocs\proyecto\api\vendor\illuminate\console\Command.php(183): Illuminate\Container\Container->call(Array)
#30 C:\MAMP\htdocs\proyecto\api\vendor\symfony\console\Command\Command.php(255): Illuminate\Console\Command->execute(Object(Symfony\Component\Console\Input\ArgvInput), Object(Illuminate\Console\OutputStyle))
#31 C:\MAMP\htdocs\proyecto\api\vendor\illuminate\console\Command.php(170): Symfony\Component\Console\Command\Command->run(Object(Symfony\Component\Console\Input\ArgvInput), Object(Illuminate\Console\OutputStyle))
#32 C:\MAMP\htdocs\proyecto\api\vendor\symfony\console\Application.php(901): Illuminate\Console\Command->run(Object(Symfony\Component\Console\Input\ArgvInput), Object(Symfony\Component\Console\Output\ConsoleOutput))
#33 C:\MAMP\htdocs\proyecto\api\vendor\symfony\console\Application.php(262): Symfony\Component\Console\Application->doRunCommand(Object(SwaggerLume\Console\GenerateDocsCommand), Object(Symfony\Component\Console\Input\ArgvInput), Object(Symfony\Component\Console\Output\ConsoleOutput))
#34 C:\MAMP\htdocs\proyecto\api\vendor\symfony\console\Application.php(145): Symfony\Component\Console\Application->doRun(Object(Symfony\Component\Console\Input\ArgvInput), Object(Symfony\Component\Console\Output\ConsoleOutput))
#35 C:\MAMP\htdocs\proyecto\api\vendor\illuminate\console\Application.php(89): Symfony\Component\Console\Application->run(Object(Symfony\Component\Console\Input\ArgvInput), Object(Symfony\Component\Console\Output\ConsoleOutput))
#36 C:\MAMP\htdocs\proyecto\api\vendor\laravel\lumen-framework\src\Console\Kernel.php(115): Illuminate\Console\Application->run(Object(Symfony\Component\Console\Input\ArgvInput), Object(Symfony\Component\Console\Output\ConsoleOutput))
#37 C:\MAMP\htdocs\proyecto\api\artisan(35): Laravel\Lumen\Console\Kernel->handle(Object(Symfony\Component\Console\Input\ArgvInput), Object(Symfony\Component\Console\Output\ConsoleOutput))
#38 {main} {"exception":"[object] (ErrorException(code: 0): $ref \"#/definitions/User/properties/id\" not found for @OA\\Items() in \\App\\Models\\SharedResource->user_id in C:\\MAMP\\htdocs\\proyecto\\api/app\\Models\\SharedResource.php on line 26 at C:\\MAMP\\htdocs\\proyecto\\api\\vendor\\zircote\\swagger-php\\src\\Logger.php:39)
[stacktrace]
#0 [internal function]: Laravel\\Lumen\\Application->Laravel\\Lumen\\Concerns\\{closure}(1024, '$ref \"#/definit...', 'C:\\\\MAMP\\\\htdocs\\\\...', 39, Array)
#1 C:\\MAMP\\htdocs\\proyecto\\api\\vendor\\zircote\\swagger-php\\src\\Logger.php(39): trigger_error('$ref \"#/definit...', 1024)
#2 [internal function]: OpenApi\\Logger->OpenApi\\{closure}('$ref \"#/definit...', 1024)
#3 C:\\MAMP\\htdocs\\proyecto\\api\\vendor\\zircote\\swagger-php\\src\\Logger.php(71): call_user_func(Object(Closure), '$ref \"#/definit...', 1024)
#4 C:\\MAMP\\htdocs\\proyecto\\api\\vendor\\zircote\\swagger-php\\src\\Annotations\\AbstractAnnotation.php(403): OpenApi\\Logger::notice('$ref \"#/definit...')
#5 C:\\MAMP\\htdocs\\proyecto\\api\\vendor\\zircote\\swagger-php\\src\\Annotations\\Schema.php(380): OpenApi\\Annotations\\AbstractAnnotation->validate(Array, Array, '')
#6 C:\\MAMP\\htdocs\\proyecto\\api\\vendor\\zircote\\swagger-php\\src\\Annotations\\Items.php(48): OpenApi\\Annotations\\Schema->validate(Array, Array)
#7 C:\\MAMP\\htdocs\\proyecto\\api\\vendor\\zircote\\swagger-php\\src\\Annotations\\AbstractAnnotation.php(478): OpenApi\\Annotations\\Items->validate(Array, Array, '#/components/sc...')
#8 C:\\MAMP\\htdocs\\proyecto\\api\\vendor\\zircote\\swagger-php\\src\\Annotations\\AbstractAnnotation.php(448): OpenApi\\Annotations\\AbstractAnnotation::_validate(Object(OpenApi\\Annotations\\Property), Array, Array, '#/components/sc...')
#9 C:\\MAMP\\htdocs\\proyecto\\api\\vendor\\zircote\\swagger-php\\src\\Annotations\\Schema.php(380): OpenApi\\Annotations\\AbstractAnnotation->validate(Array, Array, '#/components/sc...')
#10 C:\\MAMP\\htdocs\\proyecto\\api\\vendor\\zircote\\swagger-php\\src\\Annotations\\AbstractAnnotation.php(478): OpenApi\\Annotations\\Schema->validate(Array, Array, '#/components/sc...')
#11 C:\\MAMP\\htdocs\\proyecto\\api\\vendor\\zircote\\swagger-php\\src\\Annotations\\AbstractAnnotation.php(484): OpenApi\\Annotations\\AbstractAnnotation::_validate(Array, Array, Array, '#/components/sc...')
#12 C:\\MAMP\\htdocs\\proyecto\\api\\vendor\\zircote\\swagger-php\\src\\Annotations\\AbstractAnnotation.php(448): OpenApi\\Annotations\\AbstractAnnotation::_validate(Object(OpenApi\\Annotations\\Schema), Array, Array, '#/components/sc...')
#13 C:\\MAMP\\htdocs\\proyecto\\api\\vendor\\zircote\\swagger-php\\src\\Annotations\\Schema.php(380): OpenApi\\Annotations\\AbstractAnnotation->validate(Array, Array, '#/components/sc...')
#14 C:\\MAMP\\htdocs\\proyecto\\api\\vendor\\zircote\\swagger-php\\src\\Annotations\\AbstractAnnotation.php(478): OpenApi\\Annotations\\Schema->validate(Array, Array, '#/components/sc...')
#15 C:\\MAMP\\htdocs\\proyecto\\api\\vendor\\zircote\\swagger-php\\src\\Annotations\\AbstractAnnotation.php(484): OpenApi\\Annotations\\AbstractAnnotation::_validate(Array, Array, Array, '#/components/sc...')
#16 C:\\MAMP\\htdocs\\proyecto\\api\\vendor\\zircote\\swagger-php\\src\\Annotations\\AbstractAnnotation.php(448): OpenApi\\Annotations\\AbstractAnnotation::_validate(Object(OpenApi\\Annotations\\Components), Array, Array, '#/components')
#17 C:\\MAMP\\htdocs\\proyecto\\api\\vendor\\zircote\\swagger-php\\src\\Annotations\\AbstractAnnotation.php(478): OpenApi\\Annotations\\AbstractAnnotation->validate(Array, Array, '#/components')
#18 C:\\MAMP\\htdocs\\proyecto\\api\\vendor\\zircote\\swagger-php\\src\\Annotations\\AbstractAnnotation.php(448): OpenApi\\Annotations\\AbstractAnnotation::_validate(Object(OpenApi\\Annotations\\OpenApi), Array, Array, '#')
#19 C:\\MAMP\\htdocs\\proyecto\\api\\vendor\\zircote\\swagger-php\\src\\Annotations\\OpenApi.php(135): OpenApi\\Annotations\\AbstractAnnotation->validate(Array, Array, '#')
#20 C:\\MAMP\\htdocs\\proyecto\\api\\vendor\\zircote\\swagger-php\\src\\Analysis.php(422): OpenApi\\Annotations\\OpenApi->validate()
#21 C:\\MAMP\\htdocs\\proyecto\\api\\vendor\\zircote\\swagger-php\\src\\functions.php(46): OpenApi\\Analysis->validate()
#22 C:\\MAMP\\htdocs\\proyecto\\api\\vendor\\darkaonline\\swagger-lume\\src\\Generator.php(25): OpenApi\\scan('C:\\\\MAMP\\\\htdocs\\\\...', Array)
#23 C:\\MAMP\\htdocs\\proyecto\\api\\vendor\\darkaonline\\swagger-lume\\src\\Console\\GenerateDocsCommand.php(32): SwaggerLume\\Generator::generateDocs()
#24 [internal function]: SwaggerLume\\Console\\GenerateDocsCommand->handle()
#25 C:\\MAMP\\htdocs\\proyecto\\api\\vendor\\illuminate\\container\\BoundMethod.php(29): call_user_func_array(Array, Array)
#26 C:\\MAMP\\htdocs\\proyecto\\api\\vendor\\illuminate\\container\\BoundMethod.php(87): Illuminate\\Container\\BoundMethod::Illuminate\\Container\\{closure}()
#27 C:\\MAMP\\htdocs\\proyecto\\api\\vendor\\illuminate\\container\\BoundMethod.php(31): Illuminate\\Container\\BoundMethod::callBoundMethod(Object(Laravel\\Lumen\\Application), Array, Object(Closure))
#28 C:\\MAMP\\htdocs\\proyecto\\api\\vendor\\illuminate\\container\\Container.php(572): Illuminate\\Container\\BoundMethod::call(Object(Laravel\\Lumen\\Application), Array, Array, NULL)
#29 C:\\MAMP\\htdocs\\proyecto\\api\\vendor\\illuminate\\console\\Command.php(183): Illuminate\\Container\\Container->call(Array)
#30 C:\\MAMP\\htdocs\\proyecto\\api\\vendor\\symfony\\console\\Command\\Command.php(255): Illuminate\\Console\\Command->execute(Object(Symfony\\Component\\Console\\Input\\ArgvInput), Object(Illuminate\\Console\\OutputStyle))
#31 C:\\MAMP\\htdocs\\proyecto\\api\\vendor\\illuminate\\console\\Command.php(170): Symfony\\Component\\Console\\Command\\Command->run(Object(Symfony\\Component\\Console\\Input\\ArgvInput), Object(Illuminate\\Console\\OutputStyle))
#32 C:\\MAMP\\htdocs\\proyecto\\api\\vendor\\symfony\\console\\Application.php(901): Illuminate\\Console\\Command->run(Object(Symfony\\Component\\Console\\Input\\ArgvInput), Object(Symfony\\Component\\Console\\Output\\ConsoleOutput))
#33 C:\\MAMP\\htdocs\\proyecto\\api\\vendor\\symfony\\console\\Application.php(262): Symfony\\Component\\Console\\Application->doRunCommand(Object(SwaggerLume\\Console\\GenerateDocsCommand), Object(Symfony\\Component\\Console\\Input\\ArgvInput), Object(Symfony\\Component\\Console\\Output\\ConsoleOutput))
#34 C:\\MAMP\\htdocs\\proyecto\\api\\vendor\\symfony\\console\\Application.php(145): Symfony\\Component\\Console\\Application->doRun(Object(Symfony\\Component\\Console\\Input\\ArgvInput), Object(Symfony\\Component\\Console\\Output\\ConsoleOutput))
#35 C:\\MAMP\\htdocs\\proyecto\\api\\vendor\\illuminate\\console\\Application.php(89): Symfony\\Component\\Console\\Application->run(Object(Symfony\\Component\\Console\\Input\\ArgvInput), Object(Symfony\\Component\\Console\\Output\\ConsoleOutput))
#36 C:\\MAMP\\htdocs\\proyecto\\api\\vendor\\laravel\\lumen-framework\\src\\Console\\Kernel.php(115): Illuminate\\Console\\Application->run(Object(Symfony\\Component\\Console\\Input\\ArgvInput), Object(Symfony\\Component\\Console\\Output\\ConsoleOutput))
#37 C:\\MAMP\\htdocs\\proyecto\\api\\artisan(35): Laravel\\Lumen\\Console\\Kernel->handle(Object(Symfony\\Component\\Console\\Input\\ArgvInput), Object(Symfony\\Component\\Console\\Output\\ConsoleOutput))
#38 {main}
"} 
[2019-01-15 18:03:20] local.ERROR: ErrorException: $ref "#/components/schemas/OrchestratorRoom/properties/id" not found for @OA\Items() in \App\Models\SharedResource->orchestrator_room_id in C:\MAMP\htdocs\proyecto\api/app\Models\SharedResource.php on line 38 in C:\MAMP\htdocs\proyecto\api\vendor\zircote\swagger-php\src\Logger.php:39
Stack trace:
#0 [internal function]: Laravel\Lumen\Application->Laravel\Lumen\Concerns\{closure}(1024, '$ref "#/compone...', 'C:\\MAMP\\htdocs\\...', 39, Array)
#1 C:\MAMP\htdocs\proyecto\api\vendor\zircote\swagger-php\src\Logger.php(39): trigger_error('$ref "#/compone...', 1024)
#2 [internal function]: OpenApi\Logger->OpenApi\{closure}('$ref "#/compone...', 1024)
#3 C:\MAMP\htdocs\proyecto\api\vendor\zircote\swagger-php\src\Logger.php(71): call_user_func(Object(Closure), '$ref "#/compone...', 1024)
#4 C:\MAMP\htdocs\proyecto\api\vendor\zircote\swagger-php\src\Annotations\AbstractAnnotation.php(403): OpenApi\Logger::notice('$ref "#/compone...')
#5 C:\MAMP\htdocs\proyecto\api\vendor\zircote\swagger-php\src\Annotations\Schema.php(380): OpenApi\Annotations\AbstractAnnotation->validate(Array, Array, '')
#6 C:\MAMP\htdocs\proyecto\api\vendor\zircote\swagger-php\src\Annotations\Items.php(48): OpenApi\Annotations\Schema->validate(Array, Array)
#7 C:\MAMP\htdocs\proyecto\api\vendor\zircote\swagger-php\src\Annotations\AbstractAnnotation.php(478): OpenApi\Annotations\Items->validate(Array, Array, '#/components/sc...')
#8 C:\MAMP\htdocs\proyecto\api\vendor\zircote\swagger-php\src\Annotations\AbstractAnnotation.php(448): OpenApi\Annotations\AbstractAnnotation::_validate(Object(OpenApi\Annotations\Property), Array, Array, '#/components/sc...')
#9 C:\MAMP\htdocs\proyecto\api\vendor\zircote\swagger-php\src\Annotations\Schema.php(380): OpenApi\Annotations\AbstractAnnotation->validate(Array, Array, '#/components/sc...')
#10 C:\MAMP\htdocs\proyecto\api\vendor\zircote\swagger-php\src\Annotations\AbstractAnnotation.php(478): OpenApi\Annotations\Schema->validate(Array, Array, '#/components/sc...')
#11 C:\MAMP\htdocs\proyecto\api\vendor\zircote\swagger-php\src\Annotations\AbstractAnnotation.php(484): OpenApi\Annotations\AbstractAnnotation::_validate(Array, Array, Array, '#/components/sc...')
#12 C:\MAMP\htdocs\proyecto\api\vendor\zircote\swagger-php\src\Annotations\AbstractAnnotation.php(448): OpenApi\Annotations\AbstractAnnotation::_validate(Object(OpenApi\Annotations\Schema), Array, Array, '#/components/sc...')
#13 C:\MAMP\htdocs\proyecto\api\vendor\zircote\swagger-php\src\Annotations\Schema.php(380): OpenApi\Annotations\AbstractAnnotation->validate(Array, Array, '#/components/sc...')
#14 C:\MAMP\htdocs\proyecto\api\vendor\zircote\swagger-php\src\Annotations\AbstractAnnotation.php(478): OpenApi\Annotations\Schema->validate(Array, Array, '#/components/sc...')
#15 C:\MAMP\htdocs\proyecto\api\vendor\zircote\swagger-php\src\Annotations\AbstractAnnotation.php(484): OpenApi\Annotations\AbstractAnnotation::_validate(Array, Array, Array, '#/components/sc...')
#16 C:\MAMP\htdocs\proyecto\api\vendor\zircote\swagger-php\src\Annotations\AbstractAnnotation.php(448): OpenApi\Annotations\AbstractAnnotation::_validate(Object(OpenApi\Annotations\Components), Array, Array, '#/components')
#17 C:\MAMP\htdocs\proyecto\api\vendor\zircote\swagger-php\src\Annotations\AbstractAnnotation.php(478): OpenApi\Annotations\AbstractAnnotation->validate(Array, Array, '#/components')
#18 C:\MAMP\htdocs\proyecto\api\vendor\zircote\swagger-php\src\Annotations\AbstractAnnotation.php(448): OpenApi\Annotations\AbstractAnnotation::_validate(Object(OpenApi\Annotations\OpenApi), Array, Array, '#')
#19 C:\MAMP\htdocs\proyecto\api\vendor\zircote\swagger-php\src\Annotations\OpenApi.php(135): OpenApi\Annotations\AbstractAnnotation->validate(Array, Array, '#')
#20 C:\MAMP\htdocs\proyecto\api\vendor\zircote\swagger-php\src\Analysis.php(422): OpenApi\Annotations\OpenApi->validate()
#21 C:\MAMP\htdocs\proyecto\api\vendor\zircote\swagger-php\src\functions.php(46): OpenApi\Analysis->validate()
#22 C:\MAMP\htdocs\proyecto\api\vendor\darkaonline\swagger-lume\src\Generator.php(25): OpenApi\scan('C:\\MAMP\\htdocs\\...', Array)
#23 C:\MAMP\htdocs\proyecto\api\vendor\darkaonline\swagger-lume\src\Console\GenerateDocsCommand.php(32): SwaggerLume\Generator::generateDocs()
#24 [internal function]: SwaggerLume\Console\GenerateDocsCommand->handle()
#25 C:\MAMP\htdocs\proyecto\api\vendor\illuminate\container\BoundMethod.php(29): call_user_func_array(Array, Array)
#26 C:\MAMP\htdocs\proyecto\api\vendor\illuminate\container\BoundMethod.php(87): Illuminate\Container\BoundMethod::Illuminate\Container\{closure}()
#27 C:\MAMP\htdocs\proyecto\api\vendor\illuminate\container\BoundMethod.php(31): Illuminate\Container\BoundMethod::callBoundMethod(Object(Laravel\Lumen\Application), Array, Object(Closure))
#28 C:\MAMP\htdocs\proyecto\api\vendor\illuminate\container\Container.php(572): Illuminate\Container\BoundMethod::call(Object(Laravel\Lumen\Application), Array, Array, NULL)
#29 C:\MAMP\htdocs\proyecto\api\vendor\illuminate\console\Command.php(183): Illuminate\Container\Container->call(Array)
#30 C:\MAMP\htdocs\proyecto\api\vendor\symfony\console\Command\Command.php(255): Illuminate\Console\Command->execute(Object(Symfony\Component\Console\Input\ArgvInput), Object(Illuminate\Console\OutputStyle))
#31 C:\MAMP\htdocs\proyecto\api\vendor\illuminate\console\Command.php(170): Symfony\Component\Console\Command\Command->run(Object(Symfony\Component\Console\Input\ArgvInput), Object(Illuminate\Console\OutputStyle))
#32 C:\MAMP\htdocs\proyecto\api\vendor\symfony\console\Application.php(901): Illuminate\Console\Command->run(Object(Symfony\Component\Console\Input\ArgvInput), Object(Symfony\Component\Console\Output\ConsoleOutput))
#33 C:\MAMP\htdocs\proyecto\api\vendor\symfony\console\Application.php(262): Symfony\Component\Console\Application->doRunCommand(Object(SwaggerLume\Console\GenerateDocsCommand), Object(Symfony\Component\Console\Input\ArgvInput), Object(Symfony\Component\Console\Output\ConsoleOutput))
#34 C:\MAMP\htdocs\proyecto\api\vendor\symfony\console\Application.php(145): Symfony\Component\Console\Application->doRun(Object(Symfony\Component\Console\Input\ArgvInput), Object(Symfony\Component\Console\Output\ConsoleOutput))
#35 C:\MAMP\htdocs\proyecto\api\vendor\illuminate\console\Application.php(89): Symfony\Component\Console\Application->run(Object(Symfony\Component\Console\Input\ArgvInput), Object(Symfony\Component\Console\Output\ConsoleOutput))
#36 C:\MAMP\htdocs\proyecto\api\vendor\laravel\lumen-framework\src\Console\Kernel.php(115): Illuminate\Console\Application->run(Object(Symfony\Component\Console\Input\ArgvInput), Object(Symfony\Component\Console\Output\ConsoleOutput))
#37 C:\MAMP\htdocs\proyecto\api\artisan(35): Laravel\Lumen\Console\Kernel->handle(Object(Symfony\Component\Console\Input\ArgvInput), Object(Symfony\Component\Console\Output\ConsoleOutput))
#38 {main} {"exception":"[object] (ErrorException(code: 0): $ref \"#/components/schemas/OrchestratorRoom/properties/id\" not found for @OA\\Items() in \\App\\Models\\SharedResource->orchestrator_room_id in C:\\MAMP\\htdocs\\proyecto\\api/app\\Models\\SharedResource.php on line 38 at C:\\MAMP\\htdocs\\proyecto\\api\\vendor\\zircote\\swagger-php\\src\\Logger.php:39)
[stacktrace]
#0 [internal function]: Laravel\\Lumen\\Application->Laravel\\Lumen\\Concerns\\{closure}(1024, '$ref \"#/compone...', 'C:\\\\MAMP\\\\htdocs\\\\...', 39, Array)
#1 C:\\MAMP\\htdocs\\proyecto\\api\\vendor\\zircote\\swagger-php\\src\\Logger.php(39): trigger_error('$ref \"#/compone...', 1024)
#2 [internal function]: OpenApi\\Logger->OpenApi\\{closure}('$ref \"#/compone...', 1024)
#3 C:\\MAMP\\htdocs\\proyecto\\api\\vendor\\zircote\\swagger-php\\src\\Logger.php(71): call_user_func(Object(Closure), '$ref \"#/compone...', 1024)
#4 C:\\MAMP\\htdocs\\proyecto\\api\\vendor\\zircote\\swagger-php\\src\\Annotations\\AbstractAnnotation.php(403): OpenApi\\Logger::notice('$ref \"#/compone...')
#5 C:\\MAMP\\htdocs\\proyecto\\api\\vendor\\zircote\\swagger-php\\src\\Annotations\\Schema.php(380): OpenApi\\Annotations\\AbstractAnnotation->validate(Array, Array, '')
#6 C:\\MAMP\\htdocs\\proyecto\\api\\vendor\\zircote\\swagger-php\\src\\Annotations\\Items.php(48): OpenApi\\Annotations\\Schema->validate(Array, Array)
#7 C:\\MAMP\\htdocs\\proyecto\\api\\vendor\\zircote\\swagger-php\\src\\Annotations\\AbstractAnnotation.php(478): OpenApi\\Annotations\\Items->validate(Array, Array, '#/components/sc...')
#8 C:\\MAMP\\htdocs\\proyecto\\api\\vendor\\zircote\\swagger-php\\src\\Annotations\\AbstractAnnotation.php(448): OpenApi\\Annotations\\AbstractAnnotation::_validate(Object(OpenApi\\Annotations\\Property), Array, Array, '#/components/sc...')
#9 C:\\MAMP\\htdocs\\proyecto\\api\\vendor\\zircote\\swagger-php\\src\\Annotations\\Schema.php(380): OpenApi\\Annotations\\AbstractAnnotation->validate(Array, Array, '#/components/sc...')
#10 C:\\MAMP\\htdocs\\proyecto\\api\\vendor\\zircote\\swagger-php\\src\\Annotations\\AbstractAnnotation.php(478): OpenApi\\Annotations\\Schema->validate(Array, Array, '#/components/sc...')
#11 C:\\MAMP\\htdocs\\proyecto\\api\\vendor\\zircote\\swagger-php\\src\\Annotations\\AbstractAnnotation.php(484): OpenApi\\Annotations\\AbstractAnnotation::_validate(Array, Array, Array, '#/components/sc...')
#12 C:\\MAMP\\htdocs\\proyecto\\api\\vendor\\zircote\\swagger-php\\src\\Annotations\\AbstractAnnotation.php(448): OpenApi\\Annotations\\AbstractAnnotation::_validate(Object(OpenApi\\Annotations\\Schema), Array, Array, '#/components/sc...')
#13 C:\\MAMP\\htdocs\\proyecto\\api\\vendor\\zircote\\swagger-php\\src\\Annotations\\Schema.php(380): OpenApi\\Annotations\\AbstractAnnotation->validate(Array, Array, '#/components/sc...')
#14 C:\\MAMP\\htdocs\\proyecto\\api\\vendor\\zircote\\swagger-php\\src\\Annotations\\AbstractAnnotation.php(478): OpenApi\\Annotations\\Schema->validate(Array, Array, '#/components/sc...')
#15 C:\\MAMP\\htdocs\\proyecto\\api\\vendor\\zircote\\swagger-php\\src\\Annotations\\AbstractAnnotation.php(484): OpenApi\\Annotations\\AbstractAnnotation::_validate(Array, Array, Array, '#/components/sc...')
#16 C:\\MAMP\\htdocs\\proyecto\\api\\vendor\\zircote\\swagger-php\\src\\Annotations\\AbstractAnnotation.php(448): OpenApi\\Annotations\\AbstractAnnotation::_validate(Object(OpenApi\\Annotations\\Components), Array, Array, '#/components')
#17 C:\\MAMP\\htdocs\\proyecto\\api\\vendor\\zircote\\swagger-php\\src\\Annotations\\AbstractAnnotation.php(478): OpenApi\\Annotations\\AbstractAnnotation->validate(Array, Array, '#/components')
#18 C:\\MAMP\\htdocs\\proyecto\\api\\vendor\\zircote\\swagger-php\\src\\Annotations\\AbstractAnnotation.php(448): OpenApi\\Annotations\\AbstractAnnotation::_validate(Object(OpenApi\\Annotations\\OpenApi), Array, Array, '#')
#19 C:\\MAMP\\htdocs\\proyecto\\api\\vendor\\zircote\\swagger-php\\src\\Annotations\\OpenApi.php(135): OpenApi\\Annotations\\AbstractAnnotation->validate(Array, Array, '#')
#20 C:\\MAMP\\htdocs\\proyecto\\api\\vendor\\zircote\\swagger-php\\src\\Analysis.php(422): OpenApi\\Annotations\\OpenApi->validate()
#21 C:\\MAMP\\htdocs\\proyecto\\api\\vendor\\zircote\\swagger-php\\src\\functions.php(46): OpenApi\\Analysis->validate()
#22 C:\\MAMP\\htdocs\\proyecto\\api\\vendor\\darkaonline\\swagger-lume\\src\\Generator.php(25): OpenApi\\scan('C:\\\\MAMP\\\\htdocs\\\\...', Array)
#23 C:\\MAMP\\htdocs\\proyecto\\api\\vendor\\darkaonline\\swagger-lume\\src\\Console\\GenerateDocsCommand.php(32): SwaggerLume\\Generator::generateDocs()
#24 [internal function]: SwaggerLume\\Console\\GenerateDocsCommand->handle()
#25 C:\\MAMP\\htdocs\\proyecto\\api\\vendor\\illuminate\\container\\BoundMethod.php(29): call_user_func_array(Array, Array)
#26 C:\\MAMP\\htdocs\\proyecto\\api\\vendor\\illuminate\\container\\BoundMethod.php(87): Illuminate\\Container\\BoundMethod::Illuminate\\Container\\{closure}()
#27 C:\\MAMP\\htdocs\\proyecto\\api\\vendor\\illuminate\\container\\BoundMethod.php(31): Illuminate\\Container\\BoundMethod::callBoundMethod(Object(Laravel\\Lumen\\Application), Array, Object(Closure))
#28 C:\\MAMP\\htdocs\\proyecto\\api\\vendor\\illuminate\\container\\Container.php(572): Illuminate\\Container\\BoundMethod::call(Object(Laravel\\Lumen\\Application), Array, Array, NULL)
#29 C:\\MAMP\\htdocs\\proyecto\\api\\vendor\\illuminate\\console\\Command.php(183): Illuminate\\Container\\Container->call(Array)
#30 C:\\MAMP\\htdocs\\proyecto\\api\\vendor\\symfony\\console\\Command\\Command.php(255): Illuminate\\Console\\Command->execute(Object(Symfony\\Component\\Console\\Input\\ArgvInput), Object(Illuminate\\Console\\OutputStyle))
#31 C:\\MAMP\\htdocs\\proyecto\\api\\vendor\\illuminate\\console\\Command.php(170): Symfony\\Component\\Console\\Command\\Command->run(Object(Symfony\\Component\\Console\\Input\\ArgvInput), Object(Illuminate\\Console\\OutputStyle))
#32 C:\\MAMP\\htdocs\\proyecto\\api\\vendor\\symfony\\console\\Application.php(901): Illuminate\\Console\\Command->run(Object(Symfony\\Component\\Console\\Input\\ArgvInput), Object(Symfony\\Component\\Console\\Output\\ConsoleOutput))
#33 C:\\MAMP\\htdocs\\proyecto\\api\\vendor\\symfony\\console\\Application.php(262): Symfony\\Component\\Console\\Application->doRunCommand(Object(SwaggerLume\\Console\\GenerateDocsCommand), Object(Symfony\\Component\\Console\\Input\\ArgvInput), Object(Symfony\\Component\\Console\\Output\\ConsoleOutput))
#34 C:\\MAMP\\htdocs\\proyecto\\api\\vendor\\symfony\\console\\Application.php(145): Symfony\\Component\\Console\\Application->doRun(Object(Symfony\\Component\\Console\\Input\\ArgvInput), Object(Symfony\\Component\\Console\\Output\\ConsoleOutput))
#35 C:\\MAMP\\htdocs\\proyecto\\api\\vendor\\illuminate\\console\\Application.php(89): Symfony\\Component\\Console\\Application->run(Object(Symfony\\Component\\Console\\Input\\ArgvInput), Object(Symfony\\Component\\Console\\Output\\ConsoleOutput))
#36 C:\\MAMP\\htdocs\\proyecto\\api\\vendor\\laravel\\lumen-framework\\src\\Console\\Kernel.php(115): Illuminate\\Console\\Application->run(Object(Symfony\\Component\\Console\\Input\\ArgvInput), Object(Symfony\\Component\\Console\\Output\\ConsoleOutput))
#37 C:\\MAMP\\htdocs\\proyecto\\api\\artisan(35): Laravel\\Lumen\\Console\\Kernel->handle(Object(Symfony\\Component\\Console\\Input\\ArgvInput), Object(Symfony\\Component\\Console\\Output\\ConsoleOutput))
#38 {main}
"} 
[2019-01-15 18:06:26] local.ERROR: Symfony\Component\Debug\Exception\FatalErrorException: Cannot use Illuminate\Http\Request as Request because the name is already in use in C:\MAMP\htdocs\proyecto\api\app\Http\Controllers\UsersController.php:14
Stack trace:
#0 C:\MAMP\htdocs\proyecto\api\vendor\laravel\lumen-framework\src\Concerns\RegistersExceptionHandlers.php(54): Laravel\Lumen\Application->handleShutdown()
#1 [internal function]: Laravel\Lumen\Application->Laravel\Lumen\Concerns\{closure}()
#2 {main} {"exception":"[object] (Symfony\\Component\\Debug\\Exception\\FatalErrorException(code: 64): Cannot use Illuminate\\Http\\Request as Request because the name is already in use at C:\\MAMP\\htdocs\\proyecto\\api\\app\\Http\\Controllers\\UsersController.php:14)
[stacktrace]
#0 C:\\MAMP\\htdocs\\proyecto\\api\\vendor\\laravel\\lumen-framework\\src\\Concerns\\RegistersExceptionHandlers.php(54): Laravel\\Lumen\\Application->handleShutdown()
#1 [internal function]: Laravel\\Lumen\\Application->Laravel\\Lumen\\Concerns\\{closure}()
#2 {main}
"} 
[2019-01-15 18:06:47] local.ERROR: Symfony\Component\Debug\Exception\FatalErrorException: Cannot use Illuminate\Http\Request as Request because the name is already in use in C:\MAMP\htdocs\proyecto\api\app\Http\Controllers\UsersController.php:14
Stack trace:
#0 C:\MAMP\htdocs\proyecto\api\vendor\laravel\lumen-framework\src\Concerns\RegistersExceptionHandlers.php(54): Laravel\Lumen\Application->handleShutdown()
#1 [internal function]: Laravel\Lumen\Application->Laravel\Lumen\Concerns\{closure}()
#2 {main} {"exception":"[object] (Symfony\\Component\\Debug\\Exception\\FatalErrorException(code: 64): Cannot use Illuminate\\Http\\Request as Request because the name is already in use at C:\\MAMP\\htdocs\\proyecto\\api\\app\\Http\\Controllers\\UsersController.php:14)
[stacktrace]
#0 C:\\MAMP\\htdocs\\proyecto\\api\\vendor\\laravel\\lumen-framework\\src\\Concerns\\RegistersExceptionHandlers.php(54): Laravel\\Lumen\\Application->handleShutdown()
#1 [internal function]: Laravel\\Lumen\\Application->Laravel\\Lumen\\Concerns\\{closure}()
#2 {main}
"} 
[2019-01-15 18:24:03] local.ERROR: ErrorException: Undefined variable: name in C:\MAMP\htdocs\proyecto\api\storage\framework\views\126bcc0bf8f6b5d33f7311691f6a3c6e1ae03fd8.php:38
Stack trace:
#0 C:\MAMP\htdocs\proyecto\api\storage\framework\views\126bcc0bf8f6b5d33f7311691f6a3c6e1ae03fd8.php(38): Laravel\Lumen\Application->Laravel\Lumen\Concerns\{closure}(8, 'Undefined varia...', 'C:\\MAMP\\htdocs\\...', 38, Array)
#1 C:\MAMP\htdocs\proyecto\api\vendor\illuminate\view\Engines\PhpEngine.php(43): include('C:\\MAMP\\htdocs\\...')
#2 C:\MAMP\htdocs\proyecto\api\vendor\illuminate\view\Engines\CompilerEngine.php(59): Illuminate\View\Engines\PhpEngine->evaluatePath('C:\\MAMP\\htdocs\\...', Array)
#3 C:\MAMP\htdocs\proyecto\api\vendor\illuminate\view\View.php(142): Illuminate\View\Engines\CompilerEngine->get('C:\\MAMP\\htdocs\\...', Array)
#4 C:\MAMP\htdocs\proyecto\api\vendor\illuminate\view\View.php(125): Illuminate\View\View->getContents()
#5 C:\MAMP\htdocs\proyecto\api\vendor\illuminate\view\View.php(90): Illuminate\View\View->renderContents()
#6 C:\MAMP\htdocs\proyecto\api\vendor\illuminate\http\Response.php(42): Illuminate\View\View->render()
#7 C:\MAMP\htdocs\proyecto\api\vendor\symfony\http-foundation\Response.php(202): Illuminate\Http\Response->setContent(Object(Illuminate\View\View))
#8 C:\MAMP\htdocs\proyecto\api\vendor\laravel\lumen-framework\src\Concerns\RoutesRequests.php(438): Symfony\Component\HttpFoundation\Response->__construct(Object(Illuminate\View\View))
#9 C:\MAMP\htdocs\proyecto\api\vendor\laravel\lumen-framework\src\Concerns\RoutesRequests.php(291): Laravel\Lumen\Application->prepareResponse(Object(Illuminate\View\View))
#10 C:\MAMP\htdocs\proyecto\api\vendor\laravel\lumen-framework\src\Concerns\RoutesRequests.php(265): Laravel\Lumen\Application->callActionOnArrayBasedRoute(Array)
#11 C:\MAMP\htdocs\proyecto\api\vendor\laravel\lumen-framework\src\Concerns\RoutesRequests.php(165): Laravel\Lumen\Application->handleFoundRoute(Array)
#12 [internal function]: Laravel\Lumen\Application->Laravel\Lumen\Concerns\{closure}(Object(Laravel\Lumen\Http\Request))
#13 C:\MAMP\htdocs\proyecto\api\vendor\laravel\lumen-framework\src\Routing\Pipeline.php(52): call_user_func(Object(Closure), Object(Laravel\Lumen\Http\Request))
#14 C:\MAMP\htdocs\proyecto\api\app\Http\Middleware\CorsMiddleware.php(8): Laravel\Lumen\Routing\Pipeline->Laravel\Lumen\Routing\{closure}(Object(Laravel\Lumen\Http\Request))
#15 C:\MAMP\htdocs\proyecto\api\vendor\illuminate\pipeline\Pipeline.php(151): App\Http\Middleware\CorsMiddleware->handle(Object(Laravel\Lumen\Http\Request), Object(Closure))
#16 [internal function]: Illuminate\Pipeline\Pipeline->Illuminate\Pipeline\{closure}(Object(Laravel\Lumen\Http\Request))
#17 C:\MAMP\htdocs\proyecto\api\vendor\laravel\lumen-framework\src\Routing\Pipeline.php(32): call_user_func(Object(Closure), Object(Laravel\Lumen\Http\Request))
#18 C:\MAMP\htdocs\proyecto\api\vendor\illuminate\pipeline\Pipeline.php(104): Laravel\Lumen\Routing\Pipeline->Laravel\Lumen\Routing\{closure}(Object(Laravel\Lumen\Http\Request))
#19 C:\MAMP\htdocs\proyecto\api\vendor\laravel\lumen-framework\src\Concerns\RoutesRequests.php(415): Illuminate\Pipeline\Pipeline->then(Object(Closure))
#20 C:\MAMP\htdocs\proyecto\api\vendor\laravel\lumen-framework\src\Concerns\RoutesRequests.php(171): Laravel\Lumen\Application->sendThroughPipeline(Array, Object(Closure))
#21 C:\MAMP\htdocs\proyecto\api\vendor\laravel\lumen-framework\src\Concerns\RoutesRequests.php(108): Laravel\Lumen\Application->dispatch(NULL)
#22 C:\MAMP\htdocs\proyecto\api\public\index.php(28): Laravel\Lumen\Application->run()
#23 {main}

Next ErrorException: Undefined variable: name (View: C:\MAMP\htdocs\proyecto\api\resources\views\home.blade.php) in C:\MAMP\htdocs\proyecto\api\storage\framework\views\126bcc0bf8f6b5d33f7311691f6a3c6e1ae03fd8.php:38
Stack trace:
#0 C:\MAMP\htdocs\proyecto\api\vendor\illuminate\view\Engines\PhpEngine.php(45): Illuminate\View\Engines\CompilerEngine->handleViewException(Object(ErrorException), 1)
#1 C:\MAMP\htdocs\proyecto\api\vendor\illuminate\view\Engines\CompilerEngine.php(59): Illuminate\View\Engines\PhpEngine->evaluatePath('C:\\MAMP\\htdocs\\...', Array)
#2 C:\MAMP\htdocs\proyecto\api\vendor\illuminate\view\View.php(142): Illuminate\View\Engines\CompilerEngine->get('C:\\MAMP\\htdocs\\...', Array)
#3 C:\MAMP\htdocs\proyecto\api\vendor\illuminate\view\View.php(125): Illuminate\View\View->getContents()
#4 C:\MAMP\htdocs\proyecto\api\vendor\illuminate\view\View.php(90): Illuminate\View\View->renderContents()
#5 C:\MAMP\htdocs\proyecto\api\vendor\illuminate\http\Response.php(42): Illuminate\View\View->render()
#6 C:\MAMP\htdocs\proyecto\api\vendor\symfony\http-foundation\Response.php(202): Illuminate\Http\Response->setContent(Object(Illuminate\View\View))
#7 C:\MAMP\htdocs\proyecto\api\vendor\laravel\lumen-framework\src\Concerns\RoutesRequests.php(438): Symfony\Component\HttpFoundation\Response->__construct(Object(Illuminate\View\View))
#8 C:\MAMP\htdocs\proyecto\api\vendor\laravel\lumen-framework\src\Concerns\RoutesRequests.php(291): Laravel\Lumen\Application->prepareResponse(Object(Illuminate\View\View))
#9 C:\MAMP\htdocs\proyecto\api\vendor\laravel\lumen-framework\src\Concerns\RoutesRequests.php(265): Laravel\Lumen\Application->callActionOnArrayBasedRoute(Array)
#10 C:\MAMP\htdocs\proyecto\api\vendor\laravel\lumen-framework\src\Concerns\RoutesRequests.php(165): Laravel\Lumen\Application->handleFoundRoute(Array)
#11 [internal function]: Laravel\Lumen\Application->Laravel\Lumen\Concerns\{closure}(Object(Laravel\Lumen\Http\Request))
#12 C:\MAMP\htdocs\proyecto\api\vendor\laravel\lumen-framework\src\Routing\Pipeline.php(52): call_user_func(Object(Closure), Object(Laravel\Lumen\Http\Request))
#13 C:\MAMP\htdocs\proyecto\api\app\Http\Middleware\CorsMiddleware.php(8): Laravel\Lumen\Routing\Pipeline->Laravel\Lumen\Routing\{closure}(Object(Laravel\Lumen\Http\Request))
#14 C:\MAMP\htdocs\proyecto\api\vendor\illuminate\pipeline\Pipeline.php(151): App\Http\Middleware\CorsMiddleware->handle(Object(Laravel\Lumen\Http\Request), Object(Closure))
#15 [internal function]: Illuminate\Pipeline\Pipeline->Illuminate\Pipeline\{closure}(Object(Laravel\Lumen\Http\Request))
#16 C:\MAMP\htdocs\proyecto\api\vendor\laravel\lumen-framework\src\Routing\Pipeline.php(32): call_user_func(Object(Closure), Object(Laravel\Lumen\Http\Request))
#17 C:\MAMP\htdocs\proyecto\api\vendor\illuminate\pipeline\Pipeline.php(104): Laravel\Lumen\Routing\Pipeline->Laravel\Lumen\Routing\{closure}(Object(Laravel\Lumen\Http\Request))
#18 C:\MAMP\htdocs\proyecto\api\vendor\laravel\lumen-framework\src\Concerns\RoutesRequests.php(415): Illuminate\Pipeline\Pipeline->then(Object(Closure))
#19 C:\MAMP\htdocs\proyecto\api\vendor\laravel\lumen-framework\src\Concerns\RoutesRequests.php(171): Laravel\Lumen\Application->sendThroughPipeline(Array, Object(Closure))
#20 C:\MAMP\htdocs\proyecto\api\vendor\laravel\lumen-framework\src\Concerns\RoutesRequests.php(108): Laravel\Lumen\Application->dispatch(NULL)
#21 C:\MAMP\htdocs\proyecto\api\public\index.php(28): Laravel\Lumen\Application->run()
#22 {main} {"exception":"[object] (ErrorException(code: 0): Undefined variable: name (View: C:\\MAMP\\htdocs\\proyecto\\api\esources\\views\\home.blade.php) at C:\\MAMP\\htdocs\\proyecto\\api\\storage\\framework\\views\\126bcc0bf8f6b5d33f7311691f6a3c6e1ae03fd8.php:38, ErrorException(code: 0): Undefined variable: name at C:\\MAMP\\htdocs\\proyecto\\api\\storage\\framework\\views\\126bcc0bf8f6b5d33f7311691f6a3c6e1ae03fd8.php:38)
[stacktrace]
#0 C:\\MAMP\\htdocs\\proyecto\\api\\vendor\\illuminate\\view\\Engines\\PhpEngine.php(45): Illuminate\\View\\Engines\\CompilerEngine->handleViewException(Object(ErrorException), 1)
#1 C:\\MAMP\\htdocs\\proyecto\\api\\vendor\\illuminate\\view\\Engines\\CompilerEngine.php(59): Illuminate\\View\\Engines\\PhpEngine->evaluatePath('C:\\\\MAMP\\\\htdocs\\\\...', Array)
#2 C:\\MAMP\\htdocs\\proyecto\\api\\vendor\\illuminate\\view\\View.php(142): Illuminate\\View\\Engines\\CompilerEngine->get('C:\\\\MAMP\\\\htdocs\\\\...', Array)
#3 C:\\MAMP\\htdocs\\proyecto\\api\\vendor\\illuminate\\view\\View.php(125): Illuminate\\View\\View->getContents()
#4 C:\\MAMP\\htdocs\\proyecto\\api\\vendor\\illuminate\\view\\View.php(90): Illuminate\\View\\View->renderContents()
#5 C:\\MAMP\\htdocs\\proyecto\\api\\vendor\\illuminate\\http\\Response.php(42): Illuminate\\View\\View->render()
#6 C:\\MAMP\\htdocs\\proyecto\\api\\vendor\\symfony\\http-foundation\\Response.php(202): Illuminate\\Http\\Response->setContent(Object(Illuminate\\View\\View))
#7 C:\\MAMP\\htdocs\\proyecto\\api\\vendor\\laravel\\lumen-framework\\src\\Concerns\\RoutesRequests.php(438): Symfony\\Component\\HttpFoundation\\Response->__construct(Object(Illuminate\\View\\View))
#8 C:\\MAMP\\htdocs\\proyecto\\api\\vendor\\laravel\\lumen-framework\\src\\Concerns\\RoutesRequests.php(291): Laravel\\Lumen\\Application->prepareResponse(Object(Illuminate\\View\\View))
#9 C:\\MAMP\\htdocs\\proyecto\\api\\vendor\\laravel\\lumen-framework\\src\\Concerns\\RoutesRequests.php(265): Laravel\\Lumen\\Application->callActionOnArrayBasedRoute(Array)
#10 C:\\MAMP\\htdocs\\proyecto\\api\\vendor\\laravel\\lumen-framework\\src\\Concerns\\RoutesRequests.php(165): Laravel\\Lumen\\Application->handleFoundRoute(Array)
#11 [internal function]: Laravel\\Lumen\\Application->Laravel\\Lumen\\Concerns\\{closure}(Object(Laravel\\Lumen\\Http\\Request))
#12 C:\\MAMP\\htdocs\\proyecto\\api\\vendor\\laravel\\lumen-framework\\src\\Routing\\Pipeline.php(52): call_user_func(Object(Closure), Object(Laravel\\Lumen\\Http\\Request))
#13 C:\\MAMP\\htdocs\\proyecto\\api\\app\\Http\\Middleware\\CorsMiddleware.php(8): Laravel\\Lumen\\Routing\\Pipeline->Laravel\\Lumen\\Routing\\{closure}(Object(Laravel\\Lumen\\Http\\Request))
#14 C:\\MAMP\\htdocs\\proyecto\\api\\vendor\\illuminate\\pipeline\\Pipeline.php(151): App\\Http\\Middleware\\CorsMiddleware->handle(Object(Laravel\\Lumen\\Http\\Request), Object(Closure))
#15 [internal function]: Illuminate\\Pipeline\\Pipeline->Illuminate\\Pipeline\\{closure}(Object(Laravel\\Lumen\\Http\\Request))
#16 C:\\MAMP\\htdocs\\proyecto\\api\\vendor\\laravel\\lumen-framework\\src\\Routing\\Pipeline.php(32): call_user_func(Object(Closure), Object(Laravel\\Lumen\\Http\\Request))
#17 C:\\MAMP\\htdocs\\proyecto\\api\\vendor\\illuminate\\pipeline\\Pipeline.php(104): Laravel\\Lumen\\Routing\\Pipeline->Laravel\\Lumen\\Routing\\{closure}(Object(Laravel\\Lumen\\Http\\Request))
#18 C:\\MAMP\\htdocs\\proyecto\\api\\vendor\\laravel\\lumen-framework\\src\\Concerns\\RoutesRequests.php(415): Illuminate\\Pipeline\\Pipeline->then(Object(Closure))
#19 C:\\MAMP\\htdocs\\proyecto\\api\\vendor\\laravel\\lumen-framework\\src\\Concerns\\RoutesRequests.php(171): Laravel\\Lumen\\Application->sendThroughPipeline(Array, Object(Closure))
#20 C:\\MAMP\\htdocs\\proyecto\\api\\vendor\\laravel\\lumen-framework\\src\\Concerns\\RoutesRequests.php(108): Laravel\\Lumen\\Application->dispatch(NULL)
#21 C:\\MAMP\\htdocs\\proyecto\\api\\public\\index.php(28): Laravel\\Lumen\\Application->run()
#22 {main}
"} 
[2019-01-15 19:12:40] local.ERROR: ReflectionException: Class App\Http\Controllers\UserController does not exist in C:\MAMP\htdocs\proyecto\api\vendor\illuminate\container\Container.php:779
Stack trace:
#0 C:\MAMP\htdocs\proyecto\api\vendor\illuminate\container\Container.php(779): ReflectionClass->__construct('App\\Http\\Contro...')
#1 C:\MAMP\htdocs\proyecto\api\vendor\illuminate\container\Container.php(658): Illuminate\Container\Container->build('App\\Http\\Contro...')
#2 C:\MAMP\htdocs\proyecto\api\vendor\illuminate\container\Container.php(609): Illuminate\Container\Container->resolve('App\\Http\\Contro...', Array)
#3 C:\MAMP\htdocs\proyecto\api\vendor\laravel\lumen-framework\src\Application.php(260): Illuminate\Container\Container->make('App\\Http\\Contro...', Array)
#4 C:\MAMP\htdocs\proyecto\api\vendor\laravel\lumen-framework\src\Concerns\RoutesRequests.php(313): Laravel\Lumen\Application->make('App\\Http\\Contro...')
#5 C:\MAMP\htdocs\proyecto\api\vendor\laravel\lumen-framework\src\Concerns\RoutesRequests.php(280): Laravel\Lumen\Application->callControllerAction(Array)
#6 C:\MAMP\htdocs\proyecto\api\vendor\laravel\lumen-framework\src\Concerns\RoutesRequests.php(260): Laravel\Lumen\Application->callActionOnArrayBasedRoute(Array)
#7 [internal function]: Laravel\Lumen\Application->Laravel\Lumen\Concerns\{closure}(Object(Laravel\Lumen\Http\Request))
#8 C:\MAMP\htdocs\proyecto\api\vendor\laravel\lumen-framework\src\Routing\Pipeline.php(52): call_user_func(Object(Closure), Object(Laravel\Lumen\Http\Request))
#9 C:\MAMP\htdocs\proyecto\api\app\Http\Middleware\CorsMiddleware.php(8): Laravel\Lumen\Routing\Pipeline->Laravel\Lumen\Routing\{closure}(Object(Laravel\Lumen\Http\Request))
#10 C:\MAMP\htdocs\proyecto\api\vendor\illuminate\pipeline\Pipeline.php(151): App\Http\Middleware\CorsMiddleware->handle(Object(Laravel\Lumen\Http\Request), Object(Closure))
#11 [internal function]: Illuminate\Pipeline\Pipeline->Illuminate\Pipeline\{closure}(Object(Laravel\Lumen\Http\Request))
#12 C:\MAMP\htdocs\proyecto\api\vendor\laravel\lumen-framework\src\Routing\Pipeline.php(32): call_user_func(Object(Closure), Object(Laravel\Lumen\Http\Request))
#13 C:\MAMP\htdocs\proyecto\api\vendor\illuminate\pipeline\Pipeline.php(104): Laravel\Lumen\Routing\Pipeline->Laravel\Lumen\Routing\{closure}(Object(Laravel\Lumen\Http\Request))
#14 C:\MAMP\htdocs\proyecto\api\vendor\laravel\lumen-framework\src\Concerns\RoutesRequests.php(415): Illuminate\Pipeline\Pipeline->then(Object(Closure))
#15 C:\MAMP\htdocs\proyecto\api\vendor\laravel\lumen-framework\src\Concerns\RoutesRequests.php(261): Laravel\Lumen\Application->sendThroughPipeline(Array, Object(Closure))
#16 C:\MAMP\htdocs\proyecto\api\vendor\laravel\lumen-framework\src\Concerns\RoutesRequests.php(165): Laravel\Lumen\Application->handleFoundRoute(Array)
#17 [internal function]: Laravel\Lumen\Application->Laravel\Lumen\Concerns\{closure}(Object(Laravel\Lumen\Http\Request))
#18 C:\MAMP\htdocs\proyecto\api\vendor\laravel\lumen-framework\src\Routing\Pipeline.php(52): call_user_func(Object(Closure), Object(Laravel\Lumen\Http\Request))
#19 C:\MAMP\htdocs\proyecto\api\app\Http\Middleware\CorsMiddleware.php(8): Laravel\Lumen\Routing\Pipeline->Laravel\Lumen\Routing\{closure}(Object(Laravel\Lumen\Http\Request))
#20 C:\MAMP\htdocs\proyecto\api\vendor\illuminate\pipeline\Pipeline.php(151): App\Http\Middleware\CorsMiddleware->handle(Object(Laravel\Lumen\Http\Request), Object(Closure))
#21 [internal function]: Illuminate\Pipeline\Pipeline->Illuminate\Pipeline\{closure}(Object(Laravel\Lumen\Http\Request))
#22 C:\MAMP\htdocs\proyecto\api\vendor\laravel\lumen-framework\src\Routing\Pipeline.php(32): call_user_func(Object(Closure), Object(Laravel\Lumen\Http\Request))
#23 C:\MAMP\htdocs\proyecto\api\vendor\illuminate\pipeline\Pipeline.php(104): Laravel\Lumen\Routing\Pipeline->Laravel\Lumen\Routing\{closure}(Object(Laravel\Lumen\Http\Request))
#24 C:\MAMP\htdocs\proyecto\api\vendor\laravel\lumen-framework\src\Concerns\RoutesRequests.php(415): Illuminate\Pipeline\Pipeline->then(Object(Closure))
#25 C:\MAMP\htdocs\proyecto\api\vendor\laravel\lumen-framework\src\Concerns\RoutesRequests.php(171): Laravel\Lumen\Application->sendThroughPipeline(Array, Object(Closure))
#26 C:\MAMP\htdocs\proyecto\api\vendor\laravel\lumen-framework\src\Concerns\RoutesRequests.php(108): Laravel\Lumen\Application->dispatch(NULL)
#27 C:\MAMP\htdocs\proyecto\api\public\index.php(28): Laravel\Lumen\Application->run()
#28 {main} {"exception":"[object] (ReflectionException(code: -1): Class App\\Http\\Controllers\\UserController does not exist at C:\\MAMP\\htdocs\\proyecto\\api\\vendor\\illuminate\\container\\Container.php:779)
[stacktrace]
#0 C:\\MAMP\\htdocs\\proyecto\\api\\vendor\\illuminate\\container\\Container.php(779): ReflectionClass->__construct('App\\\\Http\\\\Contro...')
#1 C:\\MAMP\\htdocs\\proyecto\\api\\vendor\\illuminate\\container\\Container.php(658): Illuminate\\Container\\Container->build('App\\\\Http\\\\Contro...')
#2 C:\\MAMP\\htdocs\\proyecto\\api\\vendor\\illuminate\\container\\Container.php(609): Illuminate\\Container\\Container->resolve('App\\\\Http\\\\Contro...', Array)
#3 C:\\MAMP\\htdocs\\proyecto\\api\\vendor\\laravel\\lumen-framework\\src\\Application.php(260): Illuminate\\Container\\Container->make('App\\\\Http\\\\Contro...', Array)
#4 C:\\MAMP\\htdocs\\proyecto\\api\\vendor\\laravel\\lumen-framework\\src\\Concerns\\RoutesRequests.php(313): Laravel\\Lumen\\Application->make('App\\\\Http\\\\Contro...')
#5 C:\\MAMP\\htdocs\\proyecto\\api\\vendor\\laravel\\lumen-framework\\src\\Concerns\\RoutesRequests.php(280): Laravel\\Lumen\\Application->callControllerAction(Array)
#6 C:\\MAMP\\htdocs\\proyecto\\api\\vendor\\laravel\\lumen-framework\\src\\Concerns\\RoutesRequests.php(260): Laravel\\Lumen\\Application->callActionOnArrayBasedRoute(Array)
#7 [internal function]: Laravel\\Lumen\\Application->Laravel\\Lumen\\Concerns\\{closure}(Object(Laravel\\Lumen\\Http\\Request))
#8 C:\\MAMP\\htdocs\\proyecto\\api\\vendor\\laravel\\lumen-framework\\src\\Routing\\Pipeline.php(52): call_user_func(Object(Closure), Object(Laravel\\Lumen\\Http\\Request))
#9 C:\\MAMP\\htdocs\\proyecto\\api\\app\\Http\\Middleware\\CorsMiddleware.php(8): Laravel\\Lumen\\Routing\\Pipeline->Laravel\\Lumen\\Routing\\{closure}(Object(Laravel\\Lumen\\Http\\Request))
#10 C:\\MAMP\\htdocs\\proyecto\\api\\vendor\\illuminate\\pipeline\\Pipeline.php(151): App\\Http\\Middleware\\CorsMiddleware->handle(Object(Laravel\\Lumen\\Http\\Request), Object(Closure))
#11 [internal function]: Illuminate\\Pipeline\\Pipeline->Illuminate\\Pipeline\\{closure}(Object(Laravel\\Lumen\\Http\\Request))
#12 C:\\MAMP\\htdocs\\proyecto\\api\\vendor\\laravel\\lumen-framework\\src\\Routing\\Pipeline.php(32): call_user_func(Object(Closure), Object(Laravel\\Lumen\\Http\\Request))
#13 C:\\MAMP\\htdocs\\proyecto\\api\\vendor\\illuminate\\pipeline\\Pipeline.php(104): Laravel\\Lumen\\Routing\\Pipeline->Laravel\\Lumen\\Routing\\{closure}(Object(Laravel\\Lumen\\Http\\Request))
#14 C:\\MAMP\\htdocs\\proyecto\\api\\vendor\\laravel\\lumen-framework\\src\\Concerns\\RoutesRequests.php(415): Illuminate\\Pipeline\\Pipeline->then(Object(Closure))
#15 C:\\MAMP\\htdocs\\proyecto\\api\\vendor\\laravel\\lumen-framework\\src\\Concerns\\RoutesRequests.php(261): Laravel\\Lumen\\Application->sendThroughPipeline(Array, Object(Closure))
#16 C:\\MAMP\\htdocs\\proyecto\\api\\vendor\\laravel\\lumen-framework\\src\\Concerns\\RoutesRequests.php(165): Laravel\\Lumen\\Application->handleFoundRoute(Array)
#17 [internal function]: Laravel\\Lumen\\Application->Laravel\\Lumen\\Concerns\\{closure}(Object(Laravel\\Lumen\\Http\\Request))
#18 C:\\MAMP\\htdocs\\proyecto\\api\\vendor\\laravel\\lumen-framework\\src\\Routing\\Pipeline.php(52): call_user_func(Object(Closure), Object(Laravel\\Lumen\\Http\\Request))
#19 C:\\MAMP\\htdocs\\proyecto\\api\\app\\Http\\Middleware\\CorsMiddleware.php(8): Laravel\\Lumen\\Routing\\Pipeline->Laravel\\Lumen\\Routing\\{closure}(Object(Laravel\\Lumen\\Http\\Request))
#20 C:\\MAMP\\htdocs\\proyecto\\api\\vendor\\illuminate\\pipeline\\Pipeline.php(151): App\\Http\\Middleware\\CorsMiddleware->handle(Object(Laravel\\Lumen\\Http\\Request), Object(Closure))
#21 [internal function]: Illuminate\\Pipeline\\Pipeline->Illuminate\\Pipeline\\{closure}(Object(Laravel\\Lumen\\Http\\Request))
#22 C:\\MAMP\\htdocs\\proyecto\\api\\vendor\\laravel\\lumen-framework\\src\\Routing\\Pipeline.php(32): call_user_func(Object(Closure), Object(Laravel\\Lumen\\Http\\Request))
#23 C:\\MAMP\\htdocs\\proyecto\\api\\vendor\\illuminate\\pipeline\\Pipeline.php(104): Laravel\\Lumen\\Routing\\Pipeline->Laravel\\Lumen\\Routing\\{closure}(Object(Laravel\\Lumen\\Http\\Request))
#24 C:\\MAMP\\htdocs\\proyecto\\api\\vendor\\laravel\\lumen-framework\\src\\Concerns\\RoutesRequests.php(415): Illuminate\\Pipeline\\Pipeline->then(Object(Closure))
#25 C:\\MAMP\\htdocs\\proyecto\\api\\vendor\\laravel\\lumen-framework\\src\\Concerns\\RoutesRequests.php(171): Laravel\\Lumen\\Application->sendThroughPipeline(Array, Object(Closure))
#26 C:\\MAMP\\htdocs\\proyecto\\api\\vendor\\laravel\\lumen-framework\\src\\Concerns\\RoutesRequests.php(108): Laravel\\Lumen\\Application->dispatch(NULL)
#27 C:\\MAMP\\htdocs\\proyecto\\api\\public\\index.php(28): Laravel\\Lumen\\Application->run()
#28 {main}
"} 
[2019-01-15 19:15:23] local.ERROR: ReflectionException: Class App\Http\Controllers\UserController does not exist in C:\MAMP\htdocs\proyecto\api\vendor\illuminate\container\Container.php:779
Stack trace:
#0 C:\MAMP\htdocs\proyecto\api\vendor\illuminate\container\Container.php(779): ReflectionClass->__construct('App\\Http\\Contro...')
#1 C:\MAMP\htdocs\proyecto\api\vendor\illuminate\container\Container.php(658): Illuminate\Container\Container->build('App\\Http\\Contro...')
#2 C:\MAMP\htdocs\proyecto\api\vendor\illuminate\container\Container.php(609): Illuminate\Container\Container->resolve('App\\Http\\Contro...', Array)
#3 C:\MAMP\htdocs\proyecto\api\vendor\laravel\lumen-framework\src\Application.php(260): Illuminate\Container\Container->make('App\\Http\\Contro...', Array)
#4 C:\MAMP\htdocs\proyecto\api\vendor\laravel\lumen-framework\src\Concerns\RoutesRequests.php(313): Laravel\Lumen\Application->make('App\\Http\\Contro...')
#5 C:\MAMP\htdocs\proyecto\api\vendor\laravel\lumen-framework\src\Concerns\RoutesRequests.php(280): Laravel\Lumen\Application->callControllerAction(Array)
#6 C:\MAMP\htdocs\proyecto\api\vendor\laravel\lumen-framework\src\Concerns\RoutesRequests.php(260): Laravel\Lumen\Application->callActionOnArrayBasedRoute(Array)
#7 [internal function]: Laravel\Lumen\Application->Laravel\Lumen\Concerns\{closure}(Object(Laravel\Lumen\Http\Request))
#8 C:\MAMP\htdocs\proyecto\api\vendor\laravel\lumen-framework\src\Routing\Pipeline.php(52): call_user_func(Object(Closure), Object(Laravel\Lumen\Http\Request))
#9 C:\MAMP\htdocs\proyecto\api\app\Http\Middleware\CorsMiddleware.php(8): Laravel\Lumen\Routing\Pipeline->Laravel\Lumen\Routing\{closure}(Object(Laravel\Lumen\Http\Request))
#10 C:\MAMP\htdocs\proyecto\api\vendor\illuminate\pipeline\Pipeline.php(151): App\Http\Middleware\CorsMiddleware->handle(Object(Laravel\Lumen\Http\Request), Object(Closure))
#11 [internal function]: Illuminate\Pipeline\Pipeline->Illuminate\Pipeline\{closure}(Object(Laravel\Lumen\Http\Request))
#12 C:\MAMP\htdocs\proyecto\api\vendor\laravel\lumen-framework\src\Routing\Pipeline.php(32): call_user_func(Object(Closure), Object(Laravel\Lumen\Http\Request))
#13 C:\MAMP\htdocs\proyecto\api\vendor\illuminate\pipeline\Pipeline.php(104): Laravel\Lumen\Routing\Pipeline->Laravel\Lumen\Routing\{closure}(Object(Laravel\Lumen\Http\Request))
#14 C:\MAMP\htdocs\proyecto\api\vendor\laravel\lumen-framework\src\Concerns\RoutesRequests.php(415): Illuminate\Pipeline\Pipeline->then(Object(Closure))
#15 C:\MAMP\htdocs\proyecto\api\vendor\laravel\lumen-framework\src\Concerns\RoutesRequests.php(261): Laravel\Lumen\Application->sendThroughPipeline(Array, Object(Closure))
#16 C:\MAMP\htdocs\proyecto\api\vendor\laravel\lumen-framework\src\Concerns\RoutesRequests.php(165): Laravel\Lumen\Application->handleFoundRoute(Array)
#17 [internal function]: Laravel\Lumen\Application->Laravel\Lumen\Concerns\{closure}(Object(Laravel\Lumen\Http\Request))
#18 C:\MAMP\htdocs\proyecto\api\vendor\laravel\lumen-framework\src\Routing\Pipeline.php(52): call_user_func(Object(Closure), Object(Laravel\Lumen\Http\Request))
#19 C:\MAMP\htdocs\proyecto\api\app\Http\Middleware\CorsMiddleware.php(8): Laravel\Lumen\Routing\Pipeline->Laravel\Lumen\Routing\{closure}(Object(Laravel\Lumen\Http\Request))
#20 C:\MAMP\htdocs\proyecto\api\vendor\illuminate\pipeline\Pipeline.php(151): App\Http\Middleware\CorsMiddleware->handle(Object(Laravel\Lumen\Http\Request), Object(Closure))
#21 [internal function]: Illuminate\Pipeline\Pipeline->Illuminate\Pipeline\{closure}(Object(Laravel\Lumen\Http\Request))
#22 C:\MAMP\htdocs\proyecto\api\vendor\laravel\lumen-framework\src\Routing\Pipeline.php(32): call_user_func(Object(Closure), Object(Laravel\Lumen\Http\Request))
#23 C:\MAMP\htdocs\proyecto\api\vendor\illuminate\pipeline\Pipeline.php(104): Laravel\Lumen\Routing\Pipeline->Laravel\Lumen\Routing\{closure}(Object(Laravel\Lumen\Http\Request))
#24 C:\MAMP\htdocs\proyecto\api\vendor\laravel\lumen-framework\src\Concerns\RoutesRequests.php(415): Illuminate\Pipeline\Pipeline->then(Object(Closure))
#25 C:\MAMP\htdocs\proyecto\api\vendor\laravel\lumen-framework\src\Concerns\RoutesRequests.php(171): Laravel\Lumen\Application->sendThroughPipeline(Array, Object(Closure))
#26 C:\MAMP\htdocs\proyecto\api\vendor\laravel\lumen-framework\src\Concerns\RoutesRequests.php(108): Laravel\Lumen\Application->dispatch(NULL)
#27 C:\MAMP\htdocs\proyecto\api\public\index.php(28): Laravel\Lumen\Application->run()
#28 {main} {"exception":"[object] (ReflectionException(code: -1): Class App\\Http\\Controllers\\UserController does not exist at C:\\MAMP\\htdocs\\proyecto\\api\\vendor\\illuminate\\container\\Container.php:779)
[stacktrace]
#0 C:\\MAMP\\htdocs\\proyecto\\api\\vendor\\illuminate\\container\\Container.php(779): ReflectionClass->__construct('App\\\\Http\\\\Contro...')
#1 C:\\MAMP\\htdocs\\proyecto\\api\\vendor\\illuminate\\container\\Container.php(658): Illuminate\\Container\\Container->build('App\\\\Http\\\\Contro...')
#2 C:\\MAMP\\htdocs\\proyecto\\api\\vendor\\illuminate\\container\\Container.php(609): Illuminate\\Container\\Container->resolve('App\\\\Http\\\\Contro...', Array)
#3 C:\\MAMP\\htdocs\\proyecto\\api\\vendor\\laravel\\lumen-framework\\src\\Application.php(260): Illuminate\\Container\\Container->make('App\\\\Http\\\\Contro...', Array)
#4 C:\\MAMP\\htdocs\\proyecto\\api\\vendor\\laravel\\lumen-framework\\src\\Concerns\\RoutesRequests.php(313): Laravel\\Lumen\\Application->make('App\\\\Http\\\\Contro...')
#5 C:\\MAMP\\htdocs\\proyecto\\api\\vendor\\laravel\\lumen-framework\\src\\Concerns\\RoutesRequests.php(280): Laravel\\Lumen\\Application->callControllerAction(Array)
#6 C:\\MAMP\\htdocs\\proyecto\\api\\vendor\\laravel\\lumen-framework\\src\\Concerns\\RoutesRequests.php(260): Laravel\\Lumen\\Application->callActionOnArrayBasedRoute(Array)
#7 [internal function]: Laravel\\Lumen\\Application->Laravel\\Lumen\\Concerns\\{closure}(Object(Laravel\\Lumen\\Http\\Request))
#8 C:\\MAMP\\htdocs\\proyecto\\api\\vendor\\laravel\\lumen-framework\\src\\Routing\\Pipeline.php(52): call_user_func(Object(Closure), Object(Laravel\\Lumen\\Http\\Request))
#9 C:\\MAMP\\htdocs\\proyecto\\api\\app\\Http\\Middleware\\CorsMiddleware.php(8): Laravel\\Lumen\\Routing\\Pipeline->Laravel\\Lumen\\Routing\\{closure}(Object(Laravel\\Lumen\\Http\\Request))
#10 C:\\MAMP\\htdocs\\proyecto\\api\\vendor\\illuminate\\pipeline\\Pipeline.php(151): App\\Http\\Middleware\\CorsMiddleware->handle(Object(Laravel\\Lumen\\Http\\Request), Object(Closure))
#11 [internal function]: Illuminate\\Pipeline\\Pipeline->Illuminate\\Pipeline\\{closure}(Object(Laravel\\Lumen\\Http\\Request))
#12 C:\\MAMP\\htdocs\\proyecto\\api\\vendor\\laravel\\lumen-framework\\src\\Routing\\Pipeline.php(32): call_user_func(Object(Closure), Object(Laravel\\Lumen\\Http\\Request))
#13 C:\\MAMP\\htdocs\\proyecto\\api\\vendor\\illuminate\\pipeline\\Pipeline.php(104): Laravel\\Lumen\\Routing\\Pipeline->Laravel\\Lumen\\Routing\\{closure}(Object(Laravel\\Lumen\\Http\\Request))
#14 C:\\MAMP\\htdocs\\proyecto\\api\\vendor\\laravel\\lumen-framework\\src\\Concerns\\RoutesRequests.php(415): Illuminate\\Pipeline\\Pipeline->then(Object(Closure))
#15 C:\\MAMP\\htdocs\\proyecto\\api\\vendor\\laravel\\lumen-framework\\src\\Concerns\\RoutesRequests.php(261): Laravel\\Lumen\\Application->sendThroughPipeline(Array, Object(Closure))
#16 C:\\MAMP\\htdocs\\proyecto\\api\\vendor\\laravel\\lumen-framework\\src\\Concerns\\RoutesRequests.php(165): Laravel\\Lumen\\Application->handleFoundRoute(Array)
#17 [internal function]: Laravel\\Lumen\\Application->Laravel\\Lumen\\Concerns\\{closure}(Object(Laravel\\Lumen\\Http\\Request))
#18 C:\\MAMP\\htdocs\\proyecto\\api\\vendor\\laravel\\lumen-framework\\src\\Routing\\Pipeline.php(52): call_user_func(Object(Closure), Object(Laravel\\Lumen\\Http\\Request))
#19 C:\\MAMP\\htdocs\\proyecto\\api\\app\\Http\\Middleware\\CorsMiddleware.php(8): Laravel\\Lumen\\Routing\\Pipeline->Laravel\\Lumen\\Routing\\{closure}(Object(Laravel\\Lumen\\Http\\Request))
#20 C:\\MAMP\\htdocs\\proyecto\\api\\vendor\\illuminate\\pipeline\\Pipeline.php(151): App\\Http\\Middleware\\CorsMiddleware->handle(Object(Laravel\\Lumen\\Http\\Request), Object(Closure))
#21 [internal function]: Illuminate\\Pipeline\\Pipeline->Illuminate\\Pipeline\\{closure}(Object(Laravel\\Lumen\\Http\\Request))
#22 C:\\MAMP\\htdocs\\proyecto\\api\\vendor\\laravel\\lumen-framework\\src\\Routing\\Pipeline.php(32): call_user_func(Object(Closure), Object(Laravel\\Lumen\\Http\\Request))
#23 C:\\MAMP\\htdocs\\proyecto\\api\\vendor\\illuminate\\pipeline\\Pipeline.php(104): Laravel\\Lumen\\Routing\\Pipeline->Laravel\\Lumen\\Routing\\{closure}(Object(Laravel\\Lumen\\Http\\Request))
#24 C:\\MAMP\\htdocs\\proyecto\\api\\vendor\\laravel\\lumen-framework\\src\\Concerns\\RoutesRequests.php(415): Illuminate\\Pipeline\\Pipeline->then(Object(Closure))
#25 C:\\MAMP\\htdocs\\proyecto\\api\\vendor\\laravel\\lumen-framework\\src\\Concerns\\RoutesRequests.php(171): Laravel\\Lumen\\Application->sendThroughPipeline(Array, Object(Closure))
#26 C:\\MAMP\\htdocs\\proyecto\\api\\vendor\\laravel\\lumen-framework\\src\\Concerns\\RoutesRequests.php(108): Laravel\\Lumen\\Application->dispatch(NULL)
#27 C:\\MAMP\\htdocs\\proyecto\\api\\public\\index.php(28): Laravel\\Lumen\\Application->run()
#28 {main}
"} 
