[2019-01-06 12:12:48] local.ERROR: InvalidArgumentException: Password resetter [] is not defined. in C:\MAMP\htdocs\proyecto\api\vendor\illuminate\auth\Passwords\PasswordBrokerManager.php:67
Stack trace:
#0 C:\MAMP\htdocs\proyecto\api\vendor\illuminate\auth\Passwords\PasswordBrokerManager.php(51): Illuminate\Auth\Passwords\PasswordBrokerManager->resolve(NULL)
#1 C:\MAMP\htdocs\proyecto\api\vendor\illuminate\auth\Console\ClearResetsCommand.php(30): Illuminate\Auth\Passwords\PasswordBrokerManager->broker(NULL)
#2 [internal function]: Illuminate\Auth\Console\ClearResetsCommand->handle()
#3 C:\MAMP\htdocs\proyecto\api\vendor\illuminate\container\BoundMethod.php(29): call_user_func_array(Array, Array)
#4 C:\MAMP\htdocs\proyecto\api\vendor\illuminate\container\BoundMethod.php(87): Illuminate\Container\BoundMethod::Illuminate\Container\{closure}()
#5 C:\MAMP\htdocs\proyecto\api\vendor\illuminate\container\BoundMethod.php(31): Illuminate\Container\BoundMethod::callBoundMethod(Object(Laravel\Lumen\Application), Array, Object(Closure))
#6 C:\MAMP\htdocs\proyecto\api\vendor\illuminate\container\Container.php(572): Illuminate\Container\BoundMethod::call(Object(Laravel\Lumen\Application), Array, Array, NULL)
#7 C:\MAMP\htdocs\proyecto\api\vendor\illuminate\console\Command.php(183): Illuminate\Container\Container->call(Array)
#8 C:\MAMP\htdocs\proyecto\api\vendor\symfony\console\Command\Command.php(255): Illuminate\Console\Command->execute(Object(Symfony\Component\Console\Input\ArgvInput), Object(Illuminate\Console\OutputStyle))
#9 C:\MAMP\htdocs\proyecto\api\vendor\illuminate\console\Command.php(170): Symfony\Component\Console\Command\Command->run(Object(Symfony\Component\Console\Input\ArgvInput), Object(Illuminate\Console\OutputStyle))
#10 C:\MAMP\htdocs\proyecto\api\vendor\symfony\console\Application.php(901): Illuminate\Console\Command->run(Object(Symfony\Component\Console\Input\ArgvInput), Object(Symfony\Component\Console\Output\ConsoleOutput))
#11 C:\MAMP\htdocs\proyecto\api\vendor\symfony\console\Application.php(262): Symfony\Component\Console\Application->doRunCommand(Object(Illuminate\Auth\Console\ClearResetsCommand), Object(Symfony\Component\Console\Input\ArgvInput), Object(Symfony\Component\Console\Output\ConsoleOutput))
#12 C:\MAMP\htdocs\proyecto\api\vendor\symfony\console\Application.php(145): Symfony\Component\Console\Application->doRun(Object(Symfony\Component\Console\Input\ArgvInput), Object(Symfony\Component\Console\Output\ConsoleOutput))
#13 C:\MAMP\htdocs\proyecto\api\vendor\illuminate\console\Application.php(89): Symfony\Component\Console\Application->run(Object(Symfony\Component\Console\Input\ArgvInput), Object(Symfony\Component\Console\Output\ConsoleOutput))
#14 C:\MAMP\htdocs\proyecto\api\vendor\laravel\lumen-framework\src\Console\Kernel.php(115): Illuminate\Console\Application->run(Object(Symfony\Component\Console\Input\ArgvInput), Object(Symfony\Component\Console\Output\ConsoleOutput))
#15 C:\MAMP\htdocs\proyecto\api\artisan(35): Laravel\Lumen\Console\Kernel->handle(Object(Symfony\Component\Console\Input\ArgvInput), Object(Symfony\Component\Console\Output\ConsoleOutput))
#16 {main} {"exception":"[object] (InvalidArgumentException(code: 0): Password resetter [] is not defined. at C:\\MAMP\\htdocs\\proyecto\\api\\vendor\\illuminate\\auth\\Passwords\\PasswordBrokerManager.php:67)
[stacktrace]
#0 C:\\MAMP\\htdocs\\proyecto\\api\\vendor\\illuminate\\auth\\Passwords\\PasswordBrokerManager.php(51): Illuminate\\Auth\\Passwords\\PasswordBrokerManager->resolve(NULL)
#1 C:\\MAMP\\htdocs\\proyecto\\api\\vendor\\illuminate\\auth\\Console\\ClearResetsCommand.php(30): Illuminate\\Auth\\Passwords\\PasswordBrokerManager->broker(NULL)
#2 [internal function]: Illuminate\\Auth\\Console\\ClearResetsCommand->handle()
#3 C:\\MAMP\\htdocs\\proyecto\\api\\vendor\\illuminate\\container\\BoundMethod.php(29): call_user_func_array(Array, Array)
#4 C:\\MAMP\\htdocs\\proyecto\\api\\vendor\\illuminate\\container\\BoundMethod.php(87): Illuminate\\Container\\BoundMethod::Illuminate\\Container\\{closure}()
#5 C:\\MAMP\\htdocs\\proyecto\\api\\vendor\\illuminate\\container\\BoundMethod.php(31): Illuminate\\Container\\BoundMethod::callBoundMethod(Object(Laravel\\Lumen\\Application), Array, Object(Closure))
#6 C:\\MAMP\\htdocs\\proyecto\\api\\vendor\\illuminate\\container\\Container.php(572): Illuminate\\Container\\BoundMethod::call(Object(Laravel\\Lumen\\Application), Array, Array, NULL)
#7 C:\\MAMP\\htdocs\\proyecto\\api\\vendor\\illuminate\\console\\Command.php(183): Illuminate\\Container\\Container->call(Array)
#8 C:\\MAMP\\htdocs\\proyecto\\api\\vendor\\symfony\\console\\Command\\Command.php(255): Illuminate\\Console\\Command->execute(Object(Symfony\\Component\\Console\\Input\\ArgvInput), Object(Illuminate\\Console\\OutputStyle))
#9 C:\\MAMP\\htdocs\\proyecto\\api\\vendor\\illuminate\\console\\Command.php(170): Symfony\\Component\\Console\\Command\\Command->run(Object(Symfony\\Component\\Console\\Input\\ArgvInput), Object(Illuminate\\Console\\OutputStyle))
#10 C:\\MAMP\\htdocs\\proyecto\\api\\vendor\\symfony\\console\\Application.php(901): Illuminate\\Console\\Command->run(Object(Symfony\\Component\\Console\\Input\\ArgvInput), Object(Symfony\\Component\\Console\\Output\\ConsoleOutput))
#11 C:\\MAMP\\htdocs\\proyecto\\api\\vendor\\symfony\\console\\Application.php(262): Symfony\\Component\\Console\\Application->doRunCommand(Object(Illuminate\\Auth\\Console\\ClearResetsCommand), Object(Symfony\\Component\\Console\\Input\\ArgvInput), Object(Symfony\\Component\\Console\\Output\\ConsoleOutput))
#12 C:\\MAMP\\htdocs\\proyecto\\api\\vendor\\symfony\\console\\Application.php(145): Symfony\\Component\\Console\\Application->doRun(Object(Symfony\\Component\\Console\\Input\\ArgvInput), Object(Symfony\\Component\\Console\\Output\\ConsoleOutput))
#13 C:\\MAMP\\htdocs\\proyecto\\api\\vendor\\illuminate\\console\\Application.php(89): Symfony\\Component\\Console\\Application->run(Object(Symfony\\Component\\Console\\Input\\ArgvInput), Object(Symfony\\Component\\Console\\Output\\ConsoleOutput))
#14 C:\\MAMP\\htdocs\\proyecto\\api\\vendor\\laravel\\lumen-framework\\src\\Console\\Kernel.php(115): Illuminate\\Console\\Application->run(Object(Symfony\\Component\\Console\\Input\\ArgvInput), Object(Symfony\\Component\\Console\\Output\\ConsoleOutput))
#15 C:\\MAMP\\htdocs\\proyecto\\api\\artisan(35): Laravel\\Lumen\\Console\\Kernel->handle(Object(Symfony\\Component\\Console\\Input\\ArgvInput), Object(Symfony\\Component\\Console\\Output\\ConsoleOutput))
#16 {main}
"} 
[2019-01-06 12:14:55] local.ERROR: InvalidArgumentException: Password resetter [] is not defined. in C:\MAMP\htdocs\proyecto\api\vendor\illuminate\auth\Passwords\PasswordBrokerManager.php:67
Stack trace:
#0 C:\MAMP\htdocs\proyecto\api\vendor\illuminate\auth\Passwords\PasswordBrokerManager.php(51): Illuminate\Auth\Passwords\PasswordBrokerManager->resolve(NULL)
#1 C:\MAMP\htdocs\proyecto\api\vendor\illuminate\auth\Console\ClearResetsCommand.php(30): Illuminate\Auth\Passwords\PasswordBrokerManager->broker(NULL)
#2 [internal function]: Illuminate\Auth\Console\ClearResetsCommand->handle()
#3 C:\MAMP\htdocs\proyecto\api\vendor\illuminate\container\BoundMethod.php(29): call_user_func_array(Array, Array)
#4 C:\MAMP\htdocs\proyecto\api\vendor\illuminate\container\BoundMethod.php(87): Illuminate\Container\BoundMethod::Illuminate\Container\{closure}()
#5 C:\MAMP\htdocs\proyecto\api\vendor\illuminate\container\BoundMethod.php(31): Illuminate\Container\BoundMethod::callBoundMethod(Object(Laravel\Lumen\Application), Array, Object(Closure))
#6 C:\MAMP\htdocs\proyecto\api\vendor\illuminate\container\Container.php(572): Illuminate\Container\BoundMethod::call(Object(Laravel\Lumen\Application), Array, Array, NULL)
#7 C:\MAMP\htdocs\proyecto\api\vendor\illuminate\console\Command.php(183): Illuminate\Container\Container->call(Array)
#8 C:\MAMP\htdocs\proyecto\api\vendor\symfony\console\Command\Command.php(255): Illuminate\Console\Command->execute(Object(Symfony\Component\Console\Input\ArgvInput), Object(Illuminate\Console\OutputStyle))
#9 C:\MAMP\htdocs\proyecto\api\vendor\illuminate\console\Command.php(170): Symfony\Component\Console\Command\Command->run(Object(Symfony\Component\Console\Input\ArgvInput), Object(Illuminate\Console\OutputStyle))
#10 C:\MAMP\htdocs\proyecto\api\vendor\symfony\console\Application.php(901): Illuminate\Console\Command->run(Object(Symfony\Component\Console\Input\ArgvInput), Object(Symfony\Component\Console\Output\ConsoleOutput))
#11 C:\MAMP\htdocs\proyecto\api\vendor\symfony\console\Application.php(262): Symfony\Component\Console\Application->doRunCommand(Object(Illuminate\Auth\Console\ClearResetsCommand), Object(Symfony\Component\Console\Input\ArgvInput), Object(Symfony\Component\Console\Output\ConsoleOutput))
#12 C:\MAMP\htdocs\proyecto\api\vendor\symfony\console\Application.php(145): Symfony\Component\Console\Application->doRun(Object(Symfony\Component\Console\Input\ArgvInput), Object(Symfony\Component\Console\Output\ConsoleOutput))
#13 C:\MAMP\htdocs\proyecto\api\vendor\illuminate\console\Application.php(89): Symfony\Component\Console\Application->run(Object(Symfony\Component\Console\Input\ArgvInput), Object(Symfony\Component\Console\Output\ConsoleOutput))
#14 C:\MAMP\htdocs\proyecto\api\vendor\laravel\lumen-framework\src\Console\Kernel.php(115): Illuminate\Console\Application->run(Object(Symfony\Component\Console\Input\ArgvInput), Object(Symfony\Component\Console\Output\ConsoleOutput))
#15 C:\MAMP\htdocs\proyecto\api\artisan(35): Laravel\Lumen\Console\Kernel->handle(Object(Symfony\Component\Console\Input\ArgvInput), Object(Symfony\Component\Console\Output\ConsoleOutput))
#16 {main} {"exception":"[object] (InvalidArgumentException(code: 0): Password resetter [] is not defined. at C:\\MAMP\\htdocs\\proyecto\\api\\vendor\\illuminate\\auth\\Passwords\\PasswordBrokerManager.php:67)
[stacktrace]
#0 C:\\MAMP\\htdocs\\proyecto\\api\\vendor\\illuminate\\auth\\Passwords\\PasswordBrokerManager.php(51): Illuminate\\Auth\\Passwords\\PasswordBrokerManager->resolve(NULL)
#1 C:\\MAMP\\htdocs\\proyecto\\api\\vendor\\illuminate\\auth\\Console\\ClearResetsCommand.php(30): Illuminate\\Auth\\Passwords\\PasswordBrokerManager->broker(NULL)
#2 [internal function]: Illuminate\\Auth\\Console\\ClearResetsCommand->handle()
#3 C:\\MAMP\\htdocs\\proyecto\\api\\vendor\\illuminate\\container\\BoundMethod.php(29): call_user_func_array(Array, Array)
#4 C:\\MAMP\\htdocs\\proyecto\\api\\vendor\\illuminate\\container\\BoundMethod.php(87): Illuminate\\Container\\BoundMethod::Illuminate\\Container\\{closure}()
#5 C:\\MAMP\\htdocs\\proyecto\\api\\vendor\\illuminate\\container\\BoundMethod.php(31): Illuminate\\Container\\BoundMethod::callBoundMethod(Object(Laravel\\Lumen\\Application), Array, Object(Closure))
#6 C:\\MAMP\\htdocs\\proyecto\\api\\vendor\\illuminate\\container\\Container.php(572): Illuminate\\Container\\BoundMethod::call(Object(Laravel\\Lumen\\Application), Array, Array, NULL)
#7 C:\\MAMP\\htdocs\\proyecto\\api\\vendor\\illuminate\\console\\Command.php(183): Illuminate\\Container\\Container->call(Array)
#8 C:\\MAMP\\htdocs\\proyecto\\api\\vendor\\symfony\\console\\Command\\Command.php(255): Illuminate\\Console\\Command->execute(Object(Symfony\\Component\\Console\\Input\\ArgvInput), Object(Illuminate\\Console\\OutputStyle))
#9 C:\\MAMP\\htdocs\\proyecto\\api\\vendor\\illuminate\\console\\Command.php(170): Symfony\\Component\\Console\\Command\\Command->run(Object(Symfony\\Component\\Console\\Input\\ArgvInput), Object(Illuminate\\Console\\OutputStyle))
#10 C:\\MAMP\\htdocs\\proyecto\\api\\vendor\\symfony\\console\\Application.php(901): Illuminate\\Console\\Command->run(Object(Symfony\\Component\\Console\\Input\\ArgvInput), Object(Symfony\\Component\\Console\\Output\\ConsoleOutput))
#11 C:\\MAMP\\htdocs\\proyecto\\api\\vendor\\symfony\\console\\Application.php(262): Symfony\\Component\\Console\\Application->doRunCommand(Object(Illuminate\\Auth\\Console\\ClearResetsCommand), Object(Symfony\\Component\\Console\\Input\\ArgvInput), Object(Symfony\\Component\\Console\\Output\\ConsoleOutput))
#12 C:\\MAMP\\htdocs\\proyecto\\api\\vendor\\symfony\\console\\Application.php(145): Symfony\\Component\\Console\\Application->doRun(Object(Symfony\\Component\\Console\\Input\\ArgvInput), Object(Symfony\\Component\\Console\\Output\\ConsoleOutput))
#13 C:\\MAMP\\htdocs\\proyecto\\api\\vendor\\illuminate\\console\\Application.php(89): Symfony\\Component\\Console\\Application->run(Object(Symfony\\Component\\Console\\Input\\ArgvInput), Object(Symfony\\Component\\Console\\Output\\ConsoleOutput))
#14 C:\\MAMP\\htdocs\\proyecto\\api\\vendor\\laravel\\lumen-framework\\src\\Console\\Kernel.php(115): Illuminate\\Console\\Application->run(Object(Symfony\\Component\\Console\\Input\\ArgvInput), Object(Symfony\\Component\\Console\\Output\\ConsoleOutput))
#15 C:\\MAMP\\htdocs\\proyecto\\api\\artisan(35): Laravel\\Lumen\\Console\\Kernel->handle(Object(Symfony\\Component\\Console\\Input\\ArgvInput), Object(Symfony\\Component\\Console\\Output\\ConsoleOutput))
#16 {main}
"} 
[2019-01-06 12:15:22] local.ERROR: InvalidArgumentException: Password resetter [] is not defined. in C:\MAMP\htdocs\proyecto\api\vendor\illuminate\auth\Passwords\PasswordBrokerManager.php:67
Stack trace:
#0 C:\MAMP\htdocs\proyecto\api\vendor\illuminate\auth\Passwords\PasswordBrokerManager.php(51): Illuminate\Auth\Passwords\PasswordBrokerManager->resolve(NULL)
#1 C:\MAMP\htdocs\proyecto\api\vendor\illuminate\auth\Console\ClearResetsCommand.php(30): Illuminate\Auth\Passwords\PasswordBrokerManager->broker(NULL)
#2 [internal function]: Illuminate\Auth\Console\ClearResetsCommand->handle()
#3 C:\MAMP\htdocs\proyecto\api\vendor\illuminate\container\BoundMethod.php(29): call_user_func_array(Array, Array)
#4 C:\MAMP\htdocs\proyecto\api\vendor\illuminate\container\BoundMethod.php(87): Illuminate\Container\BoundMethod::Illuminate\Container\{closure}()
#5 C:\MAMP\htdocs\proyecto\api\vendor\illuminate\container\BoundMethod.php(31): Illuminate\Container\BoundMethod::callBoundMethod(Object(Laravel\Lumen\Application), Array, Object(Closure))
#6 C:\MAMP\htdocs\proyecto\api\vendor\illuminate\container\Container.php(572): Illuminate\Container\BoundMethod::call(Object(Laravel\Lumen\Application), Array, Array, NULL)
#7 C:\MAMP\htdocs\proyecto\api\vendor\illuminate\console\Command.php(183): Illuminate\Container\Container->call(Array)
#8 C:\MAMP\htdocs\proyecto\api\vendor\symfony\console\Command\Command.php(255): Illuminate\Console\Command->execute(Object(Symfony\Component\Console\Input\ArgvInput), Object(Illuminate\Console\OutputStyle))
#9 C:\MAMP\htdocs\proyecto\api\vendor\illuminate\console\Command.php(170): Symfony\Component\Console\Command\Command->run(Object(Symfony\Component\Console\Input\ArgvInput), Object(Illuminate\Console\OutputStyle))
#10 C:\MAMP\htdocs\proyecto\api\vendor\symfony\console\Application.php(901): Illuminate\Console\Command->run(Object(Symfony\Component\Console\Input\ArgvInput), Object(Symfony\Component\Console\Output\ConsoleOutput))
#11 C:\MAMP\htdocs\proyecto\api\vendor\symfony\console\Application.php(262): Symfony\Component\Console\Application->doRunCommand(Object(Illuminate\Auth\Console\ClearResetsCommand), Object(Symfony\Component\Console\Input\ArgvInput), Object(Symfony\Component\Console\Output\ConsoleOutput))
#12 C:\MAMP\htdocs\proyecto\api\vendor\symfony\console\Application.php(145): Symfony\Component\Console\Application->doRun(Object(Symfony\Component\Console\Input\ArgvInput), Object(Symfony\Component\Console\Output\ConsoleOutput))
#13 C:\MAMP\htdocs\proyecto\api\vendor\illuminate\console\Application.php(89): Symfony\Component\Console\Application->run(Object(Symfony\Component\Console\Input\ArgvInput), Object(Symfony\Component\Console\Output\ConsoleOutput))
#14 C:\MAMP\htdocs\proyecto\api\vendor\laravel\lumen-framework\src\Console\Kernel.php(115): Illuminate\Console\Application->run(Object(Symfony\Component\Console\Input\ArgvInput), Object(Symfony\Component\Console\Output\ConsoleOutput))
#15 C:\MAMP\htdocs\proyecto\api\artisan(35): Laravel\Lumen\Console\Kernel->handle(Object(Symfony\Component\Console\Input\ArgvInput), Object(Symfony\Component\Console\Output\ConsoleOutput))
#16 {main} {"exception":"[object] (InvalidArgumentException(code: 0): Password resetter [] is not defined. at C:\\MAMP\\htdocs\\proyecto\\api\\vendor\\illuminate\\auth\\Passwords\\PasswordBrokerManager.php:67)
[stacktrace]
#0 C:\\MAMP\\htdocs\\proyecto\\api\\vendor\\illuminate\\auth\\Passwords\\PasswordBrokerManager.php(51): Illuminate\\Auth\\Passwords\\PasswordBrokerManager->resolve(NULL)
#1 C:\\MAMP\\htdocs\\proyecto\\api\\vendor\\illuminate\\auth\\Console\\ClearResetsCommand.php(30): Illuminate\\Auth\\Passwords\\PasswordBrokerManager->broker(NULL)
#2 [internal function]: Illuminate\\Auth\\Console\\ClearResetsCommand->handle()
#3 C:\\MAMP\\htdocs\\proyecto\\api\\vendor\\illuminate\\container\\BoundMethod.php(29): call_user_func_array(Array, Array)
#4 C:\\MAMP\\htdocs\\proyecto\\api\\vendor\\illuminate\\container\\BoundMethod.php(87): Illuminate\\Container\\BoundMethod::Illuminate\\Container\\{closure}()
#5 C:\\MAMP\\htdocs\\proyecto\\api\\vendor\\illuminate\\container\\BoundMethod.php(31): Illuminate\\Container\\BoundMethod::callBoundMethod(Object(Laravel\\Lumen\\Application), Array, Object(Closure))
#6 C:\\MAMP\\htdocs\\proyecto\\api\\vendor\\illuminate\\container\\Container.php(572): Illuminate\\Container\\BoundMethod::call(Object(Laravel\\Lumen\\Application), Array, Array, NULL)
#7 C:\\MAMP\\htdocs\\proyecto\\api\\vendor\\illuminate\\console\\Command.php(183): Illuminate\\Container\\Container->call(Array)
#8 C:\\MAMP\\htdocs\\proyecto\\api\\vendor\\symfony\\console\\Command\\Command.php(255): Illuminate\\Console\\Command->execute(Object(Symfony\\Component\\Console\\Input\\ArgvInput), Object(Illuminate\\Console\\OutputStyle))
#9 C:\\MAMP\\htdocs\\proyecto\\api\\vendor\\illuminate\\console\\Command.php(170): Symfony\\Component\\Console\\Command\\Command->run(Object(Symfony\\Component\\Console\\Input\\ArgvInput), Object(Illuminate\\Console\\OutputStyle))
#10 C:\\MAMP\\htdocs\\proyecto\\api\\vendor\\symfony\\console\\Application.php(901): Illuminate\\Console\\Command->run(Object(Symfony\\Component\\Console\\Input\\ArgvInput), Object(Symfony\\Component\\Console\\Output\\ConsoleOutput))
#11 C:\\MAMP\\htdocs\\proyecto\\api\\vendor\\symfony\\console\\Application.php(262): Symfony\\Component\\Console\\Application->doRunCommand(Object(Illuminate\\Auth\\Console\\ClearResetsCommand), Object(Symfony\\Component\\Console\\Input\\ArgvInput), Object(Symfony\\Component\\Console\\Output\\ConsoleOutput))
#12 C:\\MAMP\\htdocs\\proyecto\\api\\vendor\\symfony\\console\\Application.php(145): Symfony\\Component\\Console\\Application->doRun(Object(Symfony\\Component\\Console\\Input\\ArgvInput), Object(Symfony\\Component\\Console\\Output\\ConsoleOutput))
#13 C:\\MAMP\\htdocs\\proyecto\\api\\vendor\\illuminate\\console\\Application.php(89): Symfony\\Component\\Console\\Application->run(Object(Symfony\\Component\\Console\\Input\\ArgvInput), Object(Symfony\\Component\\Console\\Output\\ConsoleOutput))
#14 C:\\MAMP\\htdocs\\proyecto\\api\\vendor\\laravel\\lumen-framework\\src\\Console\\Kernel.php(115): Illuminate\\Console\\Application->run(Object(Symfony\\Component\\Console\\Input\\ArgvInput), Object(Symfony\\Component\\Console\\Output\\ConsoleOutput))
#15 C:\\MAMP\\htdocs\\proyecto\\api\\artisan(35): Laravel\\Lumen\\Console\\Kernel->handle(Object(Symfony\\Component\\Console\\Input\\ArgvInput), Object(Symfony\\Component\\Console\\Output\\ConsoleOutput))
#16 {main}
"} 
[2019-01-06 12:16:35] local.ERROR: InvalidArgumentException: Password resetter [] is not defined. in C:\MAMP\htdocs\proyecto\api\vendor\illuminate\auth\Passwords\PasswordBrokerManager.php:68
Stack trace:
#0 C:\MAMP\htdocs\proyecto\api\vendor\illuminate\auth\Passwords\PasswordBrokerManager.php(52): Illuminate\Auth\Passwords\PasswordBrokerManager->resolve(NULL)
#1 C:\MAMP\htdocs\proyecto\api\vendor\illuminate\auth\Console\ClearResetsCommand.php(30): Illuminate\Auth\Passwords\PasswordBrokerManager->broker(NULL)
#2 [internal function]: Illuminate\Auth\Console\ClearResetsCommand->handle()
#3 C:\MAMP\htdocs\proyecto\api\vendor\illuminate\container\BoundMethod.php(29): call_user_func_array(Array, Array)
#4 C:\MAMP\htdocs\proyecto\api\vendor\illuminate\container\BoundMethod.php(87): Illuminate\Container\BoundMethod::Illuminate\Container\{closure}()
#5 C:\MAMP\htdocs\proyecto\api\vendor\illuminate\container\BoundMethod.php(31): Illuminate\Container\BoundMethod::callBoundMethod(Object(Laravel\Lumen\Application), Array, Object(Closure))
#6 C:\MAMP\htdocs\proyecto\api\vendor\illuminate\container\Container.php(572): Illuminate\Container\BoundMethod::call(Object(Laravel\Lumen\Application), Array, Array, NULL)
#7 C:\MAMP\htdocs\proyecto\api\vendor\illuminate\console\Command.php(183): Illuminate\Container\Container->call(Array)
#8 C:\MAMP\htdocs\proyecto\api\vendor\symfony\console\Command\Command.php(255): Illuminate\Console\Command->execute(Object(Symfony\Component\Console\Input\ArgvInput), Object(Illuminate\Console\OutputStyle))
#9 C:\MAMP\htdocs\proyecto\api\vendor\illuminate\console\Command.php(170): Symfony\Component\Console\Command\Command->run(Object(Symfony\Component\Console\Input\ArgvInput), Object(Illuminate\Console\OutputStyle))
#10 C:\MAMP\htdocs\proyecto\api\vendor\symfony\console\Application.php(901): Illuminate\Console\Command->run(Object(Symfony\Component\Console\Input\ArgvInput), Object(Symfony\Component\Console\Output\ConsoleOutput))
#11 C:\MAMP\htdocs\proyecto\api\vendor\symfony\console\Application.php(262): Symfony\Component\Console\Application->doRunCommand(Object(Illuminate\Auth\Console\ClearResetsCommand), Object(Symfony\Component\Console\Input\ArgvInput), Object(Symfony\Component\Console\Output\ConsoleOutput))
#12 C:\MAMP\htdocs\proyecto\api\vendor\symfony\console\Application.php(145): Symfony\Component\Console\Application->doRun(Object(Symfony\Component\Console\Input\ArgvInput), Object(Symfony\Component\Console\Output\ConsoleOutput))
#13 C:\MAMP\htdocs\proyecto\api\vendor\illuminate\console\Application.php(89): Symfony\Component\Console\Application->run(Object(Symfony\Component\Console\Input\ArgvInput), Object(Symfony\Component\Console\Output\ConsoleOutput))
#14 C:\MAMP\htdocs\proyecto\api\vendor\laravel\lumen-framework\src\Console\Kernel.php(115): Illuminate\Console\Application->run(Object(Symfony\Component\Console\Input\ArgvInput), Object(Symfony\Component\Console\Output\ConsoleOutput))
#15 C:\MAMP\htdocs\proyecto\api\artisan(35): Laravel\Lumen\Console\Kernel->handle(Object(Symfony\Component\Console\Input\ArgvInput), Object(Symfony\Component\Console\Output\ConsoleOutput))
#16 {main} {"exception":"[object] (InvalidArgumentException(code: 0): Password resetter [] is not defined. at C:\\MAMP\\htdocs\\proyecto\\api\\vendor\\illuminate\\auth\\Passwords\\PasswordBrokerManager.php:68)
[stacktrace]
#0 C:\\MAMP\\htdocs\\proyecto\\api\\vendor\\illuminate\\auth\\Passwords\\PasswordBrokerManager.php(52): Illuminate\\Auth\\Passwords\\PasswordBrokerManager->resolve(NULL)
#1 C:\\MAMP\\htdocs\\proyecto\\api\\vendor\\illuminate\\auth\\Console\\ClearResetsCommand.php(30): Illuminate\\Auth\\Passwords\\PasswordBrokerManager->broker(NULL)
#2 [internal function]: Illuminate\\Auth\\Console\\ClearResetsCommand->handle()
#3 C:\\MAMP\\htdocs\\proyecto\\api\\vendor\\illuminate\\container\\BoundMethod.php(29): call_user_func_array(Array, Array)
#4 C:\\MAMP\\htdocs\\proyecto\\api\\vendor\\illuminate\\container\\BoundMethod.php(87): Illuminate\\Container\\BoundMethod::Illuminate\\Container\\{closure}()
#5 C:\\MAMP\\htdocs\\proyecto\\api\\vendor\\illuminate\\container\\BoundMethod.php(31): Illuminate\\Container\\BoundMethod::callBoundMethod(Object(Laravel\\Lumen\\Application), Array, Object(Closure))
#6 C:\\MAMP\\htdocs\\proyecto\\api\\vendor\\illuminate\\container\\Container.php(572): Illuminate\\Container\\BoundMethod::call(Object(Laravel\\Lumen\\Application), Array, Array, NULL)
#7 C:\\MAMP\\htdocs\\proyecto\\api\\vendor\\illuminate\\console\\Command.php(183): Illuminate\\Container\\Container->call(Array)
#8 C:\\MAMP\\htdocs\\proyecto\\api\\vendor\\symfony\\console\\Command\\Command.php(255): Illuminate\\Console\\Command->execute(Object(Symfony\\Component\\Console\\Input\\ArgvInput), Object(Illuminate\\Console\\OutputStyle))
#9 C:\\MAMP\\htdocs\\proyecto\\api\\vendor\\illuminate\\console\\Command.php(170): Symfony\\Component\\Console\\Command\\Command->run(Object(Symfony\\Component\\Console\\Input\\ArgvInput), Object(Illuminate\\Console\\OutputStyle))
#10 C:\\MAMP\\htdocs\\proyecto\\api\\vendor\\symfony\\console\\Application.php(901): Illuminate\\Console\\Command->run(Object(Symfony\\Component\\Console\\Input\\ArgvInput), Object(Symfony\\Component\\Console\\Output\\ConsoleOutput))
#11 C:\\MAMP\\htdocs\\proyecto\\api\\vendor\\symfony\\console\\Application.php(262): Symfony\\Component\\Console\\Application->doRunCommand(Object(Illuminate\\Auth\\Console\\ClearResetsCommand), Object(Symfony\\Component\\Console\\Input\\ArgvInput), Object(Symfony\\Component\\Console\\Output\\ConsoleOutput))
#12 C:\\MAMP\\htdocs\\proyecto\\api\\vendor\\symfony\\console\\Application.php(145): Symfony\\Component\\Console\\Application->doRun(Object(Symfony\\Component\\Console\\Input\\ArgvInput), Object(Symfony\\Component\\Console\\Output\\ConsoleOutput))
#13 C:\\MAMP\\htdocs\\proyecto\\api\\vendor\\illuminate\\console\\Application.php(89): Symfony\\Component\\Console\\Application->run(Object(Symfony\\Component\\Console\\Input\\ArgvInput), Object(Symfony\\Component\\Console\\Output\\ConsoleOutput))
#14 C:\\MAMP\\htdocs\\proyecto\\api\\vendor\\laravel\\lumen-framework\\src\\Console\\Kernel.php(115): Illuminate\\Console\\Application->run(Object(Symfony\\Component\\Console\\Input\\ArgvInput), Object(Symfony\\Component\\Console\\Output\\ConsoleOutput))
#15 C:\\MAMP\\htdocs\\proyecto\\api\\artisan(35): Laravel\\Lumen\\Console\\Kernel->handle(Object(Symfony\\Component\\Console\\Input\\ArgvInput), Object(Symfony\\Component\\Console\\Output\\ConsoleOutput))
#16 {main}
"} 
[2019-01-06 18:05:45] local.ERROR: Symfony\Component\Debug\Exception\FatalThrowableError: Call to undefined method Laravel\Lumen\Application::view() in C:\MAMP\htdocs\proyecto\api\routes\web.php:16
Stack trace:
#0 [internal function]: Closure->{closure}()
#1 C:\MAMP\htdocs\proyecto\api\vendor\illuminate\container\BoundMethod.php(29): call_user_func_array(Object(Closure), Array)
#2 C:\MAMP\htdocs\proyecto\api\vendor\illuminate\container\BoundMethod.php(75): Illuminate\Container\BoundMethod::Illuminate\Container\{closure}()
#3 C:\MAMP\htdocs\proyecto\api\vendor\illuminate\container\BoundMethod.php(31): Illuminate\Container\BoundMethod::callBoundMethod(Object(Laravel\Lumen\Application), Object(Closure), Object(Closure))
#4 C:\MAMP\htdocs\proyecto\api\vendor\illuminate\container\Container.php(572): Illuminate\Container\BoundMethod::call(Object(Laravel\Lumen\Application), Object(Closure), Array, NULL)
#5 C:\MAMP\htdocs\proyecto\api\vendor\laravel\lumen-framework\src\Concerns\RoutesRequests.php(291): Illuminate\Container\Container->call(Object(Closure), Array)
#6 C:\MAMP\htdocs\proyecto\api\vendor\laravel\lumen-framework\src\Concerns\RoutesRequests.php(265): Laravel\Lumen\Application->callActionOnArrayBasedRoute(Array)
#7 C:\MAMP\htdocs\proyecto\api\vendor\laravel\lumen-framework\src\Concerns\RoutesRequests.php(165): Laravel\Lumen\Application->handleFoundRoute(Array)
#8 [internal function]: Laravel\Lumen\Application->Laravel\Lumen\Concerns\{closure}(Object(Laravel\Lumen\Http\Request))
#9 C:\MAMP\htdocs\proyecto\api\vendor\laravel\lumen-framework\src\Routing\Pipeline.php(52): call_user_func(Object(Closure), Object(Laravel\Lumen\Http\Request))
#10 C:\MAMP\htdocs\proyecto\api\app\Http\Middleware\CorsMiddleware.php(5): Laravel\Lumen\Routing\Pipeline->Laravel\Lumen\Routing\{closure}(Object(Laravel\Lumen\Http\Request))
#11 C:\MAMP\htdocs\proyecto\api\vendor\illuminate\pipeline\Pipeline.php(151): App\Http\Middleware\CorsMiddleware->handle(Object(Laravel\Lumen\Http\Request), Object(Closure))
#12 [internal function]: Illuminate\Pipeline\Pipeline->Illuminate\Pipeline\{closure}(Object(Laravel\Lumen\Http\Request))
#13 C:\MAMP\htdocs\proyecto\api\vendor\laravel\lumen-framework\src\Routing\Pipeline.php(32): call_user_func(Object(Closure), Object(Laravel\Lumen\Http\Request))
#14 C:\MAMP\htdocs\proyecto\api\vendor\illuminate\pipeline\Pipeline.php(104): Laravel\Lumen\Routing\Pipeline->Laravel\Lumen\Routing\{closure}(Object(Laravel\Lumen\Http\Request))
#15 C:\MAMP\htdocs\proyecto\api\vendor\laravel\lumen-framework\src\Concerns\RoutesRequests.php(415): Illuminate\Pipeline\Pipeline->then(Object(Closure))
#16 C:\MAMP\htdocs\proyecto\api\vendor\laravel\lumen-framework\src\Concerns\RoutesRequests.php(171): Laravel\Lumen\Application->sendThroughPipeline(Array, Object(Closure))
#17 C:\MAMP\htdocs\proyecto\api\vendor\laravel\lumen-framework\src\Concerns\RoutesRequests.php(108): Laravel\Lumen\Application->dispatch(NULL)
#18 C:\MAMP\htdocs\proyecto\api\public\index.php(28): Laravel\Lumen\Application->run()
#19 {main} {"exception":"[object] (Symfony\\Component\\Debug\\Exception\\FatalThrowableError(code: 0): Call to undefined method Laravel\\Lumen\\Application::view() at C:\\MAMP\\htdocs\\proyecto\\api\outes\\web.php:16)
[stacktrace]
#0 [internal function]: Closure->{closure}()
#1 C:\\MAMP\\htdocs\\proyecto\\api\\vendor\\illuminate\\container\\BoundMethod.php(29): call_user_func_array(Object(Closure), Array)
#2 C:\\MAMP\\htdocs\\proyecto\\api\\vendor\\illuminate\\container\\BoundMethod.php(75): Illuminate\\Container\\BoundMethod::Illuminate\\Container\\{closure}()
#3 C:\\MAMP\\htdocs\\proyecto\\api\\vendor\\illuminate\\container\\BoundMethod.php(31): Illuminate\\Container\\BoundMethod::callBoundMethod(Object(Laravel\\Lumen\\Application), Object(Closure), Object(Closure))
#4 C:\\MAMP\\htdocs\\proyecto\\api\\vendor\\illuminate\\container\\Container.php(572): Illuminate\\Container\\BoundMethod::call(Object(Laravel\\Lumen\\Application), Object(Closure), Array, NULL)
#5 C:\\MAMP\\htdocs\\proyecto\\api\\vendor\\laravel\\lumen-framework\\src\\Concerns\\RoutesRequests.php(291): Illuminate\\Container\\Container->call(Object(Closure), Array)
#6 C:\\MAMP\\htdocs\\proyecto\\api\\vendor\\laravel\\lumen-framework\\src\\Concerns\\RoutesRequests.php(265): Laravel\\Lumen\\Application->callActionOnArrayBasedRoute(Array)
#7 C:\\MAMP\\htdocs\\proyecto\\api\\vendor\\laravel\\lumen-framework\\src\\Concerns\\RoutesRequests.php(165): Laravel\\Lumen\\Application->handleFoundRoute(Array)
#8 [internal function]: Laravel\\Lumen\\Application->Laravel\\Lumen\\Concerns\\{closure}(Object(Laravel\\Lumen\\Http\\Request))
#9 C:\\MAMP\\htdocs\\proyecto\\api\\vendor\\laravel\\lumen-framework\\src\\Routing\\Pipeline.php(52): call_user_func(Object(Closure), Object(Laravel\\Lumen\\Http\\Request))
#10 C:\\MAMP\\htdocs\\proyecto\\api\\app\\Http\\Middleware\\CorsMiddleware.php(5): Laravel\\Lumen\\Routing\\Pipeline->Laravel\\Lumen\\Routing\\{closure}(Object(Laravel\\Lumen\\Http\\Request))
#11 C:\\MAMP\\htdocs\\proyecto\\api\\vendor\\illuminate\\pipeline\\Pipeline.php(151): App\\Http\\Middleware\\CorsMiddleware->handle(Object(Laravel\\Lumen\\Http\\Request), Object(Closure))
#12 [internal function]: Illuminate\\Pipeline\\Pipeline->Illuminate\\Pipeline\\{closure}(Object(Laravel\\Lumen\\Http\\Request))
#13 C:\\MAMP\\htdocs\\proyecto\\api\\vendor\\laravel\\lumen-framework\\src\\Routing\\Pipeline.php(32): call_user_func(Object(Closure), Object(Laravel\\Lumen\\Http\\Request))
#14 C:\\MAMP\\htdocs\\proyecto\\api\\vendor\\illuminate\\pipeline\\Pipeline.php(104): Laravel\\Lumen\\Routing\\Pipeline->Laravel\\Lumen\\Routing\\{closure}(Object(Laravel\\Lumen\\Http\\Request))
#15 C:\\MAMP\\htdocs\\proyecto\\api\\vendor\\laravel\\lumen-framework\\src\\Concerns\\RoutesRequests.php(415): Illuminate\\Pipeline\\Pipeline->then(Object(Closure))
#16 C:\\MAMP\\htdocs\\proyecto\\api\\vendor\\laravel\\lumen-framework\\src\\Concerns\\RoutesRequests.php(171): Laravel\\Lumen\\Application->sendThroughPipeline(Array, Object(Closure))
#17 C:\\MAMP\\htdocs\\proyecto\\api\\vendor\\laravel\\lumen-framework\\src\\Concerns\\RoutesRequests.php(108): Laravel\\Lumen\\Application->dispatch(NULL)
#18 C:\\MAMP\\htdocs\\proyecto\\api\\public\\index.php(28): Laravel\\Lumen\\Application->run()
#19 {main}
"} 
[2019-01-06 18:06:47] local.ERROR: Symfony\Component\Debug\Exception\FatalThrowableError: Call to undefined method Laravel\Lumen\Application::view() in C:\MAMP\htdocs\proyecto\api\routes\web.php:16
Stack trace:
#0 [internal function]: Closure->{closure}()
#1 C:\MAMP\htdocs\proyecto\api\vendor\illuminate\container\BoundMethod.php(29): call_user_func_array(Object(Closure), Array)
#2 C:\MAMP\htdocs\proyecto\api\vendor\illuminate\container\BoundMethod.php(75): Illuminate\Container\BoundMethod::Illuminate\Container\{closure}()
#3 C:\MAMP\htdocs\proyecto\api\vendor\illuminate\container\BoundMethod.php(31): Illuminate\Container\BoundMethod::callBoundMethod(Object(Laravel\Lumen\Application), Object(Closure), Object(Closure))
#4 C:\MAMP\htdocs\proyecto\api\vendor\illuminate\container\Container.php(572): Illuminate\Container\BoundMethod::call(Object(Laravel\Lumen\Application), Object(Closure), Array, NULL)
#5 C:\MAMP\htdocs\proyecto\api\vendor\laravel\lumen-framework\src\Concerns\RoutesRequests.php(291): Illuminate\Container\Container->call(Object(Closure), Array)
#6 C:\MAMP\htdocs\proyecto\api\vendor\laravel\lumen-framework\src\Concerns\RoutesRequests.php(265): Laravel\Lumen\Application->callActionOnArrayBasedRoute(Array)
#7 C:\MAMP\htdocs\proyecto\api\vendor\laravel\lumen-framework\src\Concerns\RoutesRequests.php(165): Laravel\Lumen\Application->handleFoundRoute(Array)
#8 [internal function]: Laravel\Lumen\Application->Laravel\Lumen\Concerns\{closure}(Object(Laravel\Lumen\Http\Request))
#9 C:\MAMP\htdocs\proyecto\api\vendor\laravel\lumen-framework\src\Routing\Pipeline.php(52): call_user_func(Object(Closure), Object(Laravel\Lumen\Http\Request))
#10 C:\MAMP\htdocs\proyecto\api\app\Http\Middleware\CorsMiddleware.php(5): Laravel\Lumen\Routing\Pipeline->Laravel\Lumen\Routing\{closure}(Object(Laravel\Lumen\Http\Request))
#11 C:\MAMP\htdocs\proyecto\api\vendor\illuminate\pipeline\Pipeline.php(151): App\Http\Middleware\CorsMiddleware->handle(Object(Laravel\Lumen\Http\Request), Object(Closure))
#12 [internal function]: Illuminate\Pipeline\Pipeline->Illuminate\Pipeline\{closure}(Object(Laravel\Lumen\Http\Request))
#13 C:\MAMP\htdocs\proyecto\api\vendor\laravel\lumen-framework\src\Routing\Pipeline.php(32): call_user_func(Object(Closure), Object(Laravel\Lumen\Http\Request))
#14 C:\MAMP\htdocs\proyecto\api\vendor\illuminate\pipeline\Pipeline.php(104): Laravel\Lumen\Routing\Pipeline->Laravel\Lumen\Routing\{closure}(Object(Laravel\Lumen\Http\Request))
#15 C:\MAMP\htdocs\proyecto\api\vendor\laravel\lumen-framework\src\Concerns\RoutesRequests.php(415): Illuminate\Pipeline\Pipeline->then(Object(Closure))
#16 C:\MAMP\htdocs\proyecto\api\vendor\laravel\lumen-framework\src\Concerns\RoutesRequests.php(171): Laravel\Lumen\Application->sendThroughPipeline(Array, Object(Closure))
#17 C:\MAMP\htdocs\proyecto\api\vendor\laravel\lumen-framework\src\Concerns\RoutesRequests.php(108): Laravel\Lumen\Application->dispatch(NULL)
#18 C:\MAMP\htdocs\proyecto\api\public\index.php(28): Laravel\Lumen\Application->run()
#19 {main} {"exception":"[object] (Symfony\\Component\\Debug\\Exception\\FatalThrowableError(code: 0): Call to undefined method Laravel\\Lumen\\Application::view() at C:\\MAMP\\htdocs\\proyecto\\api\outes\\web.php:16)
[stacktrace]
#0 [internal function]: Closure->{closure}()
#1 C:\\MAMP\\htdocs\\proyecto\\api\\vendor\\illuminate\\container\\BoundMethod.php(29): call_user_func_array(Object(Closure), Array)
#2 C:\\MAMP\\htdocs\\proyecto\\api\\vendor\\illuminate\\container\\BoundMethod.php(75): Illuminate\\Container\\BoundMethod::Illuminate\\Container\\{closure}()
#3 C:\\MAMP\\htdocs\\proyecto\\api\\vendor\\illuminate\\container\\BoundMethod.php(31): Illuminate\\Container\\BoundMethod::callBoundMethod(Object(Laravel\\Lumen\\Application), Object(Closure), Object(Closure))
#4 C:\\MAMP\\htdocs\\proyecto\\api\\vendor\\illuminate\\container\\Container.php(572): Illuminate\\Container\\BoundMethod::call(Object(Laravel\\Lumen\\Application), Object(Closure), Array, NULL)
#5 C:\\MAMP\\htdocs\\proyecto\\api\\vendor\\laravel\\lumen-framework\\src\\Concerns\\RoutesRequests.php(291): Illuminate\\Container\\Container->call(Object(Closure), Array)
#6 C:\\MAMP\\htdocs\\proyecto\\api\\vendor\\laravel\\lumen-framework\\src\\Concerns\\RoutesRequests.php(265): Laravel\\Lumen\\Application->callActionOnArrayBasedRoute(Array)
#7 C:\\MAMP\\htdocs\\proyecto\\api\\vendor\\laravel\\lumen-framework\\src\\Concerns\\RoutesRequests.php(165): Laravel\\Lumen\\Application->handleFoundRoute(Array)
#8 [internal function]: Laravel\\Lumen\\Application->Laravel\\Lumen\\Concerns\\{closure}(Object(Laravel\\Lumen\\Http\\Request))
#9 C:\\MAMP\\htdocs\\proyecto\\api\\vendor\\laravel\\lumen-framework\\src\\Routing\\Pipeline.php(52): call_user_func(Object(Closure), Object(Laravel\\Lumen\\Http\\Request))
#10 C:\\MAMP\\htdocs\\proyecto\\api\\app\\Http\\Middleware\\CorsMiddleware.php(5): Laravel\\Lumen\\Routing\\Pipeline->Laravel\\Lumen\\Routing\\{closure}(Object(Laravel\\Lumen\\Http\\Request))
#11 C:\\MAMP\\htdocs\\proyecto\\api\\vendor\\illuminate\\pipeline\\Pipeline.php(151): App\\Http\\Middleware\\CorsMiddleware->handle(Object(Laravel\\Lumen\\Http\\Request), Object(Closure))
#12 [internal function]: Illuminate\\Pipeline\\Pipeline->Illuminate\\Pipeline\\{closure}(Object(Laravel\\Lumen\\Http\\Request))
#13 C:\\MAMP\\htdocs\\proyecto\\api\\vendor\\laravel\\lumen-framework\\src\\Routing\\Pipeline.php(32): call_user_func(Object(Closure), Object(Laravel\\Lumen\\Http\\Request))
#14 C:\\MAMP\\htdocs\\proyecto\\api\\vendor\\illuminate\\pipeline\\Pipeline.php(104): Laravel\\Lumen\\Routing\\Pipeline->Laravel\\Lumen\\Routing\\{closure}(Object(Laravel\\Lumen\\Http\\Request))
#15 C:\\MAMP\\htdocs\\proyecto\\api\\vendor\\laravel\\lumen-framework\\src\\Concerns\\RoutesRequests.php(415): Illuminate\\Pipeline\\Pipeline->then(Object(Closure))
#16 C:\\MAMP\\htdocs\\proyecto\\api\\vendor\\laravel\\lumen-framework\\src\\Concerns\\RoutesRequests.php(171): Laravel\\Lumen\\Application->sendThroughPipeline(Array, Object(Closure))
#17 C:\\MAMP\\htdocs\\proyecto\\api\\vendor\\laravel\\lumen-framework\\src\\Concerns\\RoutesRequests.php(108): Laravel\\Lumen\\Application->dispatch(NULL)
#18 C:\\MAMP\\htdocs\\proyecto\\api\\public\\index.php(28): Laravel\\Lumen\\Application->run()
#19 {main}
"} 
[2019-01-06 18:20:27] local.ERROR: Symfony\Component\Debug\Exception\FatalThrowableError: Call to undefined method Laravel\Lumen\Application::view() in C:\MAMP\htdocs\proyecto\api\routes\web.php:16
Stack trace:
#0 [internal function]: Closure->{closure}()
#1 C:\MAMP\htdocs\proyecto\api\vendor\illuminate\container\BoundMethod.php(29): call_user_func_array(Object(Closure), Array)
#2 C:\MAMP\htdocs\proyecto\api\vendor\illuminate\container\BoundMethod.php(75): Illuminate\Container\BoundMethod::Illuminate\Container\{closure}()
#3 C:\MAMP\htdocs\proyecto\api\vendor\illuminate\container\BoundMethod.php(31): Illuminate\Container\BoundMethod::callBoundMethod(Object(Laravel\Lumen\Application), Object(Closure), Object(Closure))
#4 C:\MAMP\htdocs\proyecto\api\vendor\illuminate\container\Container.php(572): Illuminate\Container\BoundMethod::call(Object(Laravel\Lumen\Application), Object(Closure), Array, NULL)
#5 C:\MAMP\htdocs\proyecto\api\vendor\laravel\lumen-framework\src\Concerns\RoutesRequests.php(291): Illuminate\Container\Container->call(Object(Closure), Array)
#6 C:\MAMP\htdocs\proyecto\api\vendor\laravel\lumen-framework\src\Concerns\RoutesRequests.php(265): Laravel\Lumen\Application->callActionOnArrayBasedRoute(Array)
#7 C:\MAMP\htdocs\proyecto\api\vendor\laravel\lumen-framework\src\Concerns\RoutesRequests.php(165): Laravel\Lumen\Application->handleFoundRoute(Array)
#8 [internal function]: Laravel\Lumen\Application->Laravel\Lumen\Concerns\{closure}(Object(Laravel\Lumen\Http\Request))
#9 C:\MAMP\htdocs\proyecto\api\vendor\laravel\lumen-framework\src\Routing\Pipeline.php(52): call_user_func(Object(Closure), Object(Laravel\Lumen\Http\Request))
#10 C:\MAMP\htdocs\proyecto\api\app\Http\Middleware\CorsMiddleware.php(5): Laravel\Lumen\Routing\Pipeline->Laravel\Lumen\Routing\{closure}(Object(Laravel\Lumen\Http\Request))
#11 C:\MAMP\htdocs\proyecto\api\vendor\illuminate\pipeline\Pipeline.php(151): App\Http\Middleware\CorsMiddleware->handle(Object(Laravel\Lumen\Http\Request), Object(Closure))
#12 [internal function]: Illuminate\Pipeline\Pipeline->Illuminate\Pipeline\{closure}(Object(Laravel\Lumen\Http\Request))
#13 C:\MAMP\htdocs\proyecto\api\vendor\laravel\lumen-framework\src\Routing\Pipeline.php(32): call_user_func(Object(Closure), Object(Laravel\Lumen\Http\Request))
#14 C:\MAMP\htdocs\proyecto\api\vendor\illuminate\pipeline\Pipeline.php(104): Laravel\Lumen\Routing\Pipeline->Laravel\Lumen\Routing\{closure}(Object(Laravel\Lumen\Http\Request))
#15 C:\MAMP\htdocs\proyecto\api\vendor\laravel\lumen-framework\src\Concerns\RoutesRequests.php(415): Illuminate\Pipeline\Pipeline->then(Object(Closure))
#16 C:\MAMP\htdocs\proyecto\api\vendor\laravel\lumen-framework\src\Concerns\RoutesRequests.php(171): Laravel\Lumen\Application->sendThroughPipeline(Array, Object(Closure))
#17 C:\MAMP\htdocs\proyecto\api\vendor\laravel\lumen-framework\src\Concerns\RoutesRequests.php(108): Laravel\Lumen\Application->dispatch(NULL)
#18 C:\MAMP\htdocs\proyecto\api\public\index.php(28): Laravel\Lumen\Application->run()
#19 {main} {"exception":"[object] (Symfony\\Component\\Debug\\Exception\\FatalThrowableError(code: 0): Call to undefined method Laravel\\Lumen\\Application::view() at C:\\MAMP\\htdocs\\proyecto\\api\outes\\web.php:16)
[stacktrace]
#0 [internal function]: Closure->{closure}()
#1 C:\\MAMP\\htdocs\\proyecto\\api\\vendor\\illuminate\\container\\BoundMethod.php(29): call_user_func_array(Object(Closure), Array)
#2 C:\\MAMP\\htdocs\\proyecto\\api\\vendor\\illuminate\\container\\BoundMethod.php(75): Illuminate\\Container\\BoundMethod::Illuminate\\Container\\{closure}()
#3 C:\\MAMP\\htdocs\\proyecto\\api\\vendor\\illuminate\\container\\BoundMethod.php(31): Illuminate\\Container\\BoundMethod::callBoundMethod(Object(Laravel\\Lumen\\Application), Object(Closure), Object(Closure))
#4 C:\\MAMP\\htdocs\\proyecto\\api\\vendor\\illuminate\\container\\Container.php(572): Illuminate\\Container\\BoundMethod::call(Object(Laravel\\Lumen\\Application), Object(Closure), Array, NULL)
#5 C:\\MAMP\\htdocs\\proyecto\\api\\vendor\\laravel\\lumen-framework\\src\\Concerns\\RoutesRequests.php(291): Illuminate\\Container\\Container->call(Object(Closure), Array)
#6 C:\\MAMP\\htdocs\\proyecto\\api\\vendor\\laravel\\lumen-framework\\src\\Concerns\\RoutesRequests.php(265): Laravel\\Lumen\\Application->callActionOnArrayBasedRoute(Array)
#7 C:\\MAMP\\htdocs\\proyecto\\api\\vendor\\laravel\\lumen-framework\\src\\Concerns\\RoutesRequests.php(165): Laravel\\Lumen\\Application->handleFoundRoute(Array)
#8 [internal function]: Laravel\\Lumen\\Application->Laravel\\Lumen\\Concerns\\{closure}(Object(Laravel\\Lumen\\Http\\Request))
#9 C:\\MAMP\\htdocs\\proyecto\\api\\vendor\\laravel\\lumen-framework\\src\\Routing\\Pipeline.php(52): call_user_func(Object(Closure), Object(Laravel\\Lumen\\Http\\Request))
#10 C:\\MAMP\\htdocs\\proyecto\\api\\app\\Http\\Middleware\\CorsMiddleware.php(5): Laravel\\Lumen\\Routing\\Pipeline->Laravel\\Lumen\\Routing\\{closure}(Object(Laravel\\Lumen\\Http\\Request))
#11 C:\\MAMP\\htdocs\\proyecto\\api\\vendor\\illuminate\\pipeline\\Pipeline.php(151): App\\Http\\Middleware\\CorsMiddleware->handle(Object(Laravel\\Lumen\\Http\\Request), Object(Closure))
#12 [internal function]: Illuminate\\Pipeline\\Pipeline->Illuminate\\Pipeline\\{closure}(Object(Laravel\\Lumen\\Http\\Request))
#13 C:\\MAMP\\htdocs\\proyecto\\api\\vendor\\laravel\\lumen-framework\\src\\Routing\\Pipeline.php(32): call_user_func(Object(Closure), Object(Laravel\\Lumen\\Http\\Request))
#14 C:\\MAMP\\htdocs\\proyecto\\api\\vendor\\illuminate\\pipeline\\Pipeline.php(104): Laravel\\Lumen\\Routing\\Pipeline->Laravel\\Lumen\\Routing\\{closure}(Object(Laravel\\Lumen\\Http\\Request))
#15 C:\\MAMP\\htdocs\\proyecto\\api\\vendor\\laravel\\lumen-framework\\src\\Concerns\\RoutesRequests.php(415): Illuminate\\Pipeline\\Pipeline->then(Object(Closure))
#16 C:\\MAMP\\htdocs\\proyecto\\api\\vendor\\laravel\\lumen-framework\\src\\Concerns\\RoutesRequests.php(171): Laravel\\Lumen\\Application->sendThroughPipeline(Array, Object(Closure))
#17 C:\\MAMP\\htdocs\\proyecto\\api\\vendor\\laravel\\lumen-framework\\src\\Concerns\\RoutesRequests.php(108): Laravel\\Lumen\\Application->dispatch(NULL)
#18 C:\\MAMP\\htdocs\\proyecto\\api\\public\\index.php(28): Laravel\\Lumen\\Application->run()
#19 {main}
"} 
[2019-01-06 22:45:17] local.ERROR: ErrorException: Undefined variable: router in C:\MAMP\htdocs\proyecto\api\routes\web.php:20
Stack trace:
#0 C:\MAMP\htdocs\proyecto\api\routes\web.php(20): Laravel\Lumen\Application->Laravel\Lumen\Concerns\{closure}(8, 'Undefined varia...', 'C:\\MAMP\\htdocs\\...', 20, Array)
#1 [internal function]: Closure->{closure}()
#2 C:\MAMP\htdocs\proyecto\api\vendor\illuminate\container\BoundMethod.php(29): call_user_func_array(Object(Closure), Array)
#3 C:\MAMP\htdocs\proyecto\api\vendor\illuminate\container\BoundMethod.php(75): Illuminate\Container\BoundMethod::Illuminate\Container\{closure}()
#4 C:\MAMP\htdocs\proyecto\api\vendor\illuminate\container\BoundMethod.php(31): Illuminate\Container\BoundMethod::callBoundMethod(Object(Laravel\Lumen\Application), Object(Closure), Object(Closure))
#5 C:\MAMP\htdocs\proyecto\api\vendor\illuminate\container\Container.php(572): Illuminate\Container\BoundMethod::call(Object(Laravel\Lumen\Application), Object(Closure), Array, NULL)
#6 C:\MAMP\htdocs\proyecto\api\vendor\laravel\lumen-framework\src\Concerns\RoutesRequests.php(291): Illuminate\Container\Container->call(Object(Closure), Array)
#7 C:\MAMP\htdocs\proyecto\api\vendor\laravel\lumen-framework\src\Concerns\RoutesRequests.php(265): Laravel\Lumen\Application->callActionOnArrayBasedRoute(Array)
#8 C:\MAMP\htdocs\proyecto\api\vendor\laravel\lumen-framework\src\Concerns\RoutesRequests.php(165): Laravel\Lumen\Application->handleFoundRoute(Array)
#9 [internal function]: Laravel\Lumen\Application->Laravel\Lumen\Concerns\{closure}(Object(Laravel\Lumen\Http\Request))
#10 C:\MAMP\htdocs\proyecto\api\vendor\laravel\lumen-framework\src\Routing\Pipeline.php(52): call_user_func(Object(Closure), Object(Laravel\Lumen\Http\Request))
#11 C:\MAMP\htdocs\proyecto\api\app\Http\Middleware\CorsMiddleware.php(5): Laravel\Lumen\Routing\Pipeline->Laravel\Lumen\Routing\{closure}(Object(Laravel\Lumen\Http\Request))
#12 C:\MAMP\htdocs\proyecto\api\vendor\illuminate\pipeline\Pipeline.php(151): App\Http\Middleware\CorsMiddleware->handle(Object(Laravel\Lumen\Http\Request), Object(Closure))
#13 [internal function]: Illuminate\Pipeline\Pipeline->Illuminate\Pipeline\{closure}(Object(Laravel\Lumen\Http\Request))
#14 C:\MAMP\htdocs\proyecto\api\vendor\laravel\lumen-framework\src\Routing\Pipeline.php(32): call_user_func(Object(Closure), Object(Laravel\Lumen\Http\Request))
#15 C:\MAMP\htdocs\proyecto\api\vendor\illuminate\pipeline\Pipeline.php(104): Laravel\Lumen\Routing\Pipeline->Laravel\Lumen\Routing\{closure}(Object(Laravel\Lumen\Http\Request))
#16 C:\MAMP\htdocs\proyecto\api\vendor\laravel\lumen-framework\src\Concerns\RoutesRequests.php(415): Illuminate\Pipeline\Pipeline->then(Object(Closure))
#17 C:\MAMP\htdocs\proyecto\api\vendor\laravel\lumen-framework\src\Concerns\RoutesRequests.php(171): Laravel\Lumen\Application->sendThroughPipeline(Array, Object(Closure))
#18 C:\MAMP\htdocs\proyecto\api\vendor\laravel\lumen-framework\src\Concerns\RoutesRequests.php(108): Laravel\Lumen\Application->dispatch(NULL)
#19 C:\MAMP\htdocs\proyecto\api\public\index.php(28): Laravel\Lumen\Application->run()
#20 {main} {"exception":"[object] (ErrorException(code: 0): Undefined variable: router at C:\\MAMP\\htdocs\\proyecto\\api\outes\\web.php:20)
[stacktrace]
#0 C:\\MAMP\\htdocs\\proyecto\\api\outes\\web.php(20): Laravel\\Lumen\\Application->Laravel\\Lumen\\Concerns\\{closure}(8, 'Undefined varia...', 'C:\\\\MAMP\\\\htdocs\\\\...', 20, Array)
#1 [internal function]: Closure->{closure}()
#2 C:\\MAMP\\htdocs\\proyecto\\api\\vendor\\illuminate\\container\\BoundMethod.php(29): call_user_func_array(Object(Closure), Array)
#3 C:\\MAMP\\htdocs\\proyecto\\api\\vendor\\illuminate\\container\\BoundMethod.php(75): Illuminate\\Container\\BoundMethod::Illuminate\\Container\\{closure}()
#4 C:\\MAMP\\htdocs\\proyecto\\api\\vendor\\illuminate\\container\\BoundMethod.php(31): Illuminate\\Container\\BoundMethod::callBoundMethod(Object(Laravel\\Lumen\\Application), Object(Closure), Object(Closure))
#5 C:\\MAMP\\htdocs\\proyecto\\api\\vendor\\illuminate\\container\\Container.php(572): Illuminate\\Container\\BoundMethod::call(Object(Laravel\\Lumen\\Application), Object(Closure), Array, NULL)
#6 C:\\MAMP\\htdocs\\proyecto\\api\\vendor\\laravel\\lumen-framework\\src\\Concerns\\RoutesRequests.php(291): Illuminate\\Container\\Container->call(Object(Closure), Array)
#7 C:\\MAMP\\htdocs\\proyecto\\api\\vendor\\laravel\\lumen-framework\\src\\Concerns\\RoutesRequests.php(265): Laravel\\Lumen\\Application->callActionOnArrayBasedRoute(Array)
#8 C:\\MAMP\\htdocs\\proyecto\\api\\vendor\\laravel\\lumen-framework\\src\\Concerns\\RoutesRequests.php(165): Laravel\\Lumen\\Application->handleFoundRoute(Array)
#9 [internal function]: Laravel\\Lumen\\Application->Laravel\\Lumen\\Concerns\\{closure}(Object(Laravel\\Lumen\\Http\\Request))
#10 C:\\MAMP\\htdocs\\proyecto\\api\\vendor\\laravel\\lumen-framework\\src\\Routing\\Pipeline.php(52): call_user_func(Object(Closure), Object(Laravel\\Lumen\\Http\\Request))
#11 C:\\MAMP\\htdocs\\proyecto\\api\\app\\Http\\Middleware\\CorsMiddleware.php(5): Laravel\\Lumen\\Routing\\Pipeline->Laravel\\Lumen\\Routing\\{closure}(Object(Laravel\\Lumen\\Http\\Request))
#12 C:\\MAMP\\htdocs\\proyecto\\api\\vendor\\illuminate\\pipeline\\Pipeline.php(151): App\\Http\\Middleware\\CorsMiddleware->handle(Object(Laravel\\Lumen\\Http\\Request), Object(Closure))
#13 [internal function]: Illuminate\\Pipeline\\Pipeline->Illuminate\\Pipeline\\{closure}(Object(Laravel\\Lumen\\Http\\Request))
#14 C:\\MAMP\\htdocs\\proyecto\\api\\vendor\\laravel\\lumen-framework\\src\\Routing\\Pipeline.php(32): call_user_func(Object(Closure), Object(Laravel\\Lumen\\Http\\Request))
#15 C:\\MAMP\\htdocs\\proyecto\\api\\vendor\\illuminate\\pipeline\\Pipeline.php(104): Laravel\\Lumen\\Routing\\Pipeline->Laravel\\Lumen\\Routing\\{closure}(Object(Laravel\\Lumen\\Http\\Request))
#16 C:\\MAMP\\htdocs\\proyecto\\api\\vendor\\laravel\\lumen-framework\\src\\Concerns\\RoutesRequests.php(415): Illuminate\\Pipeline\\Pipeline->then(Object(Closure))
#17 C:\\MAMP\\htdocs\\proyecto\\api\\vendor\\laravel\\lumen-framework\\src\\Concerns\\RoutesRequests.php(171): Laravel\\Lumen\\Application->sendThroughPipeline(Array, Object(Closure))
#18 C:\\MAMP\\htdocs\\proyecto\\api\\vendor\\laravel\\lumen-framework\\src\\Concerns\\RoutesRequests.php(108): Laravel\\Lumen\\Application->dispatch(NULL)
#19 C:\\MAMP\\htdocs\\proyecto\\api\\public\\index.php(28): Laravel\\Lumen\\Application->run()
#20 {main}
"} 
[2019-01-06 22:45:40] local.ERROR: ErrorException: array_merge(): Argument #2 is not an array in C:\MAMP\htdocs\proyecto\api\vendor\illuminate\view\Factory.php:136
Stack trace:
#0 [internal function]: Laravel\Lumen\Application->Laravel\Lumen\Concerns\{closure}(2, 'array_merge(): ...', 'C:\\MAMP\\htdocs\\...', 136, Array)
#1 C:\MAMP\htdocs\proyecto\api\vendor\illuminate\view\Factory.php(136): array_merge(Array, 'Controller@welc...')
#2 C:\MAMP\htdocs\proyecto\api\vendor\laravel\lumen-framework\src\helpers.php(431): Illuminate\View\Factory->make('welcome', 'Controller@welc...', Array)
#3 C:\MAMP\htdocs\proyecto\api\routes\web.php(20): view('welcome', 'Controller@welc...')
#4 [internal function]: Closure->{closure}()
#5 C:\MAMP\htdocs\proyecto\api\vendor\illuminate\container\BoundMethod.php(29): call_user_func_array(Object(Closure), Array)
#6 C:\MAMP\htdocs\proyecto\api\vendor\illuminate\container\BoundMethod.php(75): Illuminate\Container\BoundMethod::Illuminate\Container\{closure}()
#7 C:\MAMP\htdocs\proyecto\api\vendor\illuminate\container\BoundMethod.php(31): Illuminate\Container\BoundMethod::callBoundMethod(Object(Laravel\Lumen\Application), Object(Closure), Object(Closure))
#8 C:\MAMP\htdocs\proyecto\api\vendor\illuminate\container\Container.php(572): Illuminate\Container\BoundMethod::call(Object(Laravel\Lumen\Application), Object(Closure), Array, NULL)
#9 C:\MAMP\htdocs\proyecto\api\vendor\laravel\lumen-framework\src\Concerns\RoutesRequests.php(291): Illuminate\Container\Container->call(Object(Closure), Array)
#10 C:\MAMP\htdocs\proyecto\api\vendor\laravel\lumen-framework\src\Concerns\RoutesRequests.php(265): Laravel\Lumen\Application->callActionOnArrayBasedRoute(Array)
#11 C:\MAMP\htdocs\proyecto\api\vendor\laravel\lumen-framework\src\Concerns\RoutesRequests.php(165): Laravel\Lumen\Application->handleFoundRoute(Array)
#12 [internal function]: Laravel\Lumen\Application->Laravel\Lumen\Concerns\{closure}(Object(Laravel\Lumen\Http\Request))
#13 C:\MAMP\htdocs\proyecto\api\vendor\laravel\lumen-framework\src\Routing\Pipeline.php(52): call_user_func(Object(Closure), Object(Laravel\Lumen\Http\Request))
#14 C:\MAMP\htdocs\proyecto\api\app\Http\Middleware\CorsMiddleware.php(5): Laravel\Lumen\Routing\Pipeline->Laravel\Lumen\Routing\{closure}(Object(Laravel\Lumen\Http\Request))
#15 C:\MAMP\htdocs\proyecto\api\vendor\illuminate\pipeline\Pipeline.php(151): App\Http\Middleware\CorsMiddleware->handle(Object(Laravel\Lumen\Http\Request), Object(Closure))
#16 [internal function]: Illuminate\Pipeline\Pipeline->Illuminate\Pipeline\{closure}(Object(Laravel\Lumen\Http\Request))
#17 C:\MAMP\htdocs\proyecto\api\vendor\laravel\lumen-framework\src\Routing\Pipeline.php(32): call_user_func(Object(Closure), Object(Laravel\Lumen\Http\Request))
#18 C:\MAMP\htdocs\proyecto\api\vendor\illuminate\pipeline\Pipeline.php(104): Laravel\Lumen\Routing\Pipeline->Laravel\Lumen\Routing\{closure}(Object(Laravel\Lumen\Http\Request))
#19 C:\MAMP\htdocs\proyecto\api\vendor\laravel\lumen-framework\src\Concerns\RoutesRequests.php(415): Illuminate\Pipeline\Pipeline->then(Object(Closure))
#20 C:\MAMP\htdocs\proyecto\api\vendor\laravel\lumen-framework\src\Concerns\RoutesRequests.php(171): Laravel\Lumen\Application->sendThroughPipeline(Array, Object(Closure))
#21 C:\MAMP\htdocs\proyecto\api\vendor\laravel\lumen-framework\src\Concerns\RoutesRequests.php(108): Laravel\Lumen\Application->dispatch(NULL)
#22 C:\MAMP\htdocs\proyecto\api\public\index.php(28): Laravel\Lumen\Application->run()
#23 {main} {"exception":"[object] (ErrorException(code: 0): array_merge(): Argument #2 is not an array at C:\\MAMP\\htdocs\\proyecto\\api\\vendor\\illuminate\\view\\Factory.php:136)
[stacktrace]
#0 [internal function]: Laravel\\Lumen\\Application->Laravel\\Lumen\\Concerns\\{closure}(2, 'array_merge(): ...', 'C:\\\\MAMP\\\\htdocs\\\\...', 136, Array)
#1 C:\\MAMP\\htdocs\\proyecto\\api\\vendor\\illuminate\\view\\Factory.php(136): array_merge(Array, 'Controller@welc...')
#2 C:\\MAMP\\htdocs\\proyecto\\api\\vendor\\laravel\\lumen-framework\\src\\helpers.php(431): Illuminate\\View\\Factory->make('welcome', 'Controller@welc...', Array)
#3 C:\\MAMP\\htdocs\\proyecto\\api\outes\\web.php(20): view('welcome', 'Controller@welc...')
#4 [internal function]: Closure->{closure}()
#5 C:\\MAMP\\htdocs\\proyecto\\api\\vendor\\illuminate\\container\\BoundMethod.php(29): call_user_func_array(Object(Closure), Array)
#6 C:\\MAMP\\htdocs\\proyecto\\api\\vendor\\illuminate\\container\\BoundMethod.php(75): Illuminate\\Container\\BoundMethod::Illuminate\\Container\\{closure}()
#7 C:\\MAMP\\htdocs\\proyecto\\api\\vendor\\illuminate\\container\\BoundMethod.php(31): Illuminate\\Container\\BoundMethod::callBoundMethod(Object(Laravel\\Lumen\\Application), Object(Closure), Object(Closure))
#8 C:\\MAMP\\htdocs\\proyecto\\api\\vendor\\illuminate\\container\\Container.php(572): Illuminate\\Container\\BoundMethod::call(Object(Laravel\\Lumen\\Application), Object(Closure), Array, NULL)
#9 C:\\MAMP\\htdocs\\proyecto\\api\\vendor\\laravel\\lumen-framework\\src\\Concerns\\RoutesRequests.php(291): Illuminate\\Container\\Container->call(Object(Closure), Array)
#10 C:\\MAMP\\htdocs\\proyecto\\api\\vendor\\laravel\\lumen-framework\\src\\Concerns\\RoutesRequests.php(265): Laravel\\Lumen\\Application->callActionOnArrayBasedRoute(Array)
#11 C:\\MAMP\\htdocs\\proyecto\\api\\vendor\\laravel\\lumen-framework\\src\\Concerns\\RoutesRequests.php(165): Laravel\\Lumen\\Application->handleFoundRoute(Array)
#12 [internal function]: Laravel\\Lumen\\Application->Laravel\\Lumen\\Concerns\\{closure}(Object(Laravel\\Lumen\\Http\\Request))
#13 C:\\MAMP\\htdocs\\proyecto\\api\\vendor\\laravel\\lumen-framework\\src\\Routing\\Pipeline.php(52): call_user_func(Object(Closure), Object(Laravel\\Lumen\\Http\\Request))
#14 C:\\MAMP\\htdocs\\proyecto\\api\\app\\Http\\Middleware\\CorsMiddleware.php(5): Laravel\\Lumen\\Routing\\Pipeline->Laravel\\Lumen\\Routing\\{closure}(Object(Laravel\\Lumen\\Http\\Request))
#15 C:\\MAMP\\htdocs\\proyecto\\api\\vendor\\illuminate\\pipeline\\Pipeline.php(151): App\\Http\\Middleware\\CorsMiddleware->handle(Object(Laravel\\Lumen\\Http\\Request), Object(Closure))
#16 [internal function]: Illuminate\\Pipeline\\Pipeline->Illuminate\\Pipeline\\{closure}(Object(Laravel\\Lumen\\Http\\Request))
#17 C:\\MAMP\\htdocs\\proyecto\\api\\vendor\\laravel\\lumen-framework\\src\\Routing\\Pipeline.php(32): call_user_func(Object(Closure), Object(Laravel\\Lumen\\Http\\Request))
#18 C:\\MAMP\\htdocs\\proyecto\\api\\vendor\\illuminate\\pipeline\\Pipeline.php(104): Laravel\\Lumen\\Routing\\Pipeline->Laravel\\Lumen\\Routing\\{closure}(Object(Laravel\\Lumen\\Http\\Request))
#19 C:\\MAMP\\htdocs\\proyecto\\api\\vendor\\laravel\\lumen-framework\\src\\Concerns\\RoutesRequests.php(415): Illuminate\\Pipeline\\Pipeline->then(Object(Closure))
#20 C:\\MAMP\\htdocs\\proyecto\\api\\vendor\\laravel\\lumen-framework\\src\\Concerns\\RoutesRequests.php(171): Laravel\\Lumen\\Application->sendThroughPipeline(Array, Object(Closure))
#21 C:\\MAMP\\htdocs\\proyecto\\api\\vendor\\laravel\\lumen-framework\\src\\Concerns\\RoutesRequests.php(108): Laravel\\Lumen\\Application->dispatch(NULL)
#22 C:\\MAMP\\htdocs\\proyecto\\api\\public\\index.php(28): Laravel\\Lumen\\Application->run()
#23 {main}
"} 
[2019-01-06 22:48:37] local.ERROR: ErrorException: array_merge(): Argument #2 is not an array in C:\MAMP\htdocs\proyecto\api\vendor\illuminate\view\Factory.php:136
Stack trace:
#0 [internal function]: Laravel\Lumen\Application->Laravel\Lumen\Concerns\{closure}(2, 'array_merge(): ...', 'C:\\MAMP\\htdocs\\...', 136, Array)
#1 C:\MAMP\htdocs\proyecto\api\vendor\illuminate\view\Factory.php(136): array_merge(Array, 'Controller@welc...')
#2 C:\MAMP\htdocs\proyecto\api\vendor\laravel\lumen-framework\src\helpers.php(431): Illuminate\View\Factory->make('welcome', 'Controller@welc...', Array)
#3 C:\MAMP\htdocs\proyecto\api\routes\web.php(20): view('welcome', 'Controller@welc...')
#4 [internal function]: Closure->{closure}()
#5 C:\MAMP\htdocs\proyecto\api\vendor\illuminate\container\BoundMethod.php(29): call_user_func_array(Object(Closure), Array)
#6 C:\MAMP\htdocs\proyecto\api\vendor\illuminate\container\BoundMethod.php(75): Illuminate\Container\BoundMethod::Illuminate\Container\{closure}()
#7 C:\MAMP\htdocs\proyecto\api\vendor\illuminate\container\BoundMethod.php(31): Illuminate\Container\BoundMethod::callBoundMethod(Object(Laravel\Lumen\Application), Object(Closure), Object(Closure))
#8 C:\MAMP\htdocs\proyecto\api\vendor\illuminate\container\Container.php(572): Illuminate\Container\BoundMethod::call(Object(Laravel\Lumen\Application), Object(Closure), Array, NULL)
#9 C:\MAMP\htdocs\proyecto\api\vendor\laravel\lumen-framework\src\Concerns\RoutesRequests.php(291): Illuminate\Container\Container->call(Object(Closure), Array)
#10 C:\MAMP\htdocs\proyecto\api\vendor\laravel\lumen-framework\src\Concerns\RoutesRequests.php(265): Laravel\Lumen\Application->callActionOnArrayBasedRoute(Array)
#11 C:\MAMP\htdocs\proyecto\api\vendor\laravel\lumen-framework\src\Concerns\RoutesRequests.php(165): Laravel\Lumen\Application->handleFoundRoute(Array)
#12 [internal function]: Laravel\Lumen\Application->Laravel\Lumen\Concerns\{closure}(Object(Laravel\Lumen\Http\Request))
#13 C:\MAMP\htdocs\proyecto\api\vendor\laravel\lumen-framework\src\Routing\Pipeline.php(52): call_user_func(Object(Closure), Object(Laravel\Lumen\Http\Request))
#14 C:\MAMP\htdocs\proyecto\api\app\Http\Middleware\CorsMiddleware.php(5): Laravel\Lumen\Routing\Pipeline->Laravel\Lumen\Routing\{closure}(Object(Laravel\Lumen\Http\Request))
#15 C:\MAMP\htdocs\proyecto\api\vendor\illuminate\pipeline\Pipeline.php(151): App\Http\Middleware\CorsMiddleware->handle(Object(Laravel\Lumen\Http\Request), Object(Closure))
#16 [internal function]: Illuminate\Pipeline\Pipeline->Illuminate\Pipeline\{closure}(Object(Laravel\Lumen\Http\Request))
#17 C:\MAMP\htdocs\proyecto\api\vendor\laravel\lumen-framework\src\Routing\Pipeline.php(32): call_user_func(Object(Closure), Object(Laravel\Lumen\Http\Request))
#18 C:\MAMP\htdocs\proyecto\api\vendor\illuminate\pipeline\Pipeline.php(104): Laravel\Lumen\Routing\Pipeline->Laravel\Lumen\Routing\{closure}(Object(Laravel\Lumen\Http\Request))
#19 C:\MAMP\htdocs\proyecto\api\vendor\laravel\lumen-framework\src\Concerns\RoutesRequests.php(415): Illuminate\Pipeline\Pipeline->then(Object(Closure))
#20 C:\MAMP\htdocs\proyecto\api\vendor\laravel\lumen-framework\src\Concerns\RoutesRequests.php(171): Laravel\Lumen\Application->sendThroughPipeline(Array, Object(Closure))
#21 C:\MAMP\htdocs\proyecto\api\vendor\laravel\lumen-framework\src\Concerns\RoutesRequests.php(108): Laravel\Lumen\Application->dispatch(NULL)
#22 C:\MAMP\htdocs\proyecto\api\public\index.php(28): Laravel\Lumen\Application->run()
#23 {main} {"exception":"[object] (ErrorException(code: 0): array_merge(): Argument #2 is not an array at C:\\MAMP\\htdocs\\proyecto\\api\\vendor\\illuminate\\view\\Factory.php:136)
[stacktrace]
#0 [internal function]: Laravel\\Lumen\\Application->Laravel\\Lumen\\Concerns\\{closure}(2, 'array_merge(): ...', 'C:\\\\MAMP\\\\htdocs\\\\...', 136, Array)
#1 C:\\MAMP\\htdocs\\proyecto\\api\\vendor\\illuminate\\view\\Factory.php(136): array_merge(Array, 'Controller@welc...')
#2 C:\\MAMP\\htdocs\\proyecto\\api\\vendor\\laravel\\lumen-framework\\src\\helpers.php(431): Illuminate\\View\\Factory->make('welcome', 'Controller@welc...', Array)
#3 C:\\MAMP\\htdocs\\proyecto\\api\outes\\web.php(20): view('welcome', 'Controller@welc...')
#4 [internal function]: Closure->{closure}()
#5 C:\\MAMP\\htdocs\\proyecto\\api\\vendor\\illuminate\\container\\BoundMethod.php(29): call_user_func_array(Object(Closure), Array)
#6 C:\\MAMP\\htdocs\\proyecto\\api\\vendor\\illuminate\\container\\BoundMethod.php(75): Illuminate\\Container\\BoundMethod::Illuminate\\Container\\{closure}()
#7 C:\\MAMP\\htdocs\\proyecto\\api\\vendor\\illuminate\\container\\BoundMethod.php(31): Illuminate\\Container\\BoundMethod::callBoundMethod(Object(Laravel\\Lumen\\Application), Object(Closure), Object(Closure))
#8 C:\\MAMP\\htdocs\\proyecto\\api\\vendor\\illuminate\\container\\Container.php(572): Illuminate\\Container\\BoundMethod::call(Object(Laravel\\Lumen\\Application), Object(Closure), Array, NULL)
#9 C:\\MAMP\\htdocs\\proyecto\\api\\vendor\\laravel\\lumen-framework\\src\\Concerns\\RoutesRequests.php(291): Illuminate\\Container\\Container->call(Object(Closure), Array)
#10 C:\\MAMP\\htdocs\\proyecto\\api\\vendor\\laravel\\lumen-framework\\src\\Concerns\\RoutesRequests.php(265): Laravel\\Lumen\\Application->callActionOnArrayBasedRoute(Array)
#11 C:\\MAMP\\htdocs\\proyecto\\api\\vendor\\laravel\\lumen-framework\\src\\Concerns\\RoutesRequests.php(165): Laravel\\Lumen\\Application->handleFoundRoute(Array)
#12 [internal function]: Laravel\\Lumen\\Application->Laravel\\Lumen\\Concerns\\{closure}(Object(Laravel\\Lumen\\Http\\Request))
#13 C:\\MAMP\\htdocs\\proyecto\\api\\vendor\\laravel\\lumen-framework\\src\\Routing\\Pipeline.php(52): call_user_func(Object(Closure), Object(Laravel\\Lumen\\Http\\Request))
#14 C:\\MAMP\\htdocs\\proyecto\\api\\app\\Http\\Middleware\\CorsMiddleware.php(5): Laravel\\Lumen\\Routing\\Pipeline->Laravel\\Lumen\\Routing\\{closure}(Object(Laravel\\Lumen\\Http\\Request))
#15 C:\\MAMP\\htdocs\\proyecto\\api\\vendor\\illuminate\\pipeline\\Pipeline.php(151): App\\Http\\Middleware\\CorsMiddleware->handle(Object(Laravel\\Lumen\\Http\\Request), Object(Closure))
#16 [internal function]: Illuminate\\Pipeline\\Pipeline->Illuminate\\Pipeline\\{closure}(Object(Laravel\\Lumen\\Http\\Request))
#17 C:\\MAMP\\htdocs\\proyecto\\api\\vendor\\laravel\\lumen-framework\\src\\Routing\\Pipeline.php(32): call_user_func(Object(Closure), Object(Laravel\\Lumen\\Http\\Request))
#18 C:\\MAMP\\htdocs\\proyecto\\api\\vendor\\illuminate\\pipeline\\Pipeline.php(104): Laravel\\Lumen\\Routing\\Pipeline->Laravel\\Lumen\\Routing\\{closure}(Object(Laravel\\Lumen\\Http\\Request))
#19 C:\\MAMP\\htdocs\\proyecto\\api\\vendor\\laravel\\lumen-framework\\src\\Concerns\\RoutesRequests.php(415): Illuminate\\Pipeline\\Pipeline->then(Object(Closure))
#20 C:\\MAMP\\htdocs\\proyecto\\api\\vendor\\laravel\\lumen-framework\\src\\Concerns\\RoutesRequests.php(171): Laravel\\Lumen\\Application->sendThroughPipeline(Array, Object(Closure))
#21 C:\\MAMP\\htdocs\\proyecto\\api\\vendor\\laravel\\lumen-framework\\src\\Concerns\\RoutesRequests.php(108): Laravel\\Lumen\\Application->dispatch(NULL)
#22 C:\\MAMP\\htdocs\\proyecto\\api\\public\\index.php(28): Laravel\\Lumen\\Application->run()
#23 {main}
"} 
