[2019-01-23 00:08:21] local.ERROR: Symfony\Component\Console\Exception\NamespaceNotFoundException: There are no commands defined in the "view" namespace. in C:\MAMP\htdocs\proyecto\api\vendor\symfony\console\Application.php:578
Stack trace:
#0 C:\MAMP\htdocs\proyecto\api\vendor\symfony\console\Application.php(618): Symfony\Component\Console\Application->findNamespace('view')
#1 C:\MAMP\htdocs\proyecto\api\vendor\symfony\console\Application.php(226): Symfony\Component\Console\Application->find('view:clear')
#2 C:\MAMP\htdocs\proyecto\api\vendor\symfony\console\Application.php(145): Symfony\Component\Console\Application->doRun(Object(Symfony\Component\Console\Input\ArgvInput), Object(Symfony\Component\Console\Output\ConsoleOutput))
#3 C:\MAMP\htdocs\proyecto\api\vendor\illuminate\console\Application.php(89): Symfony\Component\Console\Application->run(Object(Symfony\Component\Console\Input\ArgvInput), Object(Symfony\Component\Console\Output\ConsoleOutput))
#4 C:\MAMP\htdocs\proyecto\api\vendor\laravel\lumen-framework\src\Console\Kernel.php(115): Illuminate\Console\Application->run(Object(Symfony\Component\Console\Input\ArgvInput), Object(Symfony\Component\Console\Output\ConsoleOutput))
#5 C:\MAMP\htdocs\proyecto\api\artisan(35): Laravel\Lumen\Console\Kernel->handle(Object(Symfony\Component\Console\Input\ArgvInput), Object(Symfony\Component\Console\Output\ConsoleOutput))
#6 {main} {"exception":"[object] (Symfony\\Component\\Console\\Exception\\NamespaceNotFoundException(code: 0): There are no commands defined in the \"view\" namespace. at C:\\MAMP\\htdocs\\proyecto\\api\\vendor\\symfony\\console\\Application.php:578)
[stacktrace]
#0 C:\\MAMP\\htdocs\\proyecto\\api\\vendor\\symfony\\console\\Application.php(618): Symfony\\Component\\Console\\Application->findNamespace('view')
#1 C:\\MAMP\\htdocs\\proyecto\\api\\vendor\\symfony\\console\\Application.php(226): Symfony\\Component\\Console\\Application->find('view:clear')
#2 C:\\MAMP\\htdocs\\proyecto\\api\\vendor\\symfony\\console\\Application.php(145): Symfony\\Component\\Console\\Application->doRun(Object(Symfony\\Component\\Console\\Input\\ArgvInput), Object(Symfony\\Component\\Console\\Output\\ConsoleOutput))
#3 C:\\MAMP\\htdocs\\proyecto\\api\\vendor\\illuminate\\console\\Application.php(89): Symfony\\Component\\Console\\Application->run(Object(Symfony\\Component\\Console\\Input\\ArgvInput), Object(Symfony\\Component\\Console\\Output\\ConsoleOutput))
#4 C:\\MAMP\\htdocs\\proyecto\\api\\vendor\\laravel\\lumen-framework\\src\\Console\\Kernel.php(115): Illuminate\\Console\\Application->run(Object(Symfony\\Component\\Console\\Input\\ArgvInput), Object(Symfony\\Component\\Console\\Output\\ConsoleOutput))
#5 C:\\MAMP\\htdocs\\proyecto\\api\\artisan(35): Laravel\\Lumen\\Console\\Kernel->handle(Object(Symfony\\Component\\Console\\Input\\ArgvInput), Object(Symfony\\Component\\Console\\Output\\ConsoleOutput))
#6 {main}
"} 
[2019-01-23 01:08:17] local.ERROR: ErrorException: $ref "#/components/schemas/User" not found for @OA\JsonContent() in \App\Http\Controllers\UsersController->index() in C:\MAMP\htdocs\proyecto\api/app\Http\Controllers\UsersController.php on line 25 in C:\MAMP\htdocs\proyecto\api\vendor\zircote\swagger-php\src\Logger.php:39
Stack trace:
#0 [internal function]: Laravel\Lumen\Application->Laravel\Lumen\Concerns\{closure}(1024, '$ref "#/compone...', 'C:\\MAMP\\htdocs\\...', 39, Array)
#1 C:\MAMP\htdocs\proyecto\api\vendor\zircote\swagger-php\src\Logger.php(39): trigger_error('$ref "#/compone...', 1024)
#2 [internal function]: OpenApi\Logger->OpenApi\{closure}('$ref "#/compone...', 1024)
#3 C:\MAMP\htdocs\proyecto\api\vendor\zircote\swagger-php\src\Logger.php(71): call_user_func(Object(Closure), '$ref "#/compone...', 1024)
#4 C:\MAMP\htdocs\proyecto\api\vendor\zircote\swagger-php\src\Annotations\AbstractAnnotation.php(403): OpenApi\Logger::notice('$ref "#/compone...')
#5 C:\MAMP\htdocs\proyecto\api\vendor\zircote\swagger-php\src\Annotations\Schema.php(380): OpenApi\Annotations\AbstractAnnotation->validate(Array, Array, 'responses/0/con...')
#6 C:\MAMP\htdocs\proyecto\api\vendor\zircote\swagger-php\src\Annotations\AbstractAnnotation.php(478): OpenApi\Annotations\Schema->validate(Array, Array, 'responses/0/con...')
#7 C:\MAMP\htdocs\proyecto\api\vendor\zircote\swagger-php\src\Annotations\AbstractAnnotation.php(448): OpenApi\Annotations\AbstractAnnotation::_validate(Object(OpenApi\Annotations\MediaType), Array, Array, 'responses/0/con...')
#8 C:\MAMP\htdocs\proyecto\api\vendor\zircote\swagger-php\src\Annotations\AbstractAnnotation.php(478): OpenApi\Annotations\AbstractAnnotation->validate(Array, Array, 'responses/0/con...')
#9 C:\MAMP\htdocs\proyecto\api\vendor\zircote\swagger-php\src\Annotations\AbstractAnnotation.php(484): OpenApi\Annotations\AbstractAnnotation::_validate(Array, Array, Array, 'responses/0/con...')
#10 C:\MAMP\htdocs\proyecto\api\vendor\zircote\swagger-php\src\Annotations\AbstractAnnotation.php(448): OpenApi\Annotations\AbstractAnnotation::_validate(Object(OpenApi\Annotations\Response), Array, Array, 'responses/0')
#11 C:\MAMP\htdocs\proyecto\api\vendor\zircote\swagger-php\src\Annotations\AbstractAnnotation.php(478): OpenApi\Annotations\AbstractAnnotation->validate(Array, Array, 'responses/0')
#12 C:\MAMP\htdocs\proyecto\api\vendor\zircote\swagger-php\src\Annotations\AbstractAnnotation.php(484): OpenApi\Annotations\AbstractAnnotation::_validate(Array, Array, Array, 'responses')
#13 C:\MAMP\htdocs\proyecto\api\vendor\zircote\swagger-php\src\Annotations\AbstractAnnotation.php(448): OpenApi\Annotations\AbstractAnnotation::_validate(Object(OpenApi\Annotations\Get), Array, Array, '')
#14 C:\MAMP\htdocs\proyecto\api\vendor\zircote\swagger-php\src\Annotations\Operation.php(183): OpenApi\Annotations\AbstractAnnotation->validate(Array, Array)
#15 C:\MAMP\htdocs\proyecto\api\vendor\zircote\swagger-php\src\Annotations\AbstractAnnotation.php(478): OpenApi\Annotations\Operation->validate(Array, Array, '#/paths/2/get')
#16 C:\MAMP\htdocs\proyecto\api\vendor\zircote\swagger-php\src\Annotations\AbstractAnnotation.php(448): OpenApi\Annotations\AbstractAnnotation::_validate(Object(OpenApi\Annotations\PathItem), Array, Array, '#/paths/2')
#17 C:\MAMP\htdocs\proyecto\api\vendor\zircote\swagger-php\src\Annotations\AbstractAnnotation.php(478): OpenApi\Annotations\AbstractAnnotation->validate(Array, Array, '#/paths/2')
#18 C:\MAMP\htdocs\proyecto\api\vendor\zircote\swagger-php\src\Annotations\AbstractAnnotation.php(484): OpenApi\Annotations\AbstractAnnotation::_validate(Array, Array, Array, '#/paths')
#19 C:\MAMP\htdocs\proyecto\api\vendor\zircote\swagger-php\src\Annotations\AbstractAnnotation.php(448): OpenApi\Annotations\AbstractAnnotation::_validate(Object(OpenApi\Annotations\OpenApi), Array, Array, '#')
#20 C:\MAMP\htdocs\proyecto\api\vendor\zircote\swagger-php\src\Annotations\OpenApi.php(135): OpenApi\Annotations\AbstractAnnotation->validate(Array, Array, '#')
#21 C:\MAMP\htdocs\proyecto\api\vendor\zircote\swagger-php\src\Analysis.php(422): OpenApi\Annotations\OpenApi->validate()
#22 C:\MAMP\htdocs\proyecto\api\vendor\zircote\swagger-php\src\functions.php(46): OpenApi\Analysis->validate()
#23 C:\MAMP\htdocs\proyecto\api\vendor\darkaonline\swagger-lume\src\Generator.php(25): OpenApi\scan('C:\\MAMP\\htdocs\\...', Array)
#24 C:\MAMP\htdocs\proyecto\api\vendor\darkaonline\swagger-lume\src\Console\GenerateDocsCommand.php(32): SwaggerLume\Generator::generateDocs()
#25 [internal function]: SwaggerLume\Console\GenerateDocsCommand->handle()
#26 C:\MAMP\htdocs\proyecto\api\vendor\illuminate\container\BoundMethod.php(29): call_user_func_array(Array, Array)
#27 C:\MAMP\htdocs\proyecto\api\vendor\illuminate\container\BoundMethod.php(87): Illuminate\Container\BoundMethod::Illuminate\Container\{closure}()
#28 C:\MAMP\htdocs\proyecto\api\vendor\illuminate\container\BoundMethod.php(31): Illuminate\Container\BoundMethod::callBoundMethod(Object(Laravel\Lumen\Application), Array, Object(Closure))
#29 C:\MAMP\htdocs\proyecto\api\vendor\illuminate\container\Container.php(572): Illuminate\Container\BoundMethod::call(Object(Laravel\Lumen\Application), Array, Array, NULL)
#30 C:\MAMP\htdocs\proyecto\api\vendor\illuminate\console\Command.php(183): Illuminate\Container\Container->call(Array)
#31 C:\MAMP\htdocs\proyecto\api\vendor\symfony\console\Command\Command.php(255): Illuminate\Console\Command->execute(Object(Symfony\Component\Console\Input\ArgvInput), Object(Illuminate\Console\OutputStyle))
#32 C:\MAMP\htdocs\proyecto\api\vendor\illuminate\console\Command.php(170): Symfony\Component\Console\Command\Command->run(Object(Symfony\Component\Console\Input\ArgvInput), Object(Illuminate\Console\OutputStyle))
#33 C:\MAMP\htdocs\proyecto\api\vendor\symfony\console\Application.php(901): Illuminate\Console\Command->run(Object(Symfony\Component\Console\Input\ArgvInput), Object(Symfony\Component\Console\Output\ConsoleOutput))
#34 C:\MAMP\htdocs\proyecto\api\vendor\symfony\console\Application.php(262): Symfony\Component\Console\Application->doRunCommand(Object(SwaggerLume\Console\GenerateDocsCommand), Object(Symfony\Component\Console\Input\ArgvInput), Object(Symfony\Component\Console\Output\ConsoleOutput))
#35 C:\MAMP\htdocs\proyecto\api\vendor\symfony\console\Application.php(145): Symfony\Component\Console\Application->doRun(Object(Symfony\Component\Console\Input\ArgvInput), Object(Symfony\Component\Console\Output\ConsoleOutput))
#36 C:\MAMP\htdocs\proyecto\api\vendor\illuminate\console\Application.php(89): Symfony\Component\Console\Application->run(Object(Symfony\Component\Console\Input\ArgvInput), Object(Symfony\Component\Console\Output\ConsoleOutput))
#37 C:\MAMP\htdocs\proyecto\api\vendor\laravel\lumen-framework\src\Console\Kernel.php(115): Illuminate\Console\Application->run(Object(Symfony\Component\Console\Input\ArgvInput), Object(Symfony\Component\Console\Output\ConsoleOutput))
#38 C:\MAMP\htdocs\proyecto\api\artisan(35): Laravel\Lumen\Console\Kernel->handle(Object(Symfony\Component\Console\Input\ArgvInput), Object(Symfony\Component\Console\Output\ConsoleOutput))
#39 {main} {"exception":"[object] (ErrorException(code: 0): $ref \"#/components/schemas/User\" not found for @OA\\JsonContent() in \\App\\Http\\Controllers\\UsersController->index() in C:\\MAMP\\htdocs\\proyecto\\api/app\\Http\\Controllers\\UsersController.php on line 25 at C:\\MAMP\\htdocs\\proyecto\\api\\vendor\\zircote\\swagger-php\\src\\Logger.php:39)
[stacktrace]
#0 [internal function]: Laravel\\Lumen\\Application->Laravel\\Lumen\\Concerns\\{closure}(1024, '$ref \"#/compone...', 'C:\\\\MAMP\\\\htdocs\\\\...', 39, Array)
#1 C:\\MAMP\\htdocs\\proyecto\\api\\vendor\\zircote\\swagger-php\\src\\Logger.php(39): trigger_error('$ref \"#/compone...', 1024)
#2 [internal function]: OpenApi\\Logger->OpenApi\\{closure}('$ref \"#/compone...', 1024)
#3 C:\\MAMP\\htdocs\\proyecto\\api\\vendor\\zircote\\swagger-php\\src\\Logger.php(71): call_user_func(Object(Closure), '$ref \"#/compone...', 1024)
#4 C:\\MAMP\\htdocs\\proyecto\\api\\vendor\\zircote\\swagger-php\\src\\Annotations\\AbstractAnnotation.php(403): OpenApi\\Logger::notice('$ref \"#/compone...')
#5 C:\\MAMP\\htdocs\\proyecto\\api\\vendor\\zircote\\swagger-php\\src\\Annotations\\Schema.php(380): OpenApi\\Annotations\\AbstractAnnotation->validate(Array, Array, 'responses/0/con...')
#6 C:\\MAMP\\htdocs\\proyecto\\api\\vendor\\zircote\\swagger-php\\src\\Annotations\\AbstractAnnotation.php(478): OpenApi\\Annotations\\Schema->validate(Array, Array, 'responses/0/con...')
#7 C:\\MAMP\\htdocs\\proyecto\\api\\vendor\\zircote\\swagger-php\\src\\Annotations\\AbstractAnnotation.php(448): OpenApi\\Annotations\\AbstractAnnotation::_validate(Object(OpenApi\\Annotations\\MediaType), Array, Array, 'responses/0/con...')
#8 C:\\MAMP\\htdocs\\proyecto\\api\\vendor\\zircote\\swagger-php\\src\\Annotations\\AbstractAnnotation.php(478): OpenApi\\Annotations\\AbstractAnnotation->validate(Array, Array, 'responses/0/con...')
#9 C:\\MAMP\\htdocs\\proyecto\\api\\vendor\\zircote\\swagger-php\\src\\Annotations\\AbstractAnnotation.php(484): OpenApi\\Annotations\\AbstractAnnotation::_validate(Array, Array, Array, 'responses/0/con...')
#10 C:\\MAMP\\htdocs\\proyecto\\api\\vendor\\zircote\\swagger-php\\src\\Annotations\\AbstractAnnotation.php(448): OpenApi\\Annotations\\AbstractAnnotation::_validate(Object(OpenApi\\Annotations\\Response), Array, Array, 'responses/0')
#11 C:\\MAMP\\htdocs\\proyecto\\api\\vendor\\zircote\\swagger-php\\src\\Annotations\\AbstractAnnotation.php(478): OpenApi\\Annotations\\AbstractAnnotation->validate(Array, Array, 'responses/0')
#12 C:\\MAMP\\htdocs\\proyecto\\api\\vendor\\zircote\\swagger-php\\src\\Annotations\\AbstractAnnotation.php(484): OpenApi\\Annotations\\AbstractAnnotation::_validate(Array, Array, Array, 'responses')
#13 C:\\MAMP\\htdocs\\proyecto\\api\\vendor\\zircote\\swagger-php\\src\\Annotations\\AbstractAnnotation.php(448): OpenApi\\Annotations\\AbstractAnnotation::_validate(Object(OpenApi\\Annotations\\Get), Array, Array, '')
#14 C:\\MAMP\\htdocs\\proyecto\\api\\vendor\\zircote\\swagger-php\\src\\Annotations\\Operation.php(183): OpenApi\\Annotations\\AbstractAnnotation->validate(Array, Array)
#15 C:\\MAMP\\htdocs\\proyecto\\api\\vendor\\zircote\\swagger-php\\src\\Annotations\\AbstractAnnotation.php(478): OpenApi\\Annotations\\Operation->validate(Array, Array, '#/paths/2/get')
#16 C:\\MAMP\\htdocs\\proyecto\\api\\vendor\\zircote\\swagger-php\\src\\Annotations\\AbstractAnnotation.php(448): OpenApi\\Annotations\\AbstractAnnotation::_validate(Object(OpenApi\\Annotations\\PathItem), Array, Array, '#/paths/2')
#17 C:\\MAMP\\htdocs\\proyecto\\api\\vendor\\zircote\\swagger-php\\src\\Annotations\\AbstractAnnotation.php(478): OpenApi\\Annotations\\AbstractAnnotation->validate(Array, Array, '#/paths/2')
#18 C:\\MAMP\\htdocs\\proyecto\\api\\vendor\\zircote\\swagger-php\\src\\Annotations\\AbstractAnnotation.php(484): OpenApi\\Annotations\\AbstractAnnotation::_validate(Array, Array, Array, '#/paths')
#19 C:\\MAMP\\htdocs\\proyecto\\api\\vendor\\zircote\\swagger-php\\src\\Annotations\\AbstractAnnotation.php(448): OpenApi\\Annotations\\AbstractAnnotation::_validate(Object(OpenApi\\Annotations\\OpenApi), Array, Array, '#')
#20 C:\\MAMP\\htdocs\\proyecto\\api\\vendor\\zircote\\swagger-php\\src\\Annotations\\OpenApi.php(135): OpenApi\\Annotations\\AbstractAnnotation->validate(Array, Array, '#')
#21 C:\\MAMP\\htdocs\\proyecto\\api\\vendor\\zircote\\swagger-php\\src\\Analysis.php(422): OpenApi\\Annotations\\OpenApi->validate()
#22 C:\\MAMP\\htdocs\\proyecto\\api\\vendor\\zircote\\swagger-php\\src\\functions.php(46): OpenApi\\Analysis->validate()
#23 C:\\MAMP\\htdocs\\proyecto\\api\\vendor\\darkaonline\\swagger-lume\\src\\Generator.php(25): OpenApi\\scan('C:\\\\MAMP\\\\htdocs\\\\...', Array)
#24 C:\\MAMP\\htdocs\\proyecto\\api\\vendor\\darkaonline\\swagger-lume\\src\\Console\\GenerateDocsCommand.php(32): SwaggerLume\\Generator::generateDocs()
#25 [internal function]: SwaggerLume\\Console\\GenerateDocsCommand->handle()
#26 C:\\MAMP\\htdocs\\proyecto\\api\\vendor\\illuminate\\container\\BoundMethod.php(29): call_user_func_array(Array, Array)
#27 C:\\MAMP\\htdocs\\proyecto\\api\\vendor\\illuminate\\container\\BoundMethod.php(87): Illuminate\\Container\\BoundMethod::Illuminate\\Container\\{closure}()
#28 C:\\MAMP\\htdocs\\proyecto\\api\\vendor\\illuminate\\container\\BoundMethod.php(31): Illuminate\\Container\\BoundMethod::callBoundMethod(Object(Laravel\\Lumen\\Application), Array, Object(Closure))
#29 C:\\MAMP\\htdocs\\proyecto\\api\\vendor\\illuminate\\container\\Container.php(572): Illuminate\\Container\\BoundMethod::call(Object(Laravel\\Lumen\\Application), Array, Array, NULL)
#30 C:\\MAMP\\htdocs\\proyecto\\api\\vendor\\illuminate\\console\\Command.php(183): Illuminate\\Container\\Container->call(Array)
#31 C:\\MAMP\\htdocs\\proyecto\\api\\vendor\\symfony\\console\\Command\\Command.php(255): Illuminate\\Console\\Command->execute(Object(Symfony\\Component\\Console\\Input\\ArgvInput), Object(Illuminate\\Console\\OutputStyle))
#32 C:\\MAMP\\htdocs\\proyecto\\api\\vendor\\illuminate\\console\\Command.php(170): Symfony\\Component\\Console\\Command\\Command->run(Object(Symfony\\Component\\Console\\Input\\ArgvInput), Object(Illuminate\\Console\\OutputStyle))
#33 C:\\MAMP\\htdocs\\proyecto\\api\\vendor\\symfony\\console\\Application.php(901): Illuminate\\Console\\Command->run(Object(Symfony\\Component\\Console\\Input\\ArgvInput), Object(Symfony\\Component\\Console\\Output\\ConsoleOutput))
#34 C:\\MAMP\\htdocs\\proyecto\\api\\vendor\\symfony\\console\\Application.php(262): Symfony\\Component\\Console\\Application->doRunCommand(Object(SwaggerLume\\Console\\GenerateDocsCommand), Object(Symfony\\Component\\Console\\Input\\ArgvInput), Object(Symfony\\Component\\Console\\Output\\ConsoleOutput))
#35 C:\\MAMP\\htdocs\\proyecto\\api\\vendor\\symfony\\console\\Application.php(145): Symfony\\Component\\Console\\Application->doRun(Object(Symfony\\Component\\Console\\Input\\ArgvInput), Object(Symfony\\Component\\Console\\Output\\ConsoleOutput))
#36 C:\\MAMP\\htdocs\\proyecto\\api\\vendor\\illuminate\\console\\Application.php(89): Symfony\\Component\\Console\\Application->run(Object(Symfony\\Component\\Console\\Input\\ArgvInput), Object(Symfony\\Component\\Console\\Output\\ConsoleOutput))
#37 C:\\MAMP\\htdocs\\proyecto\\api\\vendor\\laravel\\lumen-framework\\src\\Console\\Kernel.php(115): Illuminate\\Console\\Application->run(Object(Symfony\\Component\\Console\\Input\\ArgvInput), Object(Symfony\\Component\\Console\\Output\\ConsoleOutput))
#38 C:\\MAMP\\htdocs\\proyecto\\api\\artisan(35): Laravel\\Lumen\\Console\\Kernel->handle(Object(Symfony\\Component\\Console\\Input\\ArgvInput), Object(Symfony\\Component\\Console\\Output\\ConsoleOutput))
#39 {main}
"} 
[2019-01-23 01:09:00] local.ERROR: ErrorException: [Syntax Error] Expected Value, got '@' in \App\Http\Controllers\UsersController->index() in C:\MAMP\htdocs\proyecto\api/app\Http\Controllers\UsersController.php on line 34:16 in C:\MAMP\htdocs\proyecto\api\vendor\zircote\swagger-php\src\Logger.php:39
Stack trace:
#0 [internal function]: Laravel\Lumen\Application->Laravel\Lumen\Concerns\{closure}(512, '[Syntax Error] ...', 'C:\\MAMP\\htdocs\\...', 39, Array)
#1 C:\MAMP\htdocs\proyecto\api\vendor\zircote\swagger-php\src\Logger.php(39): trigger_error('[Syntax Error] ...', 512)
#2 [internal function]: OpenApi\Logger->OpenApi\{closure}('[Syntax Error] ...', 512)
#3 C:\MAMP\htdocs\proyecto\api\vendor\zircote\swagger-php\src\Logger.php(61): call_user_func(Object(Closure), Object(Exception), 512)
#4 C:\MAMP\htdocs\proyecto\api\vendor\zircote\swagger-php\src\Analyser.php(116): OpenApi\Logger::warning(Object(Exception))
#5 C:\MAMP\htdocs\proyecto\api\vendor\zircote\swagger-php\src\StaticAnalyser.php(314): OpenApi\Analyser->fromComment('/**\r\n     * @Ge...', Object(OpenApi\Context))
#6 C:\MAMP\htdocs\proyecto\api\vendor\zircote\swagger-php\src\StaticAnalyser.php(224): OpenApi\StaticAnalyser->analyseComment(Object(OpenApi\Analysis), Object(OpenApi\Analyser), '/**\r\n     * @Ge...', Object(OpenApi\Context))
#7 C:\MAMP\htdocs\proyecto\api\vendor\zircote\swagger-php\src\StaticAnalyser.php(45): OpenApi\StaticAnalyser->fromTokens(Array, Object(OpenApi\Context))
#8 C:\MAMP\htdocs\proyecto\api\vendor\zircote\swagger-php\src\functions.php(41): OpenApi\StaticAnalyser->fromFile('C:\\MAMP\\htdocs\\...')
#9 C:\MAMP\htdocs\proyecto\api\vendor\darkaonline\swagger-lume\src\Generator.php(25): OpenApi\scan('C:\\MAMP\\htdocs\\...', Array)
#10 C:\MAMP\htdocs\proyecto\api\vendor\darkaonline\swagger-lume\src\Console\GenerateDocsCommand.php(32): SwaggerLume\Generator::generateDocs()
#11 [internal function]: SwaggerLume\Console\GenerateDocsCommand->handle()
#12 C:\MAMP\htdocs\proyecto\api\vendor\illuminate\container\BoundMethod.php(29): call_user_func_array(Array, Array)
#13 C:\MAMP\htdocs\proyecto\api\vendor\illuminate\container\BoundMethod.php(87): Illuminate\Container\BoundMethod::Illuminate\Container\{closure}()
#14 C:\MAMP\htdocs\proyecto\api\vendor\illuminate\container\BoundMethod.php(31): Illuminate\Container\BoundMethod::callBoundMethod(Object(Laravel\Lumen\Application), Array, Object(Closure))
#15 C:\MAMP\htdocs\proyecto\api\vendor\illuminate\container\Container.php(572): Illuminate\Container\BoundMethod::call(Object(Laravel\Lumen\Application), Array, Array, NULL)
#16 C:\MAMP\htdocs\proyecto\api\vendor\illuminate\console\Command.php(183): Illuminate\Container\Container->call(Array)
#17 C:\MAMP\htdocs\proyecto\api\vendor\symfony\console\Command\Command.php(255): Illuminate\Console\Command->execute(Object(Symfony\Component\Console\Input\ArgvInput), Object(Illuminate\Console\OutputStyle))
#18 C:\MAMP\htdocs\proyecto\api\vendor\illuminate\console\Command.php(170): Symfony\Component\Console\Command\Command->run(Object(Symfony\Component\Console\Input\ArgvInput), Object(Illuminate\Console\OutputStyle))
#19 C:\MAMP\htdocs\proyecto\api\vendor\symfony\console\Application.php(901): Illuminate\Console\Command->run(Object(Symfony\Component\Console\Input\ArgvInput), Object(Symfony\Component\Console\Output\ConsoleOutput))
#20 C:\MAMP\htdocs\proyecto\api\vendor\symfony\console\Application.php(262): Symfony\Component\Console\Application->doRunCommand(Object(SwaggerLume\Console\GenerateDocsCommand), Object(Symfony\Component\Console\Input\ArgvInput), Object(Symfony\Component\Console\Output\ConsoleOutput))
#21 C:\MAMP\htdocs\proyecto\api\vendor\symfony\console\Application.php(145): Symfony\Component\Console\Application->doRun(Object(Symfony\Component\Console\Input\ArgvInput), Object(Symfony\Component\Console\Output\ConsoleOutput))
#22 C:\MAMP\htdocs\proyecto\api\vendor\illuminate\console\Application.php(89): Symfony\Component\Console\Application->run(Object(Symfony\Component\Console\Input\ArgvInput), Object(Symfony\Component\Console\Output\ConsoleOutput))
#23 C:\MAMP\htdocs\proyecto\api\vendor\laravel\lumen-framework\src\Console\Kernel.php(115): Illuminate\Console\Application->run(Object(Symfony\Component\Console\Input\ArgvInput), Object(Symfony\Component\Console\Output\ConsoleOutput))
#24 C:\MAMP\htdocs\proyecto\api\artisan(35): Laravel\Lumen\Console\Kernel->handle(Object(Symfony\Component\Console\Input\ArgvInput), Object(Symfony\Component\Console\Output\ConsoleOutput))
#25 {main} {"exception":"[object] (ErrorException(code: 0): [Syntax Error] Expected Value, got '@' in \\App\\Http\\Controllers\\UsersController->index() in C:\\MAMP\\htdocs\\proyecto\\api/app\\Http\\Controllers\\UsersController.php on line 34:16 at C:\\MAMP\\htdocs\\proyecto\\api\\vendor\\zircote\\swagger-php\\src\\Logger.php:39)
[stacktrace]
#0 [internal function]: Laravel\\Lumen\\Application->Laravel\\Lumen\\Concerns\\{closure}(512, '[Syntax Error] ...', 'C:\\\\MAMP\\\\htdocs\\\\...', 39, Array)
#1 C:\\MAMP\\htdocs\\proyecto\\api\\vendor\\zircote\\swagger-php\\src\\Logger.php(39): trigger_error('[Syntax Error] ...', 512)
#2 [internal function]: OpenApi\\Logger->OpenApi\\{closure}('[Syntax Error] ...', 512)
#3 C:\\MAMP\\htdocs\\proyecto\\api\\vendor\\zircote\\swagger-php\\src\\Logger.php(61): call_user_func(Object(Closure), Object(Exception), 512)
#4 C:\\MAMP\\htdocs\\proyecto\\api\\vendor\\zircote\\swagger-php\\src\\Analyser.php(116): OpenApi\\Logger::warning(Object(Exception))
#5 C:\\MAMP\\htdocs\\proyecto\\api\\vendor\\zircote\\swagger-php\\src\\StaticAnalyser.php(314): OpenApi\\Analyser->fromComment('/**\\
     * @Ge...', Object(OpenApi\\Context))
#6 C:\\MAMP\\htdocs\\proyecto\\api\\vendor\\zircote\\swagger-php\\src\\StaticAnalyser.php(224): OpenApi\\StaticAnalyser->analyseComment(Object(OpenApi\\Analysis), Object(OpenApi\\Analyser), '/**\\
     * @Ge...', Object(OpenApi\\Context))
#7 C:\\MAMP\\htdocs\\proyecto\\api\\vendor\\zircote\\swagger-php\\src\\StaticAnalyser.php(45): OpenApi\\StaticAnalyser->fromTokens(Array, Object(OpenApi\\Context))
#8 C:\\MAMP\\htdocs\\proyecto\\api\\vendor\\zircote\\swagger-php\\src\\functions.php(41): OpenApi\\StaticAnalyser->fromFile('C:\\\\MAMP\\\\htdocs\\\\...')
#9 C:\\MAMP\\htdocs\\proyecto\\api\\vendor\\darkaonline\\swagger-lume\\src\\Generator.php(25): OpenApi\\scan('C:\\\\MAMP\\\\htdocs\\\\...', Array)
#10 C:\\MAMP\\htdocs\\proyecto\\api\\vendor\\darkaonline\\swagger-lume\\src\\Console\\GenerateDocsCommand.php(32): SwaggerLume\\Generator::generateDocs()
#11 [internal function]: SwaggerLume\\Console\\GenerateDocsCommand->handle()
#12 C:\\MAMP\\htdocs\\proyecto\\api\\vendor\\illuminate\\container\\BoundMethod.php(29): call_user_func_array(Array, Array)
#13 C:\\MAMP\\htdocs\\proyecto\\api\\vendor\\illuminate\\container\\BoundMethod.php(87): Illuminate\\Container\\BoundMethod::Illuminate\\Container\\{closure}()
#14 C:\\MAMP\\htdocs\\proyecto\\api\\vendor\\illuminate\\container\\BoundMethod.php(31): Illuminate\\Container\\BoundMethod::callBoundMethod(Object(Laravel\\Lumen\\Application), Array, Object(Closure))
#15 C:\\MAMP\\htdocs\\proyecto\\api\\vendor\\illuminate\\container\\Container.php(572): Illuminate\\Container\\BoundMethod::call(Object(Laravel\\Lumen\\Application), Array, Array, NULL)
#16 C:\\MAMP\\htdocs\\proyecto\\api\\vendor\\illuminate\\console\\Command.php(183): Illuminate\\Container\\Container->call(Array)
#17 C:\\MAMP\\htdocs\\proyecto\\api\\vendor\\symfony\\console\\Command\\Command.php(255): Illuminate\\Console\\Command->execute(Object(Symfony\\Component\\Console\\Input\\ArgvInput), Object(Illuminate\\Console\\OutputStyle))
#18 C:\\MAMP\\htdocs\\proyecto\\api\\vendor\\illuminate\\console\\Command.php(170): Symfony\\Component\\Console\\Command\\Command->run(Object(Symfony\\Component\\Console\\Input\\ArgvInput), Object(Illuminate\\Console\\OutputStyle))
#19 C:\\MAMP\\htdocs\\proyecto\\api\\vendor\\symfony\\console\\Application.php(901): Illuminate\\Console\\Command->run(Object(Symfony\\Component\\Console\\Input\\ArgvInput), Object(Symfony\\Component\\Console\\Output\\ConsoleOutput))
#20 C:\\MAMP\\htdocs\\proyecto\\api\\vendor\\symfony\\console\\Application.php(262): Symfony\\Component\\Console\\Application->doRunCommand(Object(SwaggerLume\\Console\\GenerateDocsCommand), Object(Symfony\\Component\\Console\\Input\\ArgvInput), Object(Symfony\\Component\\Console\\Output\\ConsoleOutput))
#21 C:\\MAMP\\htdocs\\proyecto\\api\\vendor\\symfony\\console\\Application.php(145): Symfony\\Component\\Console\\Application->doRun(Object(Symfony\\Component\\Console\\Input\\ArgvInput), Object(Symfony\\Component\\Console\\Output\\ConsoleOutput))
#22 C:\\MAMP\\htdocs\\proyecto\\api\\vendor\\illuminate\\console\\Application.php(89): Symfony\\Component\\Console\\Application->run(Object(Symfony\\Component\\Console\\Input\\ArgvInput), Object(Symfony\\Component\\Console\\Output\\ConsoleOutput))
#23 C:\\MAMP\\htdocs\\proyecto\\api\\vendor\\laravel\\lumen-framework\\src\\Console\\Kernel.php(115): Illuminate\\Console\\Application->run(Object(Symfony\\Component\\Console\\Input\\ArgvInput), Object(Symfony\\Component\\Console\\Output\\ConsoleOutput))
#24 C:\\MAMP\\htdocs\\proyecto\\api\\artisan(35): Laravel\\Lumen\\Console\\Kernel->handle(Object(Symfony\\Component\\Console\\Input\\ArgvInput), Object(Symfony\\Component\\Console\\Output\\ConsoleOutput))
#25 {main}
"} 
[2019-01-23 01:11:55] local.ERROR: ErrorException: Multiple @OA\Response() with the same response="400":
  C:\MAMP\htdocs\proyecto\api/app\Http\Controllers\OrchestratorRoomController.php on line 213
  C:\MAMP\htdocs\proyecto\api/app\Http\Controllers\OrchestratorRoomController.php on line 162 in C:\MAMP\htdocs\proyecto\api\vendor\zircote\swagger-php\src\Logger.php:39
Stack trace:
#0 [internal function]: Laravel\Lumen\Application->Laravel\Lumen\Concerns\{closure}(512, 'Multiple @OA\\Re...', 'C:\\MAMP\\htdocs\\...', 39, Array)
#1 C:\MAMP\htdocs\proyecto\api\vendor\zircote\swagger-php\src\Logger.php(39): trigger_error('Multiple @OA\\Re...', 512)
#2 [internal function]: OpenApi\Logger->OpenApi\{closure}('Multiple @OA\\Re...', 512)
#3 C:\MAMP\htdocs\proyecto\api\vendor\zircote\swagger-php\src\Logger.php(61): call_user_func(Object(Closure), 'Multiple @OA\\Re...', 512)
#4 C:\MAMP\htdocs\proyecto\api\vendor\zircote\swagger-php\src\Annotations\AbstractAnnotation.php(392): OpenApi\Logger::warning('Multiple @OA\\Re...')
#5 C:\MAMP\htdocs\proyecto\api\vendor\zircote\swagger-php\src\Annotations\AbstractAnnotation.php(478): OpenApi\Annotations\AbstractAnnotation->validate(Array, Array, '#/components')
#6 C:\MAMP\htdocs\proyecto\api\vendor\zircote\swagger-php\src\Annotations\AbstractAnnotation.php(448): OpenApi\Annotations\AbstractAnnotation::_validate(Object(OpenApi\Annotations\OpenApi), Array, Array, '#')
#7 C:\MAMP\htdocs\proyecto\api\vendor\zircote\swagger-php\src\Annotations\OpenApi.php(135): OpenApi\Annotations\AbstractAnnotation->validate(Array, Array, '#')
#8 C:\MAMP\htdocs\proyecto\api\vendor\zircote\swagger-php\src\Analysis.php(422): OpenApi\Annotations\OpenApi->validate()
#9 C:\MAMP\htdocs\proyecto\api\vendor\zircote\swagger-php\src\functions.php(46): OpenApi\Analysis->validate()
#10 C:\MAMP\htdocs\proyecto\api\vendor\darkaonline\swagger-lume\src\Generator.php(25): OpenApi\scan('C:\\MAMP\\htdocs\\...', Array)
#11 C:\MAMP\htdocs\proyecto\api\vendor\darkaonline\swagger-lume\src\Console\GenerateDocsCommand.php(32): SwaggerLume\Generator::generateDocs()
#12 [internal function]: SwaggerLume\Console\GenerateDocsCommand->handle()
#13 C:\MAMP\htdocs\proyecto\api\vendor\illuminate\container\BoundMethod.php(29): call_user_func_array(Array, Array)
#14 C:\MAMP\htdocs\proyecto\api\vendor\illuminate\container\BoundMethod.php(87): Illuminate\Container\BoundMethod::Illuminate\Container\{closure}()
#15 C:\MAMP\htdocs\proyecto\api\vendor\illuminate\container\BoundMethod.php(31): Illuminate\Container\BoundMethod::callBoundMethod(Object(Laravel\Lumen\Application), Array, Object(Closure))
#16 C:\MAMP\htdocs\proyecto\api\vendor\illuminate\container\Container.php(572): Illuminate\Container\BoundMethod::call(Object(Laravel\Lumen\Application), Array, Array, NULL)
#17 C:\MAMP\htdocs\proyecto\api\vendor\illuminate\console\Command.php(183): Illuminate\Container\Container->call(Array)
#18 C:\MAMP\htdocs\proyecto\api\vendor\symfony\console\Command\Command.php(255): Illuminate\Console\Command->execute(Object(Symfony\Component\Console\Input\ArgvInput), Object(Illuminate\Console\OutputStyle))
#19 C:\MAMP\htdocs\proyecto\api\vendor\illuminate\console\Command.php(170): Symfony\Component\Console\Command\Command->run(Object(Symfony\Component\Console\Input\ArgvInput), Object(Illuminate\Console\OutputStyle))
#20 C:\MAMP\htdocs\proyecto\api\vendor\symfony\console\Application.php(901): Illuminate\Console\Command->run(Object(Symfony\Component\Console\Input\ArgvInput), Object(Symfony\Component\Console\Output\ConsoleOutput))
#21 C:\MAMP\htdocs\proyecto\api\vendor\symfony\console\Application.php(262): Symfony\Component\Console\Application->doRunCommand(Object(SwaggerLume\Console\GenerateDocsCommand), Object(Symfony\Component\Console\Input\ArgvInput), Object(Symfony\Component\Console\Output\ConsoleOutput))
#22 C:\MAMP\htdocs\proyecto\api\vendor\symfony\console\Application.php(145): Symfony\Component\Console\Application->doRun(Object(Symfony\Component\Console\Input\ArgvInput), Object(Symfony\Component\Console\Output\ConsoleOutput))
#23 C:\MAMP\htdocs\proyecto\api\vendor\illuminate\console\Application.php(89): Symfony\Component\Console\Application->run(Object(Symfony\Component\Console\Input\ArgvInput), Object(Symfony\Component\Console\Output\ConsoleOutput))
#24 C:\MAMP\htdocs\proyecto\api\vendor\laravel\lumen-framework\src\Console\Kernel.php(115): Illuminate\Console\Application->run(Object(Symfony\Component\Console\Input\ArgvInput), Object(Symfony\Component\Console\Output\ConsoleOutput))
#25 C:\MAMP\htdocs\proyecto\api\artisan(35): Laravel\Lumen\Console\Kernel->handle(Object(Symfony\Component\Console\Input\ArgvInput), Object(Symfony\Component\Console\Output\ConsoleOutput))
#26 {main} {"exception":"[object] (ErrorException(code: 0): Multiple @OA\\Response() with the same response=\"400\":
  C:\\MAMP\\htdocs\\proyecto\\api/app\\Http\\Controllers\\OrchestratorRoomController.php on line 213
  C:\\MAMP\\htdocs\\proyecto\\api/app\\Http\\Controllers\\OrchestratorRoomController.php on line 162 at C:\\MAMP\\htdocs\\proyecto\\api\\vendor\\zircote\\swagger-php\\src\\Logger.php:39)
[stacktrace]
#0 [internal function]: Laravel\\Lumen\\Application->Laravel\\Lumen\\Concerns\\{closure}(512, 'Multiple @OA\\\\Re...', 'C:\\\\MAMP\\\\htdocs\\\\...', 39, Array)
#1 C:\\MAMP\\htdocs\\proyecto\\api\\vendor\\zircote\\swagger-php\\src\\Logger.php(39): trigger_error('Multiple @OA\\\\Re...', 512)
#2 [internal function]: OpenApi\\Logger->OpenApi\\{closure}('Multiple @OA\\\\Re...', 512)
#3 C:\\MAMP\\htdocs\\proyecto\\api\\vendor\\zircote\\swagger-php\\src\\Logger.php(61): call_user_func(Object(Closure), 'Multiple @OA\\\\Re...', 512)
#4 C:\\MAMP\\htdocs\\proyecto\\api\\vendor\\zircote\\swagger-php\\src\\Annotations\\AbstractAnnotation.php(392): OpenApi\\Logger::warning('Multiple @OA\\\\Re...')
#5 C:\\MAMP\\htdocs\\proyecto\\api\\vendor\\zircote\\swagger-php\\src\\Annotations\\AbstractAnnotation.php(478): OpenApi\\Annotations\\AbstractAnnotation->validate(Array, Array, '#/components')
#6 C:\\MAMP\\htdocs\\proyecto\\api\\vendor\\zircote\\swagger-php\\src\\Annotations\\AbstractAnnotation.php(448): OpenApi\\Annotations\\AbstractAnnotation::_validate(Object(OpenApi\\Annotations\\OpenApi), Array, Array, '#')
#7 C:\\MAMP\\htdocs\\proyecto\\api\\vendor\\zircote\\swagger-php\\src\\Annotations\\OpenApi.php(135): OpenApi\\Annotations\\AbstractAnnotation->validate(Array, Array, '#')
#8 C:\\MAMP\\htdocs\\proyecto\\api\\vendor\\zircote\\swagger-php\\src\\Analysis.php(422): OpenApi\\Annotations\\OpenApi->validate()
#9 C:\\MAMP\\htdocs\\proyecto\\api\\vendor\\zircote\\swagger-php\\src\\functions.php(46): OpenApi\\Analysis->validate()
#10 C:\\MAMP\\htdocs\\proyecto\\api\\vendor\\darkaonline\\swagger-lume\\src\\Generator.php(25): OpenApi\\scan('C:\\\\MAMP\\\\htdocs\\\\...', Array)
#11 C:\\MAMP\\htdocs\\proyecto\\api\\vendor\\darkaonline\\swagger-lume\\src\\Console\\GenerateDocsCommand.php(32): SwaggerLume\\Generator::generateDocs()
#12 [internal function]: SwaggerLume\\Console\\GenerateDocsCommand->handle()
#13 C:\\MAMP\\htdocs\\proyecto\\api\\vendor\\illuminate\\container\\BoundMethod.php(29): call_user_func_array(Array, Array)
#14 C:\\MAMP\\htdocs\\proyecto\\api\\vendor\\illuminate\\container\\BoundMethod.php(87): Illuminate\\Container\\BoundMethod::Illuminate\\Container\\{closure}()
#15 C:\\MAMP\\htdocs\\proyecto\\api\\vendor\\illuminate\\container\\BoundMethod.php(31): Illuminate\\Container\\BoundMethod::callBoundMethod(Object(Laravel\\Lumen\\Application), Array, Object(Closure))
#16 C:\\MAMP\\htdocs\\proyecto\\api\\vendor\\illuminate\\container\\Container.php(572): Illuminate\\Container\\BoundMethod::call(Object(Laravel\\Lumen\\Application), Array, Array, NULL)
#17 C:\\MAMP\\htdocs\\proyecto\\api\\vendor\\illuminate\\console\\Command.php(183): Illuminate\\Container\\Container->call(Array)
#18 C:\\MAMP\\htdocs\\proyecto\\api\\vendor\\symfony\\console\\Command\\Command.php(255): Illuminate\\Console\\Command->execute(Object(Symfony\\Component\\Console\\Input\\ArgvInput), Object(Illuminate\\Console\\OutputStyle))
#19 C:\\MAMP\\htdocs\\proyecto\\api\\vendor\\illuminate\\console\\Command.php(170): Symfony\\Component\\Console\\Command\\Command->run(Object(Symfony\\Component\\Console\\Input\\ArgvInput), Object(Illuminate\\Console\\OutputStyle))
#20 C:\\MAMP\\htdocs\\proyecto\\api\\vendor\\symfony\\console\\Application.php(901): Illuminate\\Console\\Command->run(Object(Symfony\\Component\\Console\\Input\\ArgvInput), Object(Symfony\\Component\\Console\\Output\\ConsoleOutput))
#21 C:\\MAMP\\htdocs\\proyecto\\api\\vendor\\symfony\\console\\Application.php(262): Symfony\\Component\\Console\\Application->doRunCommand(Object(SwaggerLume\\Console\\GenerateDocsCommand), Object(Symfony\\Component\\Console\\Input\\ArgvInput), Object(Symfony\\Component\\Console\\Output\\ConsoleOutput))
#22 C:\\MAMP\\htdocs\\proyecto\\api\\vendor\\symfony\\console\\Application.php(145): Symfony\\Component\\Console\\Application->doRun(Object(Symfony\\Component\\Console\\Input\\ArgvInput), Object(Symfony\\Component\\Console\\Output\\ConsoleOutput))
#23 C:\\MAMP\\htdocs\\proyecto\\api\\vendor\\illuminate\\console\\Application.php(89): Symfony\\Component\\Console\\Application->run(Object(Symfony\\Component\\Console\\Input\\ArgvInput), Object(Symfony\\Component\\Console\\Output\\ConsoleOutput))
#24 C:\\MAMP\\htdocs\\proyecto\\api\\vendor\\laravel\\lumen-framework\\src\\Console\\Kernel.php(115): Illuminate\\Console\\Application->run(Object(Symfony\\Component\\Console\\Input\\ArgvInput), Object(Symfony\\Component\\Console\\Output\\ConsoleOutput))
#25 C:\\MAMP\\htdocs\\proyecto\\api\\artisan(35): Laravel\\Lumen\\Console\\Kernel->handle(Object(Symfony\\Component\\Console\\Input\\ArgvInput), Object(Symfony\\Component\\Console\\Output\\ConsoleOutput))
#26 {main}
"} 
[2019-01-23 01:16:43] local.ERROR: ErrorException: Multiple @OA\Response() with the same response="400":
  C:\MAMP\htdocs\proyecto\api/app\Http\Controllers\OrchestratorRoomController.php on line 213
  C:\MAMP\htdocs\proyecto\api/app\Http\Controllers\OrchestratorRoomController.php on line 162 in C:\MAMP\htdocs\proyecto\api\vendor\zircote\swagger-php\src\Logger.php:39
Stack trace:
#0 [internal function]: Laravel\Lumen\Application->Laravel\Lumen\Concerns\{closure}(512, 'Multiple @OA\\Re...', 'C:\\MAMP\\htdocs\\...', 39, Array)
#1 C:\MAMP\htdocs\proyecto\api\vendor\zircote\swagger-php\src\Logger.php(39): trigger_error('Multiple @OA\\Re...', 512)
#2 [internal function]: OpenApi\Logger->OpenApi\{closure}('Multiple @OA\\Re...', 512)
#3 C:\MAMP\htdocs\proyecto\api\vendor\zircote\swagger-php\src\Logger.php(61): call_user_func(Object(Closure), 'Multiple @OA\\Re...', 512)
#4 C:\MAMP\htdocs\proyecto\api\vendor\zircote\swagger-php\src\Annotations\AbstractAnnotation.php(392): OpenApi\Logger::warning('Multiple @OA\\Re...')
#5 C:\MAMP\htdocs\proyecto\api\vendor\zircote\swagger-php\src\Annotations\AbstractAnnotation.php(478): OpenApi\Annotations\AbstractAnnotation->validate(Array, Array, '#/components')
#6 C:\MAMP\htdocs\proyecto\api\vendor\zircote\swagger-php\src\Annotations\AbstractAnnotation.php(448): OpenApi\Annotations\AbstractAnnotation::_validate(Object(OpenApi\Annotations\OpenApi), Array, Array, '#')
#7 C:\MAMP\htdocs\proyecto\api\vendor\zircote\swagger-php\src\Annotations\OpenApi.php(135): OpenApi\Annotations\AbstractAnnotation->validate(Array, Array, '#')
#8 C:\MAMP\htdocs\proyecto\api\vendor\zircote\swagger-php\src\Analysis.php(422): OpenApi\Annotations\OpenApi->validate()
#9 C:\MAMP\htdocs\proyecto\api\vendor\zircote\swagger-php\src\functions.php(46): OpenApi\Analysis->validate()
#10 C:\MAMP\htdocs\proyecto\api\vendor\darkaonline\swagger-lume\src\Generator.php(25): OpenApi\scan('C:\\MAMP\\htdocs\\...', Array)
#11 C:\MAMP\htdocs\proyecto\api\vendor\darkaonline\swagger-lume\src\Console\GenerateDocsCommand.php(32): SwaggerLume\Generator::generateDocs()
#12 [internal function]: SwaggerLume\Console\GenerateDocsCommand->handle()
#13 C:\MAMP\htdocs\proyecto\api\vendor\illuminate\container\BoundMethod.php(29): call_user_func_array(Array, Array)
#14 C:\MAMP\htdocs\proyecto\api\vendor\illuminate\container\BoundMethod.php(87): Illuminate\Container\BoundMethod::Illuminate\Container\{closure}()
#15 C:\MAMP\htdocs\proyecto\api\vendor\illuminate\container\BoundMethod.php(31): Illuminate\Container\BoundMethod::callBoundMethod(Object(Laravel\Lumen\Application), Array, Object(Closure))
#16 C:\MAMP\htdocs\proyecto\api\vendor\illuminate\container\Container.php(572): Illuminate\Container\BoundMethod::call(Object(Laravel\Lumen\Application), Array, Array, NULL)
#17 C:\MAMP\htdocs\proyecto\api\vendor\illuminate\console\Command.php(183): Illuminate\Container\Container->call(Array)
#18 C:\MAMP\htdocs\proyecto\api\vendor\symfony\console\Command\Command.php(255): Illuminate\Console\Command->execute(Object(Symfony\Component\Console\Input\ArgvInput), Object(Illuminate\Console\OutputStyle))
#19 C:\MAMP\htdocs\proyecto\api\vendor\illuminate\console\Command.php(170): Symfony\Component\Console\Command\Command->run(Object(Symfony\Component\Console\Input\ArgvInput), Object(Illuminate\Console\OutputStyle))
#20 C:\MAMP\htdocs\proyecto\api\vendor\symfony\console\Application.php(901): Illuminate\Console\Command->run(Object(Symfony\Component\Console\Input\ArgvInput), Object(Symfony\Component\Console\Output\ConsoleOutput))
#21 C:\MAMP\htdocs\proyecto\api\vendor\symfony\console\Application.php(262): Symfony\Component\Console\Application->doRunCommand(Object(SwaggerLume\Console\GenerateDocsCommand), Object(Symfony\Component\Console\Input\ArgvInput), Object(Symfony\Component\Console\Output\ConsoleOutput))
#22 C:\MAMP\htdocs\proyecto\api\vendor\symfony\console\Application.php(145): Symfony\Component\Console\Application->doRun(Object(Symfony\Component\Console\Input\ArgvInput), Object(Symfony\Component\Console\Output\ConsoleOutput))
#23 C:\MAMP\htdocs\proyecto\api\vendor\illuminate\console\Application.php(89): Symfony\Component\Console\Application->run(Object(Symfony\Component\Console\Input\ArgvInput), Object(Symfony\Component\Console\Output\ConsoleOutput))
#24 C:\MAMP\htdocs\proyecto\api\vendor\laravel\lumen-framework\src\Console\Kernel.php(115): Illuminate\Console\Application->run(Object(Symfony\Component\Console\Input\ArgvInput), Object(Symfony\Component\Console\Output\ConsoleOutput))
#25 C:\MAMP\htdocs\proyecto\api\artisan(35): Laravel\Lumen\Console\Kernel->handle(Object(Symfony\Component\Console\Input\ArgvInput), Object(Symfony\Component\Console\Output\ConsoleOutput))
#26 {main} {"exception":"[object] (ErrorException(code: 0): Multiple @OA\\Response() with the same response=\"400\":
  C:\\MAMP\\htdocs\\proyecto\\api/app\\Http\\Controllers\\OrchestratorRoomController.php on line 213
  C:\\MAMP\\htdocs\\proyecto\\api/app\\Http\\Controllers\\OrchestratorRoomController.php on line 162 at C:\\MAMP\\htdocs\\proyecto\\api\\vendor\\zircote\\swagger-php\\src\\Logger.php:39)
[stacktrace]
#0 [internal function]: Laravel\\Lumen\\Application->Laravel\\Lumen\\Concerns\\{closure}(512, 'Multiple @OA\\\\Re...', 'C:\\\\MAMP\\\\htdocs\\\\...', 39, Array)
#1 C:\\MAMP\\htdocs\\proyecto\\api\\vendor\\zircote\\swagger-php\\src\\Logger.php(39): trigger_error('Multiple @OA\\\\Re...', 512)
#2 [internal function]: OpenApi\\Logger->OpenApi\\{closure}('Multiple @OA\\\\Re...', 512)
#3 C:\\MAMP\\htdocs\\proyecto\\api\\vendor\\zircote\\swagger-php\\src\\Logger.php(61): call_user_func(Object(Closure), 'Multiple @OA\\\\Re...', 512)
#4 C:\\MAMP\\htdocs\\proyecto\\api\\vendor\\zircote\\swagger-php\\src\\Annotations\\AbstractAnnotation.php(392): OpenApi\\Logger::warning('Multiple @OA\\\\Re...')
#5 C:\\MAMP\\htdocs\\proyecto\\api\\vendor\\zircote\\swagger-php\\src\\Annotations\\AbstractAnnotation.php(478): OpenApi\\Annotations\\AbstractAnnotation->validate(Array, Array, '#/components')
#6 C:\\MAMP\\htdocs\\proyecto\\api\\vendor\\zircote\\swagger-php\\src\\Annotations\\AbstractAnnotation.php(448): OpenApi\\Annotations\\AbstractAnnotation::_validate(Object(OpenApi\\Annotations\\OpenApi), Array, Array, '#')
#7 C:\\MAMP\\htdocs\\proyecto\\api\\vendor\\zircote\\swagger-php\\src\\Annotations\\OpenApi.php(135): OpenApi\\Annotations\\AbstractAnnotation->validate(Array, Array, '#')
#8 C:\\MAMP\\htdocs\\proyecto\\api\\vendor\\zircote\\swagger-php\\src\\Analysis.php(422): OpenApi\\Annotations\\OpenApi->validate()
#9 C:\\MAMP\\htdocs\\proyecto\\api\\vendor\\zircote\\swagger-php\\src\\functions.php(46): OpenApi\\Analysis->validate()
#10 C:\\MAMP\\htdocs\\proyecto\\api\\vendor\\darkaonline\\swagger-lume\\src\\Generator.php(25): OpenApi\\scan('C:\\\\MAMP\\\\htdocs\\\\...', Array)
#11 C:\\MAMP\\htdocs\\proyecto\\api\\vendor\\darkaonline\\swagger-lume\\src\\Console\\GenerateDocsCommand.php(32): SwaggerLume\\Generator::generateDocs()
#12 [internal function]: SwaggerLume\\Console\\GenerateDocsCommand->handle()
#13 C:\\MAMP\\htdocs\\proyecto\\api\\vendor\\illuminate\\container\\BoundMethod.php(29): call_user_func_array(Array, Array)
#14 C:\\MAMP\\htdocs\\proyecto\\api\\vendor\\illuminate\\container\\BoundMethod.php(87): Illuminate\\Container\\BoundMethod::Illuminate\\Container\\{closure}()
#15 C:\\MAMP\\htdocs\\proyecto\\api\\vendor\\illuminate\\container\\BoundMethod.php(31): Illuminate\\Container\\BoundMethod::callBoundMethod(Object(Laravel\\Lumen\\Application), Array, Object(Closure))
#16 C:\\MAMP\\htdocs\\proyecto\\api\\vendor\\illuminate\\container\\Container.php(572): Illuminate\\Container\\BoundMethod::call(Object(Laravel\\Lumen\\Application), Array, Array, NULL)
#17 C:\\MAMP\\htdocs\\proyecto\\api\\vendor\\illuminate\\console\\Command.php(183): Illuminate\\Container\\Container->call(Array)
#18 C:\\MAMP\\htdocs\\proyecto\\api\\vendor\\symfony\\console\\Command\\Command.php(255): Illuminate\\Console\\Command->execute(Object(Symfony\\Component\\Console\\Input\\ArgvInput), Object(Illuminate\\Console\\OutputStyle))
#19 C:\\MAMP\\htdocs\\proyecto\\api\\vendor\\illuminate\\console\\Command.php(170): Symfony\\Component\\Console\\Command\\Command->run(Object(Symfony\\Component\\Console\\Input\\ArgvInput), Object(Illuminate\\Console\\OutputStyle))
#20 C:\\MAMP\\htdocs\\proyecto\\api\\vendor\\symfony\\console\\Application.php(901): Illuminate\\Console\\Command->run(Object(Symfony\\Component\\Console\\Input\\ArgvInput), Object(Symfony\\Component\\Console\\Output\\ConsoleOutput))
#21 C:\\MAMP\\htdocs\\proyecto\\api\\vendor\\symfony\\console\\Application.php(262): Symfony\\Component\\Console\\Application->doRunCommand(Object(SwaggerLume\\Console\\GenerateDocsCommand), Object(Symfony\\Component\\Console\\Input\\ArgvInput), Object(Symfony\\Component\\Console\\Output\\ConsoleOutput))
#22 C:\\MAMP\\htdocs\\proyecto\\api\\vendor\\symfony\\console\\Application.php(145): Symfony\\Component\\Console\\Application->doRun(Object(Symfony\\Component\\Console\\Input\\ArgvInput), Object(Symfony\\Component\\Console\\Output\\ConsoleOutput))
#23 C:\\MAMP\\htdocs\\proyecto\\api\\vendor\\illuminate\\console\\Application.php(89): Symfony\\Component\\Console\\Application->run(Object(Symfony\\Component\\Console\\Input\\ArgvInput), Object(Symfony\\Component\\Console\\Output\\ConsoleOutput))
#24 C:\\MAMP\\htdocs\\proyecto\\api\\vendor\\laravel\\lumen-framework\\src\\Console\\Kernel.php(115): Illuminate\\Console\\Application->run(Object(Symfony\\Component\\Console\\Input\\ArgvInput), Object(Symfony\\Component\\Console\\Output\\ConsoleOutput))
#25 C:\\MAMP\\htdocs\\proyecto\\api\\artisan(35): Laravel\\Lumen\\Console\\Kernel->handle(Object(Symfony\\Component\\Console\\Input\\ArgvInput), Object(Symfony\\Component\\Console\\Output\\ConsoleOutput))
#26 {main}
"} 
[2019-01-23 02:33:23] local.ERROR: ErrorException: Multiple @OA\Response() with the same response="400":
  C:\MAMP\htdocs\proyecto\api/app\Http\Controllers\OrchestratorRoomController.php on line 213
  C:\MAMP\htdocs\proyecto\api/app\Http\Controllers\OrchestratorRoomController.php on line 162 in C:\MAMP\htdocs\proyecto\api\vendor\zircote\swagger-php\src\Logger.php:39
Stack trace:
#0 [internal function]: Laravel\Lumen\Application->Laravel\Lumen\Concerns\{closure}(512, 'Multiple @OA\\Re...', 'C:\\MAMP\\htdocs\\...', 39, Array)
#1 C:\MAMP\htdocs\proyecto\api\vendor\zircote\swagger-php\src\Logger.php(39): trigger_error('Multiple @OA\\Re...', 512)
#2 [internal function]: OpenApi\Logger->OpenApi\{closure}('Multiple @OA\\Re...', 512)
#3 C:\MAMP\htdocs\proyecto\api\vendor\zircote\swagger-php\src\Logger.php(61): call_user_func(Object(Closure), 'Multiple @OA\\Re...', 512)
#4 C:\MAMP\htdocs\proyecto\api\vendor\zircote\swagger-php\src\Annotations\AbstractAnnotation.php(392): OpenApi\Logger::warning('Multiple @OA\\Re...')
#5 C:\MAMP\htdocs\proyecto\api\vendor\zircote\swagger-php\src\Annotations\AbstractAnnotation.php(478): OpenApi\Annotations\AbstractAnnotation->validate(Array, Array, '#/components')
#6 C:\MAMP\htdocs\proyecto\api\vendor\zircote\swagger-php\src\Annotations\AbstractAnnotation.php(448): OpenApi\Annotations\AbstractAnnotation::_validate(Object(OpenApi\Annotations\OpenApi), Array, Array, '#')
#7 C:\MAMP\htdocs\proyecto\api\vendor\zircote\swagger-php\src\Annotations\OpenApi.php(135): OpenApi\Annotations\AbstractAnnotation->validate(Array, Array, '#')
#8 C:\MAMP\htdocs\proyecto\api\vendor\zircote\swagger-php\src\Analysis.php(422): OpenApi\Annotations\OpenApi->validate()
#9 C:\MAMP\htdocs\proyecto\api\vendor\zircote\swagger-php\src\functions.php(46): OpenApi\Analysis->validate()
#10 C:\MAMP\htdocs\proyecto\api\vendor\darkaonline\swagger-lume\src\Generator.php(25): OpenApi\scan('C:\\MAMP\\htdocs\\...', Array)
#11 C:\MAMP\htdocs\proyecto\api\vendor\darkaonline\swagger-lume\src\Console\GenerateDocsCommand.php(32): SwaggerLume\Generator::generateDocs()
#12 [internal function]: SwaggerLume\Console\GenerateDocsCommand->handle()
#13 C:\MAMP\htdocs\proyecto\api\vendor\illuminate\container\BoundMethod.php(29): call_user_func_array(Array, Array)
#14 C:\MAMP\htdocs\proyecto\api\vendor\illuminate\container\BoundMethod.php(87): Illuminate\Container\BoundMethod::Illuminate\Container\{closure}()
#15 C:\MAMP\htdocs\proyecto\api\vendor\illuminate\container\BoundMethod.php(31): Illuminate\Container\BoundMethod::callBoundMethod(Object(Laravel\Lumen\Application), Array, Object(Closure))
#16 C:\MAMP\htdocs\proyecto\api\vendor\illuminate\container\Container.php(572): Illuminate\Container\BoundMethod::call(Object(Laravel\Lumen\Application), Array, Array, NULL)
#17 C:\MAMP\htdocs\proyecto\api\vendor\illuminate\console\Command.php(183): Illuminate\Container\Container->call(Array)
#18 C:\MAMP\htdocs\proyecto\api\vendor\symfony\console\Command\Command.php(255): Illuminate\Console\Command->execute(Object(Symfony\Component\Console\Input\ArgvInput), Object(Illuminate\Console\OutputStyle))
#19 C:\MAMP\htdocs\proyecto\api\vendor\illuminate\console\Command.php(170): Symfony\Component\Console\Command\Command->run(Object(Symfony\Component\Console\Input\ArgvInput), Object(Illuminate\Console\OutputStyle))
#20 C:\MAMP\htdocs\proyecto\api\vendor\symfony\console\Application.php(901): Illuminate\Console\Command->run(Object(Symfony\Component\Console\Input\ArgvInput), Object(Symfony\Component\Console\Output\ConsoleOutput))
#21 C:\MAMP\htdocs\proyecto\api\vendor\symfony\console\Application.php(262): Symfony\Component\Console\Application->doRunCommand(Object(SwaggerLume\Console\GenerateDocsCommand), Object(Symfony\Component\Console\Input\ArgvInput), Object(Symfony\Component\Console\Output\ConsoleOutput))
#22 C:\MAMP\htdocs\proyecto\api\vendor\symfony\console\Application.php(145): Symfony\Component\Console\Application->doRun(Object(Symfony\Component\Console\Input\ArgvInput), Object(Symfony\Component\Console\Output\ConsoleOutput))
#23 C:\MAMP\htdocs\proyecto\api\vendor\illuminate\console\Application.php(89): Symfony\Component\Console\Application->run(Object(Symfony\Component\Console\Input\ArgvInput), Object(Symfony\Component\Console\Output\ConsoleOutput))
#24 C:\MAMP\htdocs\proyecto\api\vendor\laravel\lumen-framework\src\Console\Kernel.php(115): Illuminate\Console\Application->run(Object(Symfony\Component\Console\Input\ArgvInput), Object(Symfony\Component\Console\Output\ConsoleOutput))
#25 C:\MAMP\htdocs\proyecto\api\artisan(35): Laravel\Lumen\Console\Kernel->handle(Object(Symfony\Component\Console\Input\ArgvInput), Object(Symfony\Component\Console\Output\ConsoleOutput))
#26 {main} {"exception":"[object] (ErrorException(code: 0): Multiple @OA\\Response() with the same response=\"400\":
  C:\\MAMP\\htdocs\\proyecto\\api/app\\Http\\Controllers\\OrchestratorRoomController.php on line 213
  C:\\MAMP\\htdocs\\proyecto\\api/app\\Http\\Controllers\\OrchestratorRoomController.php on line 162 at C:\\MAMP\\htdocs\\proyecto\\api\\vendor\\zircote\\swagger-php\\src\\Logger.php:39)
[stacktrace]
#0 [internal function]: Laravel\\Lumen\\Application->Laravel\\Lumen\\Concerns\\{closure}(512, 'Multiple @OA\\\\Re...', 'C:\\\\MAMP\\\\htdocs\\\\...', 39, Array)
#1 C:\\MAMP\\htdocs\\proyecto\\api\\vendor\\zircote\\swagger-php\\src\\Logger.php(39): trigger_error('Multiple @OA\\\\Re...', 512)
#2 [internal function]: OpenApi\\Logger->OpenApi\\{closure}('Multiple @OA\\\\Re...', 512)
#3 C:\\MAMP\\htdocs\\proyecto\\api\\vendor\\zircote\\swagger-php\\src\\Logger.php(61): call_user_func(Object(Closure), 'Multiple @OA\\\\Re...', 512)
#4 C:\\MAMP\\htdocs\\proyecto\\api\\vendor\\zircote\\swagger-php\\src\\Annotations\\AbstractAnnotation.php(392): OpenApi\\Logger::warning('Multiple @OA\\\\Re...')
#5 C:\\MAMP\\htdocs\\proyecto\\api\\vendor\\zircote\\swagger-php\\src\\Annotations\\AbstractAnnotation.php(478): OpenApi\\Annotations\\AbstractAnnotation->validate(Array, Array, '#/components')
#6 C:\\MAMP\\htdocs\\proyecto\\api\\vendor\\zircote\\swagger-php\\src\\Annotations\\AbstractAnnotation.php(448): OpenApi\\Annotations\\AbstractAnnotation::_validate(Object(OpenApi\\Annotations\\OpenApi), Array, Array, '#')
#7 C:\\MAMP\\htdocs\\proyecto\\api\\vendor\\zircote\\swagger-php\\src\\Annotations\\OpenApi.php(135): OpenApi\\Annotations\\AbstractAnnotation->validate(Array, Array, '#')
#8 C:\\MAMP\\htdocs\\proyecto\\api\\vendor\\zircote\\swagger-php\\src\\Analysis.php(422): OpenApi\\Annotations\\OpenApi->validate()
#9 C:\\MAMP\\htdocs\\proyecto\\api\\vendor\\zircote\\swagger-php\\src\\functions.php(46): OpenApi\\Analysis->validate()
#10 C:\\MAMP\\htdocs\\proyecto\\api\\vendor\\darkaonline\\swagger-lume\\src\\Generator.php(25): OpenApi\\scan('C:\\\\MAMP\\\\htdocs\\\\...', Array)
#11 C:\\MAMP\\htdocs\\proyecto\\api\\vendor\\darkaonline\\swagger-lume\\src\\Console\\GenerateDocsCommand.php(32): SwaggerLume\\Generator::generateDocs()
#12 [internal function]: SwaggerLume\\Console\\GenerateDocsCommand->handle()
#13 C:\\MAMP\\htdocs\\proyecto\\api\\vendor\\illuminate\\container\\BoundMethod.php(29): call_user_func_array(Array, Array)
#14 C:\\MAMP\\htdocs\\proyecto\\api\\vendor\\illuminate\\container\\BoundMethod.php(87): Illuminate\\Container\\BoundMethod::Illuminate\\Container\\{closure}()
#15 C:\\MAMP\\htdocs\\proyecto\\api\\vendor\\illuminate\\container\\BoundMethod.php(31): Illuminate\\Container\\BoundMethod::callBoundMethod(Object(Laravel\\Lumen\\Application), Array, Object(Closure))
#16 C:\\MAMP\\htdocs\\proyecto\\api\\vendor\\illuminate\\container\\Container.php(572): Illuminate\\Container\\BoundMethod::call(Object(Laravel\\Lumen\\Application), Array, Array, NULL)
#17 C:\\MAMP\\htdocs\\proyecto\\api\\vendor\\illuminate\\console\\Command.php(183): Illuminate\\Container\\Container->call(Array)
#18 C:\\MAMP\\htdocs\\proyecto\\api\\vendor\\symfony\\console\\Command\\Command.php(255): Illuminate\\Console\\Command->execute(Object(Symfony\\Component\\Console\\Input\\ArgvInput), Object(Illuminate\\Console\\OutputStyle))
#19 C:\\MAMP\\htdocs\\proyecto\\api\\vendor\\illuminate\\console\\Command.php(170): Symfony\\Component\\Console\\Command\\Command->run(Object(Symfony\\Component\\Console\\Input\\ArgvInput), Object(Illuminate\\Console\\OutputStyle))
#20 C:\\MAMP\\htdocs\\proyecto\\api\\vendor\\symfony\\console\\Application.php(901): Illuminate\\Console\\Command->run(Object(Symfony\\Component\\Console\\Input\\ArgvInput), Object(Symfony\\Component\\Console\\Output\\ConsoleOutput))
#21 C:\\MAMP\\htdocs\\proyecto\\api\\vendor\\symfony\\console\\Application.php(262): Symfony\\Component\\Console\\Application->doRunCommand(Object(SwaggerLume\\Console\\GenerateDocsCommand), Object(Symfony\\Component\\Console\\Input\\ArgvInput), Object(Symfony\\Component\\Console\\Output\\ConsoleOutput))
#22 C:\\MAMP\\htdocs\\proyecto\\api\\vendor\\symfony\\console\\Application.php(145): Symfony\\Component\\Console\\Application->doRun(Object(Symfony\\Component\\Console\\Input\\ArgvInput), Object(Symfony\\Component\\Console\\Output\\ConsoleOutput))
#23 C:\\MAMP\\htdocs\\proyecto\\api\\vendor\\illuminate\\console\\Application.php(89): Symfony\\Component\\Console\\Application->run(Object(Symfony\\Component\\Console\\Input\\ArgvInput), Object(Symfony\\Component\\Console\\Output\\ConsoleOutput))
#24 C:\\MAMP\\htdocs\\proyecto\\api\\vendor\\laravel\\lumen-framework\\src\\Console\\Kernel.php(115): Illuminate\\Console\\Application->run(Object(Symfony\\Component\\Console\\Input\\ArgvInput), Object(Symfony\\Component\\Console\\Output\\ConsoleOutput))
#25 C:\\MAMP\\htdocs\\proyecto\\api\\artisan(35): Laravel\\Lumen\\Console\\Kernel->handle(Object(Symfony\\Component\\Console\\Input\\ArgvInput), Object(Symfony\\Component\\Console\\Output\\ConsoleOutput))
#26 {main}
"} 
[2019-01-23 02:36:40] local.ERROR: ErrorException: Multiple @OA\Response() with the same response="400":
  C:\MAMP\htdocs\proyecto\api/app\Http\Controllers\OrchestratorRoomController.php on line 213
  C:\MAMP\htdocs\proyecto\api/app\Http\Controllers\OrchestratorRoomController.php on line 162 in C:\MAMP\htdocs\proyecto\api\vendor\zircote\swagger-php\src\Logger.php:39
Stack trace:
#0 [internal function]: Laravel\Lumen\Application->Laravel\Lumen\Concerns\{closure}(512, 'Multiple @OA\\Re...', 'C:\\MAMP\\htdocs\\...', 39, Array)
#1 C:\MAMP\htdocs\proyecto\api\vendor\zircote\swagger-php\src\Logger.php(39): trigger_error('Multiple @OA\\Re...', 512)
#2 [internal function]: OpenApi\Logger->OpenApi\{closure}('Multiple @OA\\Re...', 512)
#3 C:\MAMP\htdocs\proyecto\api\vendor\zircote\swagger-php\src\Logger.php(61): call_user_func(Object(Closure), 'Multiple @OA\\Re...', 512)
#4 C:\MAMP\htdocs\proyecto\api\vendor\zircote\swagger-php\src\Annotations\AbstractAnnotation.php(392): OpenApi\Logger::warning('Multiple @OA\\Re...')
#5 C:\MAMP\htdocs\proyecto\api\vendor\zircote\swagger-php\src\Annotations\AbstractAnnotation.php(478): OpenApi\Annotations\AbstractAnnotation->validate(Array, Array, '#/components')
#6 C:\MAMP\htdocs\proyecto\api\vendor\zircote\swagger-php\src\Annotations\AbstractAnnotation.php(448): OpenApi\Annotations\AbstractAnnotation::_validate(Object(OpenApi\Annotations\OpenApi), Array, Array, '#')
#7 C:\MAMP\htdocs\proyecto\api\vendor\zircote\swagger-php\src\Annotations\OpenApi.php(135): OpenApi\Annotations\AbstractAnnotation->validate(Array, Array, '#')
#8 C:\MAMP\htdocs\proyecto\api\vendor\zircote\swagger-php\src\Analysis.php(422): OpenApi\Annotations\OpenApi->validate()
#9 C:\MAMP\htdocs\proyecto\api\vendor\zircote\swagger-php\src\functions.php(46): OpenApi\Analysis->validate()
#10 C:\MAMP\htdocs\proyecto\api\vendor\darkaonline\swagger-lume\src\Generator.php(25): OpenApi\scan('C:\\MAMP\\htdocs\\...', Array)
#11 C:\MAMP\htdocs\proyecto\api\vendor\darkaonline\swagger-lume\src\Console\GenerateDocsCommand.php(32): SwaggerLume\Generator::generateDocs()
#12 [internal function]: SwaggerLume\Console\GenerateDocsCommand->handle()
#13 C:\MAMP\htdocs\proyecto\api\vendor\illuminate\container\BoundMethod.php(29): call_user_func_array(Array, Array)
#14 C:\MAMP\htdocs\proyecto\api\vendor\illuminate\container\BoundMethod.php(87): Illuminate\Container\BoundMethod::Illuminate\Container\{closure}()
#15 C:\MAMP\htdocs\proyecto\api\vendor\illuminate\container\BoundMethod.php(31): Illuminate\Container\BoundMethod::callBoundMethod(Object(Laravel\Lumen\Application), Array, Object(Closure))
#16 C:\MAMP\htdocs\proyecto\api\vendor\illuminate\container\Container.php(572): Illuminate\Container\BoundMethod::call(Object(Laravel\Lumen\Application), Array, Array, NULL)
#17 C:\MAMP\htdocs\proyecto\api\vendor\illuminate\console\Command.php(183): Illuminate\Container\Container->call(Array)
#18 C:\MAMP\htdocs\proyecto\api\vendor\symfony\console\Command\Command.php(255): Illuminate\Console\Command->execute(Object(Symfony\Component\Console\Input\ArgvInput), Object(Illuminate\Console\OutputStyle))
#19 C:\MAMP\htdocs\proyecto\api\vendor\illuminate\console\Command.php(170): Symfony\Component\Console\Command\Command->run(Object(Symfony\Component\Console\Input\ArgvInput), Object(Illuminate\Console\OutputStyle))
#20 C:\MAMP\htdocs\proyecto\api\vendor\symfony\console\Application.php(901): Illuminate\Console\Command->run(Object(Symfony\Component\Console\Input\ArgvInput), Object(Symfony\Component\Console\Output\ConsoleOutput))
#21 C:\MAMP\htdocs\proyecto\api\vendor\symfony\console\Application.php(262): Symfony\Component\Console\Application->doRunCommand(Object(SwaggerLume\Console\GenerateDocsCommand), Object(Symfony\Component\Console\Input\ArgvInput), Object(Symfony\Component\Console\Output\ConsoleOutput))
#22 C:\MAMP\htdocs\proyecto\api\vendor\symfony\console\Application.php(145): Symfony\Component\Console\Application->doRun(Object(Symfony\Component\Console\Input\ArgvInput), Object(Symfony\Component\Console\Output\ConsoleOutput))
#23 C:\MAMP\htdocs\proyecto\api\vendor\illuminate\console\Application.php(89): Symfony\Component\Console\Application->run(Object(Symfony\Component\Console\Input\ArgvInput), Object(Symfony\Component\Console\Output\ConsoleOutput))
#24 C:\MAMP\htdocs\proyecto\api\vendor\laravel\lumen-framework\src\Console\Kernel.php(115): Illuminate\Console\Application->run(Object(Symfony\Component\Console\Input\ArgvInput), Object(Symfony\Component\Console\Output\ConsoleOutput))
#25 C:\MAMP\htdocs\proyecto\api\artisan(35): Laravel\Lumen\Console\Kernel->handle(Object(Symfony\Component\Console\Input\ArgvInput), Object(Symfony\Component\Console\Output\ConsoleOutput))
#26 {main} {"exception":"[object] (ErrorException(code: 0): Multiple @OA\\Response() with the same response=\"400\":
  C:\\MAMP\\htdocs\\proyecto\\api/app\\Http\\Controllers\\OrchestratorRoomController.php on line 213
  C:\\MAMP\\htdocs\\proyecto\\api/app\\Http\\Controllers\\OrchestratorRoomController.php on line 162 at C:\\MAMP\\htdocs\\proyecto\\api\\vendor\\zircote\\swagger-php\\src\\Logger.php:39)
[stacktrace]
#0 [internal function]: Laravel\\Lumen\\Application->Laravel\\Lumen\\Concerns\\{closure}(512, 'Multiple @OA\\\\Re...', 'C:\\\\MAMP\\\\htdocs\\\\...', 39, Array)
#1 C:\\MAMP\\htdocs\\proyecto\\api\\vendor\\zircote\\swagger-php\\src\\Logger.php(39): trigger_error('Multiple @OA\\\\Re...', 512)
#2 [internal function]: OpenApi\\Logger->OpenApi\\{closure}('Multiple @OA\\\\Re...', 512)
#3 C:\\MAMP\\htdocs\\proyecto\\api\\vendor\\zircote\\swagger-php\\src\\Logger.php(61): call_user_func(Object(Closure), 'Multiple @OA\\\\Re...', 512)
#4 C:\\MAMP\\htdocs\\proyecto\\api\\vendor\\zircote\\swagger-php\\src\\Annotations\\AbstractAnnotation.php(392): OpenApi\\Logger::warning('Multiple @OA\\\\Re...')
#5 C:\\MAMP\\htdocs\\proyecto\\api\\vendor\\zircote\\swagger-php\\src\\Annotations\\AbstractAnnotation.php(478): OpenApi\\Annotations\\AbstractAnnotation->validate(Array, Array, '#/components')
#6 C:\\MAMP\\htdocs\\proyecto\\api\\vendor\\zircote\\swagger-php\\src\\Annotations\\AbstractAnnotation.php(448): OpenApi\\Annotations\\AbstractAnnotation::_validate(Object(OpenApi\\Annotations\\OpenApi), Array, Array, '#')
#7 C:\\MAMP\\htdocs\\proyecto\\api\\vendor\\zircote\\swagger-php\\src\\Annotations\\OpenApi.php(135): OpenApi\\Annotations\\AbstractAnnotation->validate(Array, Array, '#')
#8 C:\\MAMP\\htdocs\\proyecto\\api\\vendor\\zircote\\swagger-php\\src\\Analysis.php(422): OpenApi\\Annotations\\OpenApi->validate()
#9 C:\\MAMP\\htdocs\\proyecto\\api\\vendor\\zircote\\swagger-php\\src\\functions.php(46): OpenApi\\Analysis->validate()
#10 C:\\MAMP\\htdocs\\proyecto\\api\\vendor\\darkaonline\\swagger-lume\\src\\Generator.php(25): OpenApi\\scan('C:\\\\MAMP\\\\htdocs\\\\...', Array)
#11 C:\\MAMP\\htdocs\\proyecto\\api\\vendor\\darkaonline\\swagger-lume\\src\\Console\\GenerateDocsCommand.php(32): SwaggerLume\\Generator::generateDocs()
#12 [internal function]: SwaggerLume\\Console\\GenerateDocsCommand->handle()
#13 C:\\MAMP\\htdocs\\proyecto\\api\\vendor\\illuminate\\container\\BoundMethod.php(29): call_user_func_array(Array, Array)
#14 C:\\MAMP\\htdocs\\proyecto\\api\\vendor\\illuminate\\container\\BoundMethod.php(87): Illuminate\\Container\\BoundMethod::Illuminate\\Container\\{closure}()
#15 C:\\MAMP\\htdocs\\proyecto\\api\\vendor\\illuminate\\container\\BoundMethod.php(31): Illuminate\\Container\\BoundMethod::callBoundMethod(Object(Laravel\\Lumen\\Application), Array, Object(Closure))
#16 C:\\MAMP\\htdocs\\proyecto\\api\\vendor\\illuminate\\container\\Container.php(572): Illuminate\\Container\\BoundMethod::call(Object(Laravel\\Lumen\\Application), Array, Array, NULL)
#17 C:\\MAMP\\htdocs\\proyecto\\api\\vendor\\illuminate\\console\\Command.php(183): Illuminate\\Container\\Container->call(Array)
#18 C:\\MAMP\\htdocs\\proyecto\\api\\vendor\\symfony\\console\\Command\\Command.php(255): Illuminate\\Console\\Command->execute(Object(Symfony\\Component\\Console\\Input\\ArgvInput), Object(Illuminate\\Console\\OutputStyle))
#19 C:\\MAMP\\htdocs\\proyecto\\api\\vendor\\illuminate\\console\\Command.php(170): Symfony\\Component\\Console\\Command\\Command->run(Object(Symfony\\Component\\Console\\Input\\ArgvInput), Object(Illuminate\\Console\\OutputStyle))
#20 C:\\MAMP\\htdocs\\proyecto\\api\\vendor\\symfony\\console\\Application.php(901): Illuminate\\Console\\Command->run(Object(Symfony\\Component\\Console\\Input\\ArgvInput), Object(Symfony\\Component\\Console\\Output\\ConsoleOutput))
#21 C:\\MAMP\\htdocs\\proyecto\\api\\vendor\\symfony\\console\\Application.php(262): Symfony\\Component\\Console\\Application->doRunCommand(Object(SwaggerLume\\Console\\GenerateDocsCommand), Object(Symfony\\Component\\Console\\Input\\ArgvInput), Object(Symfony\\Component\\Console\\Output\\ConsoleOutput))
#22 C:\\MAMP\\htdocs\\proyecto\\api\\vendor\\symfony\\console\\Application.php(145): Symfony\\Component\\Console\\Application->doRun(Object(Symfony\\Component\\Console\\Input\\ArgvInput), Object(Symfony\\Component\\Console\\Output\\ConsoleOutput))
#23 C:\\MAMP\\htdocs\\proyecto\\api\\vendor\\illuminate\\console\\Application.php(89): Symfony\\Component\\Console\\Application->run(Object(Symfony\\Component\\Console\\Input\\ArgvInput), Object(Symfony\\Component\\Console\\Output\\ConsoleOutput))
#24 C:\\MAMP\\htdocs\\proyecto\\api\\vendor\\laravel\\lumen-framework\\src\\Console\\Kernel.php(115): Illuminate\\Console\\Application->run(Object(Symfony\\Component\\Console\\Input\\ArgvInput), Object(Symfony\\Component\\Console\\Output\\ConsoleOutput))
#25 C:\\MAMP\\htdocs\\proyecto\\api\\artisan(35): Laravel\\Lumen\\Console\\Kernel->handle(Object(Symfony\\Component\\Console\\Input\\ArgvInput), Object(Symfony\\Component\\Console\\Output\\ConsoleOutput))
#26 {main}
"} 
[2019-01-23 02:37:25] local.ERROR: ErrorException: Multiple @OA\Response() with the same response="400":
  C:\MAMP\htdocs\proyecto\api/app\Http\Controllers\OrchestratorRoomController.php on line 213
  C:\MAMP\htdocs\proyecto\api/app\Http\Controllers\OrchestratorRoomController.php on line 162 in C:\MAMP\htdocs\proyecto\api\vendor\zircote\swagger-php\src\Logger.php:39
Stack trace:
#0 [internal function]: Laravel\Lumen\Application->Laravel\Lumen\Concerns\{closure}(512, 'Multiple @OA\\Re...', 'C:\\MAMP\\htdocs\\...', 39, Array)
#1 C:\MAMP\htdocs\proyecto\api\vendor\zircote\swagger-php\src\Logger.php(39): trigger_error('Multiple @OA\\Re...', 512)
#2 [internal function]: OpenApi\Logger->OpenApi\{closure}('Multiple @OA\\Re...', 512)
#3 C:\MAMP\htdocs\proyecto\api\vendor\zircote\swagger-php\src\Logger.php(61): call_user_func(Object(Closure), 'Multiple @OA\\Re...', 512)
#4 C:\MAMP\htdocs\proyecto\api\vendor\zircote\swagger-php\src\Annotations\AbstractAnnotation.php(392): OpenApi\Logger::warning('Multiple @OA\\Re...')
#5 C:\MAMP\htdocs\proyecto\api\vendor\zircote\swagger-php\src\Annotations\AbstractAnnotation.php(478): OpenApi\Annotations\AbstractAnnotation->validate(Array, Array, '#/components')
#6 C:\MAMP\htdocs\proyecto\api\vendor\zircote\swagger-php\src\Annotations\AbstractAnnotation.php(448): OpenApi\Annotations\AbstractAnnotation::_validate(Object(OpenApi\Annotations\OpenApi), Array, Array, '#')
#7 C:\MAMP\htdocs\proyecto\api\vendor\zircote\swagger-php\src\Annotations\OpenApi.php(135): OpenApi\Annotations\AbstractAnnotation->validate(Array, Array, '#')
#8 C:\MAMP\htdocs\proyecto\api\vendor\zircote\swagger-php\src\Analysis.php(422): OpenApi\Annotations\OpenApi->validate()
#9 C:\MAMP\htdocs\proyecto\api\vendor\zircote\swagger-php\src\functions.php(46): OpenApi\Analysis->validate()
#10 C:\MAMP\htdocs\proyecto\api\vendor\darkaonline\swagger-lume\src\Generator.php(25): OpenApi\scan('C:\\MAMP\\htdocs\\...', Array)
#11 C:\MAMP\htdocs\proyecto\api\vendor\darkaonline\swagger-lume\src\Console\GenerateDocsCommand.php(32): SwaggerLume\Generator::generateDocs()
#12 [internal function]: SwaggerLume\Console\GenerateDocsCommand->handle()
#13 C:\MAMP\htdocs\proyecto\api\vendor\illuminate\container\BoundMethod.php(29): call_user_func_array(Array, Array)
#14 C:\MAMP\htdocs\proyecto\api\vendor\illuminate\container\BoundMethod.php(87): Illuminate\Container\BoundMethod::Illuminate\Container\{closure}()
#15 C:\MAMP\htdocs\proyecto\api\vendor\illuminate\container\BoundMethod.php(31): Illuminate\Container\BoundMethod::callBoundMethod(Object(Laravel\Lumen\Application), Array, Object(Closure))
#16 C:\MAMP\htdocs\proyecto\api\vendor\illuminate\container\Container.php(572): Illuminate\Container\BoundMethod::call(Object(Laravel\Lumen\Application), Array, Array, NULL)
#17 C:\MAMP\htdocs\proyecto\api\vendor\illuminate\console\Command.php(183): Illuminate\Container\Container->call(Array)
#18 C:\MAMP\htdocs\proyecto\api\vendor\symfony\console\Command\Command.php(255): Illuminate\Console\Command->execute(Object(Symfony\Component\Console\Input\ArgvInput), Object(Illuminate\Console\OutputStyle))
#19 C:\MAMP\htdocs\proyecto\api\vendor\illuminate\console\Command.php(170): Symfony\Component\Console\Command\Command->run(Object(Symfony\Component\Console\Input\ArgvInput), Object(Illuminate\Console\OutputStyle))
#20 C:\MAMP\htdocs\proyecto\api\vendor\symfony\console\Application.php(901): Illuminate\Console\Command->run(Object(Symfony\Component\Console\Input\ArgvInput), Object(Symfony\Component\Console\Output\ConsoleOutput))
#21 C:\MAMP\htdocs\proyecto\api\vendor\symfony\console\Application.php(262): Symfony\Component\Console\Application->doRunCommand(Object(SwaggerLume\Console\GenerateDocsCommand), Object(Symfony\Component\Console\Input\ArgvInput), Object(Symfony\Component\Console\Output\ConsoleOutput))
#22 C:\MAMP\htdocs\proyecto\api\vendor\symfony\console\Application.php(145): Symfony\Component\Console\Application->doRun(Object(Symfony\Component\Console\Input\ArgvInput), Object(Symfony\Component\Console\Output\ConsoleOutput))
#23 C:\MAMP\htdocs\proyecto\api\vendor\illuminate\console\Application.php(89): Symfony\Component\Console\Application->run(Object(Symfony\Component\Console\Input\ArgvInput), Object(Symfony\Component\Console\Output\ConsoleOutput))
#24 C:\MAMP\htdocs\proyecto\api\vendor\laravel\lumen-framework\src\Console\Kernel.php(115): Illuminate\Console\Application->run(Object(Symfony\Component\Console\Input\ArgvInput), Object(Symfony\Component\Console\Output\ConsoleOutput))
#25 C:\MAMP\htdocs\proyecto\api\artisan(35): Laravel\Lumen\Console\Kernel->handle(Object(Symfony\Component\Console\Input\ArgvInput), Object(Symfony\Component\Console\Output\ConsoleOutput))
#26 {main} {"exception":"[object] (ErrorException(code: 0): Multiple @OA\\Response() with the same response=\"400\":
  C:\\MAMP\\htdocs\\proyecto\\api/app\\Http\\Controllers\\OrchestratorRoomController.php on line 213
  C:\\MAMP\\htdocs\\proyecto\\api/app\\Http\\Controllers\\OrchestratorRoomController.php on line 162 at C:\\MAMP\\htdocs\\proyecto\\api\\vendor\\zircote\\swagger-php\\src\\Logger.php:39)
[stacktrace]
#0 [internal function]: Laravel\\Lumen\\Application->Laravel\\Lumen\\Concerns\\{closure}(512, 'Multiple @OA\\\\Re...', 'C:\\\\MAMP\\\\htdocs\\\\...', 39, Array)
#1 C:\\MAMP\\htdocs\\proyecto\\api\\vendor\\zircote\\swagger-php\\src\\Logger.php(39): trigger_error('Multiple @OA\\\\Re...', 512)
#2 [internal function]: OpenApi\\Logger->OpenApi\\{closure}('Multiple @OA\\\\Re...', 512)
#3 C:\\MAMP\\htdocs\\proyecto\\api\\vendor\\zircote\\swagger-php\\src\\Logger.php(61): call_user_func(Object(Closure), 'Multiple @OA\\\\Re...', 512)
#4 C:\\MAMP\\htdocs\\proyecto\\api\\vendor\\zircote\\swagger-php\\src\\Annotations\\AbstractAnnotation.php(392): OpenApi\\Logger::warning('Multiple @OA\\\\Re...')
#5 C:\\MAMP\\htdocs\\proyecto\\api\\vendor\\zircote\\swagger-php\\src\\Annotations\\AbstractAnnotation.php(478): OpenApi\\Annotations\\AbstractAnnotation->validate(Array, Array, '#/components')
#6 C:\\MAMP\\htdocs\\proyecto\\api\\vendor\\zircote\\swagger-php\\src\\Annotations\\AbstractAnnotation.php(448): OpenApi\\Annotations\\AbstractAnnotation::_validate(Object(OpenApi\\Annotations\\OpenApi), Array, Array, '#')
#7 C:\\MAMP\\htdocs\\proyecto\\api\\vendor\\zircote\\swagger-php\\src\\Annotations\\OpenApi.php(135): OpenApi\\Annotations\\AbstractAnnotation->validate(Array, Array, '#')
#8 C:\\MAMP\\htdocs\\proyecto\\api\\vendor\\zircote\\swagger-php\\src\\Analysis.php(422): OpenApi\\Annotations\\OpenApi->validate()
#9 C:\\MAMP\\htdocs\\proyecto\\api\\vendor\\zircote\\swagger-php\\src\\functions.php(46): OpenApi\\Analysis->validate()
#10 C:\\MAMP\\htdocs\\proyecto\\api\\vendor\\darkaonline\\swagger-lume\\src\\Generator.php(25): OpenApi\\scan('C:\\\\MAMP\\\\htdocs\\\\...', Array)
#11 C:\\MAMP\\htdocs\\proyecto\\api\\vendor\\darkaonline\\swagger-lume\\src\\Console\\GenerateDocsCommand.php(32): SwaggerLume\\Generator::generateDocs()
#12 [internal function]: SwaggerLume\\Console\\GenerateDocsCommand->handle()
#13 C:\\MAMP\\htdocs\\proyecto\\api\\vendor\\illuminate\\container\\BoundMethod.php(29): call_user_func_array(Array, Array)
#14 C:\\MAMP\\htdocs\\proyecto\\api\\vendor\\illuminate\\container\\BoundMethod.php(87): Illuminate\\Container\\BoundMethod::Illuminate\\Container\\{closure}()
#15 C:\\MAMP\\htdocs\\proyecto\\api\\vendor\\illuminate\\container\\BoundMethod.php(31): Illuminate\\Container\\BoundMethod::callBoundMethod(Object(Laravel\\Lumen\\Application), Array, Object(Closure))
#16 C:\\MAMP\\htdocs\\proyecto\\api\\vendor\\illuminate\\container\\Container.php(572): Illuminate\\Container\\BoundMethod::call(Object(Laravel\\Lumen\\Application), Array, Array, NULL)
#17 C:\\MAMP\\htdocs\\proyecto\\api\\vendor\\illuminate\\console\\Command.php(183): Illuminate\\Container\\Container->call(Array)
#18 C:\\MAMP\\htdocs\\proyecto\\api\\vendor\\symfony\\console\\Command\\Command.php(255): Illuminate\\Console\\Command->execute(Object(Symfony\\Component\\Console\\Input\\ArgvInput), Object(Illuminate\\Console\\OutputStyle))
#19 C:\\MAMP\\htdocs\\proyecto\\api\\vendor\\illuminate\\console\\Command.php(170): Symfony\\Component\\Console\\Command\\Command->run(Object(Symfony\\Component\\Console\\Input\\ArgvInput), Object(Illuminate\\Console\\OutputStyle))
#20 C:\\MAMP\\htdocs\\proyecto\\api\\vendor\\symfony\\console\\Application.php(901): Illuminate\\Console\\Command->run(Object(Symfony\\Component\\Console\\Input\\ArgvInput), Object(Symfony\\Component\\Console\\Output\\ConsoleOutput))
#21 C:\\MAMP\\htdocs\\proyecto\\api\\vendor\\symfony\\console\\Application.php(262): Symfony\\Component\\Console\\Application->doRunCommand(Object(SwaggerLume\\Console\\GenerateDocsCommand), Object(Symfony\\Component\\Console\\Input\\ArgvInput), Object(Symfony\\Component\\Console\\Output\\ConsoleOutput))
#22 C:\\MAMP\\htdocs\\proyecto\\api\\vendor\\symfony\\console\\Application.php(145): Symfony\\Component\\Console\\Application->doRun(Object(Symfony\\Component\\Console\\Input\\ArgvInput), Object(Symfony\\Component\\Console\\Output\\ConsoleOutput))
#23 C:\\MAMP\\htdocs\\proyecto\\api\\vendor\\illuminate\\console\\Application.php(89): Symfony\\Component\\Console\\Application->run(Object(Symfony\\Component\\Console\\Input\\ArgvInput), Object(Symfony\\Component\\Console\\Output\\ConsoleOutput))
#24 C:\\MAMP\\htdocs\\proyecto\\api\\vendor\\laravel\\lumen-framework\\src\\Console\\Kernel.php(115): Illuminate\\Console\\Application->run(Object(Symfony\\Component\\Console\\Input\\ArgvInput), Object(Symfony\\Component\\Console\\Output\\ConsoleOutput))
#25 C:\\MAMP\\htdocs\\proyecto\\api\\artisan(35): Laravel\\Lumen\\Console\\Kernel->handle(Object(Symfony\\Component\\Console\\Input\\ArgvInput), Object(Symfony\\Component\\Console\\Output\\ConsoleOutput))
#26 {main}
"} 
[2019-01-23 02:38:09] local.ERROR: ErrorException: Multiple @OA\Response() with the same response="400":
  C:\MAMP\htdocs\proyecto\api/app\Http\Controllers\OrchestratorRoomController.php on line 213
  C:\MAMP\htdocs\proyecto\api/app\Http\Controllers\OrchestratorRoomController.php on line 162 in C:\MAMP\htdocs\proyecto\api\vendor\zircote\swagger-php\src\Logger.php:39
Stack trace:
#0 [internal function]: Laravel\Lumen\Application->Laravel\Lumen\Concerns\{closure}(512, 'Multiple @OA\\Re...', 'C:\\MAMP\\htdocs\\...', 39, Array)
#1 C:\MAMP\htdocs\proyecto\api\vendor\zircote\swagger-php\src\Logger.php(39): trigger_error('Multiple @OA\\Re...', 512)
#2 [internal function]: OpenApi\Logger->OpenApi\{closure}('Multiple @OA\\Re...', 512)
#3 C:\MAMP\htdocs\proyecto\api\vendor\zircote\swagger-php\src\Logger.php(61): call_user_func(Object(Closure), 'Multiple @OA\\Re...', 512)
#4 C:\MAMP\htdocs\proyecto\api\vendor\zircote\swagger-php\src\Annotations\AbstractAnnotation.php(392): OpenApi\Logger::warning('Multiple @OA\\Re...')
#5 C:\MAMP\htdocs\proyecto\api\vendor\zircote\swagger-php\src\Annotations\AbstractAnnotation.php(478): OpenApi\Annotations\AbstractAnnotation->validate(Array, Array, '#/components')
#6 C:\MAMP\htdocs\proyecto\api\vendor\zircote\swagger-php\src\Annotations\AbstractAnnotation.php(448): OpenApi\Annotations\AbstractAnnotation::_validate(Object(OpenApi\Annotations\OpenApi), Array, Array, '#')
#7 C:\MAMP\htdocs\proyecto\api\vendor\zircote\swagger-php\src\Annotations\OpenApi.php(135): OpenApi\Annotations\AbstractAnnotation->validate(Array, Array, '#')
#8 C:\MAMP\htdocs\proyecto\api\vendor\zircote\swagger-php\src\Analysis.php(422): OpenApi\Annotations\OpenApi->validate()
#9 C:\MAMP\htdocs\proyecto\api\vendor\zircote\swagger-php\src\functions.php(46): OpenApi\Analysis->validate()
#10 C:\MAMP\htdocs\proyecto\api\vendor\darkaonline\swagger-lume\src\Generator.php(25): OpenApi\scan('C:\\MAMP\\htdocs\\...', Array)
#11 C:\MAMP\htdocs\proyecto\api\vendor\darkaonline\swagger-lume\src\Console\GenerateDocsCommand.php(32): SwaggerLume\Generator::generateDocs()
#12 [internal function]: SwaggerLume\Console\GenerateDocsCommand->handle()
#13 C:\MAMP\htdocs\proyecto\api\vendor\illuminate\container\BoundMethod.php(29): call_user_func_array(Array, Array)
#14 C:\MAMP\htdocs\proyecto\api\vendor\illuminate\container\BoundMethod.php(87): Illuminate\Container\BoundMethod::Illuminate\Container\{closure}()
#15 C:\MAMP\htdocs\proyecto\api\vendor\illuminate\container\BoundMethod.php(31): Illuminate\Container\BoundMethod::callBoundMethod(Object(Laravel\Lumen\Application), Array, Object(Closure))
#16 C:\MAMP\htdocs\proyecto\api\vendor\illuminate\container\Container.php(572): Illuminate\Container\BoundMethod::call(Object(Laravel\Lumen\Application), Array, Array, NULL)
#17 C:\MAMP\htdocs\proyecto\api\vendor\illuminate\console\Command.php(183): Illuminate\Container\Container->call(Array)
#18 C:\MAMP\htdocs\proyecto\api\vendor\symfony\console\Command\Command.php(255): Illuminate\Console\Command->execute(Object(Symfony\Component\Console\Input\ArgvInput), Object(Illuminate\Console\OutputStyle))
#19 C:\MAMP\htdocs\proyecto\api\vendor\illuminate\console\Command.php(170): Symfony\Component\Console\Command\Command->run(Object(Symfony\Component\Console\Input\ArgvInput), Object(Illuminate\Console\OutputStyle))
#20 C:\MAMP\htdocs\proyecto\api\vendor\symfony\console\Application.php(901): Illuminate\Console\Command->run(Object(Symfony\Component\Console\Input\ArgvInput), Object(Symfony\Component\Console\Output\ConsoleOutput))
#21 C:\MAMP\htdocs\proyecto\api\vendor\symfony\console\Application.php(262): Symfony\Component\Console\Application->doRunCommand(Object(SwaggerLume\Console\GenerateDocsCommand), Object(Symfony\Component\Console\Input\ArgvInput), Object(Symfony\Component\Console\Output\ConsoleOutput))
#22 C:\MAMP\htdocs\proyecto\api\vendor\symfony\console\Application.php(145): Symfony\Component\Console\Application->doRun(Object(Symfony\Component\Console\Input\ArgvInput), Object(Symfony\Component\Console\Output\ConsoleOutput))
#23 C:\MAMP\htdocs\proyecto\api\vendor\illuminate\console\Application.php(89): Symfony\Component\Console\Application->run(Object(Symfony\Component\Console\Input\ArgvInput), Object(Symfony\Component\Console\Output\ConsoleOutput))
#24 C:\MAMP\htdocs\proyecto\api\vendor\laravel\lumen-framework\src\Console\Kernel.php(115): Illuminate\Console\Application->run(Object(Symfony\Component\Console\Input\ArgvInput), Object(Symfony\Component\Console\Output\ConsoleOutput))
#25 C:\MAMP\htdocs\proyecto\api\artisan(35): Laravel\Lumen\Console\Kernel->handle(Object(Symfony\Component\Console\Input\ArgvInput), Object(Symfony\Component\Console\Output\ConsoleOutput))
#26 {main} {"exception":"[object] (ErrorException(code: 0): Multiple @OA\\Response() with the same response=\"400\":
  C:\\MAMP\\htdocs\\proyecto\\api/app\\Http\\Controllers\\OrchestratorRoomController.php on line 213
  C:\\MAMP\\htdocs\\proyecto\\api/app\\Http\\Controllers\\OrchestratorRoomController.php on line 162 at C:\\MAMP\\htdocs\\proyecto\\api\\vendor\\zircote\\swagger-php\\src\\Logger.php:39)
[stacktrace]
#0 [internal function]: Laravel\\Lumen\\Application->Laravel\\Lumen\\Concerns\\{closure}(512, 'Multiple @OA\\\\Re...', 'C:\\\\MAMP\\\\htdocs\\\\...', 39, Array)
#1 C:\\MAMP\\htdocs\\proyecto\\api\\vendor\\zircote\\swagger-php\\src\\Logger.php(39): trigger_error('Multiple @OA\\\\Re...', 512)
#2 [internal function]: OpenApi\\Logger->OpenApi\\{closure}('Multiple @OA\\\\Re...', 512)
#3 C:\\MAMP\\htdocs\\proyecto\\api\\vendor\\zircote\\swagger-php\\src\\Logger.php(61): call_user_func(Object(Closure), 'Multiple @OA\\\\Re...', 512)
#4 C:\\MAMP\\htdocs\\proyecto\\api\\vendor\\zircote\\swagger-php\\src\\Annotations\\AbstractAnnotation.php(392): OpenApi\\Logger::warning('Multiple @OA\\\\Re...')
#5 C:\\MAMP\\htdocs\\proyecto\\api\\vendor\\zircote\\swagger-php\\src\\Annotations\\AbstractAnnotation.php(478): OpenApi\\Annotations\\AbstractAnnotation->validate(Array, Array, '#/components')
#6 C:\\MAMP\\htdocs\\proyecto\\api\\vendor\\zircote\\swagger-php\\src\\Annotations\\AbstractAnnotation.php(448): OpenApi\\Annotations\\AbstractAnnotation::_validate(Object(OpenApi\\Annotations\\OpenApi), Array, Array, '#')
#7 C:\\MAMP\\htdocs\\proyecto\\api\\vendor\\zircote\\swagger-php\\src\\Annotations\\OpenApi.php(135): OpenApi\\Annotations\\AbstractAnnotation->validate(Array, Array, '#')
#8 C:\\MAMP\\htdocs\\proyecto\\api\\vendor\\zircote\\swagger-php\\src\\Analysis.php(422): OpenApi\\Annotations\\OpenApi->validate()
#9 C:\\MAMP\\htdocs\\proyecto\\api\\vendor\\zircote\\swagger-php\\src\\functions.php(46): OpenApi\\Analysis->validate()
#10 C:\\MAMP\\htdocs\\proyecto\\api\\vendor\\darkaonline\\swagger-lume\\src\\Generator.php(25): OpenApi\\scan('C:\\\\MAMP\\\\htdocs\\\\...', Array)
#11 C:\\MAMP\\htdocs\\proyecto\\api\\vendor\\darkaonline\\swagger-lume\\src\\Console\\GenerateDocsCommand.php(32): SwaggerLume\\Generator::generateDocs()
#12 [internal function]: SwaggerLume\\Console\\GenerateDocsCommand->handle()
#13 C:\\MAMP\\htdocs\\proyecto\\api\\vendor\\illuminate\\container\\BoundMethod.php(29): call_user_func_array(Array, Array)
#14 C:\\MAMP\\htdocs\\proyecto\\api\\vendor\\illuminate\\container\\BoundMethod.php(87): Illuminate\\Container\\BoundMethod::Illuminate\\Container\\{closure}()
#15 C:\\MAMP\\htdocs\\proyecto\\api\\vendor\\illuminate\\container\\BoundMethod.php(31): Illuminate\\Container\\BoundMethod::callBoundMethod(Object(Laravel\\Lumen\\Application), Array, Object(Closure))
#16 C:\\MAMP\\htdocs\\proyecto\\api\\vendor\\illuminate\\container\\Container.php(572): Illuminate\\Container\\BoundMethod::call(Object(Laravel\\Lumen\\Application), Array, Array, NULL)
#17 C:\\MAMP\\htdocs\\proyecto\\api\\vendor\\illuminate\\console\\Command.php(183): Illuminate\\Container\\Container->call(Array)
#18 C:\\MAMP\\htdocs\\proyecto\\api\\vendor\\symfony\\console\\Command\\Command.php(255): Illuminate\\Console\\Command->execute(Object(Symfony\\Component\\Console\\Input\\ArgvInput), Object(Illuminate\\Console\\OutputStyle))
#19 C:\\MAMP\\htdocs\\proyecto\\api\\vendor\\illuminate\\console\\Command.php(170): Symfony\\Component\\Console\\Command\\Command->run(Object(Symfony\\Component\\Console\\Input\\ArgvInput), Object(Illuminate\\Console\\OutputStyle))
#20 C:\\MAMP\\htdocs\\proyecto\\api\\vendor\\symfony\\console\\Application.php(901): Illuminate\\Console\\Command->run(Object(Symfony\\Component\\Console\\Input\\ArgvInput), Object(Symfony\\Component\\Console\\Output\\ConsoleOutput))
#21 C:\\MAMP\\htdocs\\proyecto\\api\\vendor\\symfony\\console\\Application.php(262): Symfony\\Component\\Console\\Application->doRunCommand(Object(SwaggerLume\\Console\\GenerateDocsCommand), Object(Symfony\\Component\\Console\\Input\\ArgvInput), Object(Symfony\\Component\\Console\\Output\\ConsoleOutput))
#22 C:\\MAMP\\htdocs\\proyecto\\api\\vendor\\symfony\\console\\Application.php(145): Symfony\\Component\\Console\\Application->doRun(Object(Symfony\\Component\\Console\\Input\\ArgvInput), Object(Symfony\\Component\\Console\\Output\\ConsoleOutput))
#23 C:\\MAMP\\htdocs\\proyecto\\api\\vendor\\illuminate\\console\\Application.php(89): Symfony\\Component\\Console\\Application->run(Object(Symfony\\Component\\Console\\Input\\ArgvInput), Object(Symfony\\Component\\Console\\Output\\ConsoleOutput))
#24 C:\\MAMP\\htdocs\\proyecto\\api\\vendor\\laravel\\lumen-framework\\src\\Console\\Kernel.php(115): Illuminate\\Console\\Application->run(Object(Symfony\\Component\\Console\\Input\\ArgvInput), Object(Symfony\\Component\\Console\\Output\\ConsoleOutput))
#25 C:\\MAMP\\htdocs\\proyecto\\api\\artisan(35): Laravel\\Lumen\\Console\\Kernel->handle(Object(Symfony\\Component\\Console\\Input\\ArgvInput), Object(Symfony\\Component\\Console\\Output\\ConsoleOutput))
#26 {main}
"} 
[2019-01-23 02:40:43] local.ERROR: ErrorException: Multiple @OA\Response() with the same response="400":
  C:\MAMP\htdocs\proyecto\api/app\Http\Controllers\OrchestratorRoomController.php on line 213
  C:\MAMP\htdocs\proyecto\api/app\Http\Controllers\OrchestratorRoomController.php on line 162 in C:\MAMP\htdocs\proyecto\api\vendor\zircote\swagger-php\src\Logger.php:39
Stack trace:
#0 [internal function]: Laravel\Lumen\Application->Laravel\Lumen\Concerns\{closure}(512, 'Multiple @OA\\Re...', 'C:\\MAMP\\htdocs\\...', 39, Array)
#1 C:\MAMP\htdocs\proyecto\api\vendor\zircote\swagger-php\src\Logger.php(39): trigger_error('Multiple @OA\\Re...', 512)
#2 [internal function]: OpenApi\Logger->OpenApi\{closure}('Multiple @OA\\Re...', 512)
#3 C:\MAMP\htdocs\proyecto\api\vendor\zircote\swagger-php\src\Logger.php(61): call_user_func(Object(Closure), 'Multiple @OA\\Re...', 512)
#4 C:\MAMP\htdocs\proyecto\api\vendor\zircote\swagger-php\src\Annotations\AbstractAnnotation.php(392): OpenApi\Logger::warning('Multiple @OA\\Re...')
#5 C:\MAMP\htdocs\proyecto\api\vendor\zircote\swagger-php\src\Annotations\AbstractAnnotation.php(478): OpenApi\Annotations\AbstractAnnotation->validate(Array, Array, '#/components')
#6 C:\MAMP\htdocs\proyecto\api\vendor\zircote\swagger-php\src\Annotations\AbstractAnnotation.php(448): OpenApi\Annotations\AbstractAnnotation::_validate(Object(OpenApi\Annotations\OpenApi), Array, Array, '#')
#7 C:\MAMP\htdocs\proyecto\api\vendor\zircote\swagger-php\src\Annotations\OpenApi.php(135): OpenApi\Annotations\AbstractAnnotation->validate(Array, Array, '#')
#8 C:\MAMP\htdocs\proyecto\api\vendor\zircote\swagger-php\src\Analysis.php(422): OpenApi\Annotations\OpenApi->validate()
#9 C:\MAMP\htdocs\proyecto\api\vendor\zircote\swagger-php\src\functions.php(46): OpenApi\Analysis->validate()
#10 C:\MAMP\htdocs\proyecto\api\vendor\darkaonline\swagger-lume\src\Generator.php(25): OpenApi\scan('C:\\MAMP\\htdocs\\...', Array)
#11 C:\MAMP\htdocs\proyecto\api\vendor\darkaonline\swagger-lume\src\Console\GenerateDocsCommand.php(32): SwaggerLume\Generator::generateDocs()
#12 [internal function]: SwaggerLume\Console\GenerateDocsCommand->handle()
#13 C:\MAMP\htdocs\proyecto\api\vendor\illuminate\container\BoundMethod.php(29): call_user_func_array(Array, Array)
#14 C:\MAMP\htdocs\proyecto\api\vendor\illuminate\container\BoundMethod.php(87): Illuminate\Container\BoundMethod::Illuminate\Container\{closure}()
#15 C:\MAMP\htdocs\proyecto\api\vendor\illuminate\container\BoundMethod.php(31): Illuminate\Container\BoundMethod::callBoundMethod(Object(Laravel\Lumen\Application), Array, Object(Closure))
#16 C:\MAMP\htdocs\proyecto\api\vendor\illuminate\container\Container.php(572): Illuminate\Container\BoundMethod::call(Object(Laravel\Lumen\Application), Array, Array, NULL)
#17 C:\MAMP\htdocs\proyecto\api\vendor\illuminate\console\Command.php(183): Illuminate\Container\Container->call(Array)
#18 C:\MAMP\htdocs\proyecto\api\vendor\symfony\console\Command\Command.php(255): Illuminate\Console\Command->execute(Object(Symfony\Component\Console\Input\ArgvInput), Object(Illuminate\Console\OutputStyle))
#19 C:\MAMP\htdocs\proyecto\api\vendor\illuminate\console\Command.php(170): Symfony\Component\Console\Command\Command->run(Object(Symfony\Component\Console\Input\ArgvInput), Object(Illuminate\Console\OutputStyle))
#20 C:\MAMP\htdocs\proyecto\api\vendor\symfony\console\Application.php(901): Illuminate\Console\Command->run(Object(Symfony\Component\Console\Input\ArgvInput), Object(Symfony\Component\Console\Output\ConsoleOutput))
#21 C:\MAMP\htdocs\proyecto\api\vendor\symfony\console\Application.php(262): Symfony\Component\Console\Application->doRunCommand(Object(SwaggerLume\Console\GenerateDocsCommand), Object(Symfony\Component\Console\Input\ArgvInput), Object(Symfony\Component\Console\Output\ConsoleOutput))
#22 C:\MAMP\htdocs\proyecto\api\vendor\symfony\console\Application.php(145): Symfony\Component\Console\Application->doRun(Object(Symfony\Component\Console\Input\ArgvInput), Object(Symfony\Component\Console\Output\ConsoleOutput))
#23 C:\MAMP\htdocs\proyecto\api\vendor\illuminate\console\Application.php(89): Symfony\Component\Console\Application->run(Object(Symfony\Component\Console\Input\ArgvInput), Object(Symfony\Component\Console\Output\ConsoleOutput))
#24 C:\MAMP\htdocs\proyecto\api\vendor\laravel\lumen-framework\src\Console\Kernel.php(115): Illuminate\Console\Application->run(Object(Symfony\Component\Console\Input\ArgvInput), Object(Symfony\Component\Console\Output\ConsoleOutput))
#25 C:\MAMP\htdocs\proyecto\api\artisan(35): Laravel\Lumen\Console\Kernel->handle(Object(Symfony\Component\Console\Input\ArgvInput), Object(Symfony\Component\Console\Output\ConsoleOutput))
#26 {main} {"exception":"[object] (ErrorException(code: 0): Multiple @OA\\Response() with the same response=\"400\":
  C:\\MAMP\\htdocs\\proyecto\\api/app\\Http\\Controllers\\OrchestratorRoomController.php on line 213
  C:\\MAMP\\htdocs\\proyecto\\api/app\\Http\\Controllers\\OrchestratorRoomController.php on line 162 at C:\\MAMP\\htdocs\\proyecto\\api\\vendor\\zircote\\swagger-php\\src\\Logger.php:39)
[stacktrace]
#0 [internal function]: Laravel\\Lumen\\Application->Laravel\\Lumen\\Concerns\\{closure}(512, 'Multiple @OA\\\\Re...', 'C:\\\\MAMP\\\\htdocs\\\\...', 39, Array)
#1 C:\\MAMP\\htdocs\\proyecto\\api\\vendor\\zircote\\swagger-php\\src\\Logger.php(39): trigger_error('Multiple @OA\\\\Re...', 512)
#2 [internal function]: OpenApi\\Logger->OpenApi\\{closure}('Multiple @OA\\\\Re...', 512)
#3 C:\\MAMP\\htdocs\\proyecto\\api\\vendor\\zircote\\swagger-php\\src\\Logger.php(61): call_user_func(Object(Closure), 'Multiple @OA\\\\Re...', 512)
#4 C:\\MAMP\\htdocs\\proyecto\\api\\vendor\\zircote\\swagger-php\\src\\Annotations\\AbstractAnnotation.php(392): OpenApi\\Logger::warning('Multiple @OA\\\\Re...')
#5 C:\\MAMP\\htdocs\\proyecto\\api\\vendor\\zircote\\swagger-php\\src\\Annotations\\AbstractAnnotation.php(478): OpenApi\\Annotations\\AbstractAnnotation->validate(Array, Array, '#/components')
#6 C:\\MAMP\\htdocs\\proyecto\\api\\vendor\\zircote\\swagger-php\\src\\Annotations\\AbstractAnnotation.php(448): OpenApi\\Annotations\\AbstractAnnotation::_validate(Object(OpenApi\\Annotations\\OpenApi), Array, Array, '#')
#7 C:\\MAMP\\htdocs\\proyecto\\api\\vendor\\zircote\\swagger-php\\src\\Annotations\\OpenApi.php(135): OpenApi\\Annotations\\AbstractAnnotation->validate(Array, Array, '#')
#8 C:\\MAMP\\htdocs\\proyecto\\api\\vendor\\zircote\\swagger-php\\src\\Analysis.php(422): OpenApi\\Annotations\\OpenApi->validate()
#9 C:\\MAMP\\htdocs\\proyecto\\api\\vendor\\zircote\\swagger-php\\src\\functions.php(46): OpenApi\\Analysis->validate()
#10 C:\\MAMP\\htdocs\\proyecto\\api\\vendor\\darkaonline\\swagger-lume\\src\\Generator.php(25): OpenApi\\scan('C:\\\\MAMP\\\\htdocs\\\\...', Array)
#11 C:\\MAMP\\htdocs\\proyecto\\api\\vendor\\darkaonline\\swagger-lume\\src\\Console\\GenerateDocsCommand.php(32): SwaggerLume\\Generator::generateDocs()
#12 [internal function]: SwaggerLume\\Console\\GenerateDocsCommand->handle()
#13 C:\\MAMP\\htdocs\\proyecto\\api\\vendor\\illuminate\\container\\BoundMethod.php(29): call_user_func_array(Array, Array)
#14 C:\\MAMP\\htdocs\\proyecto\\api\\vendor\\illuminate\\container\\BoundMethod.php(87): Illuminate\\Container\\BoundMethod::Illuminate\\Container\\{closure}()
#15 C:\\MAMP\\htdocs\\proyecto\\api\\vendor\\illuminate\\container\\BoundMethod.php(31): Illuminate\\Container\\BoundMethod::callBoundMethod(Object(Laravel\\Lumen\\Application), Array, Object(Closure))
#16 C:\\MAMP\\htdocs\\proyecto\\api\\vendor\\illuminate\\container\\Container.php(572): Illuminate\\Container\\BoundMethod::call(Object(Laravel\\Lumen\\Application), Array, Array, NULL)
#17 C:\\MAMP\\htdocs\\proyecto\\api\\vendor\\illuminate\\console\\Command.php(183): Illuminate\\Container\\Container->call(Array)
#18 C:\\MAMP\\htdocs\\proyecto\\api\\vendor\\symfony\\console\\Command\\Command.php(255): Illuminate\\Console\\Command->execute(Object(Symfony\\Component\\Console\\Input\\ArgvInput), Object(Illuminate\\Console\\OutputStyle))
#19 C:\\MAMP\\htdocs\\proyecto\\api\\vendor\\illuminate\\console\\Command.php(170): Symfony\\Component\\Console\\Command\\Command->run(Object(Symfony\\Component\\Console\\Input\\ArgvInput), Object(Illuminate\\Console\\OutputStyle))
#20 C:\\MAMP\\htdocs\\proyecto\\api\\vendor\\symfony\\console\\Application.php(901): Illuminate\\Console\\Command->run(Object(Symfony\\Component\\Console\\Input\\ArgvInput), Object(Symfony\\Component\\Console\\Output\\ConsoleOutput))
#21 C:\\MAMP\\htdocs\\proyecto\\api\\vendor\\symfony\\console\\Application.php(262): Symfony\\Component\\Console\\Application->doRunCommand(Object(SwaggerLume\\Console\\GenerateDocsCommand), Object(Symfony\\Component\\Console\\Input\\ArgvInput), Object(Symfony\\Component\\Console\\Output\\ConsoleOutput))
#22 C:\\MAMP\\htdocs\\proyecto\\api\\vendor\\symfony\\console\\Application.php(145): Symfony\\Component\\Console\\Application->doRun(Object(Symfony\\Component\\Console\\Input\\ArgvInput), Object(Symfony\\Component\\Console\\Output\\ConsoleOutput))
#23 C:\\MAMP\\htdocs\\proyecto\\api\\vendor\\illuminate\\console\\Application.php(89): Symfony\\Component\\Console\\Application->run(Object(Symfony\\Component\\Console\\Input\\ArgvInput), Object(Symfony\\Component\\Console\\Output\\ConsoleOutput))
#24 C:\\MAMP\\htdocs\\proyecto\\api\\vendor\\laravel\\lumen-framework\\src\\Console\\Kernel.php(115): Illuminate\\Console\\Application->run(Object(Symfony\\Component\\Console\\Input\\ArgvInput), Object(Symfony\\Component\\Console\\Output\\ConsoleOutput))
#25 C:\\MAMP\\htdocs\\proyecto\\api\\artisan(35): Laravel\\Lumen\\Console\\Kernel->handle(Object(Symfony\\Component\\Console\\Input\\ArgvInput), Object(Symfony\\Component\\Console\\Output\\ConsoleOutput))
#26 {main}
"} 
